[2025-03-04T06:56:25.612+0000] {processor.py:186} INFO - Started process (PID=184) to work on /opt/airflow/dags/forex_ml_pipeline.py
[2025-03-04T06:56:25.613+0000] {processor.py:914} INFO - Processing file /opt/airflow/dags/forex_ml_pipeline.py for tasks to queue
[2025-03-04T06:56:25.615+0000] {logging_mixin.py:190} INFO - [2025-03-04T06:56:25.615+0000] {dagbag.py:588} INFO - Filling up the DagBag from /opt/airflow/dags/forex_ml_pipeline.py
[2025-03-04T06:56:26.464+0000] {processor.py:925} INFO - DAG(s) 'forex_ml_pipeline' retrieved from /opt/airflow/dags/forex_ml_pipeline.py
[2025-03-04T06:56:26.585+0000] {logging_mixin.py:190} INFO - [2025-03-04T06:56:26.585+0000] {dag.py:3239} INFO - Sync 1 DAGs
[2025-03-04T06:56:26.603+0000] {logging_mixin.py:190} INFO - [2025-03-04T06:56:26.602+0000] {dag.py:4180} INFO - Setting next_dagrun for forex_ml_pipeline to 2025-03-02 12:00:00+00:00, run_after=2025-03-09 12:00:00+00:00
[2025-03-04T06:56:26.619+0000] {processor.py:208} INFO - Processing /opt/airflow/dags/forex_ml_pipeline.py took 1.011 seconds
[2025-03-04T06:56:56.942+0000] {processor.py:186} INFO - Started process (PID=196) to work on /opt/airflow/dags/forex_ml_pipeline.py
[2025-03-04T06:56:56.943+0000] {processor.py:914} INFO - Processing file /opt/airflow/dags/forex_ml_pipeline.py for tasks to queue
[2025-03-04T06:56:56.946+0000] {logging_mixin.py:190} INFO - [2025-03-04T06:56:56.946+0000] {dagbag.py:588} INFO - Filling up the DagBag from /opt/airflow/dags/forex_ml_pipeline.py
[2025-03-04T06:56:57.509+0000] {processor.py:925} INFO - DAG(s) 'forex_ml_pipeline' retrieved from /opt/airflow/dags/forex_ml_pipeline.py
[2025-03-04T06:56:57.588+0000] {logging_mixin.py:190} INFO - [2025-03-04T06:56:57.588+0000] {dag.py:3239} INFO - Sync 1 DAGs
[2025-03-04T06:56:57.614+0000] {logging_mixin.py:190} INFO - [2025-03-04T06:56:57.614+0000] {dag.py:4180} INFO - Setting next_dagrun for forex_ml_pipeline to 2025-03-02 12:00:00+00:00, run_after=2025-03-09 12:00:00+00:00
[2025-03-04T06:56:57.640+0000] {processor.py:208} INFO - Processing /opt/airflow/dags/forex_ml_pipeline.py took 0.705 seconds
[2025-03-04T06:57:28.032+0000] {processor.py:186} INFO - Started process (PID=208) to work on /opt/airflow/dags/forex_ml_pipeline.py
[2025-03-04T06:57:28.034+0000] {processor.py:914} INFO - Processing file /opt/airflow/dags/forex_ml_pipeline.py for tasks to queue
[2025-03-04T06:57:28.038+0000] {logging_mixin.py:190} INFO - [2025-03-04T06:57:28.037+0000] {dagbag.py:588} INFO - Filling up the DagBag from /opt/airflow/dags/forex_ml_pipeline.py
[2025-03-04T06:57:28.629+0000] {processor.py:925} INFO - DAG(s) 'forex_ml_pipeline' retrieved from /opt/airflow/dags/forex_ml_pipeline.py
[2025-03-04T06:57:28.705+0000] {logging_mixin.py:190} INFO - [2025-03-04T06:57:28.705+0000] {dag.py:3239} INFO - Sync 1 DAGs
[2025-03-04T06:57:28.721+0000] {logging_mixin.py:190} INFO - [2025-03-04T06:57:28.721+0000] {dag.py:4180} INFO - Setting next_dagrun for forex_ml_pipeline to 2025-03-02 12:00:00+00:00, run_after=2025-03-09 12:00:00+00:00
[2025-03-04T06:57:28.761+0000] {processor.py:208} INFO - Processing /opt/airflow/dags/forex_ml_pipeline.py took 0.739 seconds
[2025-03-04T06:57:59.299+0000] {processor.py:186} INFO - Started process (PID=220) to work on /opt/airflow/dags/forex_ml_pipeline.py
[2025-03-04T06:57:59.301+0000] {processor.py:914} INFO - Processing file /opt/airflow/dags/forex_ml_pipeline.py for tasks to queue
[2025-03-04T06:57:59.304+0000] {logging_mixin.py:190} INFO - [2025-03-04T06:57:59.304+0000] {dagbag.py:588} INFO - Filling up the DagBag from /opt/airflow/dags/forex_ml_pipeline.py
[2025-03-04T06:57:59.893+0000] {processor.py:925} INFO - DAG(s) 'forex_ml_pipeline' retrieved from /opt/airflow/dags/forex_ml_pipeline.py
[2025-03-04T06:57:59.992+0000] {logging_mixin.py:190} INFO - [2025-03-04T06:57:59.991+0000] {dag.py:3239} INFO - Sync 1 DAGs
[2025-03-04T06:58:00.016+0000] {logging_mixin.py:190} INFO - [2025-03-04T06:58:00.016+0000] {dag.py:4180} INFO - Setting next_dagrun for forex_ml_pipeline to 2025-03-02 12:00:00+00:00, run_after=2025-03-09 12:00:00+00:00
[2025-03-04T06:58:00.043+0000] {processor.py:208} INFO - Processing /opt/airflow/dags/forex_ml_pipeline.py took 0.749 seconds
[2025-03-04T06:58:30.409+0000] {processor.py:186} INFO - Started process (PID=238) to work on /opt/airflow/dags/forex_ml_pipeline.py
[2025-03-04T06:58:30.410+0000] {processor.py:914} INFO - Processing file /opt/airflow/dags/forex_ml_pipeline.py for tasks to queue
[2025-03-04T06:58:30.413+0000] {logging_mixin.py:190} INFO - [2025-03-04T06:58:30.413+0000] {dagbag.py:588} INFO - Filling up the DagBag from /opt/airflow/dags/forex_ml_pipeline.py
[2025-03-04T06:58:31.041+0000] {processor.py:925} INFO - DAG(s) 'forex_ml_pipeline' retrieved from /opt/airflow/dags/forex_ml_pipeline.py
[2025-03-04T06:58:31.128+0000] {logging_mixin.py:190} INFO - [2025-03-04T06:58:31.127+0000] {dag.py:3239} INFO - Sync 1 DAGs
[2025-03-04T06:58:31.147+0000] {logging_mixin.py:190} INFO - [2025-03-04T06:58:31.146+0000] {dag.py:4180} INFO - Setting next_dagrun for forex_ml_pipeline to 2025-03-02 12:00:00+00:00, run_after=2025-03-09 12:00:00+00:00
[2025-03-04T06:58:31.219+0000] {processor.py:208} INFO - Processing /opt/airflow/dags/forex_ml_pipeline.py took 0.817 seconds
[2025-03-04T06:59:01.727+0000] {processor.py:186} INFO - Started process (PID=250) to work on /opt/airflow/dags/forex_ml_pipeline.py
[2025-03-04T06:59:01.729+0000] {processor.py:914} INFO - Processing file /opt/airflow/dags/forex_ml_pipeline.py for tasks to queue
[2025-03-04T06:59:01.732+0000] {logging_mixin.py:190} INFO - [2025-03-04T06:59:01.731+0000] {dagbag.py:588} INFO - Filling up the DagBag from /opt/airflow/dags/forex_ml_pipeline.py
[2025-03-04T06:59:02.250+0000] {processor.py:925} INFO - DAG(s) 'forex_ml_pipeline' retrieved from /opt/airflow/dags/forex_ml_pipeline.py
[2025-03-04T06:59:02.325+0000] {logging_mixin.py:190} INFO - [2025-03-04T06:59:02.325+0000] {dag.py:3239} INFO - Sync 1 DAGs
[2025-03-04T06:59:02.339+0000] {logging_mixin.py:190} INFO - [2025-03-04T06:59:02.339+0000] {dag.py:4180} INFO - Setting next_dagrun for forex_ml_pipeline to 2025-03-02 12:00:00+00:00, run_after=2025-03-09 12:00:00+00:00
[2025-03-04T06:59:02.358+0000] {processor.py:208} INFO - Processing /opt/airflow/dags/forex_ml_pipeline.py took 0.640 seconds
[2025-03-04T06:59:32.511+0000] {processor.py:186} INFO - Started process (PID=262) to work on /opt/airflow/dags/forex_ml_pipeline.py
[2025-03-04T06:59:32.513+0000] {processor.py:914} INFO - Processing file /opt/airflow/dags/forex_ml_pipeline.py for tasks to queue
[2025-03-04T06:59:32.517+0000] {logging_mixin.py:190} INFO - [2025-03-04T06:59:32.517+0000] {dagbag.py:588} INFO - Filling up the DagBag from /opt/airflow/dags/forex_ml_pipeline.py
[2025-03-04T06:59:33.283+0000] {processor.py:925} INFO - DAG(s) 'forex_ml_pipeline' retrieved from /opt/airflow/dags/forex_ml_pipeline.py
[2025-03-04T06:59:33.452+0000] {logging_mixin.py:190} INFO - [2025-03-04T06:59:33.451+0000] {dag.py:3239} INFO - Sync 1 DAGs
[2025-03-04T06:59:33.484+0000] {logging_mixin.py:190} INFO - [2025-03-04T06:59:33.483+0000] {dag.py:4180} INFO - Setting next_dagrun for forex_ml_pipeline to 2025-03-02 12:00:00+00:00, run_after=2025-03-09 12:00:00+00:00
[2025-03-04T06:59:33.526+0000] {processor.py:208} INFO - Processing /opt/airflow/dags/forex_ml_pipeline.py took 1.021 seconds
[2025-03-04T07:00:03.816+0000] {processor.py:186} INFO - Started process (PID=274) to work on /opt/airflow/dags/forex_ml_pipeline.py
[2025-03-04T07:00:03.817+0000] {processor.py:914} INFO - Processing file /opt/airflow/dags/forex_ml_pipeline.py for tasks to queue
[2025-03-04T07:00:03.819+0000] {logging_mixin.py:190} INFO - [2025-03-04T07:00:03.819+0000] {dagbag.py:588} INFO - Filling up the DagBag from /opt/airflow/dags/forex_ml_pipeline.py
[2025-03-04T07:00:04.280+0000] {processor.py:925} INFO - DAG(s) 'forex_ml_pipeline' retrieved from /opt/airflow/dags/forex_ml_pipeline.py
[2025-03-04T07:00:04.351+0000] {logging_mixin.py:190} INFO - [2025-03-04T07:00:04.351+0000] {dag.py:3239} INFO - Sync 1 DAGs
[2025-03-04T07:00:04.366+0000] {logging_mixin.py:190} INFO - [2025-03-04T07:00:04.365+0000] {dag.py:4180} INFO - Setting next_dagrun for forex_ml_pipeline to 2025-03-02 12:00:00+00:00, run_after=2025-03-09 12:00:00+00:00
[2025-03-04T07:00:04.384+0000] {processor.py:208} INFO - Processing /opt/airflow/dags/forex_ml_pipeline.py took 0.572 seconds
[2025-03-04T07:00:34.779+0000] {processor.py:186} INFO - Started process (PID=286) to work on /opt/airflow/dags/forex_ml_pipeline.py
[2025-03-04T07:00:34.781+0000] {processor.py:914} INFO - Processing file /opt/airflow/dags/forex_ml_pipeline.py for tasks to queue
[2025-03-04T07:00:34.783+0000] {logging_mixin.py:190} INFO - [2025-03-04T07:00:34.783+0000] {dagbag.py:588} INFO - Filling up the DagBag from /opt/airflow/dags/forex_ml_pipeline.py
[2025-03-04T07:00:35.321+0000] {processor.py:925} INFO - DAG(s) 'forex_ml_pipeline' retrieved from /opt/airflow/dags/forex_ml_pipeline.py
[2025-03-04T07:00:35.404+0000] {logging_mixin.py:190} INFO - [2025-03-04T07:00:35.403+0000] {dag.py:3239} INFO - Sync 1 DAGs
[2025-03-04T07:00:35.424+0000] {logging_mixin.py:190} INFO - [2025-03-04T07:00:35.423+0000] {dag.py:4180} INFO - Setting next_dagrun for forex_ml_pipeline to 2025-03-02 12:00:00+00:00, run_after=2025-03-09 12:00:00+00:00
[2025-03-04T07:00:35.452+0000] {processor.py:208} INFO - Processing /opt/airflow/dags/forex_ml_pipeline.py took 0.677 seconds
[2025-03-04T07:01:05.614+0000] {processor.py:186} INFO - Started process (PID=298) to work on /opt/airflow/dags/forex_ml_pipeline.py
[2025-03-04T07:01:05.615+0000] {processor.py:914} INFO - Processing file /opt/airflow/dags/forex_ml_pipeline.py for tasks to queue
[2025-03-04T07:01:05.618+0000] {logging_mixin.py:190} INFO - [2025-03-04T07:01:05.617+0000] {dagbag.py:588} INFO - Filling up the DagBag from /opt/airflow/dags/forex_ml_pipeline.py
[2025-03-04T07:01:06.089+0000] {processor.py:925} INFO - DAG(s) 'forex_ml_pipeline' retrieved from /opt/airflow/dags/forex_ml_pipeline.py
[2025-03-04T07:01:06.166+0000] {logging_mixin.py:190} INFO - [2025-03-04T07:01:06.165+0000] {dag.py:3239} INFO - Sync 1 DAGs
[2025-03-04T07:01:06.190+0000] {logging_mixin.py:190} INFO - [2025-03-04T07:01:06.190+0000] {dag.py:4180} INFO - Setting next_dagrun for forex_ml_pipeline to 2025-03-02 12:00:00+00:00, run_after=2025-03-09 12:00:00+00:00
[2025-03-04T07:01:06.215+0000] {processor.py:208} INFO - Processing /opt/airflow/dags/forex_ml_pipeline.py took 0.605 seconds
[2025-03-04T07:01:36.967+0000] {processor.py:186} INFO - Started process (PID=310) to work on /opt/airflow/dags/forex_ml_pipeline.py
[2025-03-04T07:01:36.968+0000] {processor.py:914} INFO - Processing file /opt/airflow/dags/forex_ml_pipeline.py for tasks to queue
[2025-03-04T07:01:36.971+0000] {logging_mixin.py:190} INFO - [2025-03-04T07:01:36.971+0000] {dagbag.py:588} INFO - Filling up the DagBag from /opt/airflow/dags/forex_ml_pipeline.py
[2025-03-04T07:01:37.576+0000] {processor.py:925} INFO - DAG(s) 'forex_ml_pipeline' retrieved from /opt/airflow/dags/forex_ml_pipeline.py
[2025-03-04T07:01:37.650+0000] {logging_mixin.py:190} INFO - [2025-03-04T07:01:37.650+0000] {dag.py:3239} INFO - Sync 1 DAGs
[2025-03-04T07:01:37.671+0000] {logging_mixin.py:190} INFO - [2025-03-04T07:01:37.670+0000] {dag.py:4180} INFO - Setting next_dagrun for forex_ml_pipeline to 2025-03-02 12:00:00+00:00, run_after=2025-03-09 12:00:00+00:00
[2025-03-04T07:01:37.691+0000] {processor.py:208} INFO - Processing /opt/airflow/dags/forex_ml_pipeline.py took 0.728 seconds
