[2025-03-03T08:53:21.365+0000] {local_task_job_runner.py:123} INFO - ::group::Pre task execution logs
[2025-03-03T08:53:21.380+0000] {taskinstance.py:2614} INFO - Dependencies all met for dep_context=non-requeueable deps ti=<TaskInstance: forex_ml_pipeline.create_s3_bucket scheduled__2025-02-23T12:00:00+00:00 [queued]>
[2025-03-03T08:53:21.387+0000] {taskinstance.py:2614} INFO - Dependencies all met for dep_context=requeueable deps ti=<TaskInstance: forex_ml_pipeline.create_s3_bucket scheduled__2025-02-23T12:00:00+00:00 [queued]>
[2025-03-03T08:53:21.389+0000] {taskinstance.py:2867} INFO - Starting attempt 1 of 4
[2025-03-03T08:53:21.402+0000] {taskinstance.py:2890} INFO - Executing <Task(PythonOperator): create_s3_bucket> on 2025-02-23 12:00:00+00:00
[2025-03-03T08:53:21.411+0000] {standard_task_runner.py:104} INFO - Running: ['***', 'tasks', 'run', 'forex_ml_pipeline', 'create_s3_bucket', 'scheduled__2025-02-23T12:00:00+00:00', '--job-id', '3', '--raw', '--subdir', 'DAGS_FOLDER/forex_ml_pipeline.py', '--cfg-path', '/tmp/tmppbwmbzmw']
[2025-03-03T08:53:21.413+0000] {standard_task_runner.py:105} INFO - Job 3: Subtask create_s3_bucket
[2025-03-03T08:53:21.413+0000] {logging_mixin.py:190} WARNING - /home/***/.local/lib/python3.12/site-packages/***/task/task_runner/standard_task_runner.py:70 DeprecationWarning: This process (pid=517) is multi-threaded, use of fork() may lead to deadlocks in the child.
[2025-03-03T08:53:21.414+0000] {standard_task_runner.py:72} INFO - Started process 520 to run task
[2025-03-03T08:53:21.459+0000] {task_command.py:467} INFO - Running <TaskInstance: forex_ml_pipeline.create_s3_bucket scheduled__2025-02-23T12:00:00+00:00 [running]> on host 359f679f6c32
[2025-03-03T08:53:21.531+0000] {taskinstance.py:3134} INFO - Exporting env vars: AIRFLOW_CTX_DAG_OWNER='mikhail' AIRFLOW_CTX_DAG_ID='forex_ml_pipeline' AIRFLOW_CTX_TASK_ID='create_s3_bucket' AIRFLOW_CTX_EXECUTION_DATE='2025-02-23T12:00:00+00:00' AIRFLOW_CTX_TRY_NUMBER='1' AIRFLOW_CTX_DAG_RUN_ID='scheduled__2025-02-23T12:00:00+00:00'
[2025-03-03T08:53:21.532+0000] {taskinstance.py:732} INFO - ::endgroup::
[2025-03-03T08:53:21.573+0000] {base.py:84} INFO - Retrieving connection 'my_s3_conn'
[2025-03-03T08:53:21.574+0000] {connection_wrapper.py:328} INFO - AWS Connection (conn_id='my_s3_conn', conn_type='aws') credentials retrieved from extra.
[2025-03-03T08:53:24.420+0000] {logging_mixin.py:190} INFO - Bucket 'usd-php-ml-pipeline-bucket' created successfully.
[2025-03-03T08:53:24.422+0000] {python.py:240} INFO - Done. Returned value was: None
[2025-03-03T08:53:24.430+0000] {taskinstance.py:341} INFO - ::group::Post task execution logs
[2025-03-03T08:53:24.431+0000] {taskinstance.py:353} INFO - Marking task as SUCCESS. dag_id=forex_ml_pipeline, task_id=create_s3_bucket, run_id=scheduled__2025-02-23T12:00:00+00:00, execution_date=20250223T120000, start_date=20250303T085321, end_date=20250303T085324
[2025-03-03T08:53:24.487+0000] {local_task_job_runner.py:266} INFO - Task exited with return code 0
[2025-03-03T08:53:24.511+0000] {taskinstance.py:3901} INFO - 1 downstream tasks scheduled from follow-on schedule check
[2025-03-03T08:53:24.516+0000] {local_task_job_runner.py:245} INFO - ::endgroup::
