[2025-03-03T03:55:30.177+0000] {local_task_job_runner.py:123} INFO - ::group::Pre task execution logs
[2025-03-03T03:55:30.196+0000] {taskinstance.py:2614} INFO - Dependencies all met for dep_context=non-requeueable deps ti=<TaskInstance: forex_ml_pipeline.pull_forex_data scheduled__2025-02-23T12:00:00+00:00 [queued]>
[2025-03-03T03:55:30.205+0000] {taskinstance.py:2614} INFO - Dependencies all met for dep_context=requeueable deps ti=<TaskInstance: forex_ml_pipeline.pull_forex_data scheduled__2025-02-23T12:00:00+00:00 [queued]>
[2025-03-03T03:55:30.206+0000] {taskinstance.py:2867} INFO - Starting attempt 1 of 4
[2025-03-03T03:55:30.223+0000] {taskinstance.py:2890} INFO - Executing <Task(PythonOperator): pull_forex_data> on 2025-02-23 12:00:00+00:00
[2025-03-03T03:55:30.232+0000] {standard_task_runner.py:104} INFO - Running: ['***', 'tasks', 'run', 'forex_ml_pipeline', 'pull_forex_data', 'scheduled__2025-02-23T12:00:00+00:00', '--job-id', '4', '--raw', '--subdir', 'DAGS_FOLDER/forex_ml_pipeline.py', '--cfg-path', '/tmp/tmpddoj7ajy']
[2025-03-03T03:55:30.235+0000] {logging_mixin.py:190} WARNING - /home/***/.local/lib/python3.12/site-packages/***/task/task_runner/standard_task_runner.py:70 DeprecationWarning: This process (pid=298) is multi-threaded, use of fork() may lead to deadlocks in the child.
[2025-03-03T03:55:30.236+0000] {standard_task_runner.py:105} INFO - Job 4: Subtask pull_forex_data
[2025-03-03T03:55:30.237+0000] {standard_task_runner.py:72} INFO - Started process 303 to run task
[2025-03-03T03:55:30.288+0000] {task_command.py:467} INFO - Running <TaskInstance: forex_ml_pipeline.pull_forex_data scheduled__2025-02-23T12:00:00+00:00 [running]> on host ec8f43f16e92
[2025-03-03T03:55:30.366+0000] {taskinstance.py:3134} INFO - Exporting env vars: AIRFLOW_CTX_DAG_OWNER='mikhail' AIRFLOW_CTX_DAG_ID='forex_ml_pipeline' AIRFLOW_CTX_TASK_ID='pull_forex_data' AIRFLOW_CTX_EXECUTION_DATE='2025-02-23T12:00:00+00:00' AIRFLOW_CTX_TRY_NUMBER='1' AIRFLOW_CTX_DAG_RUN_ID='scheduled__2025-02-23T12:00:00+00:00'
[2025-03-03T03:55:30.367+0000] {taskinstance.py:732} INFO - ::endgroup::
[2025-03-03T03:55:30.424+0000] {logging_mixin.py:190} INFO - save_path: /opt/***/include/data
[2025-03-03T03:55:30.425+0000] {python.py:240} INFO - Done. Returned value was: None
[2025-03-03T03:55:30.434+0000] {taskinstance.py:341} INFO - ::group::Post task execution logs
[2025-03-03T03:55:30.434+0000] {taskinstance.py:353} INFO - Marking task as SUCCESS. dag_id=forex_ml_pipeline, task_id=pull_forex_data, run_id=scheduled__2025-02-23T12:00:00+00:00, execution_date=20250223T120000, start_date=20250303T035530, end_date=20250303T035530
[2025-03-03T03:55:30.494+0000] {local_task_job_runner.py:266} INFO - Task exited with return code 0
[2025-03-03T03:55:30.516+0000] {taskinstance.py:3901} INFO - 1 downstream tasks scheduled from follow-on schedule check
[2025-03-03T03:55:30.520+0000] {local_task_job_runner.py:245} INFO - ::endgroup::
[2025-03-03T08:10:07.144+0000] {local_task_job_runner.py:123} INFO - ::group::Pre task execution logs
[2025-03-03T08:10:07.161+0000] {taskinstance.py:2614} INFO - Dependencies all met for dep_context=non-requeueable deps ti=<TaskInstance: forex_ml_pipeline.pull_forex_data scheduled__2025-02-23T12:00:00+00:00 [queued]>
[2025-03-03T08:10:07.168+0000] {taskinstance.py:2614} INFO - Dependencies all met for dep_context=requeueable deps ti=<TaskInstance: forex_ml_pipeline.pull_forex_data scheduled__2025-02-23T12:00:00+00:00 [queued]>
[2025-03-03T08:10:07.169+0000] {taskinstance.py:2867} INFO - Starting attempt 1 of 4
[2025-03-03T08:10:07.187+0000] {taskinstance.py:2890} INFO - Executing <Task(PythonOperator): pull_forex_data> on 2025-02-23 12:00:00+00:00
[2025-03-03T08:10:07.197+0000] {standard_task_runner.py:104} INFO - Running: ['***', 'tasks', 'run', 'forex_ml_pipeline', 'pull_forex_data', 'scheduled__2025-02-23T12:00:00+00:00', '--job-id', '3', '--raw', '--subdir', 'DAGS_FOLDER/forex_ml_pipeline.py', '--cfg-path', '/tmp/tmpercjkclm']
[2025-03-03T08:10:07.200+0000] {standard_task_runner.py:105} INFO - Job 3: Subtask pull_forex_data
[2025-03-03T08:10:07.202+0000] {logging_mixin.py:190} WARNING - /home/***/.local/lib/python3.12/site-packages/***/task/task_runner/standard_task_runner.py:70 DeprecationWarning: This process (pid=611) is multi-threaded, use of fork() may lead to deadlocks in the child.
[2025-03-03T08:10:07.203+0000] {standard_task_runner.py:72} INFO - Started process 616 to run task
[2025-03-03T08:10:07.258+0000] {task_command.py:467} INFO - Running <TaskInstance: forex_ml_pipeline.pull_forex_data scheduled__2025-02-23T12:00:00+00:00 [running]> on host bc29da8b88b2
[2025-03-03T08:10:07.339+0000] {taskinstance.py:3134} INFO - Exporting env vars: AIRFLOW_CTX_DAG_OWNER='mikhail' AIRFLOW_CTX_DAG_ID='forex_ml_pipeline' AIRFLOW_CTX_TASK_ID='pull_forex_data' AIRFLOW_CTX_EXECUTION_DATE='2025-02-23T12:00:00+00:00' AIRFLOW_CTX_TRY_NUMBER='1' AIRFLOW_CTX_DAG_RUN_ID='scheduled__2025-02-23T12:00:00+00:00'
[2025-03-03T08:10:07.371+0000] {taskinstance.py:732} INFO - ::endgroup::
[2025-03-03T08:10:07.420+0000] {logging_mixin.py:190} INFO - save_path: /opt/***/include/data
[2025-03-03T08:10:07.425+0000] {python.py:240} INFO - Done. Returned value was: None
[2025-03-03T08:10:07.434+0000] {taskinstance.py:341} INFO - ::group::Post task execution logs
[2025-03-03T08:10:07.443+0000] {taskinstance.py:353} INFO - Marking task as SUCCESS. dag_id=forex_ml_pipeline, task_id=pull_forex_data, run_id=scheduled__2025-02-23T12:00:00+00:00, execution_date=20250223T120000, start_date=20250303T081007, end_date=20250303T081007
[2025-03-03T08:10:07.506+0000] {local_task_job_runner.py:266} INFO - Task exited with return code 0
[2025-03-03T08:10:07.529+0000] {taskinstance.py:3901} INFO - 1 downstream tasks scheduled from follow-on schedule check
[2025-03-03T08:10:07.533+0000] {local_task_job_runner.py:245} INFO - ::endgroup::
[2025-03-03T08:53:25.688+0000] {local_task_job_runner.py:123} INFO - ::group::Pre task execution logs
[2025-03-03T08:53:25.709+0000] {taskinstance.py:2614} INFO - Dependencies all met for dep_context=non-requeueable deps ti=<TaskInstance: forex_ml_pipeline.pull_forex_data scheduled__2025-02-23T12:00:00+00:00 [queued]>
[2025-03-03T08:53:25.718+0000] {taskinstance.py:2614} INFO - Dependencies all met for dep_context=requeueable deps ti=<TaskInstance: forex_ml_pipeline.pull_forex_data scheduled__2025-02-23T12:00:00+00:00 [queued]>
[2025-03-03T08:53:25.718+0000] {taskinstance.py:2867} INFO - Starting attempt 1 of 4
[2025-03-03T08:53:25.731+0000] {taskinstance.py:2890} INFO - Executing <Task(PythonOperator): pull_forex_data> on 2025-02-23 12:00:00+00:00
[2025-03-03T08:53:25.738+0000] {standard_task_runner.py:104} INFO - Running: ['***', 'tasks', 'run', 'forex_ml_pipeline', 'pull_forex_data', 'scheduled__2025-02-23T12:00:00+00:00', '--job-id', '5', '--raw', '--subdir', 'DAGS_FOLDER/forex_ml_pipeline.py', '--cfg-path', '/tmp/tmp_c9yr3m8']
[2025-03-03T08:53:25.741+0000] {standard_task_runner.py:105} INFO - Job 5: Subtask pull_forex_data
[2025-03-03T08:53:25.741+0000] {logging_mixin.py:190} WARNING - /home/***/.local/lib/python3.12/site-packages/***/task/task_runner/standard_task_runner.py:70 DeprecationWarning: This process (pid=524) is multi-threaded, use of fork() may lead to deadlocks in the child.
[2025-03-03T08:53:25.742+0000] {standard_task_runner.py:72} INFO - Started process 526 to run task
[2025-03-03T08:53:25.783+0000] {task_command.py:467} INFO - Running <TaskInstance: forex_ml_pipeline.pull_forex_data scheduled__2025-02-23T12:00:00+00:00 [running]> on host 359f679f6c32
[2025-03-03T08:53:25.851+0000] {taskinstance.py:3134} INFO - Exporting env vars: AIRFLOW_CTX_DAG_OWNER='mikhail' AIRFLOW_CTX_DAG_ID='forex_ml_pipeline' AIRFLOW_CTX_TASK_ID='pull_forex_data' AIRFLOW_CTX_EXECUTION_DATE='2025-02-23T12:00:00+00:00' AIRFLOW_CTX_TRY_NUMBER='1' AIRFLOW_CTX_DAG_RUN_ID='scheduled__2025-02-23T12:00:00+00:00'
[2025-03-03T08:53:25.853+0000] {taskinstance.py:732} INFO - ::endgroup::
[2025-03-03T08:53:25.877+0000] {logging_mixin.py:190} INFO - save_path: /opt/***/include/data
[2025-03-03T08:53:25.878+0000] {python.py:240} INFO - Done. Returned value was: None
[2025-03-03T08:53:25.886+0000] {taskinstance.py:341} INFO - ::group::Post task execution logs
[2025-03-03T08:53:25.886+0000] {taskinstance.py:353} INFO - Marking task as SUCCESS. dag_id=forex_ml_pipeline, task_id=pull_forex_data, run_id=scheduled__2025-02-23T12:00:00+00:00, execution_date=20250223T120000, start_date=20250303T085325, end_date=20250303T085325
[2025-03-03T08:53:25.920+0000] {local_task_job_runner.py:266} INFO - Task exited with return code 0
[2025-03-03T08:53:25.939+0000] {taskinstance.py:3901} INFO - 1 downstream tasks scheduled from follow-on schedule check
[2025-03-03T08:53:25.943+0000] {local_task_job_runner.py:245} INFO - ::endgroup::
