[2025-03-31T09:01:06.906+0000] {local_task_job_runner.py:123} INFO - ::group::Pre task execution logs
[2025-03-31T09:01:06.927+0000] {taskinstance.py:2614} INFO - Dependencies all met for dep_context=non-requeueable deps ti=<TaskInstance: forex_ml_pipeline.transform_forex_data manual__2025-03-31T08:39:16.898472+00:00 [queued]>
[2025-03-31T09:01:06.940+0000] {taskinstance.py:2614} INFO - Dependencies all met for dep_context=requeueable deps ti=<TaskInstance: forex_ml_pipeline.transform_forex_data manual__2025-03-31T08:39:16.898472+00:00 [queued]>
[2025-03-31T09:01:06.941+0000] {taskinstance.py:2867} INFO - Starting attempt 1 of 4
[2025-03-31T09:01:06.956+0000] {taskinstance.py:2890} INFO - Executing <Task(SparkSubmitOperator): transform_forex_data> on 2025-03-31 08:39:16.898472+00:00
[2025-03-31T09:01:06.966+0000] {standard_task_runner.py:104} INFO - Running: ['***', 'tasks', 'run', 'forex_ml_pipeline', 'transform_forex_data', 'manual__2025-03-31T08:39:16.898472+00:00', '--job-id', '18', '--raw', '--subdir', 'DAGS_FOLDER/forex_ml_pipeline.py', '--cfg-path', '/tmp/tmphqjy_hvw']
[2025-03-31T09:01:06.969+0000] {standard_task_runner.py:105} INFO - Job 18: Subtask transform_forex_data
[2025-03-31T09:01:06.969+0000] {logging_mixin.py:190} WARNING - /home/***/.local/lib/python3.12/site-packages/***/task/task_runner/standard_task_runner.py:70 DeprecationWarning: This process (pid=554) is multi-threaded, use of fork() may lead to deadlocks in the child.
[2025-03-31T09:01:06.970+0000] {standard_task_runner.py:72} INFO - Started process 556 to run task
[2025-03-31T09:01:07.019+0000] {task_command.py:467} INFO - Running <TaskInstance: forex_ml_pipeline.transform_forex_data manual__2025-03-31T08:39:16.898472+00:00 [running]> on host 1f5073dcf149
[2025-03-31T09:01:07.123+0000] {taskinstance.py:3134} INFO - Exporting env vars: AIRFLOW_CTX_DAG_OWNER='mikhail' AIRFLOW_CTX_DAG_ID='forex_ml_pipeline' AIRFLOW_CTX_TASK_ID='transform_forex_data' AIRFLOW_CTX_EXECUTION_DATE='2025-03-31T08:39:16.898472+00:00' AIRFLOW_CTX_TRY_NUMBER='1' AIRFLOW_CTX_DAG_RUN_ID='manual__2025-03-31T08:39:16.898472+00:00'
[2025-03-31T09:01:07.125+0000] {taskinstance.py:732} INFO - ::endgroup::
[2025-03-31T09:01:07.151+0000] {base.py:84} INFO - Retrieving connection 'my_spark_conn'
[2025-03-31T09:01:07.153+0000] {spark_submit.py:474} INFO - Spark-Submit cmd: spark-submit --master spark://spark-master:7077 --name arrow-spark --verbose ./dags/operators/transform_forex_data.py s3a://usd-php-ml-pipeline-bucket/raw/usd_php_forex_4hour.csv
[2025-03-31T09:01:08.694+0000] {spark_submit.py:645} INFO - Using properties file: null
[2025-03-31T09:01:08.800+0000] {spark_submit.py:645} INFO - Parsed arguments:
[2025-03-31T09:01:08.801+0000] {spark_submit.py:645} INFO - master                  spark://spark-master:7077
[2025-03-31T09:01:08.801+0000] {spark_submit.py:645} INFO - remote                  null
[2025-03-31T09:01:08.801+0000] {spark_submit.py:645} INFO - deployMode              null
[2025-03-31T09:01:08.802+0000] {spark_submit.py:645} INFO - executorMemory          null
[2025-03-31T09:01:08.802+0000] {spark_submit.py:645} INFO - executorCores           null
[2025-03-31T09:01:08.802+0000] {spark_submit.py:645} INFO - totalExecutorCores      null
[2025-03-31T09:01:08.802+0000] {spark_submit.py:645} INFO - propertiesFile          null
[2025-03-31T09:01:08.803+0000] {spark_submit.py:645} INFO - driverMemory            null
[2025-03-31T09:01:08.803+0000] {spark_submit.py:645} INFO - driverCores             null
[2025-03-31T09:01:08.804+0000] {spark_submit.py:645} INFO - driverExtraClassPath    null
[2025-03-31T09:01:08.804+0000] {spark_submit.py:645} INFO - driverExtraLibraryPath  null
[2025-03-31T09:01:08.805+0000] {spark_submit.py:645} INFO - driverExtraJavaOptions  null
[2025-03-31T09:01:08.805+0000] {spark_submit.py:645} INFO - supervise               false
[2025-03-31T09:01:08.806+0000] {spark_submit.py:645} INFO - queue                   null
[2025-03-31T09:01:08.806+0000] {spark_submit.py:645} INFO - numExecutors            null
[2025-03-31T09:01:08.807+0000] {spark_submit.py:645} INFO - files                   null
[2025-03-31T09:01:08.807+0000] {spark_submit.py:645} INFO - pyFiles                 null
[2025-03-31T09:01:08.808+0000] {spark_submit.py:645} INFO - archives                null
[2025-03-31T09:01:08.809+0000] {spark_submit.py:645} INFO - mainClass               null
[2025-03-31T09:01:08.810+0000] {spark_submit.py:645} INFO - primaryResource         file:/opt/***/dags/operators/transform_forex_data.py
[2025-03-31T09:01:08.810+0000] {spark_submit.py:645} INFO - name                    arrow-spark
[2025-03-31T09:01:08.811+0000] {spark_submit.py:645} INFO - childArgs               [s3a://usd-php-ml-pipeline-bucket/raw/usd_php_forex_4hour.csv]
[2025-03-31T09:01:08.812+0000] {spark_submit.py:645} INFO - jars                    null
[2025-03-31T09:01:08.812+0000] {spark_submit.py:645} INFO - packages                null
[2025-03-31T09:01:08.813+0000] {spark_submit.py:645} INFO - packagesExclusions      null
[2025-03-31T09:01:08.814+0000] {spark_submit.py:645} INFO - repositories            null
[2025-03-31T09:01:08.814+0000] {spark_submit.py:645} INFO - verbose                 true
[2025-03-31T09:01:08.815+0000] {spark_submit.py:645} INFO - 
[2025-03-31T09:01:08.815+0000] {spark_submit.py:645} INFO - Spark properties used, including those specified through
[2025-03-31T09:01:08.817+0000] {spark_submit.py:645} INFO - --conf and those from the properties file null:
[2025-03-31T09:01:08.819+0000] {spark_submit.py:645} INFO - 
[2025-03-31T09:01:08.819+0000] {spark_submit.py:645} INFO - 
[2025-03-31T09:01:08.820+0000] {spark_submit.py:645} INFO - 
[2025-03-31T09:01:09.065+0000] {spark_submit.py:645} INFO - Main class:
[2025-03-31T09:01:09.066+0000] {spark_submit.py:645} INFO - org.apache.spark.deploy.PythonRunner
[2025-03-31T09:01:09.067+0000] {spark_submit.py:645} INFO - Arguments:
[2025-03-31T09:01:09.068+0000] {spark_submit.py:645} INFO - file:/opt/***/dags/operators/transform_forex_data.py
[2025-03-31T09:01:09.068+0000] {spark_submit.py:645} INFO - null
[2025-03-31T09:01:09.069+0000] {spark_submit.py:645} INFO - s3a://usd-php-ml-pipeline-bucket/raw/usd_php_forex_4hour.csv
[2025-03-31T09:01:09.072+0000] {spark_submit.py:645} INFO - Spark config:
[2025-03-31T09:01:09.073+0000] {spark_submit.py:645} INFO - (spark.app.name,arrow-spark)
[2025-03-31T09:01:09.074+0000] {spark_submit.py:645} INFO - (spark.app.submitTime,1743411669049)
[2025-03-31T09:01:09.074+0000] {spark_submit.py:645} INFO - (spark.master,spark://spark-master:7077)
[2025-03-31T09:01:09.075+0000] {spark_submit.py:645} INFO - (spark.submit.deployMode,client)
[2025-03-31T09:01:09.075+0000] {spark_submit.py:645} INFO - (spark.submit.pyFiles,)
[2025-03-31T09:01:09.076+0000] {spark_submit.py:645} INFO - Classpath elements:
[2025-03-31T09:01:09.078+0000] {spark_submit.py:645} INFO - 
[2025-03-31T09:01:09.079+0000] {spark_submit.py:645} INFO - 
[2025-03-31T09:01:09.079+0000] {spark_submit.py:645} INFO - 
[2025-03-31T09:01:11.895+0000] {spark_submit.py:645} INFO - s3a://usd-php-ml-pipeline-bucket/raw/usd_php_forex_4hour.csv
[2025-03-31T09:01:11.896+0000] {spark_submit.py:645} INFO - CSV FILE PATH: s3a://usd-php-ml-pipeline-bucket/raw/usd_php_forex_4hour.csv
[2025-03-31T09:01:11.978+0000] {spark_submit.py:645} INFO - 25/03/31 09:01:11 INFO SparkContext: Running Spark version 3.5.5
[2025-03-31T09:01:11.980+0000] {spark_submit.py:645} INFO - 25/03/31 09:01:11 INFO SparkContext: OS info Linux, 5.15.167.4-microsoft-standard-WSL2, amd64
[2025-03-31T09:01:11.981+0000] {spark_submit.py:645} INFO - 25/03/31 09:01:11 INFO SparkContext: Java version 17.0.14
[2025-03-31T09:01:12.040+0000] {spark_submit.py:645} INFO - 25/03/31 09:01:12 WARN NativeCodeLoader: Unable to load native-hadoop library for your platform... using builtin-java classes where applicable
[2025-03-31T09:01:12.128+0000] {spark_submit.py:645} INFO - 25/03/31 09:01:12 INFO ResourceUtils: ==============================================================
[2025-03-31T09:01:12.129+0000] {spark_submit.py:645} INFO - 25/03/31 09:01:12 INFO ResourceUtils: No custom resources configured for spark.driver.
[2025-03-31T09:01:12.130+0000] {spark_submit.py:645} INFO - 25/03/31 09:01:12 INFO ResourceUtils: ==============================================================
[2025-03-31T09:01:12.131+0000] {spark_submit.py:645} INFO - 25/03/31 09:01:12 INFO SparkContext: Submitted application: feature-engineering
[2025-03-31T09:01:12.148+0000] {spark_submit.py:645} INFO - 25/03/31 09:01:12 INFO ResourceProfile: Default ResourceProfile created, executor resources: Map(memory -> name: memory, amount: 1024, script: , vendor: , offHeap -> name: offHeap, amount: 0, script: , vendor: ), task resources: Map(cpus -> name: cpus, amount: 1.0)
[2025-03-31T09:01:12.157+0000] {spark_submit.py:645} INFO - 25/03/31 09:01:12 INFO ResourceProfile: Limiting resource is cpu
[2025-03-31T09:01:12.158+0000] {spark_submit.py:645} INFO - 25/03/31 09:01:12 INFO ResourceProfileManager: Added ResourceProfile id: 0
[2025-03-31T09:01:12.203+0000] {spark_submit.py:645} INFO - 25/03/31 09:01:12 INFO SecurityManager: Changing view acls to: ***
[2025-03-31T09:01:12.203+0000] {spark_submit.py:645} INFO - 25/03/31 09:01:12 INFO SecurityManager: Changing modify acls to: ***
[2025-03-31T09:01:12.204+0000] {spark_submit.py:645} INFO - 25/03/31 09:01:12 INFO SecurityManager: Changing view acls groups to:
[2025-03-31T09:01:12.205+0000] {spark_submit.py:645} INFO - 25/03/31 09:01:12 INFO SecurityManager: Changing modify acls groups to:
[2025-03-31T09:01:12.205+0000] {spark_submit.py:645} INFO - 25/03/31 09:01:12 INFO SecurityManager: SecurityManager: authentication disabled; ui acls disabled; users with view permissions: ***; groups with view permissions: EMPTY; users with modify permissions: ***; groups with modify permissions: EMPTY
[2025-03-31T09:01:12.419+0000] {spark_submit.py:645} INFO - 25/03/31 09:01:12 INFO Utils: Successfully started service 'sparkDriver' on port 40107.
[2025-03-31T09:01:12.447+0000] {spark_submit.py:645} INFO - 25/03/31 09:01:12 INFO SparkEnv: Registering MapOutputTracker
[2025-03-31T09:01:12.477+0000] {spark_submit.py:645} INFO - 25/03/31 09:01:12 INFO SparkEnv: Registering BlockManagerMaster
[2025-03-31T09:01:12.494+0000] {spark_submit.py:645} INFO - 25/03/31 09:01:12 INFO BlockManagerMasterEndpoint: Using org.apache.spark.storage.DefaultTopologyMapper for getting topology information
[2025-03-31T09:01:12.495+0000] {spark_submit.py:645} INFO - 25/03/31 09:01:12 INFO BlockManagerMasterEndpoint: BlockManagerMasterEndpoint up
[2025-03-31T09:01:12.500+0000] {spark_submit.py:645} INFO - 25/03/31 09:01:12 INFO SparkEnv: Registering BlockManagerMasterHeartbeat
[2025-03-31T09:01:12.517+0000] {spark_submit.py:645} INFO - 25/03/31 09:01:12 INFO DiskBlockManager: Created local directory at /tmp/blockmgr-3885be2d-bcca-4d8a-bd6f-944f020df9a6
[2025-03-31T09:01:12.530+0000] {spark_submit.py:645} INFO - 25/03/31 09:01:12 INFO MemoryStore: MemoryStore started with capacity 434.4 MiB
[2025-03-31T09:01:12.547+0000] {spark_submit.py:645} INFO - 25/03/31 09:01:12 INFO SparkEnv: Registering OutputCommitCoordinator
[2025-03-31T09:01:12.681+0000] {spark_submit.py:645} INFO - 25/03/31 09:01:12 INFO JettyUtils: Start Jetty 0.0.0.0:4040 for SparkUI
[2025-03-31T09:01:12.749+0000] {spark_submit.py:645} INFO - 25/03/31 09:01:12 INFO Utils: Successfully started service 'SparkUI' on port 4040.
[2025-03-31T09:01:12.891+0000] {spark_submit.py:645} INFO - 25/03/31 09:01:12 INFO StandaloneAppClient$ClientEndpoint: Connecting to master spark://spark-master:7077...
[2025-03-31T09:01:12.938+0000] {spark_submit.py:645} INFO - 25/03/31 09:01:12 INFO TransportClientFactory: Successfully created connection to spark-master/172.18.0.3:7077 after 28 ms (0 ms spent in bootstraps)
[2025-03-31T09:01:13.091+0000] {spark_submit.py:645} INFO - 25/03/31 09:01:13 INFO StandaloneSchedulerBackend: Connected to Spark cluster with app ID app-20250331090113-0000
[2025-03-31T09:01:13.102+0000] {spark_submit.py:645} INFO - 25/03/31 09:01:13 INFO Utils: Successfully started service 'org.apache.spark.network.netty.NettyBlockTransferService' on port 39341.
[2025-03-31T09:01:13.104+0000] {spark_submit.py:645} INFO - 25/03/31 09:01:13 INFO NettyBlockTransferService: Server created on 1f5073dcf149:39341
[2025-03-31T09:01:13.106+0000] {spark_submit.py:645} INFO - 25/03/31 09:01:13 INFO BlockManager: Using org.apache.spark.storage.RandomBlockReplicationPolicy for block replication policy
[2025-03-31T09:01:13.113+0000] {spark_submit.py:645} INFO - 25/03/31 09:01:13 INFO BlockManagerMaster: Registering BlockManager BlockManagerId(driver, 1f5073dcf149, 39341, None)
[2025-03-31T09:01:13.116+0000] {spark_submit.py:645} INFO - 25/03/31 09:01:13 INFO BlockManagerMasterEndpoint: Registering block manager 1f5073dcf149:39341 with 434.4 MiB RAM, BlockManagerId(driver, 1f5073dcf149, 39341, None)
[2025-03-31T09:01:13.119+0000] {spark_submit.py:645} INFO - 25/03/31 09:01:13 INFO BlockManagerMaster: Registered BlockManager BlockManagerId(driver, 1f5073dcf149, 39341, None)
[2025-03-31T09:01:13.121+0000] {spark_submit.py:645} INFO - 25/03/31 09:01:13 INFO BlockManager: Initialized BlockManager: BlockManagerId(driver, 1f5073dcf149, 39341, None)
[2025-03-31T09:01:13.131+0000] {spark_submit.py:645} INFO - 25/03/31 09:01:13 INFO StandaloneAppClient$ClientEndpoint: Executor added: app-20250331090113-0000/0 on worker-20250331084642-172.18.0.4-43743 (172.18.0.4:43743) with 2 core(s)
[2025-03-31T09:01:13.134+0000] {spark_submit.py:645} INFO - 25/03/31 09:01:13 INFO StandaloneSchedulerBackend: Granted executor ID app-20250331090113-0000/0 on hostPort 172.18.0.4:43743 with 2 core(s), 1024.0 MiB RAM
[2025-03-31T09:01:13.315+0000] {spark_submit.py:645} INFO - 25/03/31 09:01:13 INFO StandaloneAppClient$ClientEndpoint: Executor updated: app-20250331090113-0000/0 is now RUNNING
[2025-03-31T09:01:13.365+0000] {spark_submit.py:645} INFO - 25/03/31 09:01:13 INFO StandaloneSchedulerBackend: SchedulerBackend is ready for scheduling beginning after reached minRegisteredResourcesRatio: 0.0
[2025-03-31T09:01:13.630+0000] {spark_submit.py:645} INFO - 25/03/31 09:01:13 INFO SharedState: Setting hive.metastore.warehouse.dir ('null') to the value of spark.sql.warehouse.dir.
[2025-03-31T09:01:13.639+0000] {spark_submit.py:645} INFO - 25/03/31 09:01:13 INFO SharedState: Warehouse path is 'file:/opt/***/spark-warehouse'.
[2025-03-31T09:01:14.701+0000] {spark_submit.py:645} INFO - 25/03/31 09:01:14 WARN FileStreamSink: Assume no metadata directory. Error while looking for metadata directory in the path: s3a://usd-php-ml-pipeline-bucket/raw/usd_php_forex_4hour.csv.
[2025-03-31T09:01:14.702+0000] {spark_submit.py:645} INFO - java.lang.RuntimeException: java.lang.ClassNotFoundException: Class org.apache.hadoop.fs.s3a.S3AFileSystem not found
[2025-03-31T09:01:14.703+0000] {spark_submit.py:645} INFO - at org.apache.hadoop.conf.Configuration.getClass(Configuration.java:2688)
[2025-03-31T09:01:14.704+0000] {spark_submit.py:645} INFO - at org.apache.hadoop.fs.FileSystem.getFileSystemClass(FileSystem.java:3431)
[2025-03-31T09:01:14.705+0000] {spark_submit.py:645} INFO - at org.apache.hadoop.fs.FileSystem.createFileSystem(FileSystem.java:3466)
[2025-03-31T09:01:14.706+0000] {spark_submit.py:645} INFO - at org.apache.hadoop.fs.FileSystem.access$300(FileSystem.java:174)
[2025-03-31T09:01:14.706+0000] {spark_submit.py:645} INFO - at org.apache.hadoop.fs.FileSystem$Cache.getInternal(FileSystem.java:3574)
[2025-03-31T09:01:14.707+0000] {spark_submit.py:645} INFO - at org.apache.hadoop.fs.FileSystem$Cache.get(FileSystem.java:3521)
[2025-03-31T09:01:14.708+0000] {spark_submit.py:645} INFO - at org.apache.hadoop.fs.FileSystem.get(FileSystem.java:540)
[2025-03-31T09:01:14.708+0000] {spark_submit.py:645} INFO - at org.apache.hadoop.fs.Path.getFileSystem(Path.java:365)
[2025-03-31T09:01:14.709+0000] {spark_submit.py:645} INFO - at org.apache.spark.sql.execution.streaming.FileStreamSink$.hasMetadata(FileStreamSink.scala:53)
[2025-03-31T09:01:14.710+0000] {spark_submit.py:645} INFO - at org.apache.spark.sql.execution.datasources.DataSource.resolveRelation(DataSource.scala:366)
[2025-03-31T09:01:14.711+0000] {spark_submit.py:645} INFO - at org.apache.spark.sql.DataFrameReader.loadV1Source(DataFrameReader.scala:229)
[2025-03-31T09:01:14.712+0000] {spark_submit.py:645} INFO - at org.apache.spark.sql.DataFrameReader.$anonfun$load$2(DataFrameReader.scala:211)
[2025-03-31T09:01:14.713+0000] {spark_submit.py:645} INFO - at scala.Option.getOrElse(Option.scala:189)
[2025-03-31T09:01:14.713+0000] {spark_submit.py:645} INFO - at org.apache.spark.sql.DataFrameReader.load(DataFrameReader.scala:211)
[2025-03-31T09:01:14.714+0000] {spark_submit.py:645} INFO - at org.apache.spark.sql.DataFrameReader.csv(DataFrameReader.scala:538)
[2025-03-31T09:01:14.714+0000] {spark_submit.py:645} INFO - at java.base/jdk.internal.reflect.NativeMethodAccessorImpl.invoke0(Native Method)
[2025-03-31T09:01:14.716+0000] {spark_submit.py:645} INFO - at java.base/jdk.internal.reflect.NativeMethodAccessorImpl.invoke(NativeMethodAccessorImpl.java:77)
[2025-03-31T09:01:14.717+0000] {spark_submit.py:645} INFO - at java.base/jdk.internal.reflect.DelegatingMethodAccessorImpl.invoke(DelegatingMethodAccessorImpl.java:43)
[2025-03-31T09:01:14.718+0000] {spark_submit.py:645} INFO - at java.base/java.lang.reflect.Method.invoke(Method.java:569)
[2025-03-31T09:01:14.719+0000] {spark_submit.py:645} INFO - at py4j.reflection.MethodInvoker.invoke(MethodInvoker.java:244)
[2025-03-31T09:01:14.720+0000] {spark_submit.py:645} INFO - at py4j.reflection.ReflectionEngine.invoke(ReflectionEngine.java:374)
[2025-03-31T09:01:14.721+0000] {spark_submit.py:645} INFO - at py4j.Gateway.invoke(Gateway.java:282)
[2025-03-31T09:01:14.721+0000] {spark_submit.py:645} INFO - at py4j.commands.AbstractCommand.invokeMethod(AbstractCommand.java:132)
[2025-03-31T09:01:14.722+0000] {spark_submit.py:645} INFO - at py4j.commands.CallCommand.execute(CallCommand.java:79)
[2025-03-31T09:01:14.723+0000] {spark_submit.py:645} INFO - at py4j.ClientServerConnection.waitForCommands(ClientServerConnection.java:182)
[2025-03-31T09:01:14.724+0000] {spark_submit.py:645} INFO - at py4j.ClientServerConnection.run(ClientServerConnection.java:106)
[2025-03-31T09:01:14.724+0000] {spark_submit.py:645} INFO - at java.base/java.lang.Thread.run(Thread.java:840)
[2025-03-31T09:01:14.726+0000] {spark_submit.py:645} INFO - Caused by: java.lang.ClassNotFoundException: Class org.apache.hadoop.fs.s3a.S3AFileSystem not found
[2025-03-31T09:01:14.727+0000] {spark_submit.py:645} INFO - at org.apache.hadoop.conf.Configuration.getClassByName(Configuration.java:2592)
[2025-03-31T09:01:14.727+0000] {spark_submit.py:645} INFO - at org.apache.hadoop.conf.Configuration.getClass(Configuration.java:2686)
[2025-03-31T09:01:14.728+0000] {spark_submit.py:645} INFO - ... 26 more
[2025-03-31T09:01:14.804+0000] {spark_submit.py:645} INFO - Error An error occurred while calling o36.csv.
[2025-03-31T09:01:14.805+0000] {spark_submit.py:645} INFO - : java.lang.RuntimeException: java.lang.ClassNotFoundException: Class org.apache.hadoop.fs.s3a.S3AFileSystem not found
[2025-03-31T09:01:14.806+0000] {spark_submit.py:645} INFO - at org.apache.hadoop.conf.Configuration.getClass(Configuration.java:2688)
[2025-03-31T09:01:14.807+0000] {spark_submit.py:645} INFO - at org.apache.hadoop.fs.FileSystem.getFileSystemClass(FileSystem.java:3431)
[2025-03-31T09:01:14.808+0000] {spark_submit.py:645} INFO - at org.apache.hadoop.fs.FileSystem.createFileSystem(FileSystem.java:3466)
[2025-03-31T09:01:14.809+0000] {spark_submit.py:645} INFO - at org.apache.hadoop.fs.FileSystem.access$300(FileSystem.java:174)
[2025-03-31T09:01:14.810+0000] {spark_submit.py:645} INFO - at org.apache.hadoop.fs.FileSystem$Cache.getInternal(FileSystem.java:3574)
[2025-03-31T09:01:14.811+0000] {spark_submit.py:645} INFO - at org.apache.hadoop.fs.FileSystem$Cache.get(FileSystem.java:3521)
[2025-03-31T09:01:14.812+0000] {spark_submit.py:645} INFO - at org.apache.hadoop.fs.FileSystem.get(FileSystem.java:540)
[2025-03-31T09:01:14.812+0000] {spark_submit.py:645} INFO - at org.apache.hadoop.fs.Path.getFileSystem(Path.java:365)
[2025-03-31T09:01:14.813+0000] {spark_submit.py:645} INFO - at org.apache.spark.sql.execution.datasources.DataSource$.$anonfun$checkAndGlobPathIfNecessary$1(DataSource.scala:724)
[2025-03-31T09:01:14.814+0000] {spark_submit.py:645} INFO - at scala.collection.immutable.List.map(List.scala:293)
[2025-03-31T09:01:14.814+0000] {spark_submit.py:645} INFO - at org.apache.spark.sql.execution.datasources.DataSource$.checkAndGlobPathIfNecessary(DataSource.scala:722)
[2025-03-31T09:01:14.815+0000] {spark_submit.py:645} INFO - at org.apache.spark.sql.execution.datasources.DataSource.checkAndGlobPathIfNecessary(DataSource.scala:551)
[2025-03-31T09:01:14.816+0000] {spark_submit.py:645} INFO - at org.apache.spark.sql.execution.datasources.DataSource.resolveRelation(DataSource.scala:404)
[2025-03-31T09:01:14.817+0000] {spark_submit.py:645} INFO - at org.apache.spark.sql.DataFrameReader.loadV1Source(DataFrameReader.scala:229)
[2025-03-31T09:01:14.818+0000] {spark_submit.py:645} INFO - at org.apache.spark.sql.DataFrameReader.$anonfun$load$2(DataFrameReader.scala:211)
[2025-03-31T09:01:14.818+0000] {spark_submit.py:645} INFO - at scala.Option.getOrElse(Option.scala:189)
[2025-03-31T09:01:14.819+0000] {spark_submit.py:645} INFO - at org.apache.spark.sql.DataFrameReader.load(DataFrameReader.scala:211)
[2025-03-31T09:01:14.820+0000] {spark_submit.py:645} INFO - at org.apache.spark.sql.DataFrameReader.csv(DataFrameReader.scala:538)
[2025-03-31T09:01:14.821+0000] {spark_submit.py:645} INFO - at java.base/jdk.internal.reflect.NativeMethodAccessorImpl.invoke0(Native Method)
[2025-03-31T09:01:14.821+0000] {spark_submit.py:645} INFO - at java.base/jdk.internal.reflect.NativeMethodAccessorImpl.invoke(NativeMethodAccessorImpl.java:77)
[2025-03-31T09:01:14.822+0000] {spark_submit.py:645} INFO - at java.base/jdk.internal.reflect.DelegatingMethodAccessorImpl.invoke(DelegatingMethodAccessorImpl.java:43)
[2025-03-31T09:01:14.823+0000] {spark_submit.py:645} INFO - at java.base/java.lang.reflect.Method.invoke(Method.java:569)
[2025-03-31T09:01:14.824+0000] {spark_submit.py:645} INFO - at py4j.reflection.MethodInvoker.invoke(MethodInvoker.java:244)
[2025-03-31T09:01:14.825+0000] {spark_submit.py:645} INFO - at py4j.reflection.ReflectionEngine.invoke(ReflectionEngine.java:374)
[2025-03-31T09:01:14.826+0000] {spark_submit.py:645} INFO - at py4j.Gateway.invoke(Gateway.java:282)
[2025-03-31T09:01:14.826+0000] {spark_submit.py:645} INFO - at py4j.commands.AbstractCommand.invokeMethod(AbstractCommand.java:132)
[2025-03-31T09:01:14.827+0000] {spark_submit.py:645} INFO - at py4j.commands.CallCommand.execute(CallCommand.java:79)
[2025-03-31T09:01:14.827+0000] {spark_submit.py:645} INFO - at py4j.ClientServerConnection.waitForCommands(ClientServerConnection.java:182)
[2025-03-31T09:01:14.828+0000] {spark_submit.py:645} INFO - at py4j.ClientServerConnection.run(ClientServerConnection.java:106)
[2025-03-31T09:01:14.829+0000] {spark_submit.py:645} INFO - at java.base/java.lang.Thread.run(Thread.java:840)
[2025-03-31T09:01:14.829+0000] {spark_submit.py:645} INFO - Caused by: java.lang.ClassNotFoundException: Class org.apache.hadoop.fs.s3a.S3AFileSystem not found
[2025-03-31T09:01:14.830+0000] {spark_submit.py:645} INFO - at org.apache.hadoop.conf.Configuration.getClassByName(Configuration.java:2592)
[2025-03-31T09:01:14.830+0000] {spark_submit.py:645} INFO - at org.apache.hadoop.conf.Configuration.getClass(Configuration.java:2686)
[2025-03-31T09:01:14.831+0000] {spark_submit.py:645} INFO - ... 29 more
[2025-03-31T09:01:14.832+0000] {spark_submit.py:645} INFO - has occured.
[2025-03-31T09:01:14.834+0000] {spark_submit.py:645} INFO - [2025-03-31T09:01:14.805+0000] {clientserver.py:543} INFO - Closing down clientserver connection
[2025-03-31T09:01:15.104+0000] {spark_submit.py:645} INFO - 25/03/31 09:01:15 INFO SparkContext: Invoking stop() from shutdown hook
[2025-03-31T09:01:15.105+0000] {spark_submit.py:645} INFO - 25/03/31 09:01:15 INFO SparkContext: SparkContext is stopping with exitCode 0.
[2025-03-31T09:01:15.117+0000] {spark_submit.py:645} INFO - 25/03/31 09:01:15 INFO SparkUI: Stopped Spark web UI at http://1f5073dcf149:4040
[2025-03-31T09:01:15.122+0000] {spark_submit.py:645} INFO - 25/03/31 09:01:15 INFO StandaloneSchedulerBackend: Shutting down all executors
[2025-03-31T09:01:15.126+0000] {spark_submit.py:645} INFO - 25/03/31 09:01:15 INFO StandaloneSchedulerBackend$StandaloneDriverEndpoint: Asking each executor to shut down
[2025-03-31T09:01:15.141+0000] {spark_submit.py:645} INFO - 25/03/31 09:01:15 INFO MapOutputTrackerMasterEndpoint: MapOutputTrackerMasterEndpoint stopped!
[2025-03-31T09:01:15.164+0000] {spark_submit.py:645} INFO - 25/03/31 09:01:15 INFO MemoryStore: MemoryStore cleared
[2025-03-31T09:01:15.165+0000] {spark_submit.py:645} INFO - 25/03/31 09:01:15 INFO BlockManager: BlockManager stopped
[2025-03-31T09:01:15.174+0000] {spark_submit.py:645} INFO - 25/03/31 09:01:15 INFO BlockManagerMaster: BlockManagerMaster stopped
[2025-03-31T09:01:15.177+0000] {spark_submit.py:645} INFO - 25/03/31 09:01:15 INFO OutputCommitCoordinator$OutputCommitCoordinatorEndpoint: OutputCommitCoordinator stopped!
[2025-03-31T09:01:15.192+0000] {spark_submit.py:645} INFO - 25/03/31 09:01:15 INFO SparkContext: Successfully stopped SparkContext
[2025-03-31T09:01:15.192+0000] {spark_submit.py:645} INFO - 25/03/31 09:01:15 INFO ShutdownHookManager: Shutdown hook called
[2025-03-31T09:01:15.193+0000] {spark_submit.py:645} INFO - 25/03/31 09:01:15 INFO ShutdownHookManager: Deleting directory /tmp/spark-27bd464c-b272-4f18-b6ae-13c096d2f841
[2025-03-31T09:01:15.198+0000] {spark_submit.py:645} INFO - 25/03/31 09:01:15 INFO ShutdownHookManager: Deleting directory /tmp/spark-cbcec685-89d4-4a18-bf9e-dd9fd929c294
[2025-03-31T09:01:15.204+0000] {spark_submit.py:645} INFO - 25/03/31 09:01:15 INFO ShutdownHookManager: Deleting directory /tmp/spark-27bd464c-b272-4f18-b6ae-13c096d2f841/pyspark-70560c7c-46c1-4189-9421-e28822772464
[2025-03-31T09:01:15.260+0000] {taskinstance.py:341} INFO - ::group::Post task execution logs
[2025-03-31T09:01:15.261+0000] {taskinstance.py:353} INFO - Marking task as SUCCESS. dag_id=forex_ml_pipeline, task_id=transform_forex_data, run_id=manual__2025-03-31T08:39:16.898472+00:00, execution_date=20250331T083916, start_date=20250331T090106, end_date=20250331T090115
[2025-03-31T09:01:15.317+0000] {local_task_job_runner.py:266} INFO - Task exited with return code 0
[2025-03-31T09:01:15.335+0000] {taskinstance.py:3901} INFO - 0 downstream tasks scheduled from follow-on schedule check
[2025-03-31T09:01:15.346+0000] {local_task_job_runner.py:245} INFO - ::endgroup::
