[2025-03-03T04:01:52.833+0000] {local_task_job_runner.py:123} INFO - ::group::Pre task execution logs
[2025-03-03T04:01:52.147+0000] {taskinstance.py:2614} INFO - Dependencies all met for dep_context=non-requeueable deps ti=<TaskInstance: forex_ml_pipeline.transform_forex_data scheduled__2025-02-23T12:00:00+00:00 [queued]>
[2025-03-03T04:01:52.157+0000] {taskinstance.py:2614} INFO - Dependencies all met for dep_context=requeueable deps ti=<TaskInstance: forex_ml_pipeline.transform_forex_data scheduled__2025-02-23T12:00:00+00:00 [queued]>
[2025-03-03T04:01:52.157+0000] {taskinstance.py:2867} INFO - Starting attempt 4 of 4
[2025-03-03T04:01:52.170+0000] {taskinstance.py:2890} INFO - Executing <Task(SparkSubmitOperator): transform_forex_data> on 2025-02-23 12:00:00+00:00
[2025-03-03T04:01:52.179+0000] {standard_task_runner.py:104} INFO - Running: ['***', 'tasks', 'run', 'forex_ml_pipeline', 'transform_forex_data', 'scheduled__2025-02-23T12:00:00+00:00', '--job-id', '12', '--raw', '--subdir', 'DAGS_FOLDER/forex_ml_pipeline.py', '--cfg-path', '/tmp/tmp8ststf_i']
[2025-03-03T04:01:52.181+0000] {logging_mixin.py:190} WARNING - /home/***/.local/lib/python3.12/site-packages/***/task/task_runner/standard_task_runner.py:70 DeprecationWarning: This process (pid=1553) is multi-threaded, use of fork() may lead to deadlocks in the child.
[2025-03-03T04:01:52.182+0000] {standard_task_runner.py:105} INFO - Job 12: Subtask transform_forex_data
[2025-03-03T04:01:52.182+0000] {standard_task_runner.py:72} INFO - Started process 1559 to run task
[2025-03-03T04:01:52.226+0000] {task_command.py:467} INFO - Running <TaskInstance: forex_ml_pipeline.transform_forex_data scheduled__2025-02-23T12:00:00+00:00 [running]> on host ec8f43f16e92
[2025-03-03T04:01:52.301+0000] {taskinstance.py:3134} INFO - Exporting env vars: AIRFLOW_CTX_DAG_OWNER='mikhail' AIRFLOW_CTX_DAG_ID='forex_ml_pipeline' AIRFLOW_CTX_TASK_ID='transform_forex_data' AIRFLOW_CTX_EXECUTION_DATE='2025-02-23T12:00:00+00:00' AIRFLOW_CTX_TRY_NUMBER='4' AIRFLOW_CTX_DAG_RUN_ID='scheduled__2025-02-23T12:00:00+00:00'
[2025-03-03T04:01:52.303+0000] {taskinstance.py:732} INFO - ::endgroup::
[2025-03-03T04:01:52.319+0000] {base.py:84} INFO - Retrieving connection 'my_spark_conn'
[2025-03-03T04:01:52.320+0000] {spark_submit.py:474} INFO - Spark-Submit cmd: spark-submit --master spark://spark-master:7077 --name arrow-spark --verbose ./dags/operators/transform_forex_data.py /usr/local/***/include/data/usd_php_forex_4hour.csv
[2025-03-03T04:01:53.441+0000] {spark_submit.py:641} INFO - Using properties file: null
[2025-03-03T04:01:53.528+0000] {spark_submit.py:641} INFO - Parsed arguments:
[2025-03-03T04:01:53.529+0000] {spark_submit.py:641} INFO - master                  spark://spark-master:7077
[2025-03-03T04:01:53.530+0000] {spark_submit.py:641} INFO - remote                  null
[2025-03-03T04:01:53.530+0000] {spark_submit.py:641} INFO - deployMode              null
[2025-03-03T04:01:53.531+0000] {spark_submit.py:641} INFO - executorMemory          null
[2025-03-03T04:01:53.532+0000] {spark_submit.py:641} INFO - executorCores           null
[2025-03-03T04:01:53.533+0000] {spark_submit.py:641} INFO - totalExecutorCores      null
[2025-03-03T04:01:53.533+0000] {spark_submit.py:641} INFO - propertiesFile          null
[2025-03-03T04:01:53.534+0000] {spark_submit.py:641} INFO - driverMemory            null
[2025-03-03T04:01:53.534+0000] {spark_submit.py:641} INFO - driverCores             null
[2025-03-03T04:01:53.535+0000] {spark_submit.py:641} INFO - driverExtraClassPath    null
[2025-03-03T04:01:53.536+0000] {spark_submit.py:641} INFO - driverExtraLibraryPath  null
[2025-03-03T04:01:53.536+0000] {spark_submit.py:641} INFO - driverExtraJavaOptions  null
[2025-03-03T04:01:53.537+0000] {spark_submit.py:641} INFO - supervise               false
[2025-03-03T04:01:53.538+0000] {spark_submit.py:641} INFO - queue                   null
[2025-03-03T04:01:53.538+0000] {spark_submit.py:641} INFO - numExecutors            null
[2025-03-03T04:01:53.539+0000] {spark_submit.py:641} INFO - files                   null
[2025-03-03T04:01:53.539+0000] {spark_submit.py:641} INFO - pyFiles                 null
[2025-03-03T04:01:53.540+0000] {spark_submit.py:641} INFO - archives                null
[2025-03-03T04:01:53.541+0000] {spark_submit.py:641} INFO - mainClass               null
[2025-03-03T04:01:53.541+0000] {spark_submit.py:641} INFO - primaryResource         file:/opt/***/dags/operators/transform_forex_data.py
[2025-03-03T04:01:53.542+0000] {spark_submit.py:641} INFO - name                    arrow-spark
[2025-03-03T04:01:53.543+0000] {spark_submit.py:641} INFO - childArgs               [/usr/local/***/include/data/usd_php_forex_4hour.csv]
[2025-03-03T04:01:53.543+0000] {spark_submit.py:641} INFO - jars                    null
[2025-03-03T04:01:53.544+0000] {spark_submit.py:641} INFO - packages                null
[2025-03-03T04:01:53.545+0000] {spark_submit.py:641} INFO - packagesExclusions      null
[2025-03-03T04:01:53.545+0000] {spark_submit.py:641} INFO - repositories            null
[2025-03-03T04:01:53.546+0000] {spark_submit.py:641} INFO - verbose                 true
[2025-03-03T04:01:53.546+0000] {spark_submit.py:641} INFO - 
[2025-03-03T04:01:53.547+0000] {spark_submit.py:641} INFO - Spark properties used, including those specified through
[2025-03-03T04:01:53.547+0000] {spark_submit.py:641} INFO - --conf and those from the properties file null:
[2025-03-03T04:01:53.548+0000] {spark_submit.py:641} INFO - 
[2025-03-03T04:01:53.548+0000] {spark_submit.py:641} INFO - 
[2025-03-03T04:01:53.549+0000] {spark_submit.py:641} INFO - 
[2025-03-03T04:01:53.736+0000] {spark_submit.py:641} INFO - Main class:
[2025-03-03T04:01:53.736+0000] {spark_submit.py:641} INFO - org.apache.spark.deploy.PythonRunner
[2025-03-03T04:01:53.737+0000] {spark_submit.py:641} INFO - Arguments:
[2025-03-03T04:01:53.738+0000] {spark_submit.py:641} INFO - file:/opt/***/dags/operators/transform_forex_data.py
[2025-03-03T04:01:53.738+0000] {spark_submit.py:641} INFO - null
[2025-03-03T04:01:53.739+0000] {spark_submit.py:641} INFO - /usr/local/***/include/data/usd_php_forex_4hour.csv
[2025-03-03T04:01:53.739+0000] {spark_submit.py:641} INFO - Spark config:
[2025-03-03T04:01:53.740+0000] {spark_submit.py:641} INFO - (spark.app.name,arrow-spark)
[2025-03-03T04:01:53.740+0000] {spark_submit.py:641} INFO - (spark.app.submitTime,1740974513722)
[2025-03-03T04:01:53.741+0000] {spark_submit.py:641} INFO - (spark.master,spark://spark-master:7077)
[2025-03-03T04:01:53.742+0000] {spark_submit.py:641} INFO - (spark.submit.deployMode,client)
[2025-03-03T04:01:53.742+0000] {spark_submit.py:641} INFO - (spark.submit.pyFiles,)
[2025-03-03T04:01:53.743+0000] {spark_submit.py:641} INFO - Classpath elements:
[2025-03-03T04:01:53.743+0000] {spark_submit.py:641} INFO - 
[2025-03-03T04:01:53.744+0000] {spark_submit.py:641} INFO - 
[2025-03-03T04:01:53.745+0000] {spark_submit.py:641} INFO - 
[2025-03-03T04:01:54.932+0000] {spark_submit.py:641} INFO - ['/opt/***/dags/operators/transform_forex_data.py', '/usr/local/***/include/data/usd_php_forex_4hour.csv']
[2025-03-03T04:01:54.932+0000] {spark_submit.py:641} INFO - CSV FILE PATH: /usr/local/***/include/data/usd_php_forex_4hour.csv
[2025-03-03T04:01:55.006+0000] {spark_submit.py:641} INFO - 25/03/03 04:01:55 INFO SparkContext: Running Spark version 3.5.5
[2025-03-03T04:01:55.008+0000] {spark_submit.py:641} INFO - 25/03/03 04:01:55 INFO SparkContext: OS info Linux, 5.15.167.4-microsoft-standard-WSL2, amd64
[2025-03-03T04:01:55.009+0000] {spark_submit.py:641} INFO - 25/03/03 04:01:55 INFO SparkContext: Java version 17.0.14
[2025-03-03T04:01:55.064+0000] {spark_submit.py:641} INFO - 25/03/03 04:01:55 WARN NativeCodeLoader: Unable to load native-hadoop library for your platform... using builtin-java classes where applicable
[2025-03-03T04:01:55.144+0000] {spark_submit.py:641} INFO - 25/03/03 04:01:55 INFO ResourceUtils: ==============================================================
[2025-03-03T04:01:55.145+0000] {spark_submit.py:641} INFO - 25/03/03 04:01:55 INFO ResourceUtils: No custom resources configured for spark.driver.
[2025-03-03T04:01:55.145+0000] {spark_submit.py:641} INFO - 25/03/03 04:01:55 INFO ResourceUtils: ==============================================================
[2025-03-03T04:01:55.146+0000] {spark_submit.py:641} INFO - 25/03/03 04:01:55 INFO SparkContext: Submitted application: feature-engineering
[2025-03-03T04:01:55.163+0000] {spark_submit.py:641} INFO - 25/03/03 04:01:55 INFO ResourceProfile: Default ResourceProfile created, executor resources: Map(memory -> name: memory, amount: 1024, script: , vendor: , offHeap -> name: offHeap, amount: 0, script: , vendor: ), task resources: Map(cpus -> name: cpus, amount: 1.0)
[2025-03-03T04:01:55.172+0000] {spark_submit.py:641} INFO - 25/03/03 04:01:55 INFO ResourceProfile: Limiting resource is cpu
[2025-03-03T04:01:55.173+0000] {spark_submit.py:641} INFO - 25/03/03 04:01:55 INFO ResourceProfileManager: Added ResourceProfile id: 0
[2025-03-03T04:01:55.232+0000] {spark_submit.py:641} INFO - 25/03/03 04:01:55 INFO SecurityManager: Changing view acls to: ***
[2025-03-03T04:01:55.232+0000] {spark_submit.py:641} INFO - 25/03/03 04:01:55 INFO SecurityManager: Changing modify acls to: ***
[2025-03-03T04:01:55.233+0000] {spark_submit.py:641} INFO - 25/03/03 04:01:55 INFO SecurityManager: Changing view acls groups to:
[2025-03-03T04:01:55.234+0000] {spark_submit.py:641} INFO - 25/03/03 04:01:55 INFO SecurityManager: Changing modify acls groups to:
[2025-03-03T04:01:55.235+0000] {spark_submit.py:641} INFO - 25/03/03 04:01:55 INFO SecurityManager: SecurityManager: authentication disabled; ui acls disabled; users with view permissions: ***; groups with view permissions: EMPTY; users with modify permissions: ***; groups with modify permissions: EMPTY
[2025-03-03T04:01:55.424+0000] {spark_submit.py:641} INFO - 25/03/03 04:01:55 INFO Utils: Successfully started service 'sparkDriver' on port 39281.
[2025-03-03T04:01:55.454+0000] {spark_submit.py:641} INFO - 25/03/03 04:01:55 INFO SparkEnv: Registering MapOutputTracker
[2025-03-03T04:01:55.481+0000] {spark_submit.py:641} INFO - 25/03/03 04:01:55 INFO SparkEnv: Registering BlockManagerMaster
[2025-03-03T04:01:55.495+0000] {spark_submit.py:641} INFO - 25/03/03 04:01:55 INFO BlockManagerMasterEndpoint: Using org.apache.spark.storage.DefaultTopologyMapper for getting topology information
[2025-03-03T04:01:55.496+0000] {spark_submit.py:641} INFO - 25/03/03 04:01:55 INFO BlockManagerMasterEndpoint: BlockManagerMasterEndpoint up
[2025-03-03T04:01:55.501+0000] {spark_submit.py:641} INFO - 25/03/03 04:01:55 INFO SparkEnv: Registering BlockManagerMasterHeartbeat
[2025-03-03T04:01:55.518+0000] {spark_submit.py:641} INFO - 25/03/03 04:01:55 INFO DiskBlockManager: Created local directory at /tmp/blockmgr-725fe118-af78-4c8e-b120-05e96ca67f29
[2025-03-03T04:01:55.530+0000] {spark_submit.py:641} INFO - 25/03/03 04:01:55 INFO MemoryStore: MemoryStore started with capacity 434.4 MiB
[2025-03-03T04:01:55.542+0000] {spark_submit.py:641} INFO - 25/03/03 04:01:55 INFO SparkEnv: Registering OutputCommitCoordinator
[2025-03-03T04:01:55.632+0000] {spark_submit.py:641} INFO - 25/03/03 04:01:55 INFO JettyUtils: Start Jetty 0.0.0.0:4040 for SparkUI
[2025-03-03T04:01:55.684+0000] {spark_submit.py:641} INFO - 25/03/03 04:01:55 WARN Utils: Service 'SparkUI' could not bind on port 4040. Attempting port 4041.
[2025-03-03T04:01:55.694+0000] {spark_submit.py:641} INFO - 25/03/03 04:01:55 INFO Utils: Successfully started service 'SparkUI' on port 4041.
[2025-03-03T04:01:55.809+0000] {spark_submit.py:641} INFO - 25/03/03 04:01:55 INFO StandaloneAppClient$ClientEndpoint: Connecting to master spark://spark-master:7077...
[2025-03-03T04:01:55.852+0000] {spark_submit.py:641} INFO - 25/03/03 04:01:55 INFO TransportClientFactory: Successfully created connection to spark-master/172.19.0.3:7077 after 24 ms (0 ms spent in bootstraps)
[2025-03-03T04:01:55.951+0000] {spark_submit.py:641} INFO - 25/03/03 04:01:55 INFO StandaloneSchedulerBackend: Connected to Spark cluster with app ID app-20250303040155-0007
[2025-03-03T04:01:55.958+0000] {spark_submit.py:641} INFO - 25/03/03 04:01:55 INFO Utils: Successfully started service 'org.apache.spark.network.netty.NettyBlockTransferService' on port 33911.
[2025-03-03T04:01:55.959+0000] {spark_submit.py:641} INFO - 25/03/03 04:01:55 INFO NettyBlockTransferService: Server created on ec8f43f16e92:33911
[2025-03-03T04:01:55.960+0000] {spark_submit.py:641} INFO - 25/03/03 04:01:55 INFO BlockManager: Using org.apache.spark.storage.RandomBlockReplicationPolicy for block replication policy
[2025-03-03T04:01:55.965+0000] {spark_submit.py:641} INFO - 25/03/03 04:01:55 INFO BlockManagerMaster: Registering BlockManager BlockManagerId(driver, ec8f43f16e92, 33911, None)
[2025-03-03T04:01:55.969+0000] {spark_submit.py:641} INFO - 25/03/03 04:01:55 INFO BlockManagerMasterEndpoint: Registering block manager ec8f43f16e92:33911 with 434.4 MiB RAM, BlockManagerId(driver, ec8f43f16e92, 33911, None)
[2025-03-03T04:01:55.973+0000] {spark_submit.py:641} INFO - 25/03/03 04:01:55 INFO BlockManagerMaster: Registered BlockManager BlockManagerId(driver, ec8f43f16e92, 33911, None)
[2025-03-03T04:01:55.975+0000] {spark_submit.py:641} INFO - 25/03/03 04:01:55 INFO BlockManager: Initialized BlockManager: BlockManagerId(driver, ec8f43f16e92, 33911, None)
[2025-03-03T04:01:56.169+0000] {spark_submit.py:641} INFO - 25/03/03 04:01:56 INFO StandaloneSchedulerBackend: SchedulerBackend is ready for scheduling beginning after reached minRegisteredResourcesRatio: 0.0
[2025-03-03T04:01:56.406+0000] {spark_submit.py:641} INFO - 25/03/03 04:01:56 INFO SharedState: Setting hive.metastore.warehouse.dir ('null') to the value of spark.sql.warehouse.dir.
[2025-03-03T04:01:56.416+0000] {spark_submit.py:641} INFO - 25/03/03 04:01:56 INFO SharedState: Warehouse path is 'file:/opt/***/spark-warehouse'.
[2025-03-03T04:01:57.461+0000] {spark_submit.py:641} INFO - Traceback (most recent call last):
[2025-03-03T04:01:57.461+0000] {spark_submit.py:641} INFO - File "/opt/***/dags/operators/transform_forex_data.py", line 71, in <module>
[2025-03-03T04:01:57.467+0000] {spark_submit.py:641} INFO - transform_forex_data(file_path=file_path)
[2025-03-03T04:01:57.468+0000] {spark_submit.py:641} INFO - File "/opt/***/dags/operators/transform_forex_data.py", line 10, in transform_forex_data
[2025-03-03T04:01:57.472+0000] {spark_submit.py:641} INFO - usd_php_forex_4h_spark_df = spark.read.csv(file_path, header=True, inferSchema=True)
[2025-03-03T04:01:57.473+0000] {spark_submit.py:641} INFO - ^^^^^^^^^^^^^^^^^^^^^^^^^^^^^^^^^^^^^^^^^^^^^^^^^^^^^^^^
[2025-03-03T04:01:57.473+0000] {spark_submit.py:641} INFO - File "/home/***/.local/lib/python3.12/site-packages/pyspark/python/lib/pyspark.zip/pyspark/sql/readwriter.py", line 740, in csv
[2025-03-03T04:01:57.474+0000] {spark_submit.py:641} INFO - File "/home/***/.local/lib/python3.12/site-packages/pyspark/python/lib/py4j-0.10.9.7-src.zip/py4j/java_gateway.py", line 1322, in __call__
[2025-03-03T04:01:57.475+0000] {spark_submit.py:641} INFO - File "/home/***/.local/lib/python3.12/site-packages/pyspark/python/lib/pyspark.zip/pyspark/errors/exceptions/captured.py", line 185, in deco
[2025-03-03T04:01:57.489+0000] {spark_submit.py:641} INFO - pyspark.errors.exceptions.captured.AnalysisException: [PATH_NOT_FOUND] Path does not exist: file:/usr/local/***/include/data/usd_php_forex_4hour.csv.
[2025-03-03T04:01:57.563+0000] {spark_submit.py:641} INFO - 25/03/03 04:01:57 INFO SparkContext: Invoking stop() from shutdown hook
[2025-03-03T04:01:57.563+0000] {spark_submit.py:641} INFO - 25/03/03 04:01:57 INFO SparkContext: SparkContext is stopping with exitCode 0.
[2025-03-03T04:01:57.575+0000] {spark_submit.py:641} INFO - 25/03/03 04:01:57 INFO SparkUI: Stopped Spark web UI at http://ec8f43f16e92:4041
[2025-03-03T04:01:57.586+0000] {spark_submit.py:641} INFO - 25/03/03 04:01:57 INFO StandaloneSchedulerBackend: Shutting down all executors
[2025-03-03T04:01:57.589+0000] {spark_submit.py:641} INFO - 25/03/03 04:01:57 INFO StandaloneAppClient$ClientEndpoint: Executor added: app-20250303040155-0007/0 on worker-20250303035026-172.19.0.4-41933 (172.19.0.4:41933) with 2 core(s)
[2025-03-03T04:01:57.591+0000] {spark_submit.py:641} INFO - 25/03/03 04:01:57 INFO StandaloneSchedulerBackend$StandaloneDriverEndpoint: Asking each executor to shut down
[2025-03-03T04:01:57.594+0000] {spark_submit.py:641} INFO - 25/03/03 04:01:57 INFO StandaloneSchedulerBackend: Granted executor ID app-20250303040155-0007/0 on hostPort 172.19.0.4:41933 with 2 core(s), 1024.0 MiB RAM
[2025-03-03T04:01:57.612+0000] {spark_submit.py:641} INFO - 25/03/03 04:01:57 INFO MapOutputTrackerMasterEndpoint: MapOutputTrackerMasterEndpoint stopped!
[2025-03-03T04:01:57.636+0000] {spark_submit.py:641} INFO - 25/03/03 04:01:57 INFO MemoryStore: MemoryStore cleared
[2025-03-03T04:01:57.637+0000] {spark_submit.py:641} INFO - 25/03/03 04:01:57 INFO BlockManager: BlockManager stopped
[2025-03-03T04:01:57.642+0000] {spark_submit.py:641} INFO - 25/03/03 04:01:57 INFO BlockManagerMaster: BlockManagerMaster stopped
[2025-03-03T04:01:57.645+0000] {spark_submit.py:641} INFO - 25/03/03 04:01:57 INFO OutputCommitCoordinator$OutputCommitCoordinatorEndpoint: OutputCommitCoordinator stopped!
[2025-03-03T04:01:57.655+0000] {spark_submit.py:641} INFO - 25/03/03 04:01:57 INFO SparkContext: Successfully stopped SparkContext
[2025-03-03T04:01:57.656+0000] {spark_submit.py:641} INFO - 25/03/03 04:01:57 INFO ShutdownHookManager: Shutdown hook called
[2025-03-03T04:01:57.657+0000] {spark_submit.py:641} INFO - 25/03/03 04:01:57 INFO ShutdownHookManager: Deleting directory /tmp/spark-d6fc25f8-3ba3-4de1-8908-0bbda1fbe93c
[2025-03-03T04:01:57.660+0000] {spark_submit.py:641} INFO - 25/03/03 04:01:57 INFO ShutdownHookManager: Deleting directory /tmp/spark-d6fc25f8-3ba3-4de1-8908-0bbda1fbe93c/pyspark-7ce97de2-e73a-45e3-a9c0-1cb63d1a1eab
[2025-03-03T04:01:57.665+0000] {spark_submit.py:641} INFO - 25/03/03 04:01:57 INFO ShutdownHookManager: Deleting directory /tmp/spark-7b6ca4f3-5161-44ab-8413-4726cf739327
[2025-03-03T04:01:57.709+0000] {taskinstance.py:3313} ERROR - Task failed with exception
Traceback (most recent call last):
  File "/home/airflow/.local/lib/python3.12/site-packages/airflow/models/taskinstance.py", line 768, in _execute_task
    result = _execute_callable(context=context, **execute_callable_kwargs)
             ^^^^^^^^^^^^^^^^^^^^^^^^^^^^^^^^^^^^^^^^^^^^^^^^^^^^^^^^^^^^^
  File "/home/airflow/.local/lib/python3.12/site-packages/airflow/models/taskinstance.py", line 734, in _execute_callable
    return ExecutionCallableRunner(
           ^^^^^^^^^^^^^^^^^^^^^^^^
  File "/home/airflow/.local/lib/python3.12/site-packages/airflow/utils/operator_helpers.py", line 252, in run
    return self.func(*args, **kwargs)
           ^^^^^^^^^^^^^^^^^^^^^^^^^^
  File "/home/airflow/.local/lib/python3.12/site-packages/airflow/models/baseoperator.py", line 424, in wrapper
    return func(self, *args, **kwargs)
           ^^^^^^^^^^^^^^^^^^^^^^^^^^^
  File "/home/airflow/.local/lib/python3.12/site-packages/airflow/providers/apache/spark/operators/spark_submit.py", line 177, in execute
    self._hook.submit(self.application)
  File "/home/airflow/.local/lib/python3.12/site-packages/airflow/providers/apache/spark/hooks/spark_submit.py", line 567, in submit
    raise AirflowException(
airflow.exceptions.AirflowException: Cannot execute: spark-submit --master spark://spark-master:7077 --name arrow-spark --verbose ./dags/operators/transform_forex_data.py /usr/local/***/include/data/usd_php_forex_4hour.csv. Error code is: 1.
[2025-03-03T04:01:57.713+0000] {taskinstance.py:1226} INFO - Marking task as FAILED. dag_id=forex_ml_pipeline, task_id=transform_forex_data, run_id=scheduled__2025-02-23T12:00:00+00:00, execution_date=20250223T120000, start_date=20250303T040152, end_date=20250303T040157
[2025-03-03T04:01:57.737+0000] {taskinstance.py:341} INFO - ::group::Post task execution logs
[2025-03-03T04:01:57.738+0000] {standard_task_runner.py:124} ERROR - Failed to execute job 12 for task transform_forex_data (Cannot execute: spark-submit --master spark://spark-master:7077 --name arrow-spark --verbose ./dags/operators/transform_forex_data.py /usr/local/***/include/data/usd_php_forex_4hour.csv. Error code is: 1.; 1559)
Traceback (most recent call last):
  File "/home/airflow/.local/lib/python3.12/site-packages/airflow/task/task_runner/standard_task_runner.py", line 117, in _start_by_fork
    ret = args.func(args, dag=self.dag)
          ^^^^^^^^^^^^^^^^^^^^^^^^^^^^^
  File "/home/airflow/.local/lib/python3.12/site-packages/airflow/cli/cli_config.py", line 49, in command
    return func(*args, **kwargs)
           ^^^^^^^^^^^^^^^^^^^^^
  File "/home/airflow/.local/lib/python3.12/site-packages/airflow/utils/cli.py", line 116, in wrapper
    return f(*args, **kwargs)
           ^^^^^^^^^^^^^^^^^^
  File "/home/airflow/.local/lib/python3.12/site-packages/airflow/cli/commands/task_command.py", line 483, in task_run
    task_return_code = _run_task_by_selected_method(args, _dag, ti)
                       ^^^^^^^^^^^^^^^^^^^^^^^^^^^^^^^^^^^^^^^^^^^^
  File "/home/airflow/.local/lib/python3.12/site-packages/airflow/cli/commands/task_command.py", line 256, in _run_task_by_selected_method
    return _run_raw_task(args, ti)
           ^^^^^^^^^^^^^^^^^^^^^^^
  File "/home/airflow/.local/lib/python3.12/site-packages/airflow/cli/commands/task_command.py", line 341, in _run_raw_task
    return ti._run_raw_task(
           ^^^^^^^^^^^^^^^^^
  File "/home/airflow/.local/lib/python3.12/site-packages/airflow/utils/session.py", line 97, in wrapper
    return func(*args, session=session, **kwargs)
           ^^^^^^^^^^^^^^^^^^^^^^^^^^^^^^^^^^^^^^
  File "/home/airflow/.local/lib/python3.12/site-packages/airflow/models/taskinstance.py", line 3006, in _run_raw_task
    return _run_raw_task(
           ^^^^^^^^^^^^^^
  File "/home/airflow/.local/lib/python3.12/site-packages/airflow/models/taskinstance.py", line 274, in _run_raw_task
    TaskInstance._execute_task_with_callbacks(
  File "/home/airflow/.local/lib/python3.12/site-packages/airflow/models/taskinstance.py", line 3161, in _execute_task_with_callbacks
    result = self._execute_task(context, task_orig)
             ^^^^^^^^^^^^^^^^^^^^^^^^^^^^^^^^^^^^^^
  File "/home/airflow/.local/lib/python3.12/site-packages/airflow/models/taskinstance.py", line 3185, in _execute_task
    return _execute_task(self, context, task_orig)
           ^^^^^^^^^^^^^^^^^^^^^^^^^^^^^^^^^^^^^^^
  File "/home/airflow/.local/lib/python3.12/site-packages/airflow/models/taskinstance.py", line 768, in _execute_task
    result = _execute_callable(context=context, **execute_callable_kwargs)
             ^^^^^^^^^^^^^^^^^^^^^^^^^^^^^^^^^^^^^^^^^^^^^^^^^^^^^^^^^^^^^
  File "/home/airflow/.local/lib/python3.12/site-packages/airflow/models/taskinstance.py", line 734, in _execute_callable
    return ExecutionCallableRunner(
           ^^^^^^^^^^^^^^^^^^^^^^^^
  File "/home/airflow/.local/lib/python3.12/site-packages/airflow/utils/operator_helpers.py", line 252, in run
    return self.func(*args, **kwargs)
           ^^^^^^^^^^^^^^^^^^^^^^^^^^
  File "/home/airflow/.local/lib/python3.12/site-packages/airflow/models/baseoperator.py", line 424, in wrapper
    return func(self, *args, **kwargs)
           ^^^^^^^^^^^^^^^^^^^^^^^^^^^
  File "/home/airflow/.local/lib/python3.12/site-packages/airflow/providers/apache/spark/operators/spark_submit.py", line 177, in execute
    self._hook.submit(self.application)
  File "/home/airflow/.local/lib/python3.12/site-packages/airflow/providers/apache/spark/hooks/spark_submit.py", line 567, in submit
    raise AirflowException(
airflow.exceptions.AirflowException: Cannot execute: spark-submit --master spark://spark-master:7077 --name arrow-spark --verbose ./dags/operators/transform_forex_data.py /usr/local/***/include/data/usd_php_forex_4hour.csv. Error code is: 1.
[2025-03-03T04:01:57.806+0000] {local_task_job_runner.py:266} INFO - Task exited with return code 1
[2025-03-03T04:01:57.820+0000] {taskinstance.py:3901} INFO - 0 downstream tasks scheduled from follow-on schedule check
[2025-03-03T04:01:57.825+0000] {local_task_job_runner.py:245} INFO - ::endgroup::
