[2025-03-03T03:57:39.677+0000] {local_task_job_runner.py:123} INFO - ::group::Pre task execution logs
[2025-03-03T03:57:39.695+0000] {taskinstance.py:2614} INFO - Dependencies all met for dep_context=non-requeueable deps ti=<TaskInstance: forex_ml_pipeline.transform_forex_data scheduled__2025-02-23T12:00:00+00:00 [queued]>
[2025-03-03T03:57:39.705+0000] {taskinstance.py:2614} INFO - Dependencies all met for dep_context=requeueable deps ti=<TaskInstance: forex_ml_pipeline.transform_forex_data scheduled__2025-02-23T12:00:00+00:00 [queued]>
[2025-03-03T03:57:39.706+0000] {taskinstance.py:2867} INFO - Starting attempt 2 of 4
[2025-03-03T03:57:39.718+0000] {taskinstance.py:2890} INFO - Executing <Task(SparkSubmitOperator): transform_forex_data> on 2025-02-23 12:00:00+00:00
[2025-03-03T03:57:39.727+0000] {standard_task_runner.py:104} INFO - Running: ['***', 'tasks', 'run', 'forex_ml_pipeline', 'transform_forex_data', 'scheduled__2025-02-23T12:00:00+00:00', '--job-id', '8', '--raw', '--subdir', 'DAGS_FOLDER/forex_ml_pipeline.py', '--cfg-path', '/tmp/tmpnw65lbo9']
[2025-03-03T03:57:39.729+0000] {logging_mixin.py:190} WARNING - /home/***/.local/lib/python3.12/site-packages/***/task/task_runner/standard_task_runner.py:70 DeprecationWarning: This process (pid=724) is multi-threaded, use of fork() may lead to deadlocks in the child.
[2025-03-03T03:57:39.729+0000] {standard_task_runner.py:105} INFO - Job 8: Subtask transform_forex_data
[2025-03-03T03:57:39.729+0000] {standard_task_runner.py:72} INFO - Started process 734 to run task
[2025-03-03T03:57:39.769+0000] {task_command.py:467} INFO - Running <TaskInstance: forex_ml_pipeline.transform_forex_data scheduled__2025-02-23T12:00:00+00:00 [running]> on host ec8f43f16e92
[2025-03-03T03:57:39.837+0000] {taskinstance.py:3134} INFO - Exporting env vars: AIRFLOW_CTX_DAG_OWNER='mikhail' AIRFLOW_CTX_DAG_ID='forex_ml_pipeline' AIRFLOW_CTX_TASK_ID='transform_forex_data' AIRFLOW_CTX_EXECUTION_DATE='2025-02-23T12:00:00+00:00' AIRFLOW_CTX_TRY_NUMBER='2' AIRFLOW_CTX_DAG_RUN_ID='scheduled__2025-02-23T12:00:00+00:00'
[2025-03-03T03:57:39.839+0000] {taskinstance.py:732} INFO - ::endgroup::
[2025-03-03T03:57:39.854+0000] {base.py:84} INFO - Retrieving connection 'my_spark_conn'
[2025-03-03T03:57:39.855+0000] {spark_submit.py:474} INFO - Spark-Submit cmd: spark-submit --master spark://spark-master:7077 --name arrow-spark --verbose ./dags/operators/transform_forex_data.py /usr/local/***/include/data/usd_php_forex_4hour.csv
[2025-03-03T03:57:40.984+0000] {spark_submit.py:641} INFO - Using properties file: null
[2025-03-03T03:57:41.066+0000] {spark_submit.py:641} INFO - Parsed arguments:
[2025-03-03T03:57:41.068+0000] {spark_submit.py:641} INFO - master                  spark://spark-master:7077
[2025-03-03T03:57:41.069+0000] {spark_submit.py:641} INFO - remote                  null
[2025-03-03T03:57:41.070+0000] {spark_submit.py:641} INFO - deployMode              null
[2025-03-03T03:57:41.070+0000] {spark_submit.py:641} INFO - executorMemory          null
[2025-03-03T03:57:41.071+0000] {spark_submit.py:641} INFO - executorCores           null
[2025-03-03T03:57:41.072+0000] {spark_submit.py:641} INFO - totalExecutorCores      null
[2025-03-03T03:57:41.073+0000] {spark_submit.py:641} INFO - propertiesFile          null
[2025-03-03T03:57:41.074+0000] {spark_submit.py:641} INFO - driverMemory            null
[2025-03-03T03:57:41.074+0000] {spark_submit.py:641} INFO - driverCores             null
[2025-03-03T03:57:41.075+0000] {spark_submit.py:641} INFO - driverExtraClassPath    null
[2025-03-03T03:57:41.075+0000] {spark_submit.py:641} INFO - driverExtraLibraryPath  null
[2025-03-03T03:57:41.076+0000] {spark_submit.py:641} INFO - driverExtraJavaOptions  null
[2025-03-03T03:57:41.077+0000] {spark_submit.py:641} INFO - supervise               false
[2025-03-03T03:57:41.078+0000] {spark_submit.py:641} INFO - queue                   null
[2025-03-03T03:57:41.078+0000] {spark_submit.py:641} INFO - numExecutors            null
[2025-03-03T03:57:41.079+0000] {spark_submit.py:641} INFO - files                   null
[2025-03-03T03:57:41.079+0000] {spark_submit.py:641} INFO - pyFiles                 null
[2025-03-03T03:57:41.080+0000] {spark_submit.py:641} INFO - archives                null
[2025-03-03T03:57:41.081+0000] {spark_submit.py:641} INFO - mainClass               null
[2025-03-03T03:57:41.082+0000] {spark_submit.py:641} INFO - primaryResource         file:/opt/***/dags/operators/transform_forex_data.py
[2025-03-03T03:57:41.083+0000] {spark_submit.py:641} INFO - name                    arrow-spark
[2025-03-03T03:57:41.083+0000] {spark_submit.py:641} INFO - childArgs               [/usr/local/***/include/data/usd_php_forex_4hour.csv]
[2025-03-03T03:57:41.084+0000] {spark_submit.py:641} INFO - jars                    null
[2025-03-03T03:57:41.084+0000] {spark_submit.py:641} INFO - packages                null
[2025-03-03T03:57:41.085+0000] {spark_submit.py:641} INFO - packagesExclusions      null
[2025-03-03T03:57:41.086+0000] {spark_submit.py:641} INFO - repositories            null
[2025-03-03T03:57:41.086+0000] {spark_submit.py:641} INFO - verbose                 true
[2025-03-03T03:57:41.087+0000] {spark_submit.py:641} INFO - 
[2025-03-03T03:57:41.087+0000] {spark_submit.py:641} INFO - Spark properties used, including those specified through
[2025-03-03T03:57:41.088+0000] {spark_submit.py:641} INFO - --conf and those from the properties file null:
[2025-03-03T03:57:41.088+0000] {spark_submit.py:641} INFO - 
[2025-03-03T03:57:41.088+0000] {spark_submit.py:641} INFO - 
[2025-03-03T03:57:41.089+0000] {spark_submit.py:641} INFO - 
[2025-03-03T03:57:41.277+0000] {spark_submit.py:641} INFO - Main class:
[2025-03-03T03:57:41.278+0000] {spark_submit.py:641} INFO - org.apache.spark.deploy.PythonRunner
[2025-03-03T03:57:41.279+0000] {spark_submit.py:641} INFO - Arguments:
[2025-03-03T03:57:41.279+0000] {spark_submit.py:641} INFO - file:/opt/***/dags/operators/transform_forex_data.py
[2025-03-03T03:57:41.280+0000] {spark_submit.py:641} INFO - null
[2025-03-03T03:57:41.281+0000] {spark_submit.py:641} INFO - /usr/local/***/include/data/usd_php_forex_4hour.csv
[2025-03-03T03:57:41.282+0000] {spark_submit.py:641} INFO - Spark config:
[2025-03-03T03:57:41.284+0000] {spark_submit.py:641} INFO - (spark.app.name,arrow-spark)
[2025-03-03T03:57:41.284+0000] {spark_submit.py:641} INFO - (spark.app.submitTime,1740974261261)
[2025-03-03T03:57:41.287+0000] {spark_submit.py:641} INFO - (spark.master,spark://spark-master:7077)
[2025-03-03T03:57:41.288+0000] {spark_submit.py:641} INFO - (spark.submit.deployMode,client)
[2025-03-03T03:57:41.288+0000] {spark_submit.py:641} INFO - (spark.submit.pyFiles,)
[2025-03-03T03:57:41.289+0000] {spark_submit.py:641} INFO - Classpath elements:
[2025-03-03T03:57:41.290+0000] {spark_submit.py:641} INFO - 
[2025-03-03T03:57:41.291+0000] {spark_submit.py:641} INFO - 
[2025-03-03T03:57:41.291+0000] {spark_submit.py:641} INFO - 
[2025-03-03T03:57:42.442+0000] {spark_submit.py:641} INFO - ['/opt/***/dags/operators/transform_forex_data.py', '/usr/local/***/include/data/usd_php_forex_4hour.csv']
[2025-03-03T03:57:42.444+0000] {spark_submit.py:641} INFO - CSV FILE PATH: /usr/local/***/include/data/usd_php_forex_4hour.csv
[2025-03-03T03:57:42.521+0000] {spark_submit.py:641} INFO - 25/03/03 03:57:42 INFO SparkContext: Running Spark version 3.5.5
[2025-03-03T03:57:42.523+0000] {spark_submit.py:641} INFO - 25/03/03 03:57:42 INFO SparkContext: OS info Linux, 5.15.167.4-microsoft-standard-WSL2, amd64
[2025-03-03T03:57:42.523+0000] {spark_submit.py:641} INFO - 25/03/03 03:57:42 INFO SparkContext: Java version 17.0.14
[2025-03-03T03:57:42.566+0000] {spark_submit.py:641} INFO - 25/03/03 03:57:42 WARN NativeCodeLoader: Unable to load native-hadoop library for your platform... using builtin-java classes where applicable
[2025-03-03T03:57:42.637+0000] {spark_submit.py:641} INFO - 25/03/03 03:57:42 INFO ResourceUtils: ==============================================================
[2025-03-03T03:57:42.637+0000] {spark_submit.py:641} INFO - 25/03/03 03:57:42 INFO ResourceUtils: No custom resources configured for spark.driver.
[2025-03-03T03:57:42.638+0000] {spark_submit.py:641} INFO - 25/03/03 03:57:42 INFO ResourceUtils: ==============================================================
[2025-03-03T03:57:42.639+0000] {spark_submit.py:641} INFO - 25/03/03 03:57:42 INFO SparkContext: Submitted application: feature-engineering
[2025-03-03T03:57:42.654+0000] {spark_submit.py:641} INFO - 25/03/03 03:57:42 INFO ResourceProfile: Default ResourceProfile created, executor resources: Map(memory -> name: memory, amount: 1024, script: , vendor: , offHeap -> name: offHeap, amount: 0, script: , vendor: ), task resources: Map(cpus -> name: cpus, amount: 1.0)
[2025-03-03T03:57:42.660+0000] {spark_submit.py:641} INFO - 25/03/03 03:57:42 INFO ResourceProfile: Limiting resource is cpu
[2025-03-03T03:57:42.661+0000] {spark_submit.py:641} INFO - 25/03/03 03:57:42 INFO ResourceProfileManager: Added ResourceProfile id: 0
[2025-03-03T03:57:42.697+0000] {spark_submit.py:641} INFO - 25/03/03 03:57:42 INFO SecurityManager: Changing view acls to: ***
[2025-03-03T03:57:42.698+0000] {spark_submit.py:641} INFO - 25/03/03 03:57:42 INFO SecurityManager: Changing modify acls to: ***
[2025-03-03T03:57:42.699+0000] {spark_submit.py:641} INFO - 25/03/03 03:57:42 INFO SecurityManager: Changing view acls groups to:
[2025-03-03T03:57:42.700+0000] {spark_submit.py:641} INFO - 25/03/03 03:57:42 INFO SecurityManager: Changing modify acls groups to:
[2025-03-03T03:57:42.700+0000] {spark_submit.py:641} INFO - 25/03/03 03:57:42 INFO SecurityManager: SecurityManager: authentication disabled; ui acls disabled; users with view permissions: ***; groups with view permissions: EMPTY; users with modify permissions: ***; groups with modify permissions: EMPTY
[2025-03-03T03:57:42.873+0000] {spark_submit.py:641} INFO - 25/03/03 03:57:42 INFO Utils: Successfully started service 'sparkDriver' on port 44167.
[2025-03-03T03:57:42.899+0000] {spark_submit.py:641} INFO - 25/03/03 03:57:42 INFO SparkEnv: Registering MapOutputTracker
[2025-03-03T03:57:42.934+0000] {spark_submit.py:641} INFO - 25/03/03 03:57:42 INFO SparkEnv: Registering BlockManagerMaster
[2025-03-03T03:57:42.949+0000] {spark_submit.py:641} INFO - 25/03/03 03:57:42 INFO BlockManagerMasterEndpoint: Using org.apache.spark.storage.DefaultTopologyMapper for getting topology information
[2025-03-03T03:57:42.950+0000] {spark_submit.py:641} INFO - 25/03/03 03:57:42 INFO BlockManagerMasterEndpoint: BlockManagerMasterEndpoint up
[2025-03-03T03:57:42.956+0000] {spark_submit.py:641} INFO - 25/03/03 03:57:42 INFO SparkEnv: Registering BlockManagerMasterHeartbeat
[2025-03-03T03:57:42.975+0000] {spark_submit.py:641} INFO - 25/03/03 03:57:42 INFO DiskBlockManager: Created local directory at /tmp/blockmgr-3c741337-fb92-4636-8bf9-80d89bb2b4a2
[2025-03-03T03:57:42.987+0000] {spark_submit.py:641} INFO - 25/03/03 03:57:42 INFO MemoryStore: MemoryStore started with capacity 434.4 MiB
[2025-03-03T03:57:43.005+0000] {spark_submit.py:641} INFO - 25/03/03 03:57:43 INFO SparkEnv: Registering OutputCommitCoordinator
[2025-03-03T03:57:43.104+0000] {spark_submit.py:641} INFO - 25/03/03 03:57:43 INFO JettyUtils: Start Jetty 0.0.0.0:4040 for SparkUI
[2025-03-03T03:57:43.144+0000] {spark_submit.py:641} INFO - 25/03/03 03:57:43 INFO Utils: Successfully started service 'SparkUI' on port 4040.
[2025-03-03T03:57:43.242+0000] {spark_submit.py:641} INFO - 25/03/03 03:57:43 INFO StandaloneAppClient$ClientEndpoint: Connecting to master spark://spark-master:7077...
[2025-03-03T03:57:43.281+0000] {spark_submit.py:641} INFO - 25/03/03 03:57:43 INFO TransportClientFactory: Successfully created connection to spark-master/172.19.0.3:7077 after 20 ms (0 ms spent in bootstraps)
[2025-03-03T03:57:43.349+0000] {spark_submit.py:641} INFO - 25/03/03 03:57:43 INFO StandaloneSchedulerBackend: Connected to Spark cluster with app ID app-20250303035743-0002
[2025-03-03T03:57:43.351+0000] {spark_submit.py:641} INFO - 25/03/03 03:57:43 INFO StandaloneAppClient$ClientEndpoint: Executor added: app-20250303035743-0002/0 on worker-20250303035026-172.19.0.4-41933 (172.19.0.4:41933) with 2 core(s)
[2025-03-03T03:57:43.353+0000] {spark_submit.py:641} INFO - 25/03/03 03:57:43 INFO StandaloneSchedulerBackend: Granted executor ID app-20250303035743-0002/0 on hostPort 172.19.0.4:41933 with 2 core(s), 1024.0 MiB RAM
[2025-03-03T03:57:43.358+0000] {spark_submit.py:641} INFO - 25/03/03 03:57:43 INFO Utils: Successfully started service 'org.apache.spark.network.netty.NettyBlockTransferService' on port 40575.
[2025-03-03T03:57:43.359+0000] {spark_submit.py:641} INFO - 25/03/03 03:57:43 INFO NettyBlockTransferService: Server created on ec8f43f16e92:40575
[2025-03-03T03:57:43.360+0000] {spark_submit.py:641} INFO - 25/03/03 03:57:43 INFO BlockManager: Using org.apache.spark.storage.RandomBlockReplicationPolicy for block replication policy
[2025-03-03T03:57:43.364+0000] {spark_submit.py:641} INFO - 25/03/03 03:57:43 INFO BlockManagerMaster: Registering BlockManager BlockManagerId(driver, ec8f43f16e92, 40575, None)
[2025-03-03T03:57:43.367+0000] {spark_submit.py:641} INFO - 25/03/03 03:57:43 INFO BlockManagerMasterEndpoint: Registering block manager ec8f43f16e92:40575 with 434.4 MiB RAM, BlockManagerId(driver, ec8f43f16e92, 40575, None)
[2025-03-03T03:57:43.370+0000] {spark_submit.py:641} INFO - 25/03/03 03:57:43 INFO BlockManagerMaster: Registered BlockManager BlockManagerId(driver, ec8f43f16e92, 40575, None)
[2025-03-03T03:57:43.371+0000] {spark_submit.py:641} INFO - 25/03/03 03:57:43 INFO BlockManager: Initialized BlockManager: BlockManagerId(driver, ec8f43f16e92, 40575, None)
[2025-03-03T03:57:43.386+0000] {spark_submit.py:641} INFO - 25/03/03 03:57:43 INFO StandaloneAppClient$ClientEndpoint: Executor updated: app-20250303035743-0002/0 is now RUNNING
[2025-03-03T03:57:43.539+0000] {spark_submit.py:641} INFO - 25/03/03 03:57:43 INFO StandaloneSchedulerBackend: SchedulerBackend is ready for scheduling beginning after reached minRegisteredResourcesRatio: 0.0
[2025-03-03T03:57:43.763+0000] {spark_submit.py:641} INFO - 25/03/03 03:57:43 INFO SharedState: Setting hive.metastore.warehouse.dir ('null') to the value of spark.sql.warehouse.dir.
[2025-03-03T03:57:43.773+0000] {spark_submit.py:641} INFO - 25/03/03 03:57:43 INFO SharedState: Warehouse path is 'file:/opt/***/spark-warehouse'.
[2025-03-03T03:57:44.965+0000] {spark_submit.py:641} INFO - Traceback (most recent call last):
[2025-03-03T03:57:44.965+0000] {spark_submit.py:641} INFO - File "/opt/***/dags/operators/transform_forex_data.py", line 71, in <module>
[2025-03-03T03:57:44.969+0000] {spark_submit.py:641} INFO - transform_forex_data(file_path=file_path)
[2025-03-03T03:57:44.969+0000] {spark_submit.py:641} INFO - File "/opt/***/dags/operators/transform_forex_data.py", line 10, in transform_forex_data
[2025-03-03T03:57:44.973+0000] {spark_submit.py:641} INFO - usd_php_forex_4h_spark_df = spark.read.csv(file_path, header=True, inferSchema=True)
[2025-03-03T03:57:44.974+0000] {spark_submit.py:641} INFO - ^^^^^^^^^^^^^^^^^^^^^^^^^^^^^^^^^^^^^^^^^^^^^^^^^^^^^^^^
[2025-03-03T03:57:44.975+0000] {spark_submit.py:641} INFO - File "/home/***/.local/lib/python3.12/site-packages/pyspark/python/lib/pyspark.zip/pyspark/sql/readwriter.py", line 740, in csv
[2025-03-03T03:57:44.976+0000] {spark_submit.py:641} INFO - File "/home/***/.local/lib/python3.12/site-packages/pyspark/python/lib/py4j-0.10.9.7-src.zip/py4j/java_gateway.py", line 1322, in __call__
[2025-03-03T03:57:44.976+0000] {spark_submit.py:641} INFO - File "/home/***/.local/lib/python3.12/site-packages/pyspark/python/lib/pyspark.zip/pyspark/errors/exceptions/captured.py", line 185, in deco
[2025-03-03T03:57:44.986+0000] {spark_submit.py:641} INFO - pyspark.errors.exceptions.captured.AnalysisException: [PATH_NOT_FOUND] Path does not exist: file:/usr/local/***/include/data/usd_php_forex_4hour.csv.
[2025-03-03T03:57:45.059+0000] {spark_submit.py:641} INFO - 25/03/03 03:57:45 INFO SparkContext: Invoking stop() from shutdown hook
[2025-03-03T03:57:45.060+0000] {spark_submit.py:641} INFO - 25/03/03 03:57:45 INFO SparkContext: SparkContext is stopping with exitCode 0.
[2025-03-03T03:57:45.078+0000] {spark_submit.py:641} INFO - 25/03/03 03:57:45 INFO SparkUI: Stopped Spark web UI at http://ec8f43f16e92:4040
[2025-03-03T03:57:45.083+0000] {spark_submit.py:641} INFO - 25/03/03 03:57:45 INFO StandaloneSchedulerBackend: Shutting down all executors
[2025-03-03T03:57:45.087+0000] {spark_submit.py:641} INFO - 25/03/03 03:57:45 INFO StandaloneSchedulerBackend$StandaloneDriverEndpoint: Asking each executor to shut down
[2025-03-03T03:57:45.104+0000] {spark_submit.py:641} INFO - 25/03/03 03:57:45 INFO MapOutputTrackerMasterEndpoint: MapOutputTrackerMasterEndpoint stopped!
[2025-03-03T03:57:45.127+0000] {spark_submit.py:641} INFO - 25/03/03 03:57:45 INFO MemoryStore: MemoryStore cleared
[2025-03-03T03:57:45.129+0000] {spark_submit.py:641} INFO - 25/03/03 03:57:45 INFO BlockManager: BlockManager stopped
[2025-03-03T03:57:45.133+0000] {spark_submit.py:641} INFO - 25/03/03 03:57:45 INFO BlockManagerMaster: BlockManagerMaster stopped
[2025-03-03T03:57:45.138+0000] {spark_submit.py:641} INFO - 25/03/03 03:57:45 INFO OutputCommitCoordinator$OutputCommitCoordinatorEndpoint: OutputCommitCoordinator stopped!
[2025-03-03T03:57:45.153+0000] {spark_submit.py:641} INFO - 25/03/03 03:57:45 INFO SparkContext: Successfully stopped SparkContext
[2025-03-03T03:57:45.154+0000] {spark_submit.py:641} INFO - 25/03/03 03:57:45 INFO ShutdownHookManager: Shutdown hook called
[2025-03-03T03:57:45.154+0000] {spark_submit.py:641} INFO - 25/03/03 03:57:45 INFO ShutdownHookManager: Deleting directory /tmp/spark-aebee2f8-8c88-4f6d-bfff-0918d248b249/pyspark-6db04d6a-e77a-41dc-a770-3f13420e0522
[2025-03-03T03:57:45.161+0000] {spark_submit.py:641} INFO - 25/03/03 03:57:45 INFO ShutdownHookManager: Deleting directory /tmp/spark-aebee2f8-8c88-4f6d-bfff-0918d248b249
[2025-03-03T03:57:45.166+0000] {spark_submit.py:641} INFO - 25/03/03 03:57:45 INFO ShutdownHookManager: Deleting directory /tmp/spark-9e92989a-03c8-4285-a3e4-a3b17e61e064
[2025-03-03T03:57:45.205+0000] {taskinstance.py:3313} ERROR - Task failed with exception
Traceback (most recent call last):
  File "/home/airflow/.local/lib/python3.12/site-packages/airflow/models/taskinstance.py", line 768, in _execute_task
    result = _execute_callable(context=context, **execute_callable_kwargs)
             ^^^^^^^^^^^^^^^^^^^^^^^^^^^^^^^^^^^^^^^^^^^^^^^^^^^^^^^^^^^^^
  File "/home/airflow/.local/lib/python3.12/site-packages/airflow/models/taskinstance.py", line 734, in _execute_callable
    return ExecutionCallableRunner(
           ^^^^^^^^^^^^^^^^^^^^^^^^
  File "/home/airflow/.local/lib/python3.12/site-packages/airflow/utils/operator_helpers.py", line 252, in run
    return self.func(*args, **kwargs)
           ^^^^^^^^^^^^^^^^^^^^^^^^^^
  File "/home/airflow/.local/lib/python3.12/site-packages/airflow/models/baseoperator.py", line 424, in wrapper
    return func(self, *args, **kwargs)
           ^^^^^^^^^^^^^^^^^^^^^^^^^^^
  File "/home/airflow/.local/lib/python3.12/site-packages/airflow/providers/apache/spark/operators/spark_submit.py", line 177, in execute
    self._hook.submit(self.application)
  File "/home/airflow/.local/lib/python3.12/site-packages/airflow/providers/apache/spark/hooks/spark_submit.py", line 567, in submit
    raise AirflowException(
airflow.exceptions.AirflowException: Cannot execute: spark-submit --master spark://spark-master:7077 --name arrow-spark --verbose ./dags/operators/transform_forex_data.py /usr/local/***/include/data/usd_php_forex_4hour.csv. Error code is: 1.
[2025-03-03T03:57:45.215+0000] {taskinstance.py:1226} INFO - Marking task as UP_FOR_RETRY. dag_id=forex_ml_pipeline, task_id=transform_forex_data, run_id=scheduled__2025-02-23T12:00:00+00:00, execution_date=20250223T120000, start_date=20250303T035739, end_date=20250303T035745
[2025-03-03T03:57:45.250+0000] {taskinstance.py:341} INFO - ::group::Post task execution logs
[2025-03-03T03:57:45.251+0000] {standard_task_runner.py:124} ERROR - Failed to execute job 8 for task transform_forex_data (Cannot execute: spark-submit --master spark://spark-master:7077 --name arrow-spark --verbose ./dags/operators/transform_forex_data.py /usr/local/***/include/data/usd_php_forex_4hour.csv. Error code is: 1.; 734)
Traceback (most recent call last):
  File "/home/airflow/.local/lib/python3.12/site-packages/airflow/task/task_runner/standard_task_runner.py", line 117, in _start_by_fork
    ret = args.func(args, dag=self.dag)
          ^^^^^^^^^^^^^^^^^^^^^^^^^^^^^
  File "/home/airflow/.local/lib/python3.12/site-packages/airflow/cli/cli_config.py", line 49, in command
    return func(*args, **kwargs)
           ^^^^^^^^^^^^^^^^^^^^^
  File "/home/airflow/.local/lib/python3.12/site-packages/airflow/utils/cli.py", line 116, in wrapper
    return f(*args, **kwargs)
           ^^^^^^^^^^^^^^^^^^
  File "/home/airflow/.local/lib/python3.12/site-packages/airflow/cli/commands/task_command.py", line 483, in task_run
    task_return_code = _run_task_by_selected_method(args, _dag, ti)
                       ^^^^^^^^^^^^^^^^^^^^^^^^^^^^^^^^^^^^^^^^^^^^
  File "/home/airflow/.local/lib/python3.12/site-packages/airflow/cli/commands/task_command.py", line 256, in _run_task_by_selected_method
    return _run_raw_task(args, ti)
           ^^^^^^^^^^^^^^^^^^^^^^^
  File "/home/airflow/.local/lib/python3.12/site-packages/airflow/cli/commands/task_command.py", line 341, in _run_raw_task
    return ti._run_raw_task(
           ^^^^^^^^^^^^^^^^^
  File "/home/airflow/.local/lib/python3.12/site-packages/airflow/utils/session.py", line 97, in wrapper
    return func(*args, session=session, **kwargs)
           ^^^^^^^^^^^^^^^^^^^^^^^^^^^^^^^^^^^^^^
  File "/home/airflow/.local/lib/python3.12/site-packages/airflow/models/taskinstance.py", line 3006, in _run_raw_task
    return _run_raw_task(
           ^^^^^^^^^^^^^^
  File "/home/airflow/.local/lib/python3.12/site-packages/airflow/models/taskinstance.py", line 274, in _run_raw_task
    TaskInstance._execute_task_with_callbacks(
  File "/home/airflow/.local/lib/python3.12/site-packages/airflow/models/taskinstance.py", line 3161, in _execute_task_with_callbacks
    result = self._execute_task(context, task_orig)
             ^^^^^^^^^^^^^^^^^^^^^^^^^^^^^^^^^^^^^^
  File "/home/airflow/.local/lib/python3.12/site-packages/airflow/models/taskinstance.py", line 3185, in _execute_task
    return _execute_task(self, context, task_orig)
           ^^^^^^^^^^^^^^^^^^^^^^^^^^^^^^^^^^^^^^^
  File "/home/airflow/.local/lib/python3.12/site-packages/airflow/models/taskinstance.py", line 768, in _execute_task
    result = _execute_callable(context=context, **execute_callable_kwargs)
             ^^^^^^^^^^^^^^^^^^^^^^^^^^^^^^^^^^^^^^^^^^^^^^^^^^^^^^^^^^^^^
  File "/home/airflow/.local/lib/python3.12/site-packages/airflow/models/taskinstance.py", line 734, in _execute_callable
    return ExecutionCallableRunner(
           ^^^^^^^^^^^^^^^^^^^^^^^^
  File "/home/airflow/.local/lib/python3.12/site-packages/airflow/utils/operator_helpers.py", line 252, in run
    return self.func(*args, **kwargs)
           ^^^^^^^^^^^^^^^^^^^^^^^^^^
  File "/home/airflow/.local/lib/python3.12/site-packages/airflow/models/baseoperator.py", line 424, in wrapper
    return func(self, *args, **kwargs)
           ^^^^^^^^^^^^^^^^^^^^^^^^^^^
  File "/home/airflow/.local/lib/python3.12/site-packages/airflow/providers/apache/spark/operators/spark_submit.py", line 177, in execute
    self._hook.submit(self.application)
  File "/home/airflow/.local/lib/python3.12/site-packages/airflow/providers/apache/spark/hooks/spark_submit.py", line 567, in submit
    raise AirflowException(
airflow.exceptions.AirflowException: Cannot execute: spark-submit --master spark://spark-master:7077 --name arrow-spark --verbose ./dags/operators/transform_forex_data.py /usr/local/***/include/data/usd_php_forex_4hour.csv. Error code is: 1.
[2025-03-03T03:57:45.263+0000] {local_task_job_runner.py:266} INFO - Task exited with return code 1
[2025-03-03T03:57:45.282+0000] {taskinstance.py:3901} INFO - 0 downstream tasks scheduled from follow-on schedule check
[2025-03-03T03:57:45.286+0000] {local_task_job_runner.py:245} INFO - ::endgroup::
