[2025-03-03T03:59:46.485+0000] {local_task_job_runner.py:123} INFO - ::group::Pre task execution logs
[2025-03-03T03:59:46.505+0000] {taskinstance.py:2614} INFO - Dependencies all met for dep_context=non-requeueable deps ti=<TaskInstance: forex_ml_pipeline.transform_forex_data manual__2025-03-03T03:55:28.992483+00:00 [queued]>
[2025-03-03T03:59:46.513+0000] {taskinstance.py:2614} INFO - Dependencies all met for dep_context=requeueable deps ti=<TaskInstance: forex_ml_pipeline.transform_forex_data manual__2025-03-03T03:55:28.992483+00:00 [queued]>
[2025-03-03T03:59:46.514+0000] {taskinstance.py:2867} INFO - Starting attempt 3 of 4
[2025-03-03T03:59:46.526+0000] {taskinstance.py:2890} INFO - Executing <Task(SparkSubmitOperator): transform_forex_data> on 2025-03-03 03:55:28.992483+00:00
[2025-03-03T03:59:46.534+0000] {standard_task_runner.py:104} INFO - Running: ['***', 'tasks', 'run', 'forex_ml_pipeline', 'transform_forex_data', 'manual__2025-03-03T03:55:28.992483+00:00', '--job-id', '9', '--raw', '--subdir', 'DAGS_FOLDER/forex_ml_pipeline.py', '--cfg-path', '/tmp/tmpr08r4o29']
[2025-03-03T03:59:46.536+0000] {standard_task_runner.py:105} INFO - Job 9: Subtask transform_forex_data
[2025-03-03T03:59:46.537+0000] {logging_mixin.py:190} WARNING - /home/***/.local/lib/python3.12/site-packages/***/task/task_runner/standard_task_runner.py:70 DeprecationWarning: This process (pid=1139) is multi-threaded, use of fork() may lead to deadlocks in the child.
[2025-03-03T03:59:46.538+0000] {standard_task_runner.py:72} INFO - Started process 1142 to run task
[2025-03-03T03:59:46.575+0000] {task_command.py:467} INFO - Running <TaskInstance: forex_ml_pipeline.transform_forex_data manual__2025-03-03T03:55:28.992483+00:00 [running]> on host ec8f43f16e92
[2025-03-03T03:59:46.647+0000] {taskinstance.py:3134} INFO - Exporting env vars: AIRFLOW_CTX_DAG_OWNER='mikhail' AIRFLOW_CTX_DAG_ID='forex_ml_pipeline' AIRFLOW_CTX_TASK_ID='transform_forex_data' AIRFLOW_CTX_EXECUTION_DATE='2025-03-03T03:55:28.992483+00:00' AIRFLOW_CTX_TRY_NUMBER='3' AIRFLOW_CTX_DAG_RUN_ID='manual__2025-03-03T03:55:28.992483+00:00'
[2025-03-03T03:59:46.649+0000] {taskinstance.py:732} INFO - ::endgroup::
[2025-03-03T03:59:46.664+0000] {base.py:84} INFO - Retrieving connection 'my_spark_conn'
[2025-03-03T03:59:46.665+0000] {spark_submit.py:474} INFO - Spark-Submit cmd: spark-submit --master spark://spark-master:7077 --name arrow-spark --verbose ./dags/operators/transform_forex_data.py /usr/local/***/include/data/usd_php_forex_4hour.csv
[2025-03-03T03:59:47.883+0000] {spark_submit.py:641} INFO - Using properties file: null
[2025-03-03T03:59:47.984+0000] {spark_submit.py:641} INFO - Parsed arguments:
[2025-03-03T03:59:47.985+0000] {spark_submit.py:641} INFO - master                  spark://spark-master:7077
[2025-03-03T03:59:47.985+0000] {spark_submit.py:641} INFO - remote                  null
[2025-03-03T03:59:47.986+0000] {spark_submit.py:641} INFO - deployMode              null
[2025-03-03T03:59:47.987+0000] {spark_submit.py:641} INFO - executorMemory          null
[2025-03-03T03:59:47.987+0000] {spark_submit.py:641} INFO - executorCores           null
[2025-03-03T03:59:47.988+0000] {spark_submit.py:641} INFO - totalExecutorCores      null
[2025-03-03T03:59:47.989+0000] {spark_submit.py:641} INFO - propertiesFile          null
[2025-03-03T03:59:47.990+0000] {spark_submit.py:641} INFO - driverMemory            null
[2025-03-03T03:59:47.990+0000] {spark_submit.py:641} INFO - driverCores             null
[2025-03-03T03:59:47.991+0000] {spark_submit.py:641} INFO - driverExtraClassPath    null
[2025-03-03T03:59:47.992+0000] {spark_submit.py:641} INFO - driverExtraLibraryPath  null
[2025-03-03T03:59:47.992+0000] {spark_submit.py:641} INFO - driverExtraJavaOptions  null
[2025-03-03T03:59:47.993+0000] {spark_submit.py:641} INFO - supervise               false
[2025-03-03T03:59:47.994+0000] {spark_submit.py:641} INFO - queue                   null
[2025-03-03T03:59:47.994+0000] {spark_submit.py:641} INFO - numExecutors            null
[2025-03-03T03:59:47.995+0000] {spark_submit.py:641} INFO - files                   null
[2025-03-03T03:59:47.996+0000] {spark_submit.py:641} INFO - pyFiles                 null
[2025-03-03T03:59:47.997+0000] {spark_submit.py:641} INFO - archives                null
[2025-03-03T03:59:47.998+0000] {spark_submit.py:641} INFO - mainClass               null
[2025-03-03T03:59:47.999+0000] {spark_submit.py:641} INFO - primaryResource         file:/opt/***/dags/operators/transform_forex_data.py
[2025-03-03T03:59:47.999+0000] {spark_submit.py:641} INFO - name                    arrow-spark
[2025-03-03T03:59:48.000+0000] {spark_submit.py:641} INFO - childArgs               [/usr/local/***/include/data/usd_php_forex_4hour.csv]
[2025-03-03T03:59:48.001+0000] {spark_submit.py:641} INFO - jars                    null
[2025-03-03T03:59:48.002+0000] {spark_submit.py:641} INFO - packages                null
[2025-03-03T03:59:48.003+0000] {spark_submit.py:641} INFO - packagesExclusions      null
[2025-03-03T03:59:48.004+0000] {spark_submit.py:641} INFO - repositories            null
[2025-03-03T03:59:48.005+0000] {spark_submit.py:641} INFO - verbose                 true
[2025-03-03T03:59:48.007+0000] {spark_submit.py:641} INFO - 
[2025-03-03T03:59:48.008+0000] {spark_submit.py:641} INFO - Spark properties used, including those specified through
[2025-03-03T03:59:48.009+0000] {spark_submit.py:641} INFO - --conf and those from the properties file null:
[2025-03-03T03:59:48.010+0000] {spark_submit.py:641} INFO - 
[2025-03-03T03:59:48.010+0000] {spark_submit.py:641} INFO - 
[2025-03-03T03:59:48.011+0000] {spark_submit.py:641} INFO - 
[2025-03-03T03:59:48.226+0000] {spark_submit.py:641} INFO - Main class:
[2025-03-03T03:59:48.227+0000] {spark_submit.py:641} INFO - org.apache.spark.deploy.PythonRunner
[2025-03-03T03:59:48.228+0000] {spark_submit.py:641} INFO - Arguments:
[2025-03-03T03:59:48.229+0000] {spark_submit.py:641} INFO - file:/opt/***/dags/operators/transform_forex_data.py
[2025-03-03T03:59:48.229+0000] {spark_submit.py:641} INFO - null
[2025-03-03T03:59:48.230+0000] {spark_submit.py:641} INFO - /usr/local/***/include/data/usd_php_forex_4hour.csv
[2025-03-03T03:59:48.231+0000] {spark_submit.py:641} INFO - Spark config:
[2025-03-03T03:59:48.232+0000] {spark_submit.py:641} INFO - (spark.app.name,arrow-spark)
[2025-03-03T03:59:48.233+0000] {spark_submit.py:641} INFO - (spark.app.submitTime,1740974388206)
[2025-03-03T03:59:48.233+0000] {spark_submit.py:641} INFO - (spark.master,spark://spark-master:7077)
[2025-03-03T03:59:48.234+0000] {spark_submit.py:641} INFO - (spark.submit.deployMode,client)
[2025-03-03T03:59:48.235+0000] {spark_submit.py:641} INFO - (spark.submit.pyFiles,)
[2025-03-03T03:59:48.236+0000] {spark_submit.py:641} INFO - Classpath elements:
[2025-03-03T03:59:48.236+0000] {spark_submit.py:641} INFO - 
[2025-03-03T03:59:48.237+0000] {spark_submit.py:641} INFO - 
[2025-03-03T03:59:48.238+0000] {spark_submit.py:641} INFO - 
[2025-03-03T03:59:49.521+0000] {spark_submit.py:641} INFO - ['/opt/***/dags/operators/transform_forex_data.py', '/usr/local/***/include/data/usd_php_forex_4hour.csv']
[2025-03-03T03:59:49.522+0000] {spark_submit.py:641} INFO - CSV FILE PATH: /usr/local/***/include/data/usd_php_forex_4hour.csv
[2025-03-03T03:59:49.598+0000] {spark_submit.py:641} INFO - 25/03/03 03:59:49 INFO SparkContext: Running Spark version 3.5.5
[2025-03-03T03:59:49.600+0000] {spark_submit.py:641} INFO - 25/03/03 03:59:49 INFO SparkContext: OS info Linux, 5.15.167.4-microsoft-standard-WSL2, amd64
[2025-03-03T03:59:49.601+0000] {spark_submit.py:641} INFO - 25/03/03 03:59:49 INFO SparkContext: Java version 17.0.14
[2025-03-03T03:59:49.645+0000] {spark_submit.py:641} INFO - 25/03/03 03:59:49 WARN NativeCodeLoader: Unable to load native-hadoop library for your platform... using builtin-java classes where applicable
[2025-03-03T03:59:49.726+0000] {spark_submit.py:641} INFO - 25/03/03 03:59:49 INFO ResourceUtils: ==============================================================
[2025-03-03T03:59:49.727+0000] {spark_submit.py:641} INFO - 25/03/03 03:59:49 INFO ResourceUtils: No custom resources configured for spark.driver.
[2025-03-03T03:59:49.728+0000] {spark_submit.py:641} INFO - 25/03/03 03:59:49 INFO ResourceUtils: ==============================================================
[2025-03-03T03:59:49.728+0000] {spark_submit.py:641} INFO - 25/03/03 03:59:49 INFO SparkContext: Submitted application: feature-engineering
[2025-03-03T03:59:49.750+0000] {spark_submit.py:641} INFO - 25/03/03 03:59:49 INFO ResourceProfile: Default ResourceProfile created, executor resources: Map(memory -> name: memory, amount: 1024, script: , vendor: , offHeap -> name: offHeap, amount: 0, script: , vendor: ), task resources: Map(cpus -> name: cpus, amount: 1.0)
[2025-03-03T03:59:49.758+0000] {spark_submit.py:641} INFO - 25/03/03 03:59:49 INFO ResourceProfile: Limiting resource is cpu
[2025-03-03T03:59:49.760+0000] {spark_submit.py:641} INFO - 25/03/03 03:59:49 INFO ResourceProfileManager: Added ResourceProfile id: 0
[2025-03-03T03:59:49.810+0000] {spark_submit.py:641} INFO - 25/03/03 03:59:49 INFO SecurityManager: Changing view acls to: ***
[2025-03-03T03:59:49.811+0000] {spark_submit.py:641} INFO - 25/03/03 03:59:49 INFO SecurityManager: Changing modify acls to: ***
[2025-03-03T03:59:49.812+0000] {spark_submit.py:641} INFO - 25/03/03 03:59:49 INFO SecurityManager: Changing view acls groups to:
[2025-03-03T03:59:49.812+0000] {spark_submit.py:641} INFO - 25/03/03 03:59:49 INFO SecurityManager: Changing modify acls groups to:
[2025-03-03T03:59:49.813+0000] {spark_submit.py:641} INFO - 25/03/03 03:59:49 INFO SecurityManager: SecurityManager: authentication disabled; ui acls disabled; users with view permissions: ***; groups with view permissions: EMPTY; users with modify permissions: ***; groups with modify permissions: EMPTY
[2025-03-03T03:59:50.033+0000] {spark_submit.py:641} INFO - 25/03/03 03:59:50 INFO Utils: Successfully started service 'sparkDriver' on port 35369.
[2025-03-03T03:59:50.059+0000] {spark_submit.py:641} INFO - 25/03/03 03:59:50 INFO SparkEnv: Registering MapOutputTracker
[2025-03-03T03:59:50.096+0000] {spark_submit.py:641} INFO - 25/03/03 03:59:50 INFO SparkEnv: Registering BlockManagerMaster
[2025-03-03T03:59:50.111+0000] {spark_submit.py:641} INFO - 25/03/03 03:59:50 INFO BlockManagerMasterEndpoint: Using org.apache.spark.storage.DefaultTopologyMapper for getting topology information
[2025-03-03T03:59:50.112+0000] {spark_submit.py:641} INFO - 25/03/03 03:59:50 INFO BlockManagerMasterEndpoint: BlockManagerMasterEndpoint up
[2025-03-03T03:59:50.118+0000] {spark_submit.py:641} INFO - 25/03/03 03:59:50 INFO SparkEnv: Registering BlockManagerMasterHeartbeat
[2025-03-03T03:59:50.137+0000] {spark_submit.py:641} INFO - 25/03/03 03:59:50 INFO DiskBlockManager: Created local directory at /tmp/blockmgr-5bc991fd-d7bd-4112-a07a-7a8ca3c99e98
[2025-03-03T03:59:50.148+0000] {spark_submit.py:641} INFO - 25/03/03 03:59:50 INFO MemoryStore: MemoryStore started with capacity 434.4 MiB
[2025-03-03T03:59:50.162+0000] {spark_submit.py:641} INFO - 25/03/03 03:59:50 INFO SparkEnv: Registering OutputCommitCoordinator
[2025-03-03T03:59:50.282+0000] {spark_submit.py:641} INFO - 25/03/03 03:59:50 INFO JettyUtils: Start Jetty 0.0.0.0:4040 for SparkUI
[2025-03-03T03:59:50.328+0000] {spark_submit.py:641} INFO - 25/03/03 03:59:50 WARN Utils: Service 'SparkUI' could not bind on port 4040. Attempting port 4041.
[2025-03-03T03:59:50.336+0000] {spark_submit.py:641} INFO - 25/03/03 03:59:50 INFO Utils: Successfully started service 'SparkUI' on port 4041.
[2025-03-03T03:59:50.457+0000] {spark_submit.py:641} INFO - 25/03/03 03:59:50 INFO StandaloneAppClient$ClientEndpoint: Connecting to master spark://spark-master:7077...
[2025-03-03T03:59:50.505+0000] {spark_submit.py:641} INFO - 25/03/03 03:59:50 INFO TransportClientFactory: Successfully created connection to spark-master/172.19.0.3:7077 after 26 ms (0 ms spent in bootstraps)
[2025-03-03T03:59:50.593+0000] {spark_submit.py:641} INFO - 25/03/03 03:59:50 INFO StandaloneSchedulerBackend: Connected to Spark cluster with app ID app-20250303035950-0005
[2025-03-03T03:59:50.602+0000] {spark_submit.py:641} INFO - 25/03/03 03:59:50 INFO Utils: Successfully started service 'org.apache.spark.network.netty.NettyBlockTransferService' on port 43981.
[2025-03-03T03:59:50.603+0000] {spark_submit.py:641} INFO - 25/03/03 03:59:50 INFO NettyBlockTransferService: Server created on ec8f43f16e92:43981
[2025-03-03T03:59:50.607+0000] {spark_submit.py:641} INFO - 25/03/03 03:59:50 INFO BlockManager: Using org.apache.spark.storage.RandomBlockReplicationPolicy for block replication policy
[2025-03-03T03:59:50.616+0000] {spark_submit.py:641} INFO - 25/03/03 03:59:50 INFO BlockManagerMaster: Registering BlockManager BlockManagerId(driver, ec8f43f16e92, 43981, None)
[2025-03-03T03:59:50.621+0000] {spark_submit.py:641} INFO - 25/03/03 03:59:50 INFO BlockManagerMasterEndpoint: Registering block manager ec8f43f16e92:43981 with 434.4 MiB RAM, BlockManagerId(driver, ec8f43f16e92, 43981, None)
[2025-03-03T03:59:50.629+0000] {spark_submit.py:641} INFO - 25/03/03 03:59:50 INFO BlockManagerMaster: Registered BlockManager BlockManagerId(driver, ec8f43f16e92, 43981, None)
[2025-03-03T03:59:50.630+0000] {spark_submit.py:641} INFO - 25/03/03 03:59:50 INFO BlockManager: Initialized BlockManager: BlockManagerId(driver, ec8f43f16e92, 43981, None)
[2025-03-03T03:59:50.789+0000] {spark_submit.py:641} INFO - 25/03/03 03:59:50 INFO StandaloneSchedulerBackend: SchedulerBackend is ready for scheduling beginning after reached minRegisteredResourcesRatio: 0.0
[2025-03-03T03:59:51.146+0000] {spark_submit.py:641} INFO - 25/03/03 03:59:51 INFO SharedState: Setting hive.metastore.warehouse.dir ('null') to the value of spark.sql.warehouse.dir.
[2025-03-03T03:59:51.153+0000] {spark_submit.py:641} INFO - 25/03/03 03:59:51 INFO SharedState: Warehouse path is 'file:/opt/***/spark-warehouse'.
[2025-03-03T03:59:52.241+0000] {spark_submit.py:641} INFO - Traceback (most recent call last):
[2025-03-03T03:59:52.242+0000] {spark_submit.py:641} INFO - File "/opt/***/dags/operators/transform_forex_data.py", line 71, in <module>
[2025-03-03T03:59:52.247+0000] {spark_submit.py:641} INFO - transform_forex_data(file_path=file_path)
[2025-03-03T03:59:52.247+0000] {spark_submit.py:641} INFO - File "/opt/***/dags/operators/transform_forex_data.py", line 10, in transform_forex_data
[2025-03-03T03:59:52.249+0000] {spark_submit.py:641} INFO - 25/03/03 03:59:52 INFO StandaloneAppClient$ClientEndpoint: Executor added: app-20250303035950-0005/0 on worker-20250303035026-172.19.0.4-41933 (172.19.0.4:41933) with 2 core(s)
[2025-03-03T03:59:52.253+0000] {spark_submit.py:641} INFO - usd_php_forex_4h_spark_df = spark.read.csv(file_path, header=True, inferSchema=True)
[2025-03-03T03:59:52.255+0000] {spark_submit.py:641} INFO - ^^^^^^^^^^^^^^^^^^^^^^^^^^^^^^^^^^^^^^^^^^^^^^^^^^^^^^^^
[2025-03-03T03:59:52.255+0000] {spark_submit.py:641} INFO - File "/home/***/.local/lib/python3.12/site-packages/pyspark/python/lib/pyspark.zip/pyspark/sql/readwriter.py", line 740, in csv
[2025-03-03T03:59:52.256+0000] {spark_submit.py:641} INFO - File "/home/***/.local/lib/python3.12/site-packages/pyspark/python/lib/py4j-0.10.9.7-src.zip/py4j/java_gateway.py", line 1322, in __call__
[2025-03-03T03:59:52.258+0000] {spark_submit.py:641} INFO - File "/home/***/.local/lib/python3.12/site-packages/pyspark/python/lib/pyspark.zip/pyspark/errors/exceptions/captured.py", line 185, in deco
[2025-03-03T03:59:52.266+0000] {spark_submit.py:641} INFO - pyspark.errors.exceptions.captured.AnalysisException25/03/03 03:59:52 INFO StandaloneSchedulerBackend: Granted executor ID app-20250303035950-0005/0 on hostPort 172.19.0.4:41933 with 2 core(s), 1024.0 MiB RAM
[2025-03-03T03:59:52.270+0000] {spark_submit.py:641} INFO - : [PATH_NOT_FOUND] Path does not exist: file:/usr/local/***/include/data/usd_php_forex_4hour.csv.
[2025-03-03T03:59:52.305+0000] {spark_submit.py:641} INFO - 25/03/03 03:59:52 INFO StandaloneAppClient$ClientEndpoint: Executor updated: app-20250303035950-0005/0 is now RUNNING
[2025-03-03T03:59:52.340+0000] {spark_submit.py:641} INFO - 25/03/03 03:59:52 INFO SparkContext: Invoking stop() from shutdown hook
[2025-03-03T03:59:52.340+0000] {spark_submit.py:641} INFO - 25/03/03 03:59:52 INFO SparkContext: SparkContext is stopping with exitCode 0.
[2025-03-03T03:59:52.350+0000] {spark_submit.py:641} INFO - 25/03/03 03:59:52 INFO SparkUI: Stopped Spark web UI at http://ec8f43f16e92:4041
[2025-03-03T03:59:52.356+0000] {spark_submit.py:641} INFO - 25/03/03 03:59:52 INFO StandaloneSchedulerBackend: Shutting down all executors
[2025-03-03T03:59:52.359+0000] {spark_submit.py:641} INFO - 25/03/03 03:59:52 INFO StandaloneSchedulerBackend$StandaloneDriverEndpoint: Asking each executor to shut down
[2025-03-03T03:59:52.375+0000] {spark_submit.py:641} INFO - 25/03/03 03:59:52 INFO MapOutputTrackerMasterEndpoint: MapOutputTrackerMasterEndpoint stopped!
[2025-03-03T03:59:52.387+0000] {spark_submit.py:641} INFO - 25/03/03 03:59:52 INFO MemoryStore: MemoryStore cleared
[2025-03-03T03:59:52.389+0000] {spark_submit.py:641} INFO - 25/03/03 03:59:52 INFO BlockManager: BlockManager stopped
[2025-03-03T03:59:52.394+0000] {spark_submit.py:641} INFO - 25/03/03 03:59:52 INFO BlockManagerMaster: BlockManagerMaster stopped
[2025-03-03T03:59:52.395+0000] {spark_submit.py:641} INFO - 25/03/03 03:59:52 INFO OutputCommitCoordinator$OutputCommitCoordinatorEndpoint: OutputCommitCoordinator stopped!
[2025-03-03T03:59:52.404+0000] {spark_submit.py:641} INFO - 25/03/03 03:59:52 INFO SparkContext: Successfully stopped SparkContext
[2025-03-03T03:59:52.405+0000] {spark_submit.py:641} INFO - 25/03/03 03:59:52 INFO ShutdownHookManager: Shutdown hook called
[2025-03-03T03:59:52.406+0000] {spark_submit.py:641} INFO - 25/03/03 03:59:52 INFO ShutdownHookManager: Deleting directory /tmp/spark-a8843506-c9cf-4208-91fc-390500b53611
[2025-03-03T03:59:52.408+0000] {spark_submit.py:641} INFO - 25/03/03 03:59:52 INFO ShutdownHookManager: Deleting directory /tmp/spark-d8379d5f-fcbf-4d4e-8146-9b1796de69b9
[2025-03-03T03:59:52.412+0000] {spark_submit.py:641} INFO - 25/03/03 03:59:52 INFO ShutdownHookManager: Deleting directory /tmp/spark-a8843506-c9cf-4208-91fc-390500b53611/pyspark-31f35bbe-67d6-48e6-84e4-8c9e0de5225f
[2025-03-03T03:59:52.451+0000] {taskinstance.py:3313} ERROR - Task failed with exception
Traceback (most recent call last):
  File "/home/airflow/.local/lib/python3.12/site-packages/airflow/models/taskinstance.py", line 768, in _execute_task
    result = _execute_callable(context=context, **execute_callable_kwargs)
             ^^^^^^^^^^^^^^^^^^^^^^^^^^^^^^^^^^^^^^^^^^^^^^^^^^^^^^^^^^^^^
  File "/home/airflow/.local/lib/python3.12/site-packages/airflow/models/taskinstance.py", line 734, in _execute_callable
    return ExecutionCallableRunner(
           ^^^^^^^^^^^^^^^^^^^^^^^^
  File "/home/airflow/.local/lib/python3.12/site-packages/airflow/utils/operator_helpers.py", line 252, in run
    return self.func(*args, **kwargs)
           ^^^^^^^^^^^^^^^^^^^^^^^^^^
  File "/home/airflow/.local/lib/python3.12/site-packages/airflow/models/baseoperator.py", line 424, in wrapper
    return func(self, *args, **kwargs)
           ^^^^^^^^^^^^^^^^^^^^^^^^^^^
  File "/home/airflow/.local/lib/python3.12/site-packages/airflow/providers/apache/spark/operators/spark_submit.py", line 177, in execute
    self._hook.submit(self.application)
  File "/home/airflow/.local/lib/python3.12/site-packages/airflow/providers/apache/spark/hooks/spark_submit.py", line 567, in submit
    raise AirflowException(
airflow.exceptions.AirflowException: Cannot execute: spark-submit --master spark://spark-master:7077 --name arrow-spark --verbose ./dags/operators/transform_forex_data.py /usr/local/***/include/data/usd_php_forex_4hour.csv. Error code is: 1.
[2025-03-03T03:59:52.457+0000] {taskinstance.py:1226} INFO - Marking task as UP_FOR_RETRY. dag_id=forex_ml_pipeline, task_id=transform_forex_data, run_id=manual__2025-03-03T03:55:28.992483+00:00, execution_date=20250303T035528, start_date=20250303T035946, end_date=20250303T035952
[2025-03-03T03:59:52.486+0000] {taskinstance.py:341} INFO - ::group::Post task execution logs
[2025-03-03T03:59:52.487+0000] {standard_task_runner.py:124} ERROR - Failed to execute job 9 for task transform_forex_data (Cannot execute: spark-submit --master spark://spark-master:7077 --name arrow-spark --verbose ./dags/operators/transform_forex_data.py /usr/local/***/include/data/usd_php_forex_4hour.csv. Error code is: 1.; 1142)
Traceback (most recent call last):
  File "/home/airflow/.local/lib/python3.12/site-packages/airflow/task/task_runner/standard_task_runner.py", line 117, in _start_by_fork
    ret = args.func(args, dag=self.dag)
          ^^^^^^^^^^^^^^^^^^^^^^^^^^^^^
  File "/home/airflow/.local/lib/python3.12/site-packages/airflow/cli/cli_config.py", line 49, in command
    return func(*args, **kwargs)
           ^^^^^^^^^^^^^^^^^^^^^
  File "/home/airflow/.local/lib/python3.12/site-packages/airflow/utils/cli.py", line 116, in wrapper
    return f(*args, **kwargs)
           ^^^^^^^^^^^^^^^^^^
  File "/home/airflow/.local/lib/python3.12/site-packages/airflow/cli/commands/task_command.py", line 483, in task_run
    task_return_code = _run_task_by_selected_method(args, _dag, ti)
                       ^^^^^^^^^^^^^^^^^^^^^^^^^^^^^^^^^^^^^^^^^^^^
  File "/home/airflow/.local/lib/python3.12/site-packages/airflow/cli/commands/task_command.py", line 256, in _run_task_by_selected_method
    return _run_raw_task(args, ti)
           ^^^^^^^^^^^^^^^^^^^^^^^
  File "/home/airflow/.local/lib/python3.12/site-packages/airflow/cli/commands/task_command.py", line 341, in _run_raw_task
    return ti._run_raw_task(
           ^^^^^^^^^^^^^^^^^
  File "/home/airflow/.local/lib/python3.12/site-packages/airflow/utils/session.py", line 97, in wrapper
    return func(*args, session=session, **kwargs)
           ^^^^^^^^^^^^^^^^^^^^^^^^^^^^^^^^^^^^^^
  File "/home/airflow/.local/lib/python3.12/site-packages/airflow/models/taskinstance.py", line 3006, in _run_raw_task
    return _run_raw_task(
           ^^^^^^^^^^^^^^
  File "/home/airflow/.local/lib/python3.12/site-packages/airflow/models/taskinstance.py", line 274, in _run_raw_task
    TaskInstance._execute_task_with_callbacks(
  File "/home/airflow/.local/lib/python3.12/site-packages/airflow/models/taskinstance.py", line 3161, in _execute_task_with_callbacks
    result = self._execute_task(context, task_orig)
             ^^^^^^^^^^^^^^^^^^^^^^^^^^^^^^^^^^^^^^
  File "/home/airflow/.local/lib/python3.12/site-packages/airflow/models/taskinstance.py", line 3185, in _execute_task
    return _execute_task(self, context, task_orig)
           ^^^^^^^^^^^^^^^^^^^^^^^^^^^^^^^^^^^^^^^
  File "/home/airflow/.local/lib/python3.12/site-packages/airflow/models/taskinstance.py", line 768, in _execute_task
    result = _execute_callable(context=context, **execute_callable_kwargs)
             ^^^^^^^^^^^^^^^^^^^^^^^^^^^^^^^^^^^^^^^^^^^^^^^^^^^^^^^^^^^^^
  File "/home/airflow/.local/lib/python3.12/site-packages/airflow/models/taskinstance.py", line 734, in _execute_callable
    return ExecutionCallableRunner(
           ^^^^^^^^^^^^^^^^^^^^^^^^
  File "/home/airflow/.local/lib/python3.12/site-packages/airflow/utils/operator_helpers.py", line 252, in run
    return self.func(*args, **kwargs)
           ^^^^^^^^^^^^^^^^^^^^^^^^^^
  File "/home/airflow/.local/lib/python3.12/site-packages/airflow/models/baseoperator.py", line 424, in wrapper
    return func(self, *args, **kwargs)
           ^^^^^^^^^^^^^^^^^^^^^^^^^^^
  File "/home/airflow/.local/lib/python3.12/site-packages/airflow/providers/apache/spark/operators/spark_submit.py", line 177, in execute
    self._hook.submit(self.application)
  File "/home/airflow/.local/lib/python3.12/site-packages/airflow/providers/apache/spark/hooks/spark_submit.py", line 567, in submit
    raise AirflowException(
airflow.exceptions.AirflowException: Cannot execute: spark-submit --master spark://spark-master:7077 --name arrow-spark --verbose ./dags/operators/transform_forex_data.py /usr/local/***/include/data/usd_php_forex_4hour.csv. Error code is: 1.
[2025-03-03T03:59:52.496+0000] {local_task_job_runner.py:266} INFO - Task exited with return code 1
[2025-03-03T03:59:52.516+0000] {taskinstance.py:3901} INFO - 0 downstream tasks scheduled from follow-on schedule check
[2025-03-03T03:59:52.520+0000] {local_task_job_runner.py:245} INFO - ::endgroup::
