[2025-03-03T04:01:52.810+0000] {local_task_job_runner.py:123} INFO - ::group::Pre task execution logs
[2025-03-03T04:01:52.826+0000] {taskinstance.py:2614} INFO - Dependencies all met for dep_context=non-requeueable deps ti=<TaskInstance: forex_ml_pipeline.transform_forex_data manual__2025-03-03T03:55:28.992483+00:00 [queued]>
[2025-03-03T04:01:52.836+0000] {taskinstance.py:2614} INFO - Dependencies all met for dep_context=requeueable deps ti=<TaskInstance: forex_ml_pipeline.transform_forex_data manual__2025-03-03T03:55:28.992483+00:00 [queued]>
[2025-03-03T04:01:52.837+0000] {taskinstance.py:2867} INFO - Starting attempt 4 of 4
[2025-03-03T04:01:52.147+0000] {taskinstance.py:2890} INFO - Executing <Task(SparkSubmitOperator): transform_forex_data> on 2025-03-03 03:55:28.992483+00:00
[2025-03-03T04:01:52.154+0000] {standard_task_runner.py:104} INFO - Running: ['***', 'tasks', 'run', 'forex_ml_pipeline', 'transform_forex_data', 'manual__2025-03-03T03:55:28.992483+00:00', '--job-id', '11', '--raw', '--subdir', 'DAGS_FOLDER/forex_ml_pipeline.py', '--cfg-path', '/tmp/tmpuobwdcxf']
[2025-03-03T04:01:52.156+0000] {standard_task_runner.py:105} INFO - Job 11: Subtask transform_forex_data
[2025-03-03T04:01:52.157+0000] {logging_mixin.py:190} WARNING - /home/***/.local/lib/python3.12/site-packages/***/task/task_runner/standard_task_runner.py:70 DeprecationWarning: This process (pid=1554) is multi-threaded, use of fork() may lead to deadlocks in the child.
[2025-03-03T04:01:52.158+0000] {standard_task_runner.py:72} INFO - Started process 1557 to run task
[2025-03-03T04:01:52.198+0000] {task_command.py:467} INFO - Running <TaskInstance: forex_ml_pipeline.transform_forex_data manual__2025-03-03T03:55:28.992483+00:00 [running]> on host ec8f43f16e92
[2025-03-03T04:01:52.271+0000] {taskinstance.py:3134} INFO - Exporting env vars: AIRFLOW_CTX_DAG_OWNER='mikhail' AIRFLOW_CTX_DAG_ID='forex_ml_pipeline' AIRFLOW_CTX_TASK_ID='transform_forex_data' AIRFLOW_CTX_EXECUTION_DATE='2025-03-03T03:55:28.992483+00:00' AIRFLOW_CTX_TRY_NUMBER='4' AIRFLOW_CTX_DAG_RUN_ID='manual__2025-03-03T03:55:28.992483+00:00'
[2025-03-03T04:01:52.272+0000] {taskinstance.py:732} INFO - ::endgroup::
[2025-03-03T04:01:52.290+0000] {base.py:84} INFO - Retrieving connection 'my_spark_conn'
[2025-03-03T04:01:52.291+0000] {spark_submit.py:474} INFO - Spark-Submit cmd: spark-submit --master spark://spark-master:7077 --name arrow-spark --verbose ./dags/operators/transform_forex_data.py /usr/local/***/include/data/usd_php_forex_4hour.csv
[2025-03-03T04:01:53.374+0000] {spark_submit.py:641} INFO - Using properties file: null
[2025-03-03T04:01:53.464+0000] {spark_submit.py:641} INFO - Parsed arguments:
[2025-03-03T04:01:53.465+0000] {spark_submit.py:641} INFO - master                  spark://spark-master:7077
[2025-03-03T04:01:53.465+0000] {spark_submit.py:641} INFO - remote                  null
[2025-03-03T04:01:53.466+0000] {spark_submit.py:641} INFO - deployMode              null
[2025-03-03T04:01:53.467+0000] {spark_submit.py:641} INFO - executorMemory          null
[2025-03-03T04:01:53.467+0000] {spark_submit.py:641} INFO - executorCores           null
[2025-03-03T04:01:53.468+0000] {spark_submit.py:641} INFO - totalExecutorCores      null
[2025-03-03T04:01:53.468+0000] {spark_submit.py:641} INFO - propertiesFile          null
[2025-03-03T04:01:53.469+0000] {spark_submit.py:641} INFO - driverMemory            null
[2025-03-03T04:01:53.470+0000] {spark_submit.py:641} INFO - driverCores             null
[2025-03-03T04:01:53.470+0000] {spark_submit.py:641} INFO - driverExtraClassPath    null
[2025-03-03T04:01:53.470+0000] {spark_submit.py:641} INFO - driverExtraLibraryPath  null
[2025-03-03T04:01:53.471+0000] {spark_submit.py:641} INFO - driverExtraJavaOptions  null
[2025-03-03T04:01:53.471+0000] {spark_submit.py:641} INFO - supervise               false
[2025-03-03T04:01:53.472+0000] {spark_submit.py:641} INFO - queue                   null
[2025-03-03T04:01:53.473+0000] {spark_submit.py:641} INFO - numExecutors            null
[2025-03-03T04:01:53.473+0000] {spark_submit.py:641} INFO - files                   null
[2025-03-03T04:01:53.474+0000] {spark_submit.py:641} INFO - pyFiles                 null
[2025-03-03T04:01:53.474+0000] {spark_submit.py:641} INFO - archives                null
[2025-03-03T04:01:53.475+0000] {spark_submit.py:641} INFO - mainClass               null
[2025-03-03T04:01:53.475+0000] {spark_submit.py:641} INFO - primaryResource         file:/opt/***/dags/operators/transform_forex_data.py
[2025-03-03T04:01:53.476+0000] {spark_submit.py:641} INFO - name                    arrow-spark
[2025-03-03T04:01:53.476+0000] {spark_submit.py:641} INFO - childArgs               [/usr/local/***/include/data/usd_php_forex_4hour.csv]
[2025-03-03T04:01:53.477+0000] {spark_submit.py:641} INFO - jars                    null
[2025-03-03T04:01:53.478+0000] {spark_submit.py:641} INFO - packages                null
[2025-03-03T04:01:53.478+0000] {spark_submit.py:641} INFO - packagesExclusions      null
[2025-03-03T04:01:53.479+0000] {spark_submit.py:641} INFO - repositories            null
[2025-03-03T04:01:53.479+0000] {spark_submit.py:641} INFO - verbose                 true
[2025-03-03T04:01:53.480+0000] {spark_submit.py:641} INFO - 
[2025-03-03T04:01:53.481+0000] {spark_submit.py:641} INFO - Spark properties used, including those specified through
[2025-03-03T04:01:53.481+0000] {spark_submit.py:641} INFO - --conf and those from the properties file null:
[2025-03-03T04:01:53.482+0000] {spark_submit.py:641} INFO - 
[2025-03-03T04:01:53.482+0000] {spark_submit.py:641} INFO - 
[2025-03-03T04:01:53.483+0000] {spark_submit.py:641} INFO - 
[2025-03-03T04:01:53.664+0000] {spark_submit.py:641} INFO - Main class:
[2025-03-03T04:01:53.665+0000] {spark_submit.py:641} INFO - org.apache.spark.deploy.PythonRunner
[2025-03-03T04:01:53.665+0000] {spark_submit.py:641} INFO - Arguments:
[2025-03-03T04:01:53.666+0000] {spark_submit.py:641} INFO - file:/opt/***/dags/operators/transform_forex_data.py
[2025-03-03T04:01:53.667+0000] {spark_submit.py:641} INFO - null
[2025-03-03T04:01:53.667+0000] {spark_submit.py:641} INFO - /usr/local/***/include/data/usd_php_forex_4hour.csv
[2025-03-03T04:01:53.669+0000] {spark_submit.py:641} INFO - Spark config:
[2025-03-03T04:01:53.670+0000] {spark_submit.py:641} INFO - (spark.app.name,arrow-spark)
[2025-03-03T04:01:53.671+0000] {spark_submit.py:641} INFO - (spark.app.submitTime,1740974513643)
[2025-03-03T04:01:53.672+0000] {spark_submit.py:641} INFO - (spark.master,spark://spark-master:7077)
[2025-03-03T04:01:53.672+0000] {spark_submit.py:641} INFO - (spark.submit.deployMode,client)
[2025-03-03T04:01:53.673+0000] {spark_submit.py:641} INFO - (spark.submit.pyFiles,)
[2025-03-03T04:01:53.674+0000] {spark_submit.py:641} INFO - Classpath elements:
[2025-03-03T04:01:53.674+0000] {spark_submit.py:641} INFO - 
[2025-03-03T04:01:53.675+0000] {spark_submit.py:641} INFO - 
[2025-03-03T04:01:53.676+0000] {spark_submit.py:641} INFO - 
[2025-03-03T04:01:54.886+0000] {spark_submit.py:641} INFO - ['/opt/***/dags/operators/transform_forex_data.py', '/usr/local/***/include/data/usd_php_forex_4hour.csv']
[2025-03-03T04:01:54.887+0000] {spark_submit.py:641} INFO - CSV FILE PATH: /usr/local/***/include/data/usd_php_forex_4hour.csv
[2025-03-03T04:01:54.963+0000] {spark_submit.py:641} INFO - 25/03/03 04:01:54 INFO SparkContext: Running Spark version 3.5.5
[2025-03-03T04:01:54.966+0000] {spark_submit.py:641} INFO - 25/03/03 04:01:54 INFO SparkContext: OS info Linux, 5.15.167.4-microsoft-standard-WSL2, amd64
[2025-03-03T04:01:54.967+0000] {spark_submit.py:641} INFO - 25/03/03 04:01:54 INFO SparkContext: Java version 17.0.14
[2025-03-03T04:01:55.011+0000] {spark_submit.py:641} INFO - 25/03/03 04:01:55 WARN NativeCodeLoader: Unable to load native-hadoop library for your platform... using builtin-java classes where applicable
[2025-03-03T04:01:55.093+0000] {spark_submit.py:641} INFO - 25/03/03 04:01:55 INFO ResourceUtils: ==============================================================
[2025-03-03T04:01:55.094+0000] {spark_submit.py:641} INFO - 25/03/03 04:01:55 INFO ResourceUtils: No custom resources configured for spark.driver.
[2025-03-03T04:01:55.094+0000] {spark_submit.py:641} INFO - 25/03/03 04:01:55 INFO ResourceUtils: ==============================================================
[2025-03-03T04:01:55.095+0000] {spark_submit.py:641} INFO - 25/03/03 04:01:55 INFO SparkContext: Submitted application: feature-engineering
[2025-03-03T04:01:55.113+0000] {spark_submit.py:641} INFO - 25/03/03 04:01:55 INFO ResourceProfile: Default ResourceProfile created, executor resources: Map(memory -> name: memory, amount: 1024, script: , vendor: , offHeap -> name: offHeap, amount: 0, script: , vendor: ), task resources: Map(cpus -> name: cpus, amount: 1.0)
[2025-03-03T04:01:55.122+0000] {spark_submit.py:641} INFO - 25/03/03 04:01:55 INFO ResourceProfile: Limiting resource is cpu
[2025-03-03T04:01:55.123+0000] {spark_submit.py:641} INFO - 25/03/03 04:01:55 INFO ResourceProfileManager: Added ResourceProfile id: 0
[2025-03-03T04:01:55.166+0000] {spark_submit.py:641} INFO - 25/03/03 04:01:55 INFO SecurityManager: Changing view acls to: ***
[2025-03-03T04:01:55.167+0000] {spark_submit.py:641} INFO - 25/03/03 04:01:55 INFO SecurityManager: Changing modify acls to: ***
[2025-03-03T04:01:55.167+0000] {spark_submit.py:641} INFO - 25/03/03 04:01:55 INFO SecurityManager: Changing view acls groups to:
[2025-03-03T04:01:55.168+0000] {spark_submit.py:641} INFO - 25/03/03 04:01:55 INFO SecurityManager: Changing modify acls groups to:
[2025-03-03T04:01:55.169+0000] {spark_submit.py:641} INFO - 25/03/03 04:01:55 INFO SecurityManager: SecurityManager: authentication disabled; ui acls disabled; users with view permissions: ***; groups with view permissions: EMPTY; users with modify permissions: ***; groups with modify permissions: EMPTY
[2025-03-03T04:01:55.382+0000] {spark_submit.py:641} INFO - 25/03/03 04:01:55 INFO Utils: Successfully started service 'sparkDriver' on port 43123.
[2025-03-03T04:01:55.406+0000] {spark_submit.py:641} INFO - 25/03/03 04:01:55 INFO SparkEnv: Registering MapOutputTracker
[2025-03-03T04:01:55.445+0000] {spark_submit.py:641} INFO - 25/03/03 04:01:55 INFO SparkEnv: Registering BlockManagerMaster
[2025-03-03T04:01:55.460+0000] {spark_submit.py:641} INFO - 25/03/03 04:01:55 INFO BlockManagerMasterEndpoint: Using org.apache.spark.storage.DefaultTopologyMapper for getting topology information
[2025-03-03T04:01:55.461+0000] {spark_submit.py:641} INFO - 25/03/03 04:01:55 INFO BlockManagerMasterEndpoint: BlockManagerMasterEndpoint up
[2025-03-03T04:01:55.465+0000] {spark_submit.py:641} INFO - 25/03/03 04:01:55 INFO SparkEnv: Registering BlockManagerMasterHeartbeat
[2025-03-03T04:01:55.487+0000] {spark_submit.py:641} INFO - 25/03/03 04:01:55 INFO DiskBlockManager: Created local directory at /tmp/blockmgr-17220c4b-a3b5-4fd0-9e88-1b0cde0c08d8
[2025-03-03T04:01:55.498+0000] {spark_submit.py:641} INFO - 25/03/03 04:01:55 INFO MemoryStore: MemoryStore started with capacity 434.4 MiB
[2025-03-03T04:01:55.514+0000] {spark_submit.py:641} INFO - 25/03/03 04:01:55 INFO SparkEnv: Registering OutputCommitCoordinator
[2025-03-03T04:01:55.609+0000] {spark_submit.py:641} INFO - 25/03/03 04:01:55 INFO JettyUtils: Start Jetty 0.0.0.0:4040 for SparkUI
[2025-03-03T04:01:55.661+0000] {spark_submit.py:641} INFO - 25/03/03 04:01:55 INFO Utils: Successfully started service 'SparkUI' on port 4040.
[2025-03-03T04:01:55.774+0000] {spark_submit.py:641} INFO - 25/03/03 04:01:55 INFO StandaloneAppClient$ClientEndpoint: Connecting to master spark://spark-master:7077...
[2025-03-03T04:01:55.819+0000] {spark_submit.py:641} INFO - 25/03/03 04:01:55 INFO TransportClientFactory: Successfully created connection to spark-master/172.19.0.3:7077 after 25 ms (0 ms spent in bootstraps)
[2025-03-03T04:01:55.899+0000] {spark_submit.py:641} INFO - 25/03/03 04:01:55 INFO StandaloneSchedulerBackend: Connected to Spark cluster with app ID app-20250303040155-0006
[2025-03-03T04:01:55.904+0000] {spark_submit.py:641} INFO - 25/03/03 04:01:55 INFO StandaloneAppClient$ClientEndpoint: Executor added: app-20250303040155-0006/0 on worker-20250303035026-172.19.0.4-41933 (172.19.0.4:41933) with 2 core(s)
[2025-03-03T04:01:55.910+0000] {spark_submit.py:641} INFO - 25/03/03 04:01:55 INFO StandaloneSchedulerBackend: Granted executor ID app-20250303040155-0006/0 on hostPort 172.19.0.4:41933 with 2 core(s), 1024.0 MiB RAM
[2025-03-03T04:01:55.913+0000] {spark_submit.py:641} INFO - 25/03/03 04:01:55 INFO Utils: Successfully started service 'org.apache.spark.network.netty.NettyBlockTransferService' on port 34787.
[2025-03-03T04:01:55.913+0000] {spark_submit.py:641} INFO - 25/03/03 04:01:55 INFO NettyBlockTransferService: Server created on ec8f43f16e92:34787
[2025-03-03T04:01:55.916+0000] {spark_submit.py:641} INFO - 25/03/03 04:01:55 INFO BlockManager: Using org.apache.spark.storage.RandomBlockReplicationPolicy for block replication policy
[2025-03-03T04:01:55.925+0000] {spark_submit.py:641} INFO - 25/03/03 04:01:55 INFO BlockManagerMaster: Registering BlockManager BlockManagerId(driver, ec8f43f16e92, 34787, None)
[2025-03-03T04:01:55.930+0000] {spark_submit.py:641} INFO - 25/03/03 04:01:55 INFO BlockManagerMasterEndpoint: Registering block manager ec8f43f16e92:34787 with 434.4 MiB RAM, BlockManagerId(driver, ec8f43f16e92, 34787, None)
[2025-03-03T04:01:55.932+0000] {spark_submit.py:641} INFO - 25/03/03 04:01:55 INFO BlockManagerMaster: Registered BlockManager BlockManagerId(driver, ec8f43f16e92, 34787, None)
[2025-03-03T04:01:55.935+0000] {spark_submit.py:641} INFO - 25/03/03 04:01:55 INFO BlockManager: Initialized BlockManager: BlockManagerId(driver, ec8f43f16e92, 34787, None)
[2025-03-03T04:01:55.940+0000] {spark_submit.py:641} INFO - 25/03/03 04:01:55 INFO StandaloneAppClient$ClientEndpoint: Executor updated: app-20250303040155-0006/0 is now RUNNING
[2025-03-03T04:01:56.143+0000] {spark_submit.py:641} INFO - 25/03/03 04:01:56 INFO StandaloneSchedulerBackend: SchedulerBackend is ready for scheduling beginning after reached minRegisteredResourcesRatio: 0.0
[2025-03-03T04:01:56.379+0000] {spark_submit.py:641} INFO - 25/03/03 04:01:56 INFO SharedState: Setting hive.metastore.warehouse.dir ('null') to the value of spark.sql.warehouse.dir.
[2025-03-03T04:01:56.385+0000] {spark_submit.py:641} INFO - 25/03/03 04:01:56 INFO SharedState: Warehouse path is 'file:/opt/***/spark-warehouse'.
[2025-03-03T04:01:57.452+0000] {spark_submit.py:641} INFO - Traceback (most recent call last):
[2025-03-03T04:01:57.453+0000] {spark_submit.py:641} INFO - File "/opt/***/dags/operators/transform_forex_data.py", line 71, in <module>
[2025-03-03T04:01:57.456+0000] {spark_submit.py:641} INFO - transform_forex_data(file_path=file_path)
[2025-03-03T04:01:57.456+0000] {spark_submit.py:641} INFO - File "/opt/***/dags/operators/transform_forex_data.py", line 10, in transform_forex_data
[2025-03-03T04:01:57.459+0000] {spark_submit.py:641} INFO - usd_php_forex_4h_spark_df = spark.read.csv(file_path, header=True, inferSchema=True)
[2025-03-03T04:01:57.460+0000] {spark_submit.py:641} INFO - ^^^^^^^^^^^^^^^^^^^^^^^^^^^^^^^^^^^^^^^^^^^^^^^^^^^^^^^^
[2025-03-03T04:01:57.461+0000] {spark_submit.py:641} INFO - File "/home/***/.local/lib/python3.12/site-packages/pyspark/python/lib/pyspark.zip/pyspark/sql/readwriter.py", line 740, in csv
[2025-03-03T04:01:57.462+0000] {spark_submit.py:641} INFO - File "/home/***/.local/lib/python3.12/site-packages/pyspark/python/lib/py4j-0.10.9.7-src.zip/py4j/java_gateway.py", line 1322, in __call__
[2025-03-03T04:01:57.462+0000] {spark_submit.py:641} INFO - File "/home/***/.local/lib/python3.12/site-packages/pyspark/python/lib/pyspark.zip/pyspark/errors/exceptions/captured.py", line 185, in deco
[2025-03-03T04:01:57.471+0000] {spark_submit.py:641} INFO - pyspark.errors.exceptions.captured.AnalysisException: [PATH_NOT_FOUND] Path does not exist: file:/usr/local/***/include/data/usd_php_forex_4hour.csv.
[2025-03-03T04:01:57.550+0000] {spark_submit.py:641} INFO - 25/03/03 04:01:57 INFO SparkContext: Invoking stop() from shutdown hook
[2025-03-03T04:01:57.550+0000] {spark_submit.py:641} INFO - 25/03/03 04:01:57 INFO SparkContext: SparkContext is stopping with exitCode 0.
[2025-03-03T04:01:57.561+0000] {spark_submit.py:641} INFO - 25/03/03 04:01:57 INFO SparkUI: Stopped Spark web UI at http://ec8f43f16e92:4040
[2025-03-03T04:01:57.567+0000] {spark_submit.py:641} INFO - 25/03/03 04:01:57 INFO StandaloneSchedulerBackend: Shutting down all executors
[2025-03-03T04:01:57.570+0000] {spark_submit.py:641} INFO - 25/03/03 04:01:57 INFO StandaloneSchedulerBackend$StandaloneDriverEndpoint: Asking each executor to shut down
[2025-03-03T04:01:57.589+0000] {spark_submit.py:641} INFO - 25/03/03 04:01:57 INFO MapOutputTrackerMasterEndpoint: MapOutputTrackerMasterEndpoint stopped!
[2025-03-03T04:01:57.614+0000] {spark_submit.py:641} INFO - 25/03/03 04:01:57 INFO MemoryStore: MemoryStore cleared
[2025-03-03T04:01:57.615+0000] {spark_submit.py:641} INFO - 25/03/03 04:01:57 INFO BlockManager: BlockManager stopped
[2025-03-03T04:01:57.628+0000] {spark_submit.py:641} INFO - 25/03/03 04:01:57 INFO BlockManagerMaster: BlockManagerMaster stopped
[2025-03-03T04:01:57.630+0000] {spark_submit.py:641} INFO - 25/03/03 04:01:57 INFO OutputCommitCoordinator$OutputCommitCoordinatorEndpoint: OutputCommitCoordinator stopped!
[2025-03-03T04:01:57.641+0000] {spark_submit.py:641} INFO - 25/03/03 04:01:57 INFO SparkContext: Successfully stopped SparkContext
[2025-03-03T04:01:57.642+0000] {spark_submit.py:641} INFO - 25/03/03 04:01:57 INFO ShutdownHookManager: Shutdown hook called
[2025-03-03T04:01:57.643+0000] {spark_submit.py:641} INFO - 25/03/03 04:01:57 INFO ShutdownHookManager: Deleting directory /tmp/spark-126ec3a1-a5c4-403f-8620-f3ad07f14996
[2025-03-03T04:01:57.647+0000] {spark_submit.py:641} INFO - 25/03/03 04:01:57 INFO ShutdownHookManager: Deleting directory /tmp/spark-bebc4e72-f7ef-4e5c-a3f6-3b4224c222f8
[2025-03-03T04:01:57.652+0000] {spark_submit.py:641} INFO - 25/03/03 04:01:57 INFO ShutdownHookManager: Deleting directory /tmp/spark-bebc4e72-f7ef-4e5c-a3f6-3b4224c222f8/pyspark-d35b58bc-bbc2-4ef2-9a1d-a057e35dea3f
[2025-03-03T04:01:57.689+0000] {taskinstance.py:3313} ERROR - Task failed with exception
Traceback (most recent call last):
  File "/home/airflow/.local/lib/python3.12/site-packages/airflow/models/taskinstance.py", line 768, in _execute_task
    result = _execute_callable(context=context, **execute_callable_kwargs)
             ^^^^^^^^^^^^^^^^^^^^^^^^^^^^^^^^^^^^^^^^^^^^^^^^^^^^^^^^^^^^^
  File "/home/airflow/.local/lib/python3.12/site-packages/airflow/models/taskinstance.py", line 734, in _execute_callable
    return ExecutionCallableRunner(
           ^^^^^^^^^^^^^^^^^^^^^^^^
  File "/home/airflow/.local/lib/python3.12/site-packages/airflow/utils/operator_helpers.py", line 252, in run
    return self.func(*args, **kwargs)
           ^^^^^^^^^^^^^^^^^^^^^^^^^^
  File "/home/airflow/.local/lib/python3.12/site-packages/airflow/models/baseoperator.py", line 424, in wrapper
    return func(self, *args, **kwargs)
           ^^^^^^^^^^^^^^^^^^^^^^^^^^^
  File "/home/airflow/.local/lib/python3.12/site-packages/airflow/providers/apache/spark/operators/spark_submit.py", line 177, in execute
    self._hook.submit(self.application)
  File "/home/airflow/.local/lib/python3.12/site-packages/airflow/providers/apache/spark/hooks/spark_submit.py", line 567, in submit
    raise AirflowException(
airflow.exceptions.AirflowException: Cannot execute: spark-submit --master spark://spark-master:7077 --name arrow-spark --verbose ./dags/operators/transform_forex_data.py /usr/local/***/include/data/usd_php_forex_4hour.csv. Error code is: 1.
[2025-03-03T04:01:57.692+0000] {taskinstance.py:1226} INFO - Marking task as FAILED. dag_id=forex_ml_pipeline, task_id=transform_forex_data, run_id=manual__2025-03-03T03:55:28.992483+00:00, execution_date=20250303T035528, start_date=20250303T040152, end_date=20250303T040157
[2025-03-03T04:01:57.719+0000] {taskinstance.py:341} INFO - ::group::Post task execution logs
[2025-03-03T04:01:57.719+0000] {standard_task_runner.py:124} ERROR - Failed to execute job 11 for task transform_forex_data (Cannot execute: spark-submit --master spark://spark-master:7077 --name arrow-spark --verbose ./dags/operators/transform_forex_data.py /usr/local/***/include/data/usd_php_forex_4hour.csv. Error code is: 1.; 1557)
Traceback (most recent call last):
  File "/home/airflow/.local/lib/python3.12/site-packages/airflow/task/task_runner/standard_task_runner.py", line 117, in _start_by_fork
    ret = args.func(args, dag=self.dag)
          ^^^^^^^^^^^^^^^^^^^^^^^^^^^^^
  File "/home/airflow/.local/lib/python3.12/site-packages/airflow/cli/cli_config.py", line 49, in command
    return func(*args, **kwargs)
           ^^^^^^^^^^^^^^^^^^^^^
  File "/home/airflow/.local/lib/python3.12/site-packages/airflow/utils/cli.py", line 116, in wrapper
    return f(*args, **kwargs)
           ^^^^^^^^^^^^^^^^^^
  File "/home/airflow/.local/lib/python3.12/site-packages/airflow/cli/commands/task_command.py", line 483, in task_run
    task_return_code = _run_task_by_selected_method(args, _dag, ti)
                       ^^^^^^^^^^^^^^^^^^^^^^^^^^^^^^^^^^^^^^^^^^^^
  File "/home/airflow/.local/lib/python3.12/site-packages/airflow/cli/commands/task_command.py", line 256, in _run_task_by_selected_method
    return _run_raw_task(args, ti)
           ^^^^^^^^^^^^^^^^^^^^^^^
  File "/home/airflow/.local/lib/python3.12/site-packages/airflow/cli/commands/task_command.py", line 341, in _run_raw_task
    return ti._run_raw_task(
           ^^^^^^^^^^^^^^^^^
  File "/home/airflow/.local/lib/python3.12/site-packages/airflow/utils/session.py", line 97, in wrapper
    return func(*args, session=session, **kwargs)
           ^^^^^^^^^^^^^^^^^^^^^^^^^^^^^^^^^^^^^^
  File "/home/airflow/.local/lib/python3.12/site-packages/airflow/models/taskinstance.py", line 3006, in _run_raw_task
    return _run_raw_task(
           ^^^^^^^^^^^^^^
  File "/home/airflow/.local/lib/python3.12/site-packages/airflow/models/taskinstance.py", line 274, in _run_raw_task
    TaskInstance._execute_task_with_callbacks(
  File "/home/airflow/.local/lib/python3.12/site-packages/airflow/models/taskinstance.py", line 3161, in _execute_task_with_callbacks
    result = self._execute_task(context, task_orig)
             ^^^^^^^^^^^^^^^^^^^^^^^^^^^^^^^^^^^^^^
  File "/home/airflow/.local/lib/python3.12/site-packages/airflow/models/taskinstance.py", line 3185, in _execute_task
    return _execute_task(self, context, task_orig)
           ^^^^^^^^^^^^^^^^^^^^^^^^^^^^^^^^^^^^^^^
  File "/home/airflow/.local/lib/python3.12/site-packages/airflow/models/taskinstance.py", line 768, in _execute_task
    result = _execute_callable(context=context, **execute_callable_kwargs)
             ^^^^^^^^^^^^^^^^^^^^^^^^^^^^^^^^^^^^^^^^^^^^^^^^^^^^^^^^^^^^^
  File "/home/airflow/.local/lib/python3.12/site-packages/airflow/models/taskinstance.py", line 734, in _execute_callable
    return ExecutionCallableRunner(
           ^^^^^^^^^^^^^^^^^^^^^^^^
  File "/home/airflow/.local/lib/python3.12/site-packages/airflow/utils/operator_helpers.py", line 252, in run
    return self.func(*args, **kwargs)
           ^^^^^^^^^^^^^^^^^^^^^^^^^^
  File "/home/airflow/.local/lib/python3.12/site-packages/airflow/models/baseoperator.py", line 424, in wrapper
    return func(self, *args, **kwargs)
           ^^^^^^^^^^^^^^^^^^^^^^^^^^^
  File "/home/airflow/.local/lib/python3.12/site-packages/airflow/providers/apache/spark/operators/spark_submit.py", line 177, in execute
    self._hook.submit(self.application)
  File "/home/airflow/.local/lib/python3.12/site-packages/airflow/providers/apache/spark/hooks/spark_submit.py", line 567, in submit
    raise AirflowException(
airflow.exceptions.AirflowException: Cannot execute: spark-submit --master spark://spark-master:7077 --name arrow-spark --verbose ./dags/operators/transform_forex_data.py /usr/local/***/include/data/usd_php_forex_4hour.csv. Error code is: 1.
[2025-03-03T04:01:57.777+0000] {local_task_job_runner.py:266} INFO - Task exited with return code 1
[2025-03-03T04:01:57.786+0000] {local_task_job_runner.py:245} INFO - ::endgroup::
