[2025-03-03T03:57:39.674+0000] {local_task_job_runner.py:123} INFO - ::group::Pre task execution logs
[2025-03-03T03:57:39.692+0000] {taskinstance.py:2614} INFO - Dependencies all met for dep_context=non-requeueable deps ti=<TaskInstance: forex_ml_pipeline.transform_forex_data manual__2025-03-03T03:55:28.992483+00:00 [queued]>
[2025-03-03T03:57:39.701+0000] {taskinstance.py:2614} INFO - Dependencies all met for dep_context=requeueable deps ti=<TaskInstance: forex_ml_pipeline.transform_forex_data manual__2025-03-03T03:55:28.992483+00:00 [queued]>
[2025-03-03T03:57:39.702+0000] {taskinstance.py:2867} INFO - Starting attempt 2 of 4
[2025-03-03T03:57:39.715+0000] {taskinstance.py:2890} INFO - Executing <Task(SparkSubmitOperator): transform_forex_data> on 2025-03-03 03:55:28.992483+00:00
[2025-03-03T03:57:39.722+0000] {standard_task_runner.py:104} INFO - Running: ['***', 'tasks', 'run', 'forex_ml_pipeline', 'transform_forex_data', 'manual__2025-03-03T03:55:28.992483+00:00', '--job-id', '7', '--raw', '--subdir', 'DAGS_FOLDER/forex_ml_pipeline.py', '--cfg-path', '/tmp/tmp1g42acnq']
[2025-03-03T03:57:39.724+0000] {standard_task_runner.py:105} INFO - Job 7: Subtask transform_forex_data
[2025-03-03T03:57:39.725+0000] {logging_mixin.py:190} WARNING - /home/***/.local/lib/python3.12/site-packages/***/task/task_runner/standard_task_runner.py:70 DeprecationWarning: This process (pid=723) is multi-threaded, use of fork() may lead to deadlocks in the child.
[2025-03-03T03:57:39.726+0000] {standard_task_runner.py:72} INFO - Started process 733 to run task
[2025-03-03T03:57:39.762+0000] {task_command.py:467} INFO - Running <TaskInstance: forex_ml_pipeline.transform_forex_data manual__2025-03-03T03:55:28.992483+00:00 [running]> on host ec8f43f16e92
[2025-03-03T03:57:39.829+0000] {taskinstance.py:3134} INFO - Exporting env vars: AIRFLOW_CTX_DAG_OWNER='mikhail' AIRFLOW_CTX_DAG_ID='forex_ml_pipeline' AIRFLOW_CTX_TASK_ID='transform_forex_data' AIRFLOW_CTX_EXECUTION_DATE='2025-03-03T03:55:28.992483+00:00' AIRFLOW_CTX_TRY_NUMBER='2' AIRFLOW_CTX_DAG_RUN_ID='manual__2025-03-03T03:55:28.992483+00:00'
[2025-03-03T03:57:39.831+0000] {taskinstance.py:732} INFO - ::endgroup::
[2025-03-03T03:57:39.847+0000] {base.py:84} INFO - Retrieving connection 'my_spark_conn'
[2025-03-03T03:57:39.848+0000] {spark_submit.py:474} INFO - Spark-Submit cmd: spark-submit --master spark://spark-master:7077 --name arrow-spark --verbose ./dags/operators/transform_forex_data.py /usr/local/***/include/data/usd_php_forex_4hour.csv
[2025-03-03T03:57:40.986+0000] {spark_submit.py:641} INFO - Using properties file: null
[2025-03-03T03:57:41.075+0000] {spark_submit.py:641} INFO - Parsed arguments:
[2025-03-03T03:57:41.076+0000] {spark_submit.py:641} INFO - master                  spark://spark-master:7077
[2025-03-03T03:57:41.077+0000] {spark_submit.py:641} INFO - remote                  null
[2025-03-03T03:57:41.077+0000] {spark_submit.py:641} INFO - deployMode              null
[2025-03-03T03:57:41.078+0000] {spark_submit.py:641} INFO - executorMemory          null
[2025-03-03T03:57:41.078+0000] {spark_submit.py:641} INFO - executorCores           null
[2025-03-03T03:57:41.079+0000] {spark_submit.py:641} INFO - totalExecutorCores      null
[2025-03-03T03:57:41.079+0000] {spark_submit.py:641} INFO - propertiesFile          null
[2025-03-03T03:57:41.080+0000] {spark_submit.py:641} INFO - driverMemory            null
[2025-03-03T03:57:41.080+0000] {spark_submit.py:641} INFO - driverCores             null
[2025-03-03T03:57:41.081+0000] {spark_submit.py:641} INFO - driverExtraClassPath    null
[2025-03-03T03:57:41.082+0000] {spark_submit.py:641} INFO - driverExtraLibraryPath  null
[2025-03-03T03:57:41.082+0000] {spark_submit.py:641} INFO - driverExtraJavaOptions  null
[2025-03-03T03:57:41.083+0000] {spark_submit.py:641} INFO - supervise               false
[2025-03-03T03:57:41.083+0000] {spark_submit.py:641} INFO - queue                   null
[2025-03-03T03:57:41.084+0000] {spark_submit.py:641} INFO - numExecutors            null
[2025-03-03T03:57:41.084+0000] {spark_submit.py:641} INFO - files                   null
[2025-03-03T03:57:41.085+0000] {spark_submit.py:641} INFO - pyFiles                 null
[2025-03-03T03:57:41.085+0000] {spark_submit.py:641} INFO - archives                null
[2025-03-03T03:57:41.086+0000] {spark_submit.py:641} INFO - mainClass               null
[2025-03-03T03:57:41.086+0000] {spark_submit.py:641} INFO - primaryResource         file:/opt/***/dags/operators/transform_forex_data.py
[2025-03-03T03:57:41.087+0000] {spark_submit.py:641} INFO - name                    arrow-spark
[2025-03-03T03:57:41.088+0000] {spark_submit.py:641} INFO - childArgs               [/usr/local/***/include/data/usd_php_forex_4hour.csv]
[2025-03-03T03:57:41.088+0000] {spark_submit.py:641} INFO - jars                    null
[2025-03-03T03:57:41.089+0000] {spark_submit.py:641} INFO - packages                null
[2025-03-03T03:57:41.089+0000] {spark_submit.py:641} INFO - packagesExclusions      null
[2025-03-03T03:57:41.090+0000] {spark_submit.py:641} INFO - repositories            null
[2025-03-03T03:57:41.090+0000] {spark_submit.py:641} INFO - verbose                 true
[2025-03-03T03:57:41.091+0000] {spark_submit.py:641} INFO - 
[2025-03-03T03:57:41.091+0000] {spark_submit.py:641} INFO - Spark properties used, including those specified through
[2025-03-03T03:57:41.092+0000] {spark_submit.py:641} INFO - --conf and those from the properties file null:
[2025-03-03T03:57:41.092+0000] {spark_submit.py:641} INFO - 
[2025-03-03T03:57:41.093+0000] {spark_submit.py:641} INFO - 
[2025-03-03T03:57:41.093+0000] {spark_submit.py:641} INFO - 
[2025-03-03T03:57:41.311+0000] {spark_submit.py:641} INFO - Main class:
[2025-03-03T03:57:41.312+0000] {spark_submit.py:641} INFO - org.apache.spark.deploy.PythonRunner
[2025-03-03T03:57:41.313+0000] {spark_submit.py:641} INFO - Arguments:
[2025-03-03T03:57:41.313+0000] {spark_submit.py:641} INFO - file:/opt/***/dags/operators/transform_forex_data.py
[2025-03-03T03:57:41.314+0000] {spark_submit.py:641} INFO - null
[2025-03-03T03:57:41.315+0000] {spark_submit.py:641} INFO - /usr/local/***/include/data/usd_php_forex_4hour.csv
[2025-03-03T03:57:41.316+0000] {spark_submit.py:641} INFO - Spark config:
[2025-03-03T03:57:41.317+0000] {spark_submit.py:641} INFO - (spark.app.name,arrow-spark)
[2025-03-03T03:57:41.319+0000] {spark_submit.py:641} INFO - (spark.app.submitTime,1740974261293)
[2025-03-03T03:57:41.320+0000] {spark_submit.py:641} INFO - (spark.master,spark://spark-master:7077)
[2025-03-03T03:57:41.321+0000] {spark_submit.py:641} INFO - (spark.submit.deployMode,client)
[2025-03-03T03:57:41.321+0000] {spark_submit.py:641} INFO - (spark.submit.pyFiles,)
[2025-03-03T03:57:41.322+0000] {spark_submit.py:641} INFO - Classpath elements:
[2025-03-03T03:57:41.323+0000] {spark_submit.py:641} INFO - 
[2025-03-03T03:57:41.323+0000] {spark_submit.py:641} INFO - 
[2025-03-03T03:57:41.325+0000] {spark_submit.py:641} INFO - 
[2025-03-03T03:57:42.485+0000] {spark_submit.py:641} INFO - ['/opt/***/dags/operators/transform_forex_data.py', '/usr/local/***/include/data/usd_php_forex_4hour.csv']
[2025-03-03T03:57:42.486+0000] {spark_submit.py:641} INFO - CSV FILE PATH: /usr/local/***/include/data/usd_php_forex_4hour.csv
[2025-03-03T03:57:42.553+0000] {spark_submit.py:641} INFO - 25/03/03 03:57:42 INFO SparkContext: Running Spark version 3.5.5
[2025-03-03T03:57:42.555+0000] {spark_submit.py:641} INFO - 25/03/03 03:57:42 INFO SparkContext: OS info Linux, 5.15.167.4-microsoft-standard-WSL2, amd64
[2025-03-03T03:57:42.555+0000] {spark_submit.py:641} INFO - 25/03/03 03:57:42 INFO SparkContext: Java version 17.0.14
[2025-03-03T03:57:42.609+0000] {spark_submit.py:641} INFO - 25/03/03 03:57:42 WARN NativeCodeLoader: Unable to load native-hadoop library for your platform... using builtin-java classes where applicable
[2025-03-03T03:57:42.674+0000] {spark_submit.py:641} INFO - 25/03/03 03:57:42 INFO ResourceUtils: ==============================================================
[2025-03-03T03:57:42.675+0000] {spark_submit.py:641} INFO - 25/03/03 03:57:42 INFO ResourceUtils: No custom resources configured for spark.driver.
[2025-03-03T03:57:42.675+0000] {spark_submit.py:641} INFO - 25/03/03 03:57:42 INFO ResourceUtils: ==============================================================
[2025-03-03T03:57:42.676+0000] {spark_submit.py:641} INFO - 25/03/03 03:57:42 INFO SparkContext: Submitted application: feature-engineering
[2025-03-03T03:57:42.691+0000] {spark_submit.py:641} INFO - 25/03/03 03:57:42 INFO ResourceProfile: Default ResourceProfile created, executor resources: Map(memory -> name: memory, amount: 1024, script: , vendor: , offHeap -> name: offHeap, amount: 0, script: , vendor: ), task resources: Map(cpus -> name: cpus, amount: 1.0)
[2025-03-03T03:57:42.698+0000] {spark_submit.py:641} INFO - 25/03/03 03:57:42 INFO ResourceProfile: Limiting resource is cpu
[2025-03-03T03:57:42.698+0000] {spark_submit.py:641} INFO - 25/03/03 03:57:42 INFO ResourceProfileManager: Added ResourceProfile id: 0
[2025-03-03T03:57:42.741+0000] {spark_submit.py:641} INFO - 25/03/03 03:57:42 INFO SecurityManager: Changing view acls to: ***
[2025-03-03T03:57:42.742+0000] {spark_submit.py:641} INFO - 25/03/03 03:57:42 INFO SecurityManager: Changing modify acls to: ***
[2025-03-03T03:57:42.743+0000] {spark_submit.py:641} INFO - 25/03/03 03:57:42 INFO SecurityManager: Changing view acls groups to:
[2025-03-03T03:57:42.744+0000] {spark_submit.py:641} INFO - 25/03/03 03:57:42 INFO SecurityManager: Changing modify acls groups to:
[2025-03-03T03:57:42.744+0000] {spark_submit.py:641} INFO - 25/03/03 03:57:42 INFO SecurityManager: SecurityManager: authentication disabled; ui acls disabled; users with view permissions: ***; groups with view permissions: EMPTY; users with modify permissions: ***; groups with modify permissions: EMPTY
[2025-03-03T03:57:42.940+0000] {spark_submit.py:641} INFO - 25/03/03 03:57:42 INFO Utils: Successfully started service 'sparkDriver' on port 34961.
[2025-03-03T03:57:42.973+0000] {spark_submit.py:641} INFO - 25/03/03 03:57:42 INFO SparkEnv: Registering MapOutputTracker
[2025-03-03T03:57:43.002+0000] {spark_submit.py:641} INFO - 25/03/03 03:57:43 INFO SparkEnv: Registering BlockManagerMaster
[2025-03-03T03:57:43.021+0000] {spark_submit.py:641} INFO - 25/03/03 03:57:43 INFO BlockManagerMasterEndpoint: Using org.apache.spark.storage.DefaultTopologyMapper for getting topology information
[2025-03-03T03:57:43.022+0000] {spark_submit.py:641} INFO - 25/03/03 03:57:43 INFO BlockManagerMasterEndpoint: BlockManagerMasterEndpoint up
[2025-03-03T03:57:43.026+0000] {spark_submit.py:641} INFO - 25/03/03 03:57:43 INFO SparkEnv: Registering BlockManagerMasterHeartbeat
[2025-03-03T03:57:43.046+0000] {spark_submit.py:641} INFO - 25/03/03 03:57:43 INFO DiskBlockManager: Created local directory at /tmp/blockmgr-f5514d0f-81d7-4d78-b5eb-b0de5c2636f5
[2025-03-03T03:57:43.056+0000] {spark_submit.py:641} INFO - 25/03/03 03:57:43 INFO MemoryStore: MemoryStore started with capacity 434.4 MiB
[2025-03-03T03:57:43.066+0000] {spark_submit.py:641} INFO - 25/03/03 03:57:43 INFO SparkEnv: Registering OutputCommitCoordinator
[2025-03-03T03:57:43.149+0000] {spark_submit.py:641} INFO - 25/03/03 03:57:43 INFO JettyUtils: Start Jetty 0.0.0.0:4040 for SparkUI
[2025-03-03T03:57:43.195+0000] {spark_submit.py:641} INFO - 25/03/03 03:57:43 WARN Utils: Service 'SparkUI' could not bind on port 4040. Attempting port 4041.
[2025-03-03T03:57:43.204+0000] {spark_submit.py:641} INFO - 25/03/03 03:57:43 INFO Utils: Successfully started service 'SparkUI' on port 4041.
[2025-03-03T03:57:43.298+0000] {spark_submit.py:641} INFO - 25/03/03 03:57:43 INFO StandaloneAppClient$ClientEndpoint: Connecting to master spark://spark-master:7077...
[2025-03-03T03:57:43.331+0000] {spark_submit.py:641} INFO - 25/03/03 03:57:43 INFO TransportClientFactory: Successfully created connection to spark-master/172.19.0.3:7077 after 17 ms (0 ms spent in bootstraps)
[2025-03-03T03:57:43.420+0000] {spark_submit.py:641} INFO - 25/03/03 03:57:43 INFO StandaloneSchedulerBackend: Connected to Spark cluster with app ID app-20250303035743-0003
[2025-03-03T03:57:43.429+0000] {spark_submit.py:641} INFO - 25/03/03 03:57:43 INFO Utils: Successfully started service 'org.apache.spark.network.netty.NettyBlockTransferService' on port 37509.
[2025-03-03T03:57:43.429+0000] {spark_submit.py:641} INFO - 25/03/03 03:57:43 INFO NettyBlockTransferService: Server created on ec8f43f16e92:37509
[2025-03-03T03:57:43.431+0000] {spark_submit.py:641} INFO - 25/03/03 03:57:43 INFO BlockManager: Using org.apache.spark.storage.RandomBlockReplicationPolicy for block replication policy
[2025-03-03T03:57:43.436+0000] {spark_submit.py:641} INFO - 25/03/03 03:57:43 INFO BlockManagerMaster: Registering BlockManager BlockManagerId(driver, ec8f43f16e92, 37509, None)
[2025-03-03T03:57:43.439+0000] {spark_submit.py:641} INFO - 25/03/03 03:57:43 INFO BlockManagerMasterEndpoint: Registering block manager ec8f43f16e92:37509 with 434.4 MiB RAM, BlockManagerId(driver, ec8f43f16e92, 37509, None)
[2025-03-03T03:57:43.441+0000] {spark_submit.py:641} INFO - 25/03/03 03:57:43 INFO BlockManagerMaster: Registered BlockManager BlockManagerId(driver, ec8f43f16e92, 37509, None)
[2025-03-03T03:57:43.442+0000] {spark_submit.py:641} INFO - 25/03/03 03:57:43 INFO BlockManager: Initialized BlockManager: BlockManagerId(driver, ec8f43f16e92, 37509, None)
[2025-03-03T03:57:43.614+0000] {spark_submit.py:641} INFO - 25/03/03 03:57:43 INFO StandaloneSchedulerBackend: SchedulerBackend is ready for scheduling beginning after reached minRegisteredResourcesRatio: 0.0
[2025-03-03T03:57:43.843+0000] {spark_submit.py:641} INFO - 25/03/03 03:57:43 INFO SharedState: Setting hive.metastore.warehouse.dir ('null') to the value of spark.sql.warehouse.dir.
[2025-03-03T03:57:43.851+0000] {spark_submit.py:641} INFO - 25/03/03 03:57:43 INFO SharedState: Warehouse path is 'file:/opt/***/spark-warehouse'.
[2025-03-03T03:57:45.065+0000] {spark_submit.py:641} INFO - Traceback (most recent call last):
[2025-03-03T03:57:45.066+0000] {spark_submit.py:641} INFO - File "/opt/***/dags/operators/transform_forex_data.py", line 71, in <module>
[2025-03-03T03:57:45.071+0000] {spark_submit.py:641} INFO - transform_forex_data(file_path=file_path)
[2025-03-03T03:57:45.072+0000] {spark_submit.py:641} INFO - File "/opt/***/dags/operators/transform_forex_data.py", line 10, in transform_forex_data
[2025-03-03T03:57:45.073+0000] {spark_submit.py:641} INFO - usd_php_forex_4h_spark_df = spark.read.csv(file_path, header=True, inferSchema=True)
[2025-03-03T03:57:45.074+0000] {spark_submit.py:641} INFO - ^^^^^^^^^^^^^^^^^^^^^^^^^^^^^^^^^^^^^^^^^^^^^^^^^^^^^^^^
[2025-03-03T03:57:45.075+0000] {spark_submit.py:641} INFO - File "/home/***/.local/lib/python3.12/site-packages/pyspark/python/lib/pyspark.zip/pyspark/sql/readwriter.py", line 740, in csv
[2025-03-03T03:57:45.075+0000] {spark_submit.py:641} INFO - File "/home/***/.local/lib/python3.12/site-packages/pyspark/python/lib/py4j-0.10.9.7-src.zip/py4j/java_gateway.py", line 1322, in __call__
[2025-03-03T03:57:45.077+0000] {spark_submit.py:641} INFO - File "/home/***/.local/lib/python3.12/site-packages/pyspark/python/lib/pyspark.zip/pyspark/errors/exceptions/captured.py", line 185, in deco
[2025-03-03T03:57:45.084+0000] {spark_submit.py:641} INFO - pyspark.errors.exceptions.captured.AnalysisException: [PATH_NOT_FOUND] Path does not exist: file:/usr/local/***/include/data/usd_php_forex_4hour.csv.
[2025-03-03T03:57:45.109+0000] {spark_submit.py:641} INFO - 25/03/03 03:57:45 INFO StandaloneAppClient$ClientEndpoint: Executor added: app-20250303035743-0003/0 on worker-20250303035026-172.19.0.4-41933 (172.19.0.4:41933) with 2 core(s)
[2025-03-03T03:57:45.111+0000] {spark_submit.py:641} INFO - 25/03/03 03:57:45 INFO StandaloneSchedulerBackend: Granted executor ID app-20250303035743-0003/0 on hostPort 172.19.0.4:41933 with 2 core(s), 1024.0 MiB RAM
[2025-03-03T03:57:45.159+0000] {spark_submit.py:641} INFO - 25/03/03 03:57:45 INFO StandaloneAppClient$ClientEndpoint: Executor updated: app-20250303035743-0003/0 is now RUNNING
[2025-03-03T03:57:45.181+0000] {spark_submit.py:641} INFO - 25/03/03 03:57:45 INFO SparkContext: Invoking stop() from shutdown hook
[2025-03-03T03:57:45.181+0000] {spark_submit.py:641} INFO - 25/03/03 03:57:45 INFO SparkContext: SparkContext is stopping with exitCode 0.
[2025-03-03T03:57:45.191+0000] {spark_submit.py:641} INFO - 25/03/03 03:57:45 INFO SparkUI: Stopped Spark web UI at http://ec8f43f16e92:4041
[2025-03-03T03:57:45.195+0000] {spark_submit.py:641} INFO - 25/03/03 03:57:45 INFO StandaloneSchedulerBackend: Shutting down all executors
[2025-03-03T03:57:45.199+0000] {spark_submit.py:641} INFO - 25/03/03 03:57:45 INFO StandaloneSchedulerBackend$StandaloneDriverEndpoint: Asking each executor to shut down
[2025-03-03T03:57:45.219+0000] {spark_submit.py:641} INFO - 25/03/03 03:57:45 INFO MapOutputTrackerMasterEndpoint: MapOutputTrackerMasterEndpoint stopped!
[2025-03-03T03:57:45.231+0000] {spark_submit.py:641} INFO - 25/03/03 03:57:45 INFO MemoryStore: MemoryStore cleared
[2025-03-03T03:57:45.233+0000] {spark_submit.py:641} INFO - 25/03/03 03:57:45 INFO BlockManager: BlockManager stopped
[2025-03-03T03:57:45.240+0000] {spark_submit.py:641} INFO - 25/03/03 03:57:45 INFO BlockManagerMaster: BlockManagerMaster stopped
[2025-03-03T03:57:45.242+0000] {spark_submit.py:641} INFO - 25/03/03 03:57:45 INFO OutputCommitCoordinator$OutputCommitCoordinatorEndpoint: OutputCommitCoordinator stopped!
[2025-03-03T03:57:45.250+0000] {spark_submit.py:641} INFO - 25/03/03 03:57:45 INFO SparkContext: Successfully stopped SparkContext
[2025-03-03T03:57:45.251+0000] {spark_submit.py:641} INFO - 25/03/03 03:57:45 INFO ShutdownHookManager: Shutdown hook called
[2025-03-03T03:57:45.251+0000] {spark_submit.py:641} INFO - 25/03/03 03:57:45 INFO ShutdownHookManager: Deleting directory /tmp/spark-8b605aab-7a76-4793-916a-38d77960c317/pyspark-c80de3a8-a4e5-4837-9961-7cf13c80a3bd
[2025-03-03T03:57:45.254+0000] {spark_submit.py:641} INFO - 25/03/03 03:57:45 INFO ShutdownHookManager: Deleting directory /tmp/spark-55d2dabe-cf1a-4a6b-81aa-390d1a22cbef
[2025-03-03T03:57:45.258+0000] {spark_submit.py:641} INFO - 25/03/03 03:57:45 INFO ShutdownHookManager: Deleting directory /tmp/spark-8b605aab-7a76-4793-916a-38d77960c317
[2025-03-03T03:57:45.300+0000] {taskinstance.py:3313} ERROR - Task failed with exception
Traceback (most recent call last):
  File "/home/airflow/.local/lib/python3.12/site-packages/airflow/models/taskinstance.py", line 768, in _execute_task
    result = _execute_callable(context=context, **execute_callable_kwargs)
             ^^^^^^^^^^^^^^^^^^^^^^^^^^^^^^^^^^^^^^^^^^^^^^^^^^^^^^^^^^^^^
  File "/home/airflow/.local/lib/python3.12/site-packages/airflow/models/taskinstance.py", line 734, in _execute_callable
    return ExecutionCallableRunner(
           ^^^^^^^^^^^^^^^^^^^^^^^^
  File "/home/airflow/.local/lib/python3.12/site-packages/airflow/utils/operator_helpers.py", line 252, in run
    return self.func(*args, **kwargs)
           ^^^^^^^^^^^^^^^^^^^^^^^^^^
  File "/home/airflow/.local/lib/python3.12/site-packages/airflow/models/baseoperator.py", line 424, in wrapper
    return func(self, *args, **kwargs)
           ^^^^^^^^^^^^^^^^^^^^^^^^^^^
  File "/home/airflow/.local/lib/python3.12/site-packages/airflow/providers/apache/spark/operators/spark_submit.py", line 177, in execute
    self._hook.submit(self.application)
  File "/home/airflow/.local/lib/python3.12/site-packages/airflow/providers/apache/spark/hooks/spark_submit.py", line 567, in submit
    raise AirflowException(
airflow.exceptions.AirflowException: Cannot execute: spark-submit --master spark://spark-master:7077 --name arrow-spark --verbose ./dags/operators/transform_forex_data.py /usr/local/***/include/data/usd_php_forex_4hour.csv. Error code is: 1.
[2025-03-03T03:57:45.307+0000] {taskinstance.py:1226} INFO - Marking task as UP_FOR_RETRY. dag_id=forex_ml_pipeline, task_id=transform_forex_data, run_id=manual__2025-03-03T03:55:28.992483+00:00, execution_date=20250303T035528, start_date=20250303T035739, end_date=20250303T035745
[2025-03-03T03:57:45.337+0000] {taskinstance.py:341} INFO - ::group::Post task execution logs
[2025-03-03T03:57:45.338+0000] {standard_task_runner.py:124} ERROR - Failed to execute job 7 for task transform_forex_data (Cannot execute: spark-submit --master spark://spark-master:7077 --name arrow-spark --verbose ./dags/operators/transform_forex_data.py /usr/local/***/include/data/usd_php_forex_4hour.csv. Error code is: 1.; 733)
Traceback (most recent call last):
  File "/home/airflow/.local/lib/python3.12/site-packages/airflow/task/task_runner/standard_task_runner.py", line 117, in _start_by_fork
    ret = args.func(args, dag=self.dag)
          ^^^^^^^^^^^^^^^^^^^^^^^^^^^^^
  File "/home/airflow/.local/lib/python3.12/site-packages/airflow/cli/cli_config.py", line 49, in command
    return func(*args, **kwargs)
           ^^^^^^^^^^^^^^^^^^^^^
  File "/home/airflow/.local/lib/python3.12/site-packages/airflow/utils/cli.py", line 116, in wrapper
    return f(*args, **kwargs)
           ^^^^^^^^^^^^^^^^^^
  File "/home/airflow/.local/lib/python3.12/site-packages/airflow/cli/commands/task_command.py", line 483, in task_run
    task_return_code = _run_task_by_selected_method(args, _dag, ti)
                       ^^^^^^^^^^^^^^^^^^^^^^^^^^^^^^^^^^^^^^^^^^^^
  File "/home/airflow/.local/lib/python3.12/site-packages/airflow/cli/commands/task_command.py", line 256, in _run_task_by_selected_method
    return _run_raw_task(args, ti)
           ^^^^^^^^^^^^^^^^^^^^^^^
  File "/home/airflow/.local/lib/python3.12/site-packages/airflow/cli/commands/task_command.py", line 341, in _run_raw_task
    return ti._run_raw_task(
           ^^^^^^^^^^^^^^^^^
  File "/home/airflow/.local/lib/python3.12/site-packages/airflow/utils/session.py", line 97, in wrapper
    return func(*args, session=session, **kwargs)
           ^^^^^^^^^^^^^^^^^^^^^^^^^^^^^^^^^^^^^^
  File "/home/airflow/.local/lib/python3.12/site-packages/airflow/models/taskinstance.py", line 3006, in _run_raw_task
    return _run_raw_task(
           ^^^^^^^^^^^^^^
  File "/home/airflow/.local/lib/python3.12/site-packages/airflow/models/taskinstance.py", line 274, in _run_raw_task
    TaskInstance._execute_task_with_callbacks(
  File "/home/airflow/.local/lib/python3.12/site-packages/airflow/models/taskinstance.py", line 3161, in _execute_task_with_callbacks
    result = self._execute_task(context, task_orig)
             ^^^^^^^^^^^^^^^^^^^^^^^^^^^^^^^^^^^^^^
  File "/home/airflow/.local/lib/python3.12/site-packages/airflow/models/taskinstance.py", line 3185, in _execute_task
    return _execute_task(self, context, task_orig)
           ^^^^^^^^^^^^^^^^^^^^^^^^^^^^^^^^^^^^^^^
  File "/home/airflow/.local/lib/python3.12/site-packages/airflow/models/taskinstance.py", line 768, in _execute_task
    result = _execute_callable(context=context, **execute_callable_kwargs)
             ^^^^^^^^^^^^^^^^^^^^^^^^^^^^^^^^^^^^^^^^^^^^^^^^^^^^^^^^^^^^^
  File "/home/airflow/.local/lib/python3.12/site-packages/airflow/models/taskinstance.py", line 734, in _execute_callable
    return ExecutionCallableRunner(
           ^^^^^^^^^^^^^^^^^^^^^^^^
  File "/home/airflow/.local/lib/python3.12/site-packages/airflow/utils/operator_helpers.py", line 252, in run
    return self.func(*args, **kwargs)
           ^^^^^^^^^^^^^^^^^^^^^^^^^^
  File "/home/airflow/.local/lib/python3.12/site-packages/airflow/models/baseoperator.py", line 424, in wrapper
    return func(self, *args, **kwargs)
           ^^^^^^^^^^^^^^^^^^^^^^^^^^^
  File "/home/airflow/.local/lib/python3.12/site-packages/airflow/providers/apache/spark/operators/spark_submit.py", line 177, in execute
    self._hook.submit(self.application)
  File "/home/airflow/.local/lib/python3.12/site-packages/airflow/providers/apache/spark/hooks/spark_submit.py", line 567, in submit
    raise AirflowException(
airflow.exceptions.AirflowException: Cannot execute: spark-submit --master spark://spark-master:7077 --name arrow-spark --verbose ./dags/operators/transform_forex_data.py /usr/local/***/include/data/usd_php_forex_4hour.csv. Error code is: 1.
[2025-03-03T03:57:45.373+0000] {local_task_job_runner.py:266} INFO - Task exited with return code 1
[2025-03-03T03:57:45.394+0000] {taskinstance.py:3901} INFO - 0 downstream tasks scheduled from follow-on schedule check
[2025-03-03T03:57:45.398+0000] {local_task_job_runner.py:245} INFO - ::endgroup::
