[2025-03-31T09:01:02.087+0000] {local_task_job_runner.py:123} INFO - ::group::Pre task execution logs
[2025-03-31T09:01:02.108+0000] {taskinstance.py:2614} INFO - Dependencies all met for dep_context=non-requeueable deps ti=<TaskInstance: forex_ml_pipeline.move_raw_forex manual__2025-03-31T08:39:16.898472+00:00 [queued]>
[2025-03-31T09:01:02.120+0000] {taskinstance.py:2614} INFO - Dependencies all met for dep_context=requeueable deps ti=<TaskInstance: forex_ml_pipeline.move_raw_forex manual__2025-03-31T08:39:16.898472+00:00 [queued]>
[2025-03-31T09:01:02.121+0000] {taskinstance.py:2867} INFO - Starting attempt 1 of 4
[2025-03-31T09:01:02.136+0000] {taskinstance.py:2890} INFO - Executing <Task(PythonOperator): move_raw_forex> on 2025-03-31 08:39:16.898472+00:00
[2025-03-31T09:01:02.146+0000] {standard_task_runner.py:104} INFO - Running: ['***', 'tasks', 'run', 'forex_ml_pipeline', 'move_raw_forex', 'manual__2025-03-31T08:39:16.898472+00:00', '--job-id', '17', '--raw', '--subdir', 'DAGS_FOLDER/forex_ml_pipeline.py', '--cfg-path', '/tmp/tmponu6tgjg']
[2025-03-31T09:01:02.149+0000] {standard_task_runner.py:105} INFO - Job 17: Subtask move_raw_forex
[2025-03-31T09:01:02.149+0000] {logging_mixin.py:190} WARNING - /home/***/.local/lib/python3.12/site-packages/***/task/task_runner/standard_task_runner.py:70 DeprecationWarning: This process (pid=548) is multi-threaded, use of fork() may lead to deadlocks in the child.
[2025-03-31T09:01:02.150+0000] {standard_task_runner.py:72} INFO - Started process 550 to run task
[2025-03-31T09:01:02.197+0000] {task_command.py:467} INFO - Running <TaskInstance: forex_ml_pipeline.move_raw_forex manual__2025-03-31T08:39:16.898472+00:00 [running]> on host 1f5073dcf149
[2025-03-31T09:01:02.300+0000] {taskinstance.py:3134} INFO - Exporting env vars: AIRFLOW_CTX_DAG_OWNER='mikhail' AIRFLOW_CTX_DAG_ID='forex_ml_pipeline' AIRFLOW_CTX_TASK_ID='move_raw_forex' AIRFLOW_CTX_EXECUTION_DATE='2025-03-31T08:39:16.898472+00:00' AIRFLOW_CTX_TRY_NUMBER='1' AIRFLOW_CTX_DAG_RUN_ID='manual__2025-03-31T08:39:16.898472+00:00'
[2025-03-31T09:01:02.302+0000] {taskinstance.py:732} INFO - ::endgroup::
[2025-03-31T09:01:02.316+0000] {logging_mixin.py:190} INFO - container local file path: /opt/***/include/data/usd_php_forex_4hour.csv
[2025-03-31T09:01:02.317+0000] {logging_mixin.py:190} INFO - s3 file path: raw/usd_php_forex_4hour.csv
[2025-03-31T09:01:02.318+0000] {logging_mixin.py:190} INFO - s3 raw uri: s3a://usd-php-ml-pipeline-bucket/raw/usd_php_forex_4hour.csv
[2025-03-31T09:01:02.342+0000] {base.py:84} INFO - Retrieving connection 'my_s3_conn'
[2025-03-31T09:01:02.343+0000] {connection_wrapper.py:328} INFO - AWS Connection (conn_id='my_s3_conn', conn_type='aws') credentials retrieved from extra.
[2025-03-31T09:01:05.286+0000] {hook.py:208} WARNING - Data lineage tracking is disabled. Register a hook lineage reader to start tracking hook lineage.
[2025-03-31T09:01:05.287+0000] {logging_mixin.py:190} INFO - Bucket 'usd-php-ml-pipeline-bucket' created successfully.
[2025-03-31T09:01:05.289+0000] {python.py:240} INFO - Done. Returned value was: None
[2025-03-31T09:01:05.298+0000] {taskinstance.py:341} INFO - ::group::Post task execution logs
[2025-03-31T09:01:05.299+0000] {taskinstance.py:353} INFO - Marking task as SUCCESS. dag_id=forex_ml_pipeline, task_id=move_raw_forex, run_id=manual__2025-03-31T08:39:16.898472+00:00, execution_date=20250331T083916, start_date=20250331T090102, end_date=20250331T090105
[2025-03-31T09:01:05.374+0000] {local_task_job_runner.py:266} INFO - Task exited with return code 0
[2025-03-31T09:01:05.397+0000] {taskinstance.py:3901} INFO - 1 downstream tasks scheduled from follow-on schedule check
[2025-03-31T09:01:05.402+0000] {local_task_job_runner.py:245} INFO - ::endgroup::
