[2025-03-31T08:46:03.493+0000] {local_task_job_runner.py:123} INFO - ::group::Pre task execution logs
[2025-03-31T08:46:03.516+0000] {taskinstance.py:2614} INFO - Dependencies all met for dep_context=non-requeueable deps ti=<TaskInstance: forex_ml_pipeline.pull_forex_data manual__2025-03-31T08:39:16.898472+00:00 [queued]>
[2025-03-31T08:46:03.530+0000] {taskinstance.py:2614} INFO - Dependencies all met for dep_context=requeueable deps ti=<TaskInstance: forex_ml_pipeline.pull_forex_data manual__2025-03-31T08:39:16.898472+00:00 [queued]>
[2025-03-31T08:46:03.532+0000] {taskinstance.py:2867} INFO - Starting attempt 2 of 4
[2025-03-31T08:46:03.548+0000] {taskinstance.py:2890} INFO - Executing <Task(PythonOperator): pull_forex_data> on 2025-03-31 08:39:16.898472+00:00
[2025-03-31T08:46:03.557+0000] {standard_task_runner.py:104} INFO - Running: ['***', 'tasks', 'run', 'forex_ml_pipeline', 'pull_forex_data', 'manual__2025-03-31T08:39:16.898472+00:00', '--job-id', '9', '--raw', '--subdir', 'DAGS_FOLDER/forex_ml_pipeline.py', '--cfg-path', '/tmp/tmpy1563zr2']
[2025-03-31T08:46:03.561+0000] {standard_task_runner.py:105} INFO - Job 9: Subtask pull_forex_data
[2025-03-31T08:46:03.561+0000] {logging_mixin.py:190} WARNING - /home/***/.local/lib/python3.12/site-packages/***/task/task_runner/standard_task_runner.py:70 DeprecationWarning: This process (pid=928) is multi-threaded, use of fork() may lead to deadlocks in the child.
[2025-03-31T08:46:03.562+0000] {standard_task_runner.py:72} INFO - Started process 930 to run task
[2025-03-31T08:46:03.617+0000] {task_command.py:467} INFO - Running <TaskInstance: forex_ml_pipeline.pull_forex_data manual__2025-03-31T08:39:16.898472+00:00 [running]> on host dc9c3740e7ea
[2025-03-31T08:46:03.708+0000] {taskinstance.py:3134} INFO - Exporting env vars: AIRFLOW_CTX_DAG_OWNER='mikhail' AIRFLOW_CTX_DAG_ID='forex_ml_pipeline' AIRFLOW_CTX_TASK_ID='pull_forex_data' AIRFLOW_CTX_EXECUTION_DATE='2025-03-31T08:39:16.898472+00:00' AIRFLOW_CTX_TRY_NUMBER='2' AIRFLOW_CTX_DAG_RUN_ID='manual__2025-03-31T08:39:16.898472+00:00'
[2025-03-31T08:46:03.709+0000] {taskinstance.py:732} INFO - ::endgroup::
[2025-03-31T08:46:03.736+0000] {logging_mixin.py:190} INFO - https://api.polygon.io/v2/aggs/ticker/C:USDPHP/range/4/hour/2022-01-01/2024-01-01
[2025-03-31T08:46:03.737+0000] {logging_mixin.py:190} INFO - {'Authorization': 'Bearer D9TH6AGRTuD3Rk38ZFvtBhjbTXrq2nHe', 'Content-Type': 'application/json'}
[2025-03-31T08:46:06.442+0000] {logging_mixin.py:190} INFO - {'ticker': 'C:USDPHP', 'queryCount': 5000, 'resultsCount': 48, 'adjusted': True, 'results': [{'v': 2, 'vw': 54.2495, 'o': 54.233, 'c': 54.266, 'h': 54.266, 'l': 54.233, 't': 1680465600000, 'n': 2}, {'v': 717, 'vw': 54.5381, 'o': 54.334, 'c': 54.583, 'h': 54.626, 'l': 54.318, 't': 1680480000000, 'n': 717}, {'v': 1034, 'vw': 54.6895, 'o': 54.582, 'c': 54.737, 'h': 54.827, 'l': 54.44, 't': 1680494400000, 'n': 1034}, {'v': 1778, 'vw': 54.7398, 'o': 54.735, 'c': 54.634, 'h': 55.046, 'l': 54.033, 't': 1680508800000, 'n': 1778}, {'v': 916, 'vw': 54.584, 'o': 54.636, 'c': 54.557, 'h': 54.655, 'l': 54.25, 't': 1680523200000, 'n': 916}, {'v': 165, 'vw': 54.5586, 'o': 54.55, 'c': 54.551, 'h': 54.603, 'l': 54.456, 't': 1680537600000, 'n': 165}, {'v': 80, 'vw': 54.5431, 'o': 54.554, 'c': 54.51, 'h': 54.58, 'l': 54.461, 't': 1680552000000, 'n': 80}, {'v': 737, 'vw': 54.6463, 'o': 54.565, 'c': 54.633, 'h': 54.699, 'l': 54.46, 't': 1680566400000, 'n': 737}, {'v': 707, 'vw': 54.5666, 'o': 54.632, 'c': 54.538, 'h': 54.634, 'l': 54.262, 't': 1680580800000, 'n': 707}, {'v': 1123, 'vw': 54.5103, 'o': 54.537, 'c': 54.526, 'h': 54.579, 'l': 53.264, 't': 1680595200000, 'n': 1123}, {'v': 1182, 'vw': 54.4354, 'o': 54.523, 'c': 54.377, 'h': 54.555, 'l': 54.252, 't': 1680609600000, 'n': 1182}, {'v': 383, 'vw': 54.3563, 'o': 54.376, 'c': 54.32, 'h': 54.415, 'l': 54.263, 't': 1680624000000, 'n': 383}, {'v': 19, 'vw': 54.2677, 'o': 54.321, 'c': 54.24, 'h': 54.321, 'l': 54.195, 't': 1680638400000, 'n': 19}, {'v': 772, 'vw': 54.4299, 'o': 54.263, 'c': 54.423, 'h': 54.535, 'l': 54.26, 't': 1680652800000, 'n': 772}, {'v': 893, 'vw': 54.391, 'o': 54.422, 'c': 54.429, 'h': 54.486, 'l': 54.26, 't': 1680667200000, 'n': 893}, {'v': 1261, 'vw': 54.4572, 'o': 54.428, 'c': 54.478, 'h': 54.518, 'l': 54.317, 't': 1680681600000, 'n': 1261}, {'v': 1865, 'vw': 54.4506, 'o': 54.479, 'c': 54.482, 'h': 54.512, 'l': 54.317, 't': 1680696000000, 'n': 1865}, {'v': 299, 'vw': 54.4934, 'o': 54.483, 'c': 54.486, 'h': 54.518, 'l': 54.34, 't': 1680710400000, 'n': 299}, {'v': 19, 'vw': 54.4844, 'o': 54.483, 'c': 54.34, 'h': 54.508, 'l': 54.34, 't': 1680724800000, 'n': 19}, {'v': 309, 'vw': 54.5157, 'o': 54.486, 'c': 54.526, 'h': 54.581, 'l': 54.375, 't': 1680739200000, 'n': 309}, {'v': 591, 'vw': 54.485, 'o': 54.525, 'c': 54.51, 'h': 54.535, 'l': 54.34, 't': 1680753600000, 'n': 591}, {'v': 520, 'vw': 54.5372, 'o': 54.427, 'c': 54.503, 'h': 54.655, 'l': 54.336, 't': 1680768000000, 'n': 520}, {'v': 644, 'vw': 54.5547, 'o': 54.541, 'c': 54.539, 'h': 54.595, 'l': 54.442, 't': 1680782400000, 'n': 644}, {'v': 209, 'vw': 54.4998, 'o': 54.541, 'c': 54.48, 'h': 54.545, 'l': 54.39, 't': 1680796800000, 'n': 209}, {'v': 20, 'vw': 54.4539, 'o': 54.478, 'c': 54.464, 'h': 54.499, 'l': 54.422, 't': 1680811200000, 'n': 20}, {'v': 119, 'vw': 54.482, 'o': 54.463, 'c': 54.479, 'h': 54.498, 'l': 54.459, 't': 1680825600000, 'n': 119}, {'v': 255, 'vw': 54.4786, 'o': 54.476, 'c': 54.461, 'h': 54.488, 'l': 54.448, 't': 1680840000000, 'n': 255}, {'v': 159, 'vw': 54.432, 'o': 54.464, 'c': 54.423, 'h': 54.491, 'l': 54.297, 't': 1680854400000, 'n': 159}, {'v': 383, 'vw': 54.4646, 'o': 54.483, 'c': 54.531, 'h': 54.597, 'l': 54.355, 't': 1680868800000, 'n': 383}, {'v': 18, 'vw': 54.5382, 'o': 54.513, 'c': 54.486, 'h': 54.604, 'l': 54.473, 't': 1680883200000, 'n': 18}, {'v': 1, 'vw': 54.476, 'o': 54.476, 'c': 54.476, 'h': 54.476, 'l': 54.476, 't': 1680897600000, 'n': 1}, {'v': 1, 'vw': 54.39, 'o': 54.39, 'c': 54.39, 'h': 54.39, 'l': 54.39, 't': 1680926400000, 'n': 1}, {'v': 2, 'vw': 54.487, 'o': 54.39, 'c': 54.584, 'h': 54.584, 'l': 54.39, 't': 1681070400000, 'n': 2}, {'v': 183, 'vw': 54.5591, 'o': 54.464, 'c': 54.577, 'h': 54.616, 'l': 54.464, 't': 1681084800000, 'n': 183}, {'v': 431, 'vw': 54.5877, 'o': 54.576, 'c': 54.618, 'h': 54.641, 'l': 54.39, 't': 1681099200000, 'n': 431}, {'v': 538, 'vw': 54.6423, 'o': 54.616, 'c': 54.663, 'h': 54.687, 'l': 54.471, 't': 1681113600000, 'n': 538}, {'v': 498, 'vw': 54.6885, 'o': 54.643, 'c': 54.754, 'h': 54.787, 'l': 54.39, 't': 1681128000000, 'n': 498}, {'v': 124, 'vw': 54.7292, 'o': 54.764, 'c': 54.69, 'h': 54.777, 'l': 54.666, 't': 1681142400000, 'n': 124}, {'v': 17, 'vw': 54.6901, 'o': 54.703, 'c': 54.738, 'h': 54.754, 'l': 54.673, 't': 1681156800000, 'n': 17}, {'v': 769, 'vw': 54.6996, 'o': 54.695, 'c': 54.692, 'h': 54.758, 'l': 54.55, 't': 1681171200000, 'n': 769}, {'v': 705, 'vw': 54.8196, 'o': 54.693, 'c': 54.886, 'h': 55.003, 'l': 54.56, 't': 1681185600000, 'n': 705}, {'v': 1345, 'vw': 54.9249, 'o': 54.884, 'c': 54.994, 'h': 55.046, 'l': 54.717, 't': 1681200000000, 'n': 1345}, {'v': 1453, 'vw': 55.0255, 'o': 54.991, 'c': 55.057, 'h': 55.074, 'l': 54.72, 't': 1681214400000, 'n': 1453}, {'v': 512, 'vw': 55.0491, 'o': 55.064, 'c': 55.029, 'h': 55.075, 'l': 54.959, 't': 1681228800000, 'n': 512}, {'v': 29, 'vw': 55.023, 'o': 55.027, 'c': 55, 'h': 55.045, 'l': 54.947, 't': 1681243200000, 'n': 29}, {'v': 550, 'vw': 55.0732, 'o': 54.985, 'c': 55.05, 'h': 55.14, 'l': 54.875, 't': 1681257600000, 'n': 550}, {'v': 819, 'vw': 55.2068, 'o': 55.051, 'c': 55.226, 'h': 55.341, 'l': 54.925, 't': 1681272000000, 'n': 819}, {'v': 1329, 'vw': 55.2136, 'o': 55.212, 'c': 55.202, 'h': 55.288, 'l': 55.025, 't': 1681286400000, 'n': 1329}], 'status': 'OK', 'request_id': 'c614bac615e169ff407d067d4bf81e2d', 'count': 48, 'next_url': 'https://api.polygon.io/v2/aggs/ticker/C:USDPHP/range/4/hour/1681300800000/2024-01-01?cursor=bGltaXQ9NTAwMCZzb3J0PWFzYw'}
[2025-03-31T08:46:08.018+0000] {logging_mixin.py:190} INFO - {'ticker': 'C:USDPHP', 'queryCount': 5000, 'resultsCount': 38, 'adjusted': True, 'results': [{'v': 1548, 'vw': 55.1165, 'o': 55.206, 'c': 55.16, 'h': 55.234, 'l': 54.841, 't': 1681300800000, 'n': 1548}, {'v': 229, 'vw': 55.1291, 'o': 55.123, 'c': 55.175, 'h': 55.181, 'l': 55.045, 't': 1681315200000, 'n': 229}, {'v': 10, 'vw': 55.1492, 'o': 55.163, 'c': 55.16, 'h': 55.163, 'l': 55.128, 't': 1681329600000, 'n': 10}, {'v': 911, 'vw': 55.2473, 'o': 55.147, 'c': 55.205, 'h': 55.379, 'l': 55, 't': 1681344000000, 'n': 911}, {'v': 1028, 'vw': 55.312, 'o': 55.207, 'c': 55.281, 'h': 55.435, 'l': 55.105, 't': 1681358400000, 'n': 1028}, {'v': 666, 'vw': 55.3255, 'o': 55.277, 'c': 55.305, 'h': 55.375, 'l': 55.122, 't': 1681372800000, 'n': 666}, {'v': 1551, 'vw': 55.2937, 'o': 55.344, 'c': 55.252, 'h': 55.388, 'l': 55.16, 't': 1681387200000, 'n': 1551}, {'v': 280, 'vw': 55.2169, 'o': 55.258, 'c': 55.166, 'h': 55.266, 'l': 55.142, 't': 1681401600000, 'n': 280}, {'v': 16, 'vw': 55.1866, 'o': 55.162, 'c': 55.213, 'h': 55.23, 'l': 55.155, 't': 1681416000000, 'n': 16}, {'v': 828, 'vw': 55.1488, 'o': 55.205, 'c': 55.16, 'h': 55.259, 'l': 54.97, 't': 1681430400000, 'n': 828}, {'v': 568, 'vw': 55.2557, 'o': 55.162, 'c': 55.237, 'h': 55.333, 'l': 55.045, 't': 1681444800000, 'n': 568}, {'v': 803, 'vw': 55.2837, 'o': 55.234, 'c': 55.273, 'h': 55.338, 'l': 55.13, 't': 1681459200000, 'n': 803}, {'v': 1054, 'vw': 55.285, 'o': 55.279, 'c': 55.379, 'h': 55.381, 'l': 55.071, 't': 1681473600000, 'n': 1054}, {'v': 274, 'vw': 55.3282, 'o': 55.343, 'c': 55.243, 'h': 55.381, 'l': 55.243, 't': 1681488000000, 'n': 274}, {'v': 12, 'vw': 55.299, 'o': 55.294, 'c': 55.338, 'h': 55.338, 'l': 55.278, 't': 1681502400000, 'n': 12}, {'v': 1, 'vw': 55.249, 'o': 55.249, 'c': 55.249, 'h': 55.249, 'l': 55.249, 't': 1681560000000, 'n': 1}, {'v': 2, 'vw': 55.294, 'o': 55.249, 'c': 55.339, 'h': 55.339, 'l': 55.249, 't': 1681675200000, 'n': 2}, {'v': 667, 'vw': 55.53, 'o': 55.249, 'c': 55.561, 'h': 55.66, 'l': 55.249, 't': 1681689600000, 'n': 667}, {'v': 1326, 'vw': 55.7014, 'o': 55.56, 'c': 55.904, 'h': 55.958, 'l': 55.55, 't': 1681704000000, 'n': 1326}, {'v': 1264, 'vw': 55.9209, 'o': 55.902, 'c': 55.945, 'h': 55.977, 'l': 54.663, 't': 1681718400000, 'n': 1264}, {'v': 1693, 'vw': 55.9777, 'o': 55.933, 'c': 56.023, 'h': 56.06, 'l': 55.826, 't': 1681732800000, 'n': 1693}, {'v': 340, 'vw': 56.0115, 'o': 56.024, 'c': 55.97, 'h': 56.056, 'l': 55.954, 't': 1681747200000, 'n': 340}, {'v': 28, 'vw': 55.9529, 'o': 55.969, 'c': 56.03, 'h': 56.03, 'l': 55.83, 't': 1681761600000, 'n': 28}, {'v': 891, 'vw': 55.9994, 'o': 56.01, 'c': 56.02, 'h': 56.095, 'l': 55.86, 't': 1681776000000, 'n': 891}, {'v': 980, 'vw': 56.1939, 'o': 56.019, 'c': 56.146, 'h': 56.316, 'l': 55.96, 't': 1681790400000, 'n': 980}, {'v': 1431, 'vw': 56.1855, 'o': 56.144, 'c': 56.267, 'h': 56.275, 'l': 55.732, 't': 1681804800000, 'n': 1431}, {'v': 1111, 'vw': 56.2182, 'o': 56.269, 'c': 56.2, 'h': 56.289, 'l': 56.04, 't': 1681819200000, 'n': 1111}, {'v': 371, 'vw': 56.2054, 'o': 56.206, 'c': 56.216, 'h': 56.231, 'l': 56.06, 't': 1681833600000, 'n': 371}, {'v': 27, 'vw': 56.1867, 'o': 56.185, 'c': 56.24, 'h': 56.24, 'l': 56.06, 't': 1681848000000, 'n': 27}, {'v': 511, 'vw': 56.0476, 'o': 56.225, 'c': 56.03, 'h': 56.225, 'l': 55.865, 't': 1681862400000, 'n': 511}, {'v': 1034, 'vw': 56.0928, 'o': 56.028, 'c': 56.196, 'h': 56.203, 'l': 55.874, 't': 1681876800000, 'n': 1034}, {'v': 2111, 'vw': 56.3631, 'o': 56.19, 'c': 56.45, 'h': 56.511, 'l': 56.063, 't': 1681891200000, 'n': 2111}, {'v': 1418, 'vw': 56.3814, 'o': 56.45, 'c': 56.3, 'h': 56.497, 'l': 56.19, 't': 1681905600000, 'n': 1418}, {'v': 303, 'vw': 56.2662, 'o': 56.287, 'c': 56.233, 'h': 56.31, 'l': 56.172, 't': 1681920000000, 'n': 303}, {'v': 22, 'vw': 56.2454, 'o': 56.235, 'c': 56.295, 'h': 56.31, 'l': 56.218, 't': 1681934400000, 'n': 22}, {'v': 379, 'vw': 56.3224, 'o': 56.303, 'c': 56.328, 'h': 56.411, 'l': 56.2, 't': 1681948800000, 'n': 379}, {'v': 1029, 'vw': 56.2227, 'o': 56.323, 'c': 56.027, 'h': 56.366, 'l': 55.9, 't': 1681963200000, 'n': 1029}, {'v': 1578, 'vw': 56.1125, 'o': 56.03, 'c': 56.107, 'h': 56.176, 'l': 55.92, 't': 1681977600000, 'n': 1578}], 'status': 'OK', 'request_id': '2fd5ca13958cf5722ee93aff71b151f8', 'count': 38, 'next_url': 'https://api.polygon.io/v2/aggs/ticker/C:USDPHP/range/4/hour/1681992000000/2024-01-01?cursor=bGltaXQ9NTAwMCZzb3J0PWFzYw'}
[2025-03-31T08:46:11.535+0000] {logging_mixin.py:190} INFO - {'ticker': 'C:USDPHP', 'queryCount': 5000, 'resultsCount': 50, 'adjusted': True, 'results': [{'v': 1653, 'vw': 55.9004, 'o': 56.101, 'c': 55.886, 'h': 56.18, 'l': 55.741, 't': 1681992000000, 'n': 1653}, {'v': 215, 'vw': 55.867, 'o': 55.85, 'c': 55.88, 'h': 55.917, 'l': 55.67, 't': 1682006400000, 'n': 215}, {'v': 8, 'vw': 55.8794, 'o': 55.885, 'c': 55.93, 'h': 55.93, 'l': 55.795, 't': 1682020800000, 'n': 8}, {'v': 878, 'vw': 55.9224, 'o': 55.915, 'c': 55.933, 'h': 56.004, 'l': 55.83, 't': 1682035200000, 'n': 878}, {'v': 276, 'vw': 55.9546, 'o': 55.933, 'c': 55.941, 'h': 56.028, 'l': 55.91, 't': 1682049600000, 'n': 276}, {'v': 653, 'vw': 55.9366, 'o': 55.943, 'c': 55.932, 'h': 55.998, 'l': 55.552, 't': 1682064000000, 'n': 653}, {'v': 1540, 'vw': 55.8314, 'o': 55.932, 'c': 55.866, 'h': 55.948, 'l': 55.627, 't': 1682078400000, 'n': 1540}, {'v': 163, 'vw': 55.865, 'o': 55.884, 'c': 55.82, 'h': 55.89, 'l': 55.795, 't': 1682092800000, 'n': 163}, {'v': 2, 'vw': 55.7985, 'o': 55.799, 'c': 55.798, 'h': 55.799, 'l': 55.798, 't': 1682107200000, 'n': 2}, {'v': 2, 'vw': 55.8415, 'o': 55.798, 'c': 55.885, 'h': 55.885, 'l': 55.798, 't': 1682280000000, 'n': 2}, {'v': 652, 'vw': 55.9389, 'o': 55.822, 'c': 55.98, 'h': 56.035, 'l': 55.787, 't': 1682294400000, 'n': 652}, {'v': 743, 'vw': 55.8738, 'o': 55.98, 'c': 55.804, 'h': 55.991, 'l': 55.483, 't': 1682308800000, 'n': 743}, {'v': 802, 'vw': 55.7459, 'o': 55.798, 'c': 55.783, 'h': 55.806, 'l': 55.57, 't': 1682323200000, 'n': 802}, {'v': 455, 'vw': 55.7282, 'o': 55.78, 'c': 55.672, 'h': 55.791, 'l': 55.575, 't': 1682337600000, 'n': 455}, {'v': 434, 'vw': 55.6362, 'o': 55.661, 'c': 55.616, 'h': 55.69, 'l': 55.57, 't': 1682352000000, 'n': 434}, {'v': 73, 'vw': 55.6004, 'o': 55.607, 'c': 55.63, 'h': 55.63, 'l': 55.57, 't': 1682366400000, 'n': 73}, {'v': 737, 'vw': 55.5922, 'o': 55.617, 'c': 55.59, 'h': 55.665, 'l': 55.425, 't': 1682380800000, 'n': 737}, {'v': 1192, 'vw': 55.5141, 'o': 55.586, 'c': 55.533, 'h': 55.61, 'l': 55.35, 't': 1682395200000, 'n': 1192}, {'v': 739, 'vw': 55.5488, 'o': 55.531, 'c': 55.587, 'h': 55.592, 'l': 55.43, 't': 1682409600000, 'n': 739}, {'v': 539, 'vw': 55.57, 'o': 55.579, 'c': 55.579, 'h': 55.66, 'l': 55.385, 't': 1682424000000, 'n': 539}, {'v': 221, 'vw': 55.5745, 'o': 55.583, 'c': 55.561, 'h': 55.618, 'l': 55.383, 't': 1682438400000, 'n': 221}, {'v': 100, 'vw': 55.474, 'o': 55.56, 'c': 55.43, 'h': 55.581, 'l': 55.383, 't': 1682452800000, 'n': 100}, {'v': 682, 'vw': 55.6044, 'o': 55.453, 'c': 55.584, 'h': 55.704, 'l': 55.44, 't': 1682467200000, 'n': 682}, {'v': 912, 'vw': 55.5856, 'o': 55.576, 'c': 55.634, 'h': 55.666, 'l': 55.45, 't': 1682481600000, 'n': 912}, {'v': 813, 'vw': 55.6228, 'o': 55.642, 'c': 55.617, 'h': 55.702, 'l': 55.345, 't': 1682496000000, 'n': 813}, {'v': 543, 'vw': 55.5681, 'o': 55.616, 'c': 55.582, 'h': 55.665, 'l': 55.387, 't': 1682510400000, 'n': 543}, {'v': 186, 'vw': 55.5991, 'o': 55.66, 'c': 55.585, 'h': 55.665, 'l': 55.543, 't': 1682524800000, 'n': 186}, {'v': 35, 'vw': 55.534, 'o': 55.58, 'c': 55.555, 'h': 55.588, 'l': 55.402, 't': 1682539200000, 'n': 35}, {'v': 676, 'vw': 55.724, 'o': 55.539, 'c': 55.785, 'h': 55.809, 'l': 55.46, 't': 1682553600000, 'n': 676}, {'v': 966, 'vw': 55.7323, 'o': 55.783, 'c': 55.732, 'h': 55.786, 'l': 55.6, 't': 1682568000000, 'n': 966}, {'v': 434, 'vw': 55.7148, 'o': 55.635, 'c': 55.73, 'h': 55.777, 'l': 54.5, 't': 1682582400000, 'n': 434}, {'v': 358, 'vw': 55.7015, 'o': 55.733, 'c': 55.63, 'h': 55.777, 'l': 55.57, 't': 1682596800000, 'n': 358}, {'v': 183, 'vw': 55.5694, 'o': 55.628, 'c': 55.553, 'h': 55.71, 'l': 55.43, 't': 1682611200000, 'n': 183}, {'v': 14, 'vw': 55.5565, 'o': 55.553, 'c': 55.625, 'h': 55.625, 'l': 55.469, 't': 1682625600000, 'n': 14}, {'v': 882, 'vw': 55.5211, 'o': 55.585, 'c': 55.516, 'h': 55.71, 'l': 55.31, 't': 1682640000000, 'n': 882}, {'v': 968, 'vw': 55.5559, 'o': 55.517, 'c': 55.419, 'h': 55.687, 'l': 55.25, 't': 1682654400000, 'n': 968}, {'v': 527, 'vw': 55.4699, 'o': 55.424, 'c': 55.467, 'h': 55.53, 'l': 55.276, 't': 1682668800000, 'n': 527}, {'v': 438, 'vw': 55.4124, 'o': 55.513, 'c': 55.306, 'h': 55.71, 'l': 55.28, 't': 1682683200000, 'n': 438}, {'v': 166, 'vw': 55.3376, 'o': 55.306, 'c': 55.36, 'h': 55.47, 'l': 55.306, 't': 1682697600000, 'n': 166}, {'v': 8, 'vw': 55.3536, 'o': 55.365, 'c': 55.373, 'h': 55.373, 'l': 55.344, 't': 1682712000000, 'n': 8}, {'v': 1, 'vw': 55.38, 'o': 55.38, 'c': 55.38, 'h': 55.38, 'l': 55.38, 't': 1682755200000, 'n': 1}, {'v': 2, 'vw': 55.425, 'o': 55.38, 'c': 55.47, 'h': 55.47, 'l': 55.38, 't': 1682884800000, 'n': 2}, {'v': 133, 'vw': 55.4718, 'o': 55.38, 'c': 55.535, 'h': 55.535, 'l': 55.313, 't': 1682899200000, 'n': 133}, {'v': 196, 'vw': 55.3709, 'o': 55.485, 'c': 55.425, 'h': 55.495, 'l': 55.263, 't': 1682913600000, 'n': 196}, {'v': 76, 'vw': 55.4609, 'o': 55.426, 'c': 55.458, 'h': 55.503, 'l': 55.206, 't': 1682928000000, 'n': 76}, {'v': 404, 'vw': 55.4614, 'o': 55.455, 'c': 55.504, 'h': 55.533, 'l': 55.245, 't': 1682942400000, 'n': 404}, {'v': 81, 'vw': 55.5109, 'o': 55.497, 'c': 55.528, 'h': 55.563, 'l': 55.483, 't': 1682956800000, 'n': 81}, {'v': 10, 'vw': 55.4826, 'o': 55.49, 'c': 55.528, 'h': 55.528, 'l': 55.395, 't': 1682971200000, 'n': 10}, {'v': 552, 'vw': 55.3903, 'o': 55.52, 'c': 55.403, 'h': 55.531, 'l': 55.307, 't': 1682985600000, 'n': 552}, {'v': 896, 'vw': 55.3576, 'o': 55.402, 'c': 55.369, 'h': 55.434, 'l': 55.16, 't': 1683000000000, 'n': 896}], 'status': 'OK', 'request_id': 'c6d468572214e52ba8549281e79d977f', 'count': 50, 'next_url': 'https://api.polygon.io/v2/aggs/ticker/C:USDPHP/range/4/hour/1683014400000/2024-01-01?cursor=bGltaXQ9NTAwMCZzb3J0PWFzYw'}
[2025-03-31T08:46:14.972+0000] {logging_mixin.py:190} INFO - {'ticker': 'C:USDPHP', 'queryCount': 5000, 'resultsCount': 43, 'adjusted': True, 'results': [{'v': 565, 'vw': 55.3876, 'o': 55.371, 'c': 55.372, 'h': 55.476, 'l': 55.235, 't': 1683014400000, 'n': 565}, {'v': 1204, 'vw': 55.3993, 'o': 55.374, 'c': 55.403, 'h': 55.5, 'l': 55.278, 't': 1683028800000, 'n': 1204}, {'v': 230, 'vw': 55.3941, 'o': 55.401, 'c': 55.377, 'h': 55.419, 'l': 55.295, 't': 1683043200000, 'n': 230}, {'v': 7, 'vw': 55.3853, 'o': 55.382, 'c': 55.42, 'h': 55.42, 'l': 55.3, 't': 1683057600000, 'n': 7}, {'v': 553, 'vw': 55.303, 'o': 55.428, 'c': 55.309, 'h': 55.428, 'l': 55.165, 't': 1683072000000, 'n': 553}, {'v': 584, 'vw': 55.3422, 'o': 55.311, 'c': 55.395, 'h': 55.395, 'l': 55.215, 't': 1683086400000, 'n': 584}, {'v': 1088, 'vw': 55.3082, 'o': 55.396, 'c': 55.301, 'h': 55.396, 'l': 54.045, 't': 1683100800000, 'n': 1088}, {'v': 976, 'vw': 55.2836, 'o': 55.303, 'c': 55.262, 'h': 55.312, 'l': 55.153, 't': 1683115200000, 'n': 976}, {'v': 225, 'vw': 55.2474, 'o': 55.261, 'c': 55.288, 'h': 55.306, 'l': 54.461, 't': 1683129600000, 'n': 225}, {'v': 8, 'vw': 55.2735, 'o': 55.293, 'c': 55.325, 'h': 55.325, 'l': 55.22, 't': 1683144000000, 'n': 8}, {'v': 556, 'vw': 55.1646, 'o': 55.285, 'c': 55.243, 'h': 55.285, 'l': 55.055, 't': 1683158400000, 'n': 556}, {'v': 517, 'vw': 55.26, 'o': 55.244, 'c': 55.343, 'h': 55.345, 'l': 55.11, 't': 1683172800000, 'n': 517}, {'v': 1193, 'vw': 55.3492, 'o': 55.338, 'c': 55.331, 'h': 55.471, 'l': 53.924, 't': 1683187200000, 'n': 1193}, {'v': 1022, 'vw': 55.3561, 'o': 55.242, 'c': 55.405, 'h': 55.443, 'l': 55.23, 't': 1683201600000, 'n': 1022}, {'v': 307, 'vw': 55.4054, 'o': 55.373, 'c': 55.395, 'h': 55.432, 'l': 55.28, 't': 1683216000000, 'n': 307}, {'v': 18, 'vw': 55.3854, 'o': 55.392, 'c': 55.425, 'h': 55.425, 'l': 55.28, 't': 1683230400000, 'n': 18}, {'v': 751, 'vw': 55.2825, 'o': 55.41, 'c': 55.228, 'h': 55.416, 'l': 55.135, 't': 1683244800000, 'n': 751}, {'v': 825, 'vw': 55.2346, 'o': 55.145, 'c': 55.311, 'h': 55.329, 'l': 55.045, 't': 1683259200000, 'n': 825}, {'v': 941, 'vw': 55.2201, 'o': 55.312, 'c': 55.207, 'h': 55.317, 'l': 54.029, 't': 1683273600000, 'n': 941}, {'v': 1251, 'vw': 55.3215, 'o': 55.209, 'c': 55.31, 'h': 55.422, 'l': 54.906, 't': 1683288000000, 'n': 1251}, {'v': 171, 'vw': 55.315, 'o': 55.317, 'c': 55.355, 'h': 55.358, 'l': 55.13, 't': 1683302400000, 'n': 171}, {'v': 22, 'vw': 55.2524, 'o': 55.357, 'c': 55.211, 'h': 55.365, 'l': 55.211, 't': 1683316800000, 'n': 22}, {'v': 1, 'vw': 55.211, 'o': 55.211, 'c': 55.211, 'h': 55.211, 'l': 55.211, 't': 1683489600000, 'n': 1}, {'v': 512, 'vw': 55.2892, 'o': 55.295, 'c': 55.269, 'h': 55.413, 'l': 55.182, 't': 1683504000000, 'n': 512}, {'v': 438, 'vw': 55.2797, 'o': 55.281, 'c': 55.295, 'h': 55.314, 'l': 55.135, 't': 1683518400000, 'n': 438}, {'v': 677, 'vw': 55.27, 'o': 55.297, 'c': 55.274, 'h': 55.32, 'l': 55.13, 't': 1683532800000, 'n': 677}, {'v': 609, 'vw': 55.2912, 'o': 55.273, 'c': 55.337, 'h': 55.338, 'l': 55.182, 't': 1683547200000, 'n': 609}, {'v': 333, 'vw': 55.3875, 'o': 55.334, 'c': 55.446, 'h': 55.474, 'l': 55.18, 't': 1683561600000, 'n': 333}, {'v': 21, 'vw': 55.4048, 'o': 55.444, 'c': 55.435, 'h': 55.45, 'l': 55.18, 't': 1683576000000, 'n': 21}, {'v': 892, 'vw': 55.5504, 'o': 55.443, 'c': 55.616, 'h': 55.653, 'l': 55.24, 't': 1683590400000, 'n': 892}, {'v': 919, 'vw': 55.7062, 'o': 55.618, 'c': 55.755, 'h': 55.841, 'l': 55.435, 't': 1683604800000, 'n': 919}, {'v': 1071, 'vw': 55.758, 'o': 55.757, 'c': 55.734, 'h': 55.82, 'l': 55.637, 't': 1683619200000, 'n': 1071}, {'v': 1577, 'vw': 55.7854, 'o': 55.743, 'c': 55.792, 'h': 55.869, 'l': 55.659, 't': 1683633600000, 'n': 1577}, {'v': 134, 'vw': 55.7962, 'o': 55.795, 'c': 55.799, 'h': 55.821, 'l': 55.69, 't': 1683648000000, 'n': 134}, {'v': 31, 'vw': 55.7858, 'o': 55.803, 'c': 55.765, 'h': 55.875, 'l': 55.69, 't': 1683662400000, 'n': 31}, {'v': 748, 'vw': 55.7903, 'o': 55.76, 'c': 55.815, 'h': 55.874, 'l': 55.59, 't': 1683676800000, 'n': 748}, {'v': 775, 'vw': 55.7364, 'o': 55.82, 'c': 55.668, 'h': 55.834, 'l': 55.585, 't': 1683691200000, 'n': 775}, {'v': 1128, 'vw': 55.6818, 'o': 55.665, 'c': 55.694, 'h': 55.765, 'l': 55.525, 't': 1683705600000, 'n': 1128}, {'v': 1453, 'vw': 55.6217, 'o': 55.693, 'c': 55.64, 'h': 55.721, 'l': 55.473, 't': 1683720000000, 'n': 1453}, {'v': 177, 'vw': 55.6675, 'o': 55.675, 'c': 55.68, 'h': 55.8, 'l': 55.595, 't': 1683734400000, 'n': 177}, {'v': 42, 'vw': 55.6232, 'o': 55.67, 'c': 55.625, 'h': 55.68, 'l': 55.597, 't': 1683748800000, 'n': 42}, {'v': 695, 'vw': 55.6518, 'o': 55.61, 'c': 55.707, 'h': 55.741, 'l': 55.455, 't': 1683763200000, 'n': 695}, {'v': 827, 'vw': 55.7102, 'o': 55.708, 'c': 55.767, 'h': 55.801, 'l': 55.53, 't': 1683777600000, 'n': 827}], 'status': 'OK', 'request_id': 'bf6c5c7fbdc8bdd024602952cdccb481', 'count': 43, 'next_url': 'https://api.polygon.io/v2/aggs/ticker/C:USDPHP/range/4/hour/1683792000000/2024-01-01?cursor=bGltaXQ9NTAwMCZzb3J0PWFzYw'}
[2025-03-31T08:46:17.287+0000] {logging_mixin.py:190} INFO - {'ticker': 'C:USDPHP', 'queryCount': 5000, 'resultsCount': 44, 'adjusted': True, 'results': [{'v': 1074, 'vw': 55.6769, 'o': 55.774, 'c': 55.67, 'h': 55.838, 'l': 54.419, 't': 1683792000000, 'n': 1074}, {'v': 890, 'vw': 55.724, 'o': 55.671, 'c': 55.782, 'h': 55.835, 'l': 55.554, 't': 1683806400000, 'n': 890}, {'v': 80, 'vw': 55.785, 'o': 55.774, 'c': 55.782, 'h': 55.836, 'l': 55.57, 't': 1683820800000, 'n': 80}, {'v': 17, 'vw': 55.7863, 'o': 55.788, 'c': 55.85, 'h': 55.85, 'l': 55.64, 't': 1683835200000, 'n': 17}, {'v': 1027, 'vw': 55.9131, 'o': 55.835, 'c': 55.8, 'h': 56.005, 'l': 55.66, 't': 1683849600000, 'n': 1027}, {'v': 938, 'vw': 55.7645, 'o': 55.796, 'c': 55.827, 'h': 55.848, 'l': 55.57, 't': 1683864000000, 'n': 938}, {'v': 1376, 'vw': 55.8329, 'o': 55.838, 'c': 55.808, 'h': 55.939, 'l': 55.616, 't': 1683878400000, 'n': 1376}, {'v': 1210, 'vw': 55.8271, 'o': 55.808, 'c': 55.872, 'h': 55.893, 'l': 55.606, 't': 1683892800000, 'n': 1210}, {'v': 211, 'vw': 55.8515, 'o': 55.862, 'c': 55.86, 'h': 55.888, 'l': 55.761, 't': 1683907200000, 'n': 211}, {'v': 10, 'vw': 55.8714, 'o': 55.861, 'c': 55.895, 'h': 55.895, 'l': 55.86, 't': 1683921600000, 'n': 10}, {'v': 1, 'vw': 55.764, 'o': 55.764, 'c': 55.764, 'h': 55.764, 'l': 55.764, 't': 1684008000000, 'n': 1}, {'v': 2, 'vw': 55.809, 'o': 55.764, 'c': 55.854, 'h': 55.854, 'l': 55.764, 't': 1684094400000, 'n': 2}, {'v': 496, 'vw': 55.9407, 'o': 55.764, 'c': 55.997, 'h': 56.001, 'l': 55.764, 't': 1684108800000, 'n': 496}, {'v': 870, 'vw': 55.9817, 'o': 55.99, 'c': 56.075, 'h': 56.108, 'l': 55.81, 't': 1684123200000, 'n': 870}, {'v': 1300, 'vw': 56.0876, 'o': 56.077, 'c': 56.059, 'h': 56.228, 'l': 55.849, 't': 1684137600000, 'n': 1300}, {'v': 677, 'vw': 56.0377, 'o': 56.056, 'c': 56.022, 'h': 56.065, 'l': 55.77, 't': 1684152000000, 'n': 677}, {'v': 160, 'vw': 56.015, 'o': 56.011, 'c': 56.005, 'h': 56.033, 'l': 55.925, 't': 1684166400000, 'n': 160}, {'v': 15, 'vw': 56.003, 'o': 56.001, 'c': 56.068, 'h': 56.068, 'l': 55.925, 't': 1684180800000, 'n': 15}, {'v': 888, 'vw': 56.1376, 'o': 56.06, 'c': 56.136, 'h': 56.285, 'l': 55.915, 't': 1684195200000, 'n': 888}, {'v': 905, 'vw': 56.1811, 'o': 56.144, 'c': 56.04, 'h': 56.262, 'l': 55.99, 't': 1684209600000, 'n': 905}, {'v': 1616, 'vw': 56.0696, 'o': 56.036, 'c': 56.054, 'h': 56.15, 'l': 55.935, 't': 1684224000000, 'n': 1616}, {'v': 1688, 'vw': 56.0879, 'o': 56.056, 'c': 56.149, 'h': 56.172, 'l': 55.962, 't': 1684238400000, 'n': 1688}, {'v': 147, 'vw': 56.1611, 'o': 56.147, 'c': 56.166, 'h': 56.193, 'l': 55.99, 't': 1684252800000, 'n': 147}, {'v': 33, 'vw': 56.143, 'o': 56.118, 'c': 56.183, 'h': 56.259, 'l': 55.93, 't': 1684267200000, 'n': 33}, {'v': 853, 'vw': 56.1617, 'o': 56.187, 'c': 56.2, 'h': 56.229, 'l': 55.98, 't': 1684281600000, 'n': 853}, {'v': 821, 'vw': 56.1595, 'o': 56.198, 'c': 56.196, 'h': 56.251, 'l': 55.97, 't': 1684296000000, 'n': 821}, {'v': 1386, 'vw': 56.1388, 'o': 56.19, 'c': 56.125, 'h': 56.25, 'l': 54.923, 't': 1684310400000, 'n': 1386}, {'v': 1462, 'vw': 56.099, 'o': 56.126, 'c': 56.114, 'h': 56.154, 'l': 55.967, 't': 1684324800000, 'n': 1462}, {'v': 374, 'vw': 56.0756, 'o': 56.118, 'c': 56.013, 'h': 56.118, 'l': 55.978, 't': 1684339200000, 'n': 374}, {'v': 41, 'vw': 56.0206, 'o': 56.018, 'c': 56.018, 'h': 56.09, 'l': 55.987, 't': 1684353600000, 'n': 41}, {'v': 1205, 'vw': 55.9737, 'o': 56.003, 'c': 55.956, 'h': 56.08, 'l': 55.825, 't': 1684368000000, 'n': 1205}, {'v': 1099, 'vw': 55.96, 'o': 55.957, 'c': 55.87, 'h': 56.068, 'l': 55.773, 't': 1684382400000, 'n': 1099}, {'v': 1529, 'vw': 55.7794, 'o': 55.871, 'c': 55.782, 'h': 55.876, 'l': 55.632, 't': 1684396800000, 'n': 1529}, {'v': 1499, 'vw': 55.8268, 'o': 55.782, 'c': 55.797, 'h': 56.08, 'l': 55.688, 't': 1684411200000, 'n': 1499}, {'v': 298, 'vw': 55.794, 'o': 55.808, 'c': 55.781, 'h': 55.84, 'l': 55.69, 't': 1684425600000, 'n': 298}, {'v': 11, 'vw': 55.7815, 'o': 55.759, 'c': 55.81, 'h': 55.81, 'l': 55.69, 't': 1684440000000, 'n': 11}, {'v': 779, 'vw': 55.7133, 'o': 55.797, 'c': 55.753, 'h': 55.827, 'l': 55.58, 't': 1684454400000, 'n': 779}, {'v': 842, 'vw': 55.704, 'o': 55.754, 'c': 55.661, 'h': 55.802, 'l': 55.445, 't': 1684468800000, 'n': 842}, {'v': 1539, 'vw': 55.7022, 'o': 55.651, 'c': 55.733, 'h': 55.834, 'l': 53.354, 't': 1684483200000, 'n': 1539}, {'v': 1118, 'vw': 55.7423, 'o': 55.749, 'c': 55.646, 'h': 55.823, 'l': 55.565, 't': 1684497600000, 'n': 1118}, {'v': 394, 'vw': 55.6242, 'o': 55.618, 'c': 55.681, 'h': 55.694, 'l': 55.525, 't': 1684512000000, 'n': 394}, {'v': 14, 'vw': 55.6748, 'o': 55.728, 'c': 56.06, 'h': 56.06, 'l': 55.525, 't': 1684526400000, 'n': 14}, {'v': 1, 'vw': 55.549, 'o': 55.549, 'c': 55.549, 'h': 55.549, 'l': 55.549, 't': 1684569600000, 'n': 1}, {'v': 2, 'vw': 55.594, 'o': 55.549, 'c': 55.639, 'h': 55.639, 'l': 55.549, 't': 1684699200000, 'n': 2}], 'status': 'OK', 'request_id': '36a33b815f217b1fe8c9edc5f94b0697', 'count': 44, 'next_url': 'https://api.polygon.io/v2/aggs/ticker/C:USDPHP/range/4/hour/1684713600000/2024-01-01?cursor=bGltaXQ9NTAwMCZzb3J0PWFzYw'}
[2025-03-31T08:46:20.924+0000] {local_task_job_runner.py:127} ERROR - Received SIGTERM. Terminating subprocesses
[2025-03-31T08:46:20.927+0000] {process_utils.py:132} INFO - Sending 15 to group 930. PIDs of all processes in the group: [930]
[2025-03-31T08:46:20.929+0000] {process_utils.py:87} INFO - Sending the signal 15 to group 930
[2025-03-31T08:46:20.929+0000] {taskinstance.py:3094} ERROR - Received SIGTERM. Terminating subprocesses.
[2025-03-31T08:46:20.947+0000] {taskinstance.py:3095} ERROR - Stacktrace: 
  File "/home/***/.local/bin/***", line 8, in <module>
    sys.exit(main())
  File "/home/***/.local/lib/python3.12/site-packages/***/__main__.py", line 62, in main
    args.func(args)
  File "/home/***/.local/lib/python3.12/site-packages/***/cli/cli_config.py", line 49, in command
    return func(*args, **kwargs)
  File "/home/***/.local/lib/python3.12/site-packages/***/utils/cli.py", line 116, in wrapper
    return f(*args, **kwargs)
  File "/home/***/.local/lib/python3.12/site-packages/***/utils/providers_configuration_loader.py", line 55, in wrapped_function
    return func(*args, **kwargs)
  File "/home/***/.local/lib/python3.12/site-packages/***/cli/commands/scheduler_command.py", line 56, in scheduler
    run_command_with_daemon_option(
  File "/home/***/.local/lib/python3.12/site-packages/***/cli/commands/daemon_utils.py", line 86, in run_command_with_daemon_option
    callback()
  File "/home/***/.local/lib/python3.12/site-packages/***/cli/commands/scheduler_command.py", line 59, in <lambda>
    callback=lambda: _run_scheduler_job(args),
  File "/home/***/.local/lib/python3.12/site-packages/***/cli/commands/scheduler_command.py", line 47, in _run_scheduler_job
    run_job(job=job_runner.job, execute_callable=job_runner._execute)
  File "/home/***/.local/lib/python3.12/site-packages/***/utils/session.py", line 97, in wrapper
    return func(*args, session=session, **kwargs)
  File "/home/***/.local/lib/python3.12/site-packages/***/jobs/job.py", line 421, in run_job
    return execute_job(job, execute_callable=execute_callable)
  File "/home/***/.local/lib/python3.12/site-packages/***/jobs/job.py", line 450, in execute_job
    ret = execute_callable()
  File "/home/***/.local/lib/python3.12/site-packages/***/jobs/scheduler_job_runner.py", line 990, in _execute
    executor.start()
  File "/home/***/.local/lib/python3.12/site-packages/***/executors/local_executor.py", line 392, in start
    self.impl.start()
  File "/home/***/.local/lib/python3.12/site-packages/***/executors/local_executor.py", line 330, in start
    worker.start()
  File "/usr/local/lib/python3.12/multiprocessing/process.py", line 121, in start
    self._popen = self._Popen(self)
  File "/usr/local/lib/python3.12/multiprocessing/context.py", line 224, in _Popen
    return _default_context.get_context().Process._Popen(process_obj)
  File "/usr/local/lib/python3.12/multiprocessing/context.py", line 282, in _Popen
    return Popen(process_obj)
  File "/usr/local/lib/python3.12/multiprocessing/popen_fork.py", line 19, in __init__
    self._launch(process_obj)
  File "/usr/local/lib/python3.12/multiprocessing/popen_fork.py", line 71, in _launch
    code = process_obj._bootstrap(parent_sentinel=child_r)
  File "/usr/local/lib/python3.12/multiprocessing/process.py", line 314, in _bootstrap
    self.run()
  File "/home/***/.local/lib/python3.12/site-packages/***/executors/local_executor.py", line 80, in run
    return super().run()
  File "/usr/local/lib/python3.12/multiprocessing/process.py", line 108, in run
    self._target(*self._args, **self._kwargs)
  File "/home/***/.local/lib/python3.12/site-packages/***/traces/tracer.py", line 58, in wrapper
    return func(*args, **kwargs)
  File "/home/***/.local/lib/python3.12/site-packages/***/executors/local_executor.py", line 211, in do_work
    self.execute_work(key=key, command=command)
  File "/home/***/.local/lib/python3.12/site-packages/***/traces/tracer.py", line 58, in wrapper
    return func(*args, **kwargs)
  File "/home/***/.local/lib/python3.12/site-packages/***/executors/local_executor.py", line 100, in execute_work
    state = self._execute_work_in_fork(command)
  File "/home/***/.local/lib/python3.12/site-packages/***/traces/tracer.py", line 58, in wrapper
    return func(*args, **kwargs)
  File "/home/***/.local/lib/python3.12/site-packages/***/executors/local_executor.py", line 142, in _execute_work_in_fork
    args.func(args)
  File "/home/***/.local/lib/python3.12/site-packages/***/cli/cli_config.py", line 49, in command
    return func(*args, **kwargs)
  File "/home/***/.local/lib/python3.12/site-packages/***/utils/cli.py", line 116, in wrapper
    return f(*args, **kwargs)
  File "/home/***/.local/lib/python3.12/site-packages/***/cli/commands/task_command.py", line 483, in task_run
    task_return_code = _run_task_by_selected_method(args, _dag, ti)
  File "/home/***/.local/lib/python3.12/site-packages/***/cli/commands/task_command.py", line 254, in _run_task_by_selected_method
    return _run_task_by_local_task_job(args, ti)
  File "/home/***/.local/lib/python3.12/site-packages/***/cli/commands/task_command.py", line 322, in _run_task_by_local_task_job
    ret = run_job(job=job_runner.job, execute_callable=job_runner._execute)
  File "/home/***/.local/lib/python3.12/site-packages/***/utils/session.py", line 97, in wrapper
    return func(*args, session=session, **kwargs)
  File "/home/***/.local/lib/python3.12/site-packages/***/jobs/job.py", line 421, in run_job
    return execute_job(job, execute_callable=execute_callable)
  File "/home/***/.local/lib/python3.12/site-packages/***/jobs/job.py", line 450, in execute_job
    ret = execute_callable()
  File "/home/***/.local/lib/python3.12/site-packages/***/jobs/local_task_job_runner.py", line 171, in _execute
    self.task_runner.start()
  File "/home/***/.local/lib/python3.12/site-packages/***/task/task_runner/standard_task_runner.py", line 55, in start
    self.process = self._start_by_fork()
  File "/home/***/.local/lib/python3.12/site-packages/***/task/task_runner/standard_task_runner.py", line 117, in _start_by_fork
    ret = args.func(args, dag=self.dag)
  File "/home/***/.local/lib/python3.12/site-packages/***/cli/cli_config.py", line 49, in command
    return func(*args, **kwargs)
  File "/home/***/.local/lib/python3.12/site-packages/***/utils/cli.py", line 116, in wrapper
    return f(*args, **kwargs)
  File "/home/***/.local/lib/python3.12/site-packages/***/cli/commands/task_command.py", line 483, in task_run
    task_return_code = _run_task_by_selected_method(args, _dag, ti)
  File "/home/***/.local/lib/python3.12/site-packages/***/cli/commands/task_command.py", line 256, in _run_task_by_selected_method
    return _run_raw_task(args, ti)
  File "/home/***/.local/lib/python3.12/site-packages/***/cli/commands/task_command.py", line 341, in _run_raw_task
    return ti._run_raw_task(
  File "/home/***/.local/lib/python3.12/site-packages/***/utils/session.py", line 97, in wrapper
    return func(*args, session=session, **kwargs)
  File "/home/***/.local/lib/python3.12/site-packages/***/models/taskinstance.py", line 3006, in _run_raw_task
    return _run_raw_task(
  File "/home/***/.local/lib/python3.12/site-packages/***/models/taskinstance.py", line 274, in _run_raw_task
    TaskInstance._execute_task_with_callbacks(
  File "/home/***/.local/lib/python3.12/site-packages/***/models/taskinstance.py", line 3161, in _execute_task_with_callbacks
    result = self._execute_task(context, task_orig)
  File "/home/***/.local/lib/python3.12/site-packages/***/models/taskinstance.py", line 3185, in _execute_task
    return _execute_task(self, context, task_orig)
  File "/home/***/.local/lib/python3.12/site-packages/***/models/taskinstance.py", line 768, in _execute_task
    result = _execute_callable(context=context, **execute_callable_kwargs)
  File "/home/***/.local/lib/python3.12/site-packages/***/models/taskinstance.py", line 734, in _execute_callable
    return ExecutionCallableRunner(
  File "/home/***/.local/lib/python3.12/site-packages/***/utils/operator_helpers.py", line 252, in run
    return self.func(*args, **kwargs)
  File "/home/***/.local/lib/python3.12/site-packages/***/models/baseoperator.py", line 424, in wrapper
    return func(self, *args, **kwargs)
  File "/home/***/.local/lib/python3.12/site-packages/***/operators/python.py", line 238, in execute
    return_value = self.execute_callable()
  File "/home/***/.local/lib/python3.12/site-packages/***/operators/python.py", line 256, in execute_callable
    return runner.run(*self.op_args, **self.op_kwargs)
  File "/home/***/.local/lib/python3.12/site-packages/***/utils/operator_helpers.py", line 252, in run
    return self.func(*args, **kwargs)
  File "/opt/***/dags/operators/pull_forex_data.py", line 72, in pull_forex_data
    time.sleep(60)
  File "/home/***/.local/lib/python3.12/site-packages/***/models/taskinstance.py", line 3095, in signal_handler
    self.log.error("Stacktrace: \n%s", "".join(traceback.format_stack()))

[2025-03-31T08:46:20.962+0000] {taskinstance.py:3313} ERROR - Task failed with exception
Traceback (most recent call last):
  File "/home/airflow/.local/lib/python3.12/site-packages/airflow/models/taskinstance.py", line 768, in _execute_task
    result = _execute_callable(context=context, **execute_callable_kwargs)
             ^^^^^^^^^^^^^^^^^^^^^^^^^^^^^^^^^^^^^^^^^^^^^^^^^^^^^^^^^^^^^
  File "/home/airflow/.local/lib/python3.12/site-packages/airflow/models/taskinstance.py", line 734, in _execute_callable
    return ExecutionCallableRunner(
           ^^^^^^^^^^^^^^^^^^^^^^^^
  File "/home/airflow/.local/lib/python3.12/site-packages/airflow/utils/operator_helpers.py", line 252, in run
    return self.func(*args, **kwargs)
           ^^^^^^^^^^^^^^^^^^^^^^^^^^
  File "/home/airflow/.local/lib/python3.12/site-packages/airflow/models/baseoperator.py", line 424, in wrapper
    return func(self, *args, **kwargs)
           ^^^^^^^^^^^^^^^^^^^^^^^^^^^
  File "/home/airflow/.local/lib/python3.12/site-packages/airflow/operators/python.py", line 238, in execute
    return_value = self.execute_callable()
                   ^^^^^^^^^^^^^^^^^^^^^^^
  File "/home/airflow/.local/lib/python3.12/site-packages/airflow/operators/python.py", line 256, in execute_callable
    return runner.run(*self.op_args, **self.op_kwargs)
           ^^^^^^^^^^^^^^^^^^^^^^^^^^^^^^^^^^^^^^^^^^^
  File "/home/airflow/.local/lib/python3.12/site-packages/airflow/utils/operator_helpers.py", line 252, in run
    return self.func(*args, **kwargs)
           ^^^^^^^^^^^^^^^^^^^^^^^^^^
  File "/opt/airflow/dags/operators/pull_forex_data.py", line 72, in pull_forex_data
    time.sleep(60)
  File "/home/airflow/.local/lib/python3.12/site-packages/airflow/models/taskinstance.py", line 3097, in signal_handler
    raise AirflowTaskTerminated("Task received SIGTERM signal")
airflow.exceptions.AirflowTaskTerminated: Task received SIGTERM signal
[2025-03-31T08:46:20.976+0000] {taskinstance.py:1226} INFO - Marking task as UP_FOR_RETRY. dag_id=forex_ml_pipeline, task_id=pull_forex_data, run_id=manual__2025-03-31T08:39:16.898472+00:00, execution_date=20250331T083916, start_date=20250331T084603, end_date=20250331T084620
[2025-03-31T08:46:21.037+0000] {taskinstance.py:341} INFO - ::group::Post task execution logs
[2025-03-31T08:46:21.063+0000] {process_utils.py:80} INFO - Process psutil.Process(pid=930, status='terminated', exitcode=2, started='08:46:02') (930) terminated with exit code 2
[2025-03-31T08:46:21.066+0000] {local_task_job_runner.py:266} INFO - Task exited with return code 143
[2025-03-31T08:46:21.098+0000] {taskinstance.py:3901} INFO - 0 downstream tasks scheduled from follow-on schedule check
[2025-03-31T08:46:23.569+0000] {standard_task_runner.py:217} INFO - Process not found (most likely exited), stop collecting metrics
