[2025-04-09T04:00:09.113+0000] {local_task_job_runner.py:123} INFO - ::group::Pre task execution logs
[2025-04-09T04:00:09.135+0000] {taskinstance.py:2614} INFO - Dependencies all met for dep_context=non-requeueable deps ti=<TaskInstance: forex_ml_pipeline.transform_forex_data manual__2025-04-09T03:34:37.394073+00:00 [queued]>
[2025-04-09T04:00:09.146+0000] {taskinstance.py:2614} INFO - Dependencies all met for dep_context=requeueable deps ti=<TaskInstance: forex_ml_pipeline.transform_forex_data manual__2025-04-09T03:34:37.394073+00:00 [queued]>
[2025-04-09T04:00:09.148+0000] {taskinstance.py:2867} INFO - Starting attempt 1 of 4
[2025-04-09T04:00:09.162+0000] {taskinstance.py:2890} INFO - Executing <Task(SparkSubmitOperator): transform_forex_data> on 2025-04-09 03:34:37.394073+00:00
[2025-04-09T04:00:09.173+0000] {standard_task_runner.py:104} INFO - Running: ['***', 'tasks', 'run', 'forex_ml_pipeline', 'transform_forex_data', 'manual__2025-04-09T03:34:37.394073+00:00', '--job-id', '13', '--raw', '--subdir', 'DAGS_FOLDER/forex_ml_pipeline.py', '--cfg-path', '/tmp/tmplhbdvxhv']
[2025-04-09T04:00:09.175+0000] {standard_task_runner.py:105} INFO - Job 13: Subtask transform_forex_data
[2025-04-09T04:00:09.176+0000] {logging_mixin.py:190} WARNING - /home/***/.local/lib/python3.12/site-packages/***/task/task_runner/standard_task_runner.py:70 DeprecationWarning: This process (pid=1020) is multi-threaded, use of fork() may lead to deadlocks in the child.
[2025-04-09T04:00:09.177+0000] {standard_task_runner.py:72} INFO - Started process 1023 to run task
[2025-04-09T04:00:09.222+0000] {task_command.py:467} INFO - Running <TaskInstance: forex_ml_pipeline.transform_forex_data manual__2025-04-09T03:34:37.394073+00:00 [running]> on host ad9b7dc43921
[2025-04-09T04:00:09.305+0000] {taskinstance.py:3134} INFO - Exporting env vars: AIRFLOW_CTX_DAG_OWNER='mikhail' AIRFLOW_CTX_DAG_ID='forex_ml_pipeline' AIRFLOW_CTX_TASK_ID='transform_forex_data' AIRFLOW_CTX_EXECUTION_DATE='2025-04-09T03:34:37.394073+00:00' AIRFLOW_CTX_TRY_NUMBER='1' AIRFLOW_CTX_DAG_RUN_ID='manual__2025-04-09T03:34:37.394073+00:00'
[2025-04-09T04:00:09.306+0000] {taskinstance.py:732} INFO - ::endgroup::
[2025-04-09T04:00:09.326+0000] {base.py:84} INFO - Retrieving connection 'my_spark_conn'
[2025-04-09T04:00:09.329+0000] {spark_submit.py:474} INFO - Spark-Submit cmd: spark-submit --master spark://spark-master:7077 --name arrow-spark --verbose ./dags/operators/transform_forex_data.py s3a://usd-php-ml-pipeline-bucket/raw/usd_php_forex_4hour.csv
[2025-04-09T04:00:10.938+0000] {spark_submit.py:645} INFO - Using properties file: null
[2025-04-09T04:00:11.075+0000] {spark_submit.py:645} INFO - Parsed arguments:
[2025-04-09T04:00:11.076+0000] {spark_submit.py:645} INFO - master                  spark://spark-master:7077
[2025-04-09T04:00:11.077+0000] {spark_submit.py:645} INFO - remote                  null
[2025-04-09T04:00:11.077+0000] {spark_submit.py:645} INFO - deployMode              null
[2025-04-09T04:00:11.078+0000] {spark_submit.py:645} INFO - executorMemory          null
[2025-04-09T04:00:11.079+0000] {spark_submit.py:645} INFO - executorCores           null
[2025-04-09T04:00:11.079+0000] {spark_submit.py:645} INFO - totalExecutorCores      null
[2025-04-09T04:00:11.080+0000] {spark_submit.py:645} INFO - propertiesFile          null
[2025-04-09T04:00:11.081+0000] {spark_submit.py:645} INFO - driverMemory            null
[2025-04-09T04:00:11.081+0000] {spark_submit.py:645} INFO - driverCores             null
[2025-04-09T04:00:11.082+0000] {spark_submit.py:645} INFO - driverExtraClassPath    null
[2025-04-09T04:00:11.083+0000] {spark_submit.py:645} INFO - driverExtraLibraryPath  null
[2025-04-09T04:00:11.083+0000] {spark_submit.py:645} INFO - driverExtraJavaOptions  null
[2025-04-09T04:00:11.084+0000] {spark_submit.py:645} INFO - supervise               false
[2025-04-09T04:00:11.084+0000] {spark_submit.py:645} INFO - queue                   null
[2025-04-09T04:00:11.087+0000] {spark_submit.py:645} INFO - numExecutors            null
[2025-04-09T04:00:11.093+0000] {spark_submit.py:645} INFO - files                   null
[2025-04-09T04:00:11.096+0000] {spark_submit.py:645} INFO - pyFiles                 null
[2025-04-09T04:00:11.099+0000] {spark_submit.py:645} INFO - archives                null
[2025-04-09T04:00:11.100+0000] {spark_submit.py:645} INFO - mainClass               null
[2025-04-09T04:00:11.100+0000] {spark_submit.py:645} INFO - primaryResource         file:/opt/***/dags/operators/transform_forex_data.py
[2025-04-09T04:00:11.101+0000] {spark_submit.py:645} INFO - name                    arrow-spark
[2025-04-09T04:00:11.102+0000] {spark_submit.py:645} INFO - childArgs               [s3a://usd-php-ml-pipeline-bucket/raw/usd_php_forex_4hour.csv]
[2025-04-09T04:00:11.102+0000] {spark_submit.py:645} INFO - jars                    null
[2025-04-09T04:00:11.103+0000] {spark_submit.py:645} INFO - packages                null
[2025-04-09T04:00:11.104+0000] {spark_submit.py:645} INFO - packagesExclusions      null
[2025-04-09T04:00:11.104+0000] {spark_submit.py:645} INFO - repositories            null
[2025-04-09T04:00:11.105+0000] {spark_submit.py:645} INFO - verbose                 true
[2025-04-09T04:00:11.105+0000] {spark_submit.py:645} INFO - 
[2025-04-09T04:00:11.106+0000] {spark_submit.py:645} INFO - Spark properties used, including those specified through
[2025-04-09T04:00:11.106+0000] {spark_submit.py:645} INFO - --conf and those from the properties file null:
[2025-04-09T04:00:11.107+0000] {spark_submit.py:645} INFO - 
[2025-04-09T04:00:11.107+0000] {spark_submit.py:645} INFO - 
[2025-04-09T04:00:11.107+0000] {spark_submit.py:645} INFO - 
[2025-04-09T04:00:11.362+0000] {spark_submit.py:645} INFO - Main class:
[2025-04-09T04:00:11.362+0000] {spark_submit.py:645} INFO - org.apache.spark.deploy.PythonRunner
[2025-04-09T04:00:11.363+0000] {spark_submit.py:645} INFO - Arguments:
[2025-04-09T04:00:11.364+0000] {spark_submit.py:645} INFO - file:/opt/***/dags/operators/transform_forex_data.py
[2025-04-09T04:00:11.365+0000] {spark_submit.py:645} INFO - null
[2025-04-09T04:00:11.366+0000] {spark_submit.py:645} INFO - s3a://usd-php-ml-pipeline-bucket/raw/usd_php_forex_4hour.csv
[2025-04-09T04:00:11.367+0000] {spark_submit.py:645} INFO - Spark config:
[2025-04-09T04:00:11.368+0000] {spark_submit.py:645} INFO - (spark.app.name,arrow-spark)
[2025-04-09T04:00:11.369+0000] {spark_submit.py:645} INFO - (spark.app.submitTime,1744171211344)
[2025-04-09T04:00:11.370+0000] {spark_submit.py:645} INFO - (spark.master,spark://spark-master:7077)
[2025-04-09T04:00:11.371+0000] {spark_submit.py:645} INFO - (spark.submit.deployMode,client)
[2025-04-09T04:00:11.371+0000] {spark_submit.py:645} INFO - (spark.submit.pyFiles,)
[2025-04-09T04:00:11.372+0000] {spark_submit.py:645} INFO - Classpath elements:
[2025-04-09T04:00:11.373+0000] {spark_submit.py:645} INFO - 
[2025-04-09T04:00:11.374+0000] {spark_submit.py:645} INFO - 
[2025-04-09T04:00:11.375+0000] {spark_submit.py:645} INFO - 
[2025-04-09T04:00:15.066+0000] {spark_submit.py:645} INFO - s3a://usd-php-ml-pipeline-bucket/raw/usd_php_forex_4hour.csv
[2025-04-09T04:00:15.067+0000] {spark_submit.py:645} INFO - CSV FILE PATH: s3a://usd-php-ml-pipeline-bucket/raw/usd_php_forex_4hour.csv
[2025-04-09T04:00:15.173+0000] {spark_submit.py:645} INFO - 25/04/09 04:00:15 INFO SparkContext: Running Spark version 3.5.5
[2025-04-09T04:00:15.176+0000] {spark_submit.py:645} INFO - 25/04/09 04:00:15 INFO SparkContext: OS info Linux, 5.15.167.4-microsoft-standard-WSL2, amd64
[2025-04-09T04:00:15.177+0000] {spark_submit.py:645} INFO - 25/04/09 04:00:15 INFO SparkContext: Java version 17.0.14
[2025-04-09T04:00:15.234+0000] {spark_submit.py:645} INFO - 25/04/09 04:00:15 WARN NativeCodeLoader: Unable to load native-hadoop library for your platform... using builtin-java classes where applicable
[2025-04-09T04:00:15.337+0000] {spark_submit.py:645} INFO - 25/04/09 04:00:15 INFO ResourceUtils: ==============================================================
[2025-04-09T04:00:15.338+0000] {spark_submit.py:645} INFO - 25/04/09 04:00:15 INFO ResourceUtils: No custom resources configured for spark.driver.
[2025-04-09T04:00:15.339+0000] {spark_submit.py:645} INFO - 25/04/09 04:00:15 INFO ResourceUtils: ==============================================================
[2025-04-09T04:00:15.339+0000] {spark_submit.py:645} INFO - 25/04/09 04:00:15 INFO SparkContext: Submitted application: feature-engineering
[2025-04-09T04:00:15.366+0000] {spark_submit.py:645} INFO - 25/04/09 04:00:15 INFO ResourceProfile: Default ResourceProfile created, executor resources: Map(memory -> name: memory, amount: 1024, script: , vendor: , offHeap -> name: offHeap, amount: 0, script: , vendor: ), task resources: Map(cpus -> name: cpus, amount: 1.0)
[2025-04-09T04:00:15.377+0000] {spark_submit.py:645} INFO - 25/04/09 04:00:15 INFO ResourceProfile: Limiting resource is cpu
[2025-04-09T04:00:15.378+0000] {spark_submit.py:645} INFO - 25/04/09 04:00:15 INFO ResourceProfileManager: Added ResourceProfile id: 0
[2025-04-09T04:00:15.454+0000] {spark_submit.py:645} INFO - 25/04/09 04:00:15 INFO SecurityManager: Changing view acls to: ***
[2025-04-09T04:00:15.455+0000] {spark_submit.py:645} INFO - 25/04/09 04:00:15 INFO SecurityManager: Changing modify acls to: ***
[2025-04-09T04:00:15.456+0000] {spark_submit.py:645} INFO - 25/04/09 04:00:15 INFO SecurityManager: Changing view acls groups to:
[2025-04-09T04:00:15.457+0000] {spark_submit.py:645} INFO - 25/04/09 04:00:15 INFO SecurityManager: Changing modify acls groups to:
[2025-04-09T04:00:15.458+0000] {spark_submit.py:645} INFO - 25/04/09 04:00:15 INFO SecurityManager: SecurityManager: authentication disabled; ui acls disabled; users with view permissions: ***; groups with view permissions: EMPTY; users with modify permissions: ***; groups with modify permissions: EMPTY
[2025-04-09T04:00:15.804+0000] {spark_submit.py:645} INFO - 25/04/09 04:00:15 INFO Utils: Successfully started service 'sparkDriver' on port 35677.
[2025-04-09T04:00:15.874+0000] {spark_submit.py:645} INFO - 25/04/09 04:00:15 INFO SparkEnv: Registering MapOutputTracker
[2025-04-09T04:00:15.956+0000] {spark_submit.py:645} INFO - 25/04/09 04:00:15 INFO SparkEnv: Registering BlockManagerMaster
[2025-04-09T04:00:15.995+0000] {spark_submit.py:645} INFO - 25/04/09 04:00:15 INFO BlockManagerMasterEndpoint: Using org.apache.spark.storage.DefaultTopologyMapper for getting topology information
[2025-04-09T04:00:15.996+0000] {spark_submit.py:645} INFO - 25/04/09 04:00:15 INFO BlockManagerMasterEndpoint: BlockManagerMasterEndpoint up
[2025-04-09T04:00:16.005+0000] {spark_submit.py:645} INFO - 25/04/09 04:00:16 INFO SparkEnv: Registering BlockManagerMasterHeartbeat
[2025-04-09T04:00:16.049+0000] {spark_submit.py:645} INFO - 25/04/09 04:00:16 INFO DiskBlockManager: Created local directory at /tmp/blockmgr-a42cd710-6399-4628-930a-5c9ce4da03b2
[2025-04-09T04:00:16.081+0000] {spark_submit.py:645} INFO - 25/04/09 04:00:16 INFO MemoryStore: MemoryStore started with capacity 434.4 MiB
[2025-04-09T04:00:16.111+0000] {spark_submit.py:645} INFO - 25/04/09 04:00:16 INFO SparkEnv: Registering OutputCommitCoordinator
[2025-04-09T04:00:16.351+0000] {spark_submit.py:645} INFO - 25/04/09 04:00:16 INFO JettyUtils: Start Jetty 0.0.0.0:4040 for SparkUI
[2025-04-09T04:00:16.452+0000] {spark_submit.py:645} INFO - 25/04/09 04:00:16 INFO Utils: Successfully started service 'SparkUI' on port 4040.
[2025-04-09T04:00:16.628+0000] {spark_submit.py:645} INFO - 25/04/09 04:00:16 INFO StandaloneAppClient$ClientEndpoint: Connecting to master spark://spark-master:7077...
[2025-04-09T04:00:16.686+0000] {spark_submit.py:645} INFO - 25/04/09 04:00:16 INFO TransportClientFactory: Successfully created connection to spark-master/172.18.0.3:7077 after 31 ms (0 ms spent in bootstraps)
[2025-04-09T04:00:16.940+0000] {spark_submit.py:645} INFO - 25/04/09 04:00:16 INFO StandaloneSchedulerBackend: Connected to Spark cluster with app ID app-20250409040016-0000
[2025-04-09T04:00:16.951+0000] {spark_submit.py:645} INFO - 25/04/09 04:00:16 INFO Utils: Successfully started service 'org.apache.spark.network.netty.NettyBlockTransferService' on port 33543.
[2025-04-09T04:00:16.952+0000] {spark_submit.py:645} INFO - 25/04/09 04:00:16 INFO NettyBlockTransferService: Server created on ad9b7dc43921:33543
[2025-04-09T04:00:16.953+0000] {spark_submit.py:645} INFO - 25/04/09 04:00:16 INFO BlockManager: Using org.apache.spark.storage.RandomBlockReplicationPolicy for block replication policy
[2025-04-09T04:00:16.959+0000] {spark_submit.py:645} INFO - 25/04/09 04:00:16 INFO BlockManagerMaster: Registering BlockManager BlockManagerId(driver, ad9b7dc43921, 33543, None)
[2025-04-09T04:00:16.963+0000] {spark_submit.py:645} INFO - 25/04/09 04:00:16 INFO BlockManagerMasterEndpoint: Registering block manager ad9b7dc43921:33543 with 434.4 MiB RAM, BlockManagerId(driver, ad9b7dc43921, 33543, None)
[2025-04-09T04:00:16.966+0000] {spark_submit.py:645} INFO - 25/04/09 04:00:16 INFO BlockManagerMaster: Registered BlockManager BlockManagerId(driver, ad9b7dc43921, 33543, None)
[2025-04-09T04:00:16.968+0000] {spark_submit.py:645} INFO - 25/04/09 04:00:16 INFO BlockManager: Initialized BlockManager: BlockManagerId(driver, ad9b7dc43921, 33543, None)
[2025-04-09T04:00:16.971+0000] {spark_submit.py:645} INFO - 25/04/09 04:00:16 INFO StandaloneAppClient$ClientEndpoint: Executor added: app-20250409040016-0000/0 on worker-20250409031426-172.18.0.4-42399 (172.18.0.4:42399) with 2 core(s)
[2025-04-09T04:00:16.973+0000] {spark_submit.py:645} INFO - 25/04/09 04:00:16 INFO StandaloneSchedulerBackend: Granted executor ID app-20250409040016-0000/0 on hostPort 172.18.0.4:42399 with 2 core(s), 1024.0 MiB RAM
[2025-04-09T04:00:17.184+0000] {spark_submit.py:645} INFO - 25/04/09 04:00:17 INFO StandaloneSchedulerBackend: SchedulerBackend is ready for scheduling beginning after reached minRegisteredResourcesRatio: 0.0
[2025-04-09T04:00:17.270+0000] {spark_submit.py:645} INFO - 25/04/09 04:00:17 INFO StandaloneAppClient$ClientEndpoint: Executor updated: app-20250409040016-0000/0 is now RUNNING
[2025-04-09T04:00:17.517+0000] {spark_submit.py:645} INFO - 25/04/09 04:00:17 INFO SharedState: Setting hive.metastore.warehouse.dir ('null') to the value of spark.sql.warehouse.dir.
[2025-04-09T04:00:17.529+0000] {spark_submit.py:645} INFO - 25/04/09 04:00:17 INFO SharedState: Warehouse path is 'file:/opt/***/spark-warehouse'.
[2025-04-09T04:00:18.512+0000] {spark_submit.py:645} INFO - 25/04/09 04:00:18 WARN FileStreamSink: Assume no metadata directory. Error while looking for metadata directory in the path: s3a://usd-php-ml-pipeline-bucket/raw/usd_php_forex_4hour.csv.
[2025-04-09T04:00:18.513+0000] {spark_submit.py:645} INFO - java.lang.RuntimeException: java.lang.ClassNotFoundException: Class org.apache.hadoop.fs.s3a.S3AFileSystem not found
[2025-04-09T04:00:18.514+0000] {spark_submit.py:645} INFO - at org.apache.hadoop.conf.Configuration.getClass(Configuration.java:2688)
[2025-04-09T04:00:18.515+0000] {spark_submit.py:645} INFO - at org.apache.hadoop.fs.FileSystem.getFileSystemClass(FileSystem.java:3431)
[2025-04-09T04:00:18.516+0000] {spark_submit.py:645} INFO - at org.apache.hadoop.fs.FileSystem.createFileSystem(FileSystem.java:3466)
[2025-04-09T04:00:18.517+0000] {spark_submit.py:645} INFO - at org.apache.hadoop.fs.FileSystem.access$300(FileSystem.java:174)
[2025-04-09T04:00:18.518+0000] {spark_submit.py:645} INFO - at org.apache.hadoop.fs.FileSystem$Cache.getInternal(FileSystem.java:3574)
[2025-04-09T04:00:18.518+0000] {spark_submit.py:645} INFO - at org.apache.hadoop.fs.FileSystem$Cache.get(FileSystem.java:3521)
[2025-04-09T04:00:18.519+0000] {spark_submit.py:645} INFO - at org.apache.hadoop.fs.FileSystem.get(FileSystem.java:540)
[2025-04-09T04:00:18.520+0000] {spark_submit.py:645} INFO - at org.apache.hadoop.fs.Path.getFileSystem(Path.java:365)
[2025-04-09T04:00:18.521+0000] {spark_submit.py:645} INFO - at org.apache.spark.sql.execution.streaming.FileStreamSink$.hasMetadata(FileStreamSink.scala:53)
[2025-04-09T04:00:18.522+0000] {spark_submit.py:645} INFO - at org.apache.spark.sql.execution.datasources.DataSource.resolveRelation(DataSource.scala:366)
[2025-04-09T04:00:18.522+0000] {spark_submit.py:645} INFO - at org.apache.spark.sql.DataFrameReader.loadV1Source(DataFrameReader.scala:229)
[2025-04-09T04:00:18.523+0000] {spark_submit.py:645} INFO - at org.apache.spark.sql.DataFrameReader.$anonfun$load$2(DataFrameReader.scala:211)
[2025-04-09T04:00:18.524+0000] {spark_submit.py:645} INFO - at scala.Option.getOrElse(Option.scala:189)
[2025-04-09T04:00:18.525+0000] {spark_submit.py:645} INFO - at org.apache.spark.sql.DataFrameReader.load(DataFrameReader.scala:211)
[2025-04-09T04:00:18.526+0000] {spark_submit.py:645} INFO - at org.apache.spark.sql.DataFrameReader.csv(DataFrameReader.scala:538)
[2025-04-09T04:00:18.527+0000] {spark_submit.py:645} INFO - at java.base/jdk.internal.reflect.NativeMethodAccessorImpl.invoke0(Native Method)
[2025-04-09T04:00:18.528+0000] {spark_submit.py:645} INFO - at java.base/jdk.internal.reflect.NativeMethodAccessorImpl.invoke(NativeMethodAccessorImpl.java:77)
[2025-04-09T04:00:18.528+0000] {spark_submit.py:645} INFO - at java.base/jdk.internal.reflect.DelegatingMethodAccessorImpl.invoke(DelegatingMethodAccessorImpl.java:43)
[2025-04-09T04:00:18.529+0000] {spark_submit.py:645} INFO - at java.base/java.lang.reflect.Method.invoke(Method.java:569)
[2025-04-09T04:00:18.530+0000] {spark_submit.py:645} INFO - at py4j.reflection.MethodInvoker.invoke(MethodInvoker.java:244)
[2025-04-09T04:00:18.530+0000] {spark_submit.py:645} INFO - at py4j.reflection.ReflectionEngine.invoke(ReflectionEngine.java:374)
[2025-04-09T04:00:18.531+0000] {spark_submit.py:645} INFO - at py4j.Gateway.invoke(Gateway.java:282)
[2025-04-09T04:00:18.532+0000] {spark_submit.py:645} INFO - at py4j.commands.AbstractCommand.invokeMethod(AbstractCommand.java:132)
[2025-04-09T04:00:18.533+0000] {spark_submit.py:645} INFO - at py4j.commands.CallCommand.execute(CallCommand.java:79)
[2025-04-09T04:00:18.533+0000] {spark_submit.py:645} INFO - at py4j.ClientServerConnection.waitForCommands(ClientServerConnection.java:182)
[2025-04-09T04:00:18.534+0000] {spark_submit.py:645} INFO - at py4j.ClientServerConnection.run(ClientServerConnection.java:106)
[2025-04-09T04:00:18.535+0000] {spark_submit.py:645} INFO - at java.base/java.lang.Thread.run(Thread.java:840)
[2025-04-09T04:00:18.536+0000] {spark_submit.py:645} INFO - Caused by: java.lang.ClassNotFoundException: Class org.apache.hadoop.fs.s3a.S3AFileSystem not found
[2025-04-09T04:00:18.537+0000] {spark_submit.py:645} INFO - at org.apache.hadoop.conf.Configuration.getClassByName(Configuration.java:2592)
[2025-04-09T04:00:18.538+0000] {spark_submit.py:645} INFO - at org.apache.hadoop.conf.Configuration.getClass(Configuration.java:2686)
[2025-04-09T04:00:18.538+0000] {spark_submit.py:645} INFO - ... 26 more
[2025-04-09T04:00:18.607+0000] {spark_submit.py:645} INFO - Error An error occurred while calling o32.csv.
[2025-04-09T04:00:18.613+0000] {spark_submit.py:645} INFO - : java.lang.RuntimeException: java.lang.ClassNotFoundException: Class org.apache.hadoop.fs.s3a.S3AFileSystem not found
[2025-04-09T04:00:18.614+0000] {spark_submit.py:645} INFO - at org.apache.hadoop.conf.Configuration.getClass(Configuration.java:2688)
[2025-04-09T04:00:18.615+0000] {spark_submit.py:645} INFO - at org.apache.hadoop.fs.FileSystem.getFileSystemClass(FileSystem.java:3431)
[2025-04-09T04:00:18.616+0000] {spark_submit.py:645} INFO - at org.apache.hadoop.fs.FileSystem.createFileSystem(FileSystem.java:3466)
[2025-04-09T04:00:18.617+0000] {spark_submit.py:645} INFO - at org.apache.hadoop.fs.FileSystem.access$300(FileSystem.java:174)
[2025-04-09T04:00:18.618+0000] {spark_submit.py:645} INFO - at org.apache.hadoop.fs.FileSystem$Cache.getInternal(FileSystem.java:3574)
[2025-04-09T04:00:18.619+0000] {spark_submit.py:645} INFO - at org.apache.hadoop.fs.FileSystem$Cache.get(FileSystem.java:3521)
[2025-04-09T04:00:18.619+0000] {spark_submit.py:645} INFO - at org.apache.hadoop.fs.FileSystem.get(FileSystem.java:540)
[2025-04-09T04:00:18.620+0000] {spark_submit.py:645} INFO - at org.apache.hadoop.fs.Path.getFileSystem(Path.java:365)
[2025-04-09T04:00:18.621+0000] {spark_submit.py:645} INFO - at org.apache.spark.sql.execution.datasources.DataSource$.$anonfun$checkAndGlobPathIfNecessary$1(DataSource.scala:724)
[2025-04-09T04:00:18.622+0000] {spark_submit.py:645} INFO - at scala.collection.immutable.List.map(List.scala:293)
[2025-04-09T04:00:18.623+0000] {spark_submit.py:645} INFO - at org.apache.spark.sql.execution.datasources.DataSource$.checkAndGlobPathIfNecessary(DataSource.scala:722)
[2025-04-09T04:00:18.624+0000] {spark_submit.py:645} INFO - at org.apache.spark.sql.execution.datasources.DataSource.checkAndGlobPathIfNecessary(DataSource.scala:551)
[2025-04-09T04:00:18.625+0000] {spark_submit.py:645} INFO - at org.apache.spark.sql.execution.datasources.DataSource.resolveRelation(DataSource.scala:404)
[2025-04-09T04:00:18.626+0000] {spark_submit.py:645} INFO - at org.apache.spark.sql.DataFrameReader.loadV1Source(DataFrameReader.scala:229)
[2025-04-09T04:00:18.627+0000] {spark_submit.py:645} INFO - at org.apache.spark.sql.DataFrameReader.$anonfun$load$2(DataFrameReader.scala:211)
[2025-04-09T04:00:18.628+0000] {spark_submit.py:645} INFO - at scala.Option.getOrElse(Option.scala:189)
[2025-04-09T04:00:18.629+0000] {spark_submit.py:645} INFO - at org.apache.spark.sql.DataFrameReader.load(DataFrameReader.scala:211)
[2025-04-09T04:00:18.629+0000] {spark_submit.py:645} INFO - at org.apache.spark.sql.DataFrameReader.csv(DataFrameReader.scala:538)
[2025-04-09T04:00:18.631+0000] {spark_submit.py:645} INFO - at java.base/jdk.internal.reflect.NativeMethodAccessorImpl.invoke0(Native Method)
[2025-04-09T04:00:18.632+0000] {spark_submit.py:645} INFO - at java.base/jdk.internal.reflect.NativeMethodAccessorImpl.invoke(NativeMethodAccessorImpl.java:77)
[2025-04-09T04:00:18.633+0000] {spark_submit.py:645} INFO - at java.base/jdk.internal.reflect.DelegatingMethodAccessorImpl.invoke(DelegatingMethodAccessorImpl.java:43)
[2025-04-09T04:00:18.634+0000] {spark_submit.py:645} INFO - at java.base/java.lang.reflect.Method.invoke(Method.java:569)
[2025-04-09T04:00:18.635+0000] {spark_submit.py:645} INFO - at py4j.reflection.MethodInvoker.invoke(MethodInvoker.java:244)
[2025-04-09T04:00:18.636+0000] {spark_submit.py:645} INFO - at py4j.reflection.ReflectionEngine.invoke(ReflectionEngine.java:374)
[2025-04-09T04:00:18.637+0000] {spark_submit.py:645} INFO - at py4j.Gateway.invoke(Gateway.java:282)
[2025-04-09T04:00:18.637+0000] {spark_submit.py:645} INFO - at py4j.commands.AbstractCommand.invokeMethod(AbstractCommand.java:132)
[2025-04-09T04:00:18.639+0000] {spark_submit.py:645} INFO - at py4j.commands.CallCommand.execute(CallCommand.java:79)
[2025-04-09T04:00:18.640+0000] {spark_submit.py:645} INFO - at py4j.ClientServerConnection.waitForCommands(ClientServerConnection.java:182)
[2025-04-09T04:00:18.641+0000] {spark_submit.py:645} INFO - at py4j.ClientServerConnection.run(ClientServerConnection.java:106)
[2025-04-09T04:00:18.642+0000] {spark_submit.py:645} INFO - at java.base/java.lang.Thread.run(Thread.java:840)
[2025-04-09T04:00:18.643+0000] {spark_submit.py:645} INFO - Caused by: java.lang.ClassNotFoundException: Class org.apache.hadoop.fs.s3a.S3AFileSystem not found
[2025-04-09T04:00:18.644+0000] {spark_submit.py:645} INFO - at org.apache.hadoop.conf.Configuration.getClassByName(Configuration.java:2592)
[2025-04-09T04:00:18.645+0000] {spark_submit.py:645} INFO - at org.apache.hadoop.conf.Configuration.getClass(Configuration.java:2686)
[2025-04-09T04:00:18.646+0000] {spark_submit.py:645} INFO - ... 29 more
[2025-04-09T04:00:18.647+0000] {spark_submit.py:645} INFO - has occured.
[2025-04-09T04:00:18.648+0000] {spark_submit.py:645} INFO - [2025-04-09T04:00:18.608+0000] {clientserver.py:543} INFO - Closing down clientserver connection
[2025-04-09T04:00:18.913+0000] {spark_submit.py:645} INFO - 25/04/09 04:00:18 INFO SparkContext: Invoking stop() from shutdown hook
[2025-04-09T04:00:18.914+0000] {spark_submit.py:645} INFO - 25/04/09 04:00:18 INFO SparkContext: SparkContext is stopping with exitCode 0.
[2025-04-09T04:00:18.929+0000] {spark_submit.py:645} INFO - 25/04/09 04:00:18 INFO SparkUI: Stopped Spark web UI at http://ad9b7dc43921:4040
[2025-04-09T04:00:18.936+0000] {spark_submit.py:645} INFO - 25/04/09 04:00:18 INFO StandaloneSchedulerBackend: Shutting down all executors
[2025-04-09T04:00:18.940+0000] {spark_submit.py:645} INFO - 25/04/09 04:00:18 INFO StandaloneSchedulerBackend$StandaloneDriverEndpoint: Asking each executor to shut down
[2025-04-09T04:00:18.959+0000] {spark_submit.py:645} INFO - 25/04/09 04:00:18 INFO MapOutputTrackerMasterEndpoint: MapOutputTrackerMasterEndpoint stopped!
[2025-04-09T04:00:18.983+0000] {spark_submit.py:645} INFO - 25/04/09 04:00:18 INFO MemoryStore: MemoryStore cleared
[2025-04-09T04:00:18.984+0000] {spark_submit.py:645} INFO - 25/04/09 04:00:18 INFO BlockManager: BlockManager stopped
[2025-04-09T04:00:18.993+0000] {spark_submit.py:645} INFO - 25/04/09 04:00:18 INFO BlockManagerMaster: BlockManagerMaster stopped
[2025-04-09T04:00:18.995+0000] {spark_submit.py:645} INFO - 25/04/09 04:00:18 INFO OutputCommitCoordinator$OutputCommitCoordinatorEndpoint: OutputCommitCoordinator stopped!
[2025-04-09T04:00:19.022+0000] {spark_submit.py:645} INFO - 25/04/09 04:00:19 INFO SparkContext: Successfully stopped SparkContext
[2025-04-09T04:00:19.023+0000] {spark_submit.py:645} INFO - 25/04/09 04:00:19 INFO ShutdownHookManager: Shutdown hook called
[2025-04-09T04:00:19.024+0000] {spark_submit.py:645} INFO - 25/04/09 04:00:19 INFO ShutdownHookManager: Deleting directory /tmp/spark-06ffbecf-caa0-428f-a41d-aeb240a6e50f
[2025-04-09T04:00:19.032+0000] {spark_submit.py:645} INFO - 25/04/09 04:00:19 INFO ShutdownHookManager: Deleting directory /tmp/spark-9c771f12-ad7b-48d3-a933-fca3146267b5
[2025-04-09T04:00:19.036+0000] {spark_submit.py:645} INFO - 25/04/09 04:00:19 INFO ShutdownHookManager: Deleting directory /tmp/spark-06ffbecf-caa0-428f-a41d-aeb240a6e50f/pyspark-0a7d4e08-f2f6-462e-b3ec-ae5da9a6254a
[2025-04-09T04:00:19.093+0000] {taskinstance.py:341} INFO - ::group::Post task execution logs
[2025-04-09T04:00:19.094+0000] {taskinstance.py:353} INFO - Marking task as SUCCESS. dag_id=forex_ml_pipeline, task_id=transform_forex_data, run_id=manual__2025-04-09T03:34:37.394073+00:00, execution_date=20250409T033437, start_date=20250409T040009, end_date=20250409T040019
[2025-04-09T04:00:19.155+0000] {local_task_job_runner.py:266} INFO - Task exited with return code 0
[2025-04-09T04:00:19.170+0000] {taskinstance.py:3901} INFO - 0 downstream tasks scheduled from follow-on schedule check
[2025-04-09T04:00:19.174+0000] {local_task_job_runner.py:245} INFO - ::endgroup::
[2025-04-09T04:00:19.184+0000] {standard_task_runner.py:217} INFO - Process not found (most likely exited), stop collecting metrics
