[2025-03-03T03:50:46.081+0000] {manager.py:483} INFO - Processing files using up to 2 processes at a time 
[2025-03-03T03:50:46.082+0000] {manager.py:484} INFO - Process each file at most once every 30 seconds
[2025-03-03T03:50:46.083+0000] {manager.py:485} INFO - Checking for new files in /opt/airflow/dags every 300 seconds
[2025-03-03T03:50:46.083+0000] {manager.py:821} INFO - Searching for files in /opt/airflow/dags
[2025-03-03T03:50:46.265+0000] {manager.py:824} INFO - There are 1 files in /opt/airflow/dags
[2025-03-03T03:50:46.841+0000] {manager.py:997} INFO - 
================================================================================
DAG File Processing Stats

File Path                                 PID  Runtime      # DAGs    # Errors  Last Runtime    Last Run      Last # of DB Queries
--------------------------------------  -----  ---------  --------  ----------  --------------  ----------  ----------------------
/opt/airflow/dags/forex_ml_pipeline.py    184  0.02s             0           0                                                   0
================================================================================
[2025-03-03T03:51:15.902+0000] {manager.py:997} INFO - 
================================================================================
DAG File Processing Stats

File Path                               PID    Runtime      # DAGs    # Errors  Last Runtime    Last Run               Last # of DB Queries
--------------------------------------  -----  ---------  --------  ----------  --------------  -------------------  ----------------------
/opt/airflow/dags/forex_ml_pipeline.py                           1           0  5.89s           2025-03-03T03:50:52                      45
================================================================================
[2025-03-03T03:51:45.056+0000] {manager.py:997} INFO - 
================================================================================
DAG File Processing Stats

File Path                               PID    Runtime      # DAGs    # Errors  Last Runtime    Last Run               Last # of DB Queries
--------------------------------------  -----  ---------  --------  ----------  --------------  -------------------  ----------------------
/opt/airflow/dags/forex_ml_pipeline.py                           1           0  6.43s           2025-03-03T03:51:29                      34
================================================================================
[2025-03-03T03:52:14.222+0000] {manager.py:997} INFO - 
================================================================================
DAG File Processing Stats

File Path                               PID    Runtime      # DAGs    # Errors  Last Runtime    Last Run               Last # of DB Queries
--------------------------------------  -----  ---------  --------  ----------  --------------  -------------------  ----------------------
/opt/airflow/dags/forex_ml_pipeline.py                           1           0  0.81s           2025-03-03T03:52:00                      34
================================================================================
[2025-03-03T03:52:43.129+0000] {manager.py:997} INFO - 
================================================================================
DAG File Processing Stats

File Path                               PID    Runtime      # DAGs    # Errors  Last Runtime    Last Run               Last # of DB Queries
--------------------------------------  -----  ---------  --------  ----------  --------------  -------------------  ----------------------
/opt/airflow/dags/forex_ml_pipeline.py                           1           0  0.79s           2025-03-03T03:52:31                      34
================================================================================
[2025-03-03T03:53:12.425+0000] {manager.py:997} INFO - 
================================================================================
DAG File Processing Stats

File Path                               PID    Runtime      # DAGs    # Errors  Last Runtime    Last Run               Last # of DB Queries
--------------------------------------  -----  ---------  --------  ----------  --------------  -------------------  ----------------------
/opt/airflow/dags/forex_ml_pipeline.py                           1           0  0.67s           2025-03-03T03:53:01                      34
================================================================================
[2025-03-03T03:53:41.638+0000] {manager.py:997} INFO - 
================================================================================
DAG File Processing Stats

File Path                               PID    Runtime      # DAGs    # Errors  Last Runtime    Last Run               Last # of DB Queries
--------------------------------------  -----  ---------  --------  ----------  --------------  -------------------  ----------------------
/opt/airflow/dags/forex_ml_pipeline.py                           1           0  0.69s           2025-03-03T03:53:32                      34
================================================================================
[2025-03-03T03:54:10.453+0000] {manager.py:997} INFO - 
================================================================================
DAG File Processing Stats

File Path                               PID    Runtime      # DAGs    # Errors  Last Runtime    Last Run               Last # of DB Queries
--------------------------------------  -----  ---------  --------  ----------  --------------  -------------------  ----------------------
/opt/airflow/dags/forex_ml_pipeline.py                           1           0  0.69s           2025-03-03T03:54:03                      34
================================================================================
[2025-03-03T03:54:39.922+0000] {manager.py:997} INFO - 
================================================================================
DAG File Processing Stats

File Path                               PID    Runtime      # DAGs    # Errors  Last Runtime    Last Run               Last # of DB Queries
--------------------------------------  -----  ---------  --------  ----------  --------------  -------------------  ----------------------
/opt/airflow/dags/forex_ml_pipeline.py                           1           0  0.64s           2025-03-03T03:54:34                      34
================================================================================
[2025-03-03T03:55:09.062+0000] {manager.py:997} INFO - 
================================================================================
DAG File Processing Stats

File Path                               PID    Runtime      # DAGs    # Errors  Last Runtime    Last Run               Last # of DB Queries
--------------------------------------  -----  ---------  --------  ----------  --------------  -------------------  ----------------------
/opt/airflow/dags/forex_ml_pipeline.py                           1           0  0.66s           2025-03-03T03:55:05                      34
================================================================================
[2025-03-03T03:55:38.124+0000] {manager.py:997} INFO - 
================================================================================
DAG File Processing Stats

File Path                               PID    Runtime      # DAGs    # Errors  Last Runtime    Last Run               Last # of DB Queries
--------------------------------------  -----  ---------  --------  ----------  --------------  -------------------  ----------------------
/opt/airflow/dags/forex_ml_pipeline.py                           1           0  1.05s           2025-03-03T03:55:36                      34
================================================================================
[2025-03-03T03:55:47.079+0000] {manager.py:821} INFO - Searching for files in /opt/airflow/dags
[2025-03-03T03:55:47.233+0000] {manager.py:824} INFO - There are 1 files in /opt/airflow/dags
[2025-03-03T03:56:07.187+0000] {manager.py:997} INFO - 
================================================================================
DAG File Processing Stats

File Path                               PID    Runtime      # DAGs    # Errors  Last Runtime    Last Run               Last # of DB Queries
--------------------------------------  -----  ---------  --------  ----------  --------------  -------------------  ----------------------
/opt/airflow/dags/forex_ml_pipeline.py                           1           0  0.74s           2025-03-03T03:56:07                      34
================================================================================
[2025-03-03T03:56:36.353+0000] {manager.py:997} INFO - 
================================================================================
DAG File Processing Stats

File Path                               PID    Runtime      # DAGs    # Errors  Last Runtime    Last Run               Last # of DB Queries
--------------------------------------  -----  ---------  --------  ----------  --------------  -------------------  ----------------------
/opt/airflow/dags/forex_ml_pipeline.py                           1           0  0.74s           2025-03-03T03:56:07                      34
================================================================================
[2025-03-03T03:57:04.835+0000] {manager.py:997} INFO - 
================================================================================
DAG File Processing Stats

File Path                               PID    Runtime      # DAGs    # Errors  Last Runtime    Last Run               Last # of DB Queries
--------------------------------------  -----  ---------  --------  ----------  --------------  -------------------  ----------------------
/opt/airflow/dags/forex_ml_pipeline.py                           1           0  0.64s           2025-03-03T03:56:38                      34
================================================================================
[2025-03-03T03:57:33.660+0000] {manager.py:997} INFO - 
================================================================================
DAG File Processing Stats

File Path                               PID    Runtime      # DAGs    # Errors  Last Runtime    Last Run               Last # of DB Queries
--------------------------------------  -----  ---------  --------  ----------  --------------  -------------------  ----------------------
/opt/airflow/dags/forex_ml_pipeline.py                           1           0  0.66s           2025-03-03T03:57:08                      34
================================================================================
[2025-03-03T03:58:02.721+0000] {manager.py:997} INFO - 
================================================================================
DAG File Processing Stats

File Path                               PID    Runtime      # DAGs    # Errors  Last Runtime    Last Run               Last # of DB Queries
--------------------------------------  -----  ---------  --------  ----------  --------------  -------------------  ----------------------
/opt/airflow/dags/forex_ml_pipeline.py                           1           0  0.68s           2025-03-03T03:57:39                      34
================================================================================
[2025-03-03T03:58:32.105+0000] {manager.py:997} INFO - 
================================================================================
DAG File Processing Stats

File Path                               PID    Runtime      # DAGs    # Errors  Last Runtime    Last Run               Last # of DB Queries
--------------------------------------  -----  ---------  --------  ----------  --------------  -------------------  ----------------------
/opt/airflow/dags/forex_ml_pipeline.py                           1           0  0.62s           2025-03-03T03:58:10                      34
================================================================================
[2025-03-03T03:59:01.138+0000] {manager.py:997} INFO - 
================================================================================
DAG File Processing Stats

File Path                               PID    Runtime      # DAGs    # Errors  Last Runtime    Last Run               Last # of DB Queries
--------------------------------------  -----  ---------  --------  ----------  --------------  -------------------  ----------------------
/opt/airflow/dags/forex_ml_pipeline.py                           1           0  0.61s           2025-03-03T03:58:41                      34
================================================================================
[2025-03-03T03:59:29.980+0000] {manager.py:997} INFO - 
================================================================================
DAG File Processing Stats

File Path                               PID    Runtime      # DAGs    # Errors  Last Runtime    Last Run               Last # of DB Queries
--------------------------------------  -----  ---------  --------  ----------  --------------  -------------------  ----------------------
/opt/airflow/dags/forex_ml_pipeline.py                           1           0  0.69s           2025-03-03T03:59:11                      34
================================================================================
[2025-03-03T03:59:59.406+0000] {manager.py:997} INFO - 
================================================================================
DAG File Processing Stats

File Path                               PID    Runtime      # DAGs    # Errors  Last Runtime    Last Run               Last # of DB Queries
--------------------------------------  -----  ---------  --------  ----------  --------------  -------------------  ----------------------
/opt/airflow/dags/forex_ml_pipeline.py                           1           0  0.64s           2025-03-03T03:59:42                      34
================================================================================
[2025-03-03T04:00:28.562+0000] {manager.py:997} INFO - 
================================================================================
DAG File Processing Stats

File Path                               PID    Runtime      # DAGs    # Errors  Last Runtime    Last Run               Last # of DB Queries
--------------------------------------  -----  ---------  --------  ----------  --------------  -------------------  ----------------------
/opt/airflow/dags/forex_ml_pipeline.py                           1           0  0.75s           2025-03-03T04:00:13                      34
================================================================================
[2025-03-03T04:00:47.561+0000] {manager.py:821} INFO - Searching for files in /opt/airflow/dags
[2025-03-03T04:00:47.701+0000] {manager.py:824} INFO - There are 1 files in /opt/airflow/dags
[2025-03-03T04:00:57.667+0000] {manager.py:997} INFO - 
================================================================================
DAG File Processing Stats

File Path                               PID    Runtime      # DAGs    # Errors  Last Runtime    Last Run               Last # of DB Queries
--------------------------------------  -----  ---------  --------  ----------  --------------  -------------------  ----------------------
/opt/airflow/dags/forex_ml_pipeline.py                           1           0  0.70s           2025-03-03T04:00:44                      34
================================================================================
[2025-03-03T04:01:26.575+0000] {manager.py:997} INFO - 
================================================================================
DAG File Processing Stats

File Path                               PID    Runtime      # DAGs    # Errors  Last Runtime    Last Run               Last # of DB Queries
--------------------------------------  -----  ---------  --------  ----------  --------------  -------------------  ----------------------
/opt/airflow/dags/forex_ml_pipeline.py                           1           0  0.80s           2025-03-03T04:01:15                      34
================================================================================
[2025-03-03T04:01:55.628+0000] {manager.py:997} INFO - 
================================================================================
DAG File Processing Stats

File Path                               PID    Runtime      # DAGs    # Errors  Last Runtime    Last Run               Last # of DB Queries
--------------------------------------  -----  ---------  --------  ----------  --------------  -------------------  ----------------------
/opt/airflow/dags/forex_ml_pipeline.py                           1           0  0.92s           2025-03-03T04:01:46                      34
================================================================================
[2025-03-03T04:02:25.013+0000] {manager.py:997} INFO - 
================================================================================
DAG File Processing Stats

File Path                               PID    Runtime      # DAGs    # Errors  Last Runtime    Last Run               Last # of DB Queries
--------------------------------------  -----  ---------  --------  ----------  --------------  -------------------  ----------------------
/opt/airflow/dags/forex_ml_pipeline.py                           1           0  0.65s           2025-03-03T04:02:17                      34
================================================================================
[2025-03-03T04:02:54.084+0000] {manager.py:997} INFO - 
================================================================================
DAG File Processing Stats

File Path                               PID    Runtime      # DAGs    # Errors  Last Runtime    Last Run               Last # of DB Queries
--------------------------------------  -----  ---------  --------  ----------  --------------  -------------------  ----------------------
/opt/airflow/dags/forex_ml_pipeline.py                           1           0  0.80s           2025-03-03T04:02:48                      34
================================================================================
[2025-03-03T04:03:22.928+0000] {manager.py:997} INFO - 
================================================================================
DAG File Processing Stats

File Path                               PID    Runtime      # DAGs    # Errors  Last Runtime    Last Run               Last # of DB Queries
--------------------------------------  -----  ---------  --------  ----------  --------------  -------------------  ----------------------
/opt/airflow/dags/forex_ml_pipeline.py                           1           0  0.69s           2025-03-03T04:03:19                      34
================================================================================
[2025-03-03T04:03:51.814+0000] {manager.py:997} INFO - 
================================================================================
DAG File Processing Stats

File Path                               PID    Runtime      # DAGs    # Errors  Last Runtime    Last Run               Last # of DB Queries
--------------------------------------  -----  ---------  --------  ----------  --------------  -------------------  ----------------------
/opt/airflow/dags/forex_ml_pipeline.py                           1           0  0.67s           2025-03-03T04:03:46                      11
================================================================================
[2025-03-03T04:04:20.801+0000] {manager.py:997} INFO - 
================================================================================
DAG File Processing Stats

File Path                               PID    Runtime      # DAGs    # Errors  Last Runtime    Last Run               Last # of DB Queries
--------------------------------------  -----  ---------  --------  ----------  --------------  -------------------  ----------------------
/opt/airflow/dags/forex_ml_pipeline.py                           1           0  0.78s           2025-03-03T04:04:16                      34
================================================================================
[2025-03-03T04:04:36.985+0000] {manager.py:465} INFO - Exiting gracefully upon receiving signal 15
[2025-03-03T07:52:49.767+0000] {manager.py:483} INFO - Processing files using up to 2 processes at a time 
[2025-03-03T07:52:49.768+0000] {manager.py:484} INFO - Process each file at most once every 30 seconds
[2025-03-03T07:52:49.768+0000] {manager.py:485} INFO - Checking for new files in /opt/airflow/dags every 300 seconds
[2025-03-03T07:52:49.769+0000] {manager.py:821} INFO - Searching for files in /opt/airflow/dags
[2025-03-03T07:52:49.951+0000] {manager.py:824} INFO - There are 1 files in /opt/airflow/dags
[2025-03-03T07:52:48.695+0000] {manager.py:997} INFO - 
================================================================================
DAG File Processing Stats

File Path                                 PID  Runtime      # DAGs    # Errors  Last Runtime    Last Run      Last # of DB Queries
--------------------------------------  -----  ---------  --------  ----------  --------------  ----------  ----------------------
/opt/airflow/dags/forex_ml_pipeline.py    184  0.02s             0           0                                                   0
================================================================================
[2025-03-03T07:53:17.232+0000] {manager.py:997} INFO - 
================================================================================
DAG File Processing Stats

File Path                               PID    Runtime      # DAGs    # Errors  Last Runtime    Last Run               Last # of DB Queries
--------------------------------------  -----  ---------  --------  ----------  --------------  -------------------  ----------------------
/opt/airflow/dags/forex_ml_pipeline.py                           1           0  2.58s           2025-03-03T07:52:51                      45
================================================================================
[2025-03-03T07:53:45.511+0000] {manager.py:997} INFO - 
================================================================================
DAG File Processing Stats

File Path                               PID    Runtime      # DAGs    # Errors  Last Runtime    Last Run               Last # of DB Queries
--------------------------------------  -----  ---------  --------  ----------  --------------  -------------------  ----------------------
/opt/airflow/dags/forex_ml_pipeline.py                           1           0  0.87s           2025-03-03T07:53:22                      34
================================================================================
[2025-03-03T07:54:13.811+0000] {manager.py:997} INFO - 
================================================================================
DAG File Processing Stats

File Path                               PID    Runtime      # DAGs    # Errors  Last Runtime    Last Run               Last # of DB Queries
--------------------------------------  -----  ---------  --------  ----------  --------------  -------------------  ----------------------
/opt/airflow/dags/forex_ml_pipeline.py                           1           0  0.74s           2025-03-03T07:53:53                      34
================================================================================
[2025-03-03T07:54:42.210+0000] {manager.py:997} INFO - 
================================================================================
DAG File Processing Stats

File Path                               PID    Runtime      # DAGs    # Errors  Last Runtime    Last Run               Last # of DB Queries
--------------------------------------  -----  ---------  --------  ----------  --------------  -------------------  ----------------------
/opt/airflow/dags/forex_ml_pipeline.py                           1           0  0.73s           2025-03-03T07:54:24                      34
================================================================================
[2025-03-03T07:55:10.394+0000] {manager.py:997} INFO - 
================================================================================
DAG File Processing Stats

File Path                               PID    Runtime      # DAGs    # Errors  Last Runtime    Last Run               Last # of DB Queries
--------------------------------------  -----  ---------  --------  ----------  --------------  -------------------  ----------------------
/opt/airflow/dags/forex_ml_pipeline.py                           1           0  0.79s           2025-03-03T07:54:55                      34
================================================================================
[2025-03-03T07:55:38.788+0000] {manager.py:997} INFO - 
================================================================================
DAG File Processing Stats

File Path                               PID    Runtime      # DAGs    # Errors  Last Runtime    Last Run               Last # of DB Queries
--------------------------------------  -----  ---------  --------  ----------  --------------  -------------------  ----------------------
/opt/airflow/dags/forex_ml_pipeline.py                           1           0  0.78s           2025-03-03T07:55:27                      34
================================================================================
[2025-03-03T07:56:07.429+0000] {manager.py:997} INFO - 
================================================================================
DAG File Processing Stats

File Path                               PID    Runtime      # DAGs    # Errors  Last Runtime    Last Run               Last # of DB Queries
--------------------------------------  -----  ---------  --------  ----------  --------------  -------------------  ----------------------
/opt/airflow/dags/forex_ml_pipeline.py                           1           0  0.82s           2025-03-03T07:55:58                      34
================================================================================
[2025-03-03T07:56:35.733+0000] {manager.py:997} INFO - 
================================================================================
DAG File Processing Stats

File Path                               PID    Runtime      # DAGs    # Errors  Last Runtime    Last Run               Last # of DB Queries
--------------------------------------  -----  ---------  --------  ----------  --------------  -------------------  ----------------------
/opt/airflow/dags/forex_ml_pipeline.py                           1           0  0.71s           2025-03-03T07:56:29                      34
================================================================================
[2025-03-03T07:57:04.509+0000] {manager.py:997} INFO - 
================================================================================
DAG File Processing Stats

File Path                               PID    Runtime      # DAGs    # Errors  Last Runtime    Last Run               Last # of DB Queries
--------------------------------------  -----  ---------  --------  ----------  --------------  -------------------  ----------------------
/opt/airflow/dags/forex_ml_pipeline.py                           1           0  0.70s           2025-03-03T07:57:00                      34
================================================================================
[2025-03-03T07:57:32.905+0000] {manager.py:997} INFO - 
================================================================================
DAG File Processing Stats

File Path                               PID    Runtime      # DAGs    # Errors  Last Runtime    Last Run               Last # of DB Queries
--------------------------------------  -----  ---------  --------  ----------  --------------  -------------------  ----------------------
/opt/airflow/dags/forex_ml_pipeline.py                           1           0  0.75s           2025-03-03T07:57:31                      34
================================================================================
[2025-03-03T07:57:50.124+0000] {manager.py:821} INFO - Searching for files in /opt/airflow/dags
[2025-03-03T07:57:50.325+0000] {manager.py:824} INFO - There are 1 files in /opt/airflow/dags
[2025-03-03T07:58:01.707+0000] {manager.py:997} INFO - 
================================================================================
DAG File Processing Stats

File Path                                 PID  Runtime      # DAGs    # Errors  Last Runtime    Last Run               Last # of DB Queries
--------------------------------------  -----  ---------  --------  ----------  --------------  -------------------  ----------------------
/opt/airflow/dags/forex_ml_pipeline.py    317  0.00s             1           0  0.75s           2025-03-03T07:57:31                      34
================================================================================
[2025-03-03T07:58:30.124+0000] {manager.py:997} INFO - 
================================================================================
DAG File Processing Stats

File Path                               PID    Runtime      # DAGs    # Errors  Last Runtime    Last Run               Last # of DB Queries
--------------------------------------  -----  ---------  --------  ----------  --------------  -------------------  ----------------------
/opt/airflow/dags/forex_ml_pipeline.py                           1           0  0.87s           2025-03-03T07:58:02                      34
================================================================================
[2025-03-03T07:58:58.455+0000] {manager.py:997} INFO - 
================================================================================
DAG File Processing Stats

File Path                               PID    Runtime      # DAGs    # Errors  Last Runtime    Last Run               Last # of DB Queries
--------------------------------------  -----  ---------  --------  ----------  --------------  -------------------  ----------------------
/opt/airflow/dags/forex_ml_pipeline.py                           1           0  0.80s           2025-03-03T07:58:33                      34
================================================================================
[2025-03-03T07:59:26.957+0000] {manager.py:997} INFO - 
================================================================================
DAG File Processing Stats

File Path                               PID    Runtime      # DAGs    # Errors  Last Runtime    Last Run               Last # of DB Queries
--------------------------------------  -----  ---------  --------  ----------  --------------  -------------------  ----------------------
/opt/airflow/dags/forex_ml_pipeline.py                           1           0  0.93s           2025-03-03T07:59:04                      34
================================================================================
[2025-03-03T07:59:55.241+0000] {manager.py:997} INFO - 
================================================================================
DAG File Processing Stats

File Path                               PID    Runtime      # DAGs    # Errors  Last Runtime    Last Run               Last # of DB Queries
--------------------------------------  -----  ---------  --------  ----------  --------------  -------------------  ----------------------
/opt/airflow/dags/forex_ml_pipeline.py                           1           0  0.76s           2025-03-03T07:59:35                      34
================================================================================
[2025-03-03T08:00:23.989+0000] {manager.py:997} INFO - 
================================================================================
DAG File Processing Stats

File Path                               PID    Runtime      # DAGs    # Errors  Last Runtime    Last Run               Last # of DB Queries
--------------------------------------  -----  ---------  --------  ----------  --------------  -------------------  ----------------------
/opt/airflow/dags/forex_ml_pipeline.py                           1           0  0.91s           2025-03-03T08:00:07                      34
================================================================================
[2025-03-03T08:00:52.611+0000] {manager.py:997} INFO - 
================================================================================
DAG File Processing Stats

File Path                               PID    Runtime      # DAGs    # Errors  Last Runtime    Last Run               Last # of DB Queries
--------------------------------------  -----  ---------  --------  ----------  --------------  -------------------  ----------------------
/opt/airflow/dags/forex_ml_pipeline.py                           1           0  0.77s           2025-03-03T08:00:39                      34
================================================================================
[2025-03-03T08:01:21.051+0000] {manager.py:997} INFO - 
================================================================================
DAG File Processing Stats

File Path                               PID    Runtime      # DAGs    # Errors  Last Runtime    Last Run               Last # of DB Queries
--------------------------------------  -----  ---------  --------  ----------  --------------  -------------------  ----------------------
/opt/airflow/dags/forex_ml_pipeline.py                           1           0  0.82s           2025-03-03T08:01:10                      34
================================================================================
[2025-03-03T08:01:49.464+0000] {manager.py:997} INFO - 
================================================================================
DAG File Processing Stats

File Path                               PID    Runtime      # DAGs    # Errors  Last Runtime    Last Run               Last # of DB Queries
--------------------------------------  -----  ---------  --------  ----------  --------------  -------------------  ----------------------
/opt/airflow/dags/forex_ml_pipeline.py                           1           0  0.89s           2025-03-03T08:01:42                      34
================================================================================
[2025-03-03T08:02:17.814+0000] {manager.py:997} INFO - 
================================================================================
DAG File Processing Stats

File Path                               PID    Runtime      # DAGs    # Errors  Last Runtime    Last Run               Last # of DB Queries
--------------------------------------  -----  ---------  --------  ----------  --------------  -------------------  ----------------------
/opt/airflow/dags/forex_ml_pipeline.py                           1           0  0.83s           2025-03-03T08:02:13                      34
================================================================================
[2025-03-03T08:02:46.322+0000] {manager.py:997} INFO - 
================================================================================
DAG File Processing Stats

File Path                               PID    Runtime      # DAGs    # Errors  Last Runtime    Last Run               Last # of DB Queries
--------------------------------------  -----  ---------  --------  ----------  --------------  -------------------  ----------------------
/opt/airflow/dags/forex_ml_pipeline.py                           1           0  0.88s           2025-03-03T08:02:44                      34
================================================================================
[2025-03-03T08:02:50.401+0000] {manager.py:821} INFO - Searching for files in /opt/airflow/dags
[2025-03-03T08:02:50.613+0000] {manager.py:824} INFO - There are 1 files in /opt/airflow/dags
[2025-03-03T08:03:15.147+0000] {manager.py:997} INFO - 
================================================================================
DAG File Processing Stats

File Path                                 PID  Runtime      # DAGs    # Errors  Last Runtime    Last Run               Last # of DB Queries
--------------------------------------  -----  ---------  --------  ----------  --------------  -------------------  ----------------------
/opt/airflow/dags/forex_ml_pipeline.py    441  0.00s             1           0  0.88s           2025-03-03T08:02:44                      34
================================================================================
[2025-03-03T08:03:43.557+0000] {manager.py:997} INFO - 
================================================================================
DAG File Processing Stats

File Path                               PID    Runtime      # DAGs    # Errors  Last Runtime    Last Run               Last # of DB Queries
--------------------------------------  -----  ---------  --------  ----------  --------------  -------------------  ----------------------
/opt/airflow/dags/forex_ml_pipeline.py                           1           0  0.79s           2025-03-03T08:03:15                      34
================================================================================
[2025-03-03T08:04:11.932+0000] {manager.py:997} INFO - 
================================================================================
DAG File Processing Stats

File Path                               PID    Runtime      # DAGs    # Errors  Last Runtime    Last Run               Last # of DB Queries
--------------------------------------  -----  ---------  --------  ----------  --------------  -------------------  ----------------------
/opt/airflow/dags/forex_ml_pipeline.py                           1           0  0.74s           2025-03-03T08:03:47                      34
================================================================================
[2025-03-03T08:04:40.455+0000] {manager.py:997} INFO - 
================================================================================
DAG File Processing Stats

File Path                               PID    Runtime      # DAGs    # Errors  Last Runtime    Last Run               Last # of DB Queries
--------------------------------------  -----  ---------  --------  ----------  --------------  -------------------  ----------------------
/opt/airflow/dags/forex_ml_pipeline.py                           1           0  0.86s           2025-03-03T08:04:18                      34
================================================================================
[2025-03-03T08:05:09.010+0000] {manager.py:997} INFO - 
================================================================================
DAG File Processing Stats

File Path                               PID    Runtime      # DAGs    # Errors  Last Runtime    Last Run               Last # of DB Queries
--------------------------------------  -----  ---------  --------  ----------  --------------  -------------------  ----------------------
/opt/airflow/dags/forex_ml_pipeline.py                           1           0  0.94s           2025-03-03T08:04:49                      34
================================================================================
[2025-03-03T08:05:37.675+0000] {manager.py:997} INFO - 
================================================================================
DAG File Processing Stats

File Path                               PID    Runtime      # DAGs    # Errors  Last Runtime    Last Run               Last # of DB Queries
--------------------------------------  -----  ---------  --------  ----------  --------------  -------------------  ----------------------
/opt/airflow/dags/forex_ml_pipeline.py                           1           0  0.79s           2025-03-03T08:05:20                      34
================================================================================
[2025-03-03T08:06:06.073+0000] {manager.py:997} INFO - 
================================================================================
DAG File Processing Stats

File Path                               PID    Runtime      # DAGs    # Errors  Last Runtime    Last Run               Last # of DB Queries
--------------------------------------  -----  ---------  --------  ----------  --------------  -------------------  ----------------------
/opt/airflow/dags/forex_ml_pipeline.py                           1           0  0.81s           2025-03-03T08:05:51                      34
================================================================================
[2025-03-03T08:06:34.564+0000] {manager.py:997} INFO - 
================================================================================
DAG File Processing Stats

File Path                               PID    Runtime      # DAGs    # Errors  Last Runtime    Last Run               Last # of DB Queries
--------------------------------------  -----  ---------  --------  ----------  --------------  -------------------  ----------------------
/opt/airflow/dags/forex_ml_pipeline.py                           1           0  0.80s           2025-03-03T08:06:22                      34
================================================================================
[2025-03-03T08:07:03.400+0000] {manager.py:997} INFO - 
================================================================================
DAG File Processing Stats

File Path                               PID    Runtime      # DAGs    # Errors  Last Runtime    Last Run               Last # of DB Queries
--------------------------------------  -----  ---------  --------  ----------  --------------  -------------------  ----------------------
/opt/airflow/dags/forex_ml_pipeline.py                           1           0  1.24s           2025-03-03T08:06:54                      34
================================================================================
[2025-03-03T08:07:31.749+0000] {manager.py:997} INFO - 
================================================================================
DAG File Processing Stats

File Path                               PID    Runtime      # DAGs    # Errors  Last Runtime    Last Run               Last # of DB Queries
--------------------------------------  -----  ---------  --------  ----------  --------------  -------------------  ----------------------
/opt/airflow/dags/forex_ml_pipeline.py                           1           0  0.74s           2025-03-03T08:07:25                      34
================================================================================
[2025-03-03T08:07:51.070+0000] {manager.py:821} INFO - Searching for files in /opt/airflow/dags
[2025-03-03T08:07:51.204+0000] {manager.py:824} INFO - There are 1 files in /opt/airflow/dags
[2025-03-03T08:08:00.461+0000] {manager.py:997} INFO - 
================================================================================
DAG File Processing Stats

File Path                               PID    Runtime      # DAGs    # Errors  Last Runtime    Last Run               Last # of DB Queries
--------------------------------------  -----  ---------  --------  ----------  --------------  -------------------  ----------------------
/opt/airflow/dags/forex_ml_pipeline.py                           1           0  0.80s           2025-03-03T08:07:57                      34
================================================================================
[2025-03-03T08:08:29.045+0000] {manager.py:997} INFO - 
================================================================================
DAG File Processing Stats

File Path                               PID    Runtime      # DAGs    # Errors  Last Runtime    Last Run               Last # of DB Queries
--------------------------------------  -----  ---------  --------  ----------  --------------  -------------------  ----------------------
/opt/airflow/dags/forex_ml_pipeline.py                           1           0  0.82s           2025-03-03T08:08:29                      34
================================================================================
[2025-03-03T08:08:57.539+0000] {manager.py:997} INFO - 
================================================================================
DAG File Processing Stats

File Path                               PID    Runtime      # DAGs    # Errors  Last Runtime    Last Run               Last # of DB Queries
--------------------------------------  -----  ---------  --------  ----------  --------------  -------------------  ----------------------
/opt/airflow/dags/forex_ml_pipeline.py                           1           0  0.82s           2025-03-03T08:08:29                      34
================================================================================
[2025-03-03T08:09:26.119+0000] {manager.py:997} INFO - 
================================================================================
DAG File Processing Stats

File Path                               PID    Runtime      # DAGs    # Errors  Last Runtime    Last Run               Last # of DB Queries
--------------------------------------  -----  ---------  --------  ----------  --------------  -------------------  ----------------------
/opt/airflow/dags/forex_ml_pipeline.py                           1           0  0.80s           2025-03-03T08:09:00                      34
================================================================================
[2025-03-03T08:09:54.600+0000] {manager.py:997} INFO - 
================================================================================
DAG File Processing Stats

File Path                               PID    Runtime      # DAGs    # Errors  Last Runtime    Last Run               Last # of DB Queries
--------------------------------------  -----  ---------  --------  ----------  --------------  -------------------  ----------------------
/opt/airflow/dags/forex_ml_pipeline.py                           1           0  0.75s           2025-03-03T08:09:32                      34
================================================================================
[2025-03-03T08:10:23.122+0000] {manager.py:997} INFO - 
================================================================================
DAG File Processing Stats

File Path                               PID    Runtime      # DAGs    # Errors  Last Runtime    Last Run               Last # of DB Queries
--------------------------------------  -----  ---------  --------  ----------  --------------  -------------------  ----------------------
/opt/airflow/dags/forex_ml_pipeline.py                           1           0  1.01s           2025-03-03T08:10:03                      34
================================================================================
[2025-03-03T08:10:51.933+0000] {manager.py:997} INFO - 
================================================================================
DAG File Processing Stats

File Path                               PID    Runtime      # DAGs    # Errors  Last Runtime    Last Run               Last # of DB Queries
--------------------------------------  -----  ---------  --------  ----------  --------------  -------------------  ----------------------
/opt/airflow/dags/forex_ml_pipeline.py                           1           0  0.86s           2025-03-03T08:10:35                      34
================================================================================
[2025-03-03T08:11:20.322+0000] {manager.py:997} INFO - 
================================================================================
DAG File Processing Stats

File Path                               PID    Runtime      # DAGs    # Errors  Last Runtime    Last Run               Last # of DB Queries
--------------------------------------  -----  ---------  --------  ----------  --------------  -------------------  ----------------------
/opt/airflow/dags/forex_ml_pipeline.py                           1           0  0.78s           2025-03-03T08:11:06                      34
================================================================================
[2025-03-03T08:11:48.657+0000] {manager.py:997} INFO - 
================================================================================
DAG File Processing Stats

File Path                               PID    Runtime      # DAGs    # Errors  Last Runtime    Last Run               Last # of DB Queries
--------------------------------------  -----  ---------  --------  ----------  --------------  -------------------  ----------------------
/opt/airflow/dags/forex_ml_pipeline.py                           1           0  0.76s           2025-03-03T08:11:38                      34
================================================================================
[2025-03-03T08:12:17.098+0000] {manager.py:997} INFO - 
================================================================================
DAG File Processing Stats

File Path                               PID    Runtime      # DAGs    # Errors  Last Runtime    Last Run               Last # of DB Queries
--------------------------------------  -----  ---------  --------  ----------  --------------  -------------------  ----------------------
/opt/airflow/dags/forex_ml_pipeline.py                           1           0  0.78s           2025-03-03T08:12:09                      34
================================================================================
[2025-03-03T08:12:45.287+0000] {manager.py:997} INFO - 
================================================================================
DAG File Processing Stats

File Path                               PID    Runtime      # DAGs    # Errors  Last Runtime    Last Run               Last # of DB Queries
--------------------------------------  -----  ---------  --------  ----------  --------------  -------------------  ----------------------
/opt/airflow/dags/forex_ml_pipeline.py                           1           0  0.69s           2025-03-03T08:12:41                      34
================================================================================
[2025-03-03T08:12:51.400+0000] {manager.py:821} INFO - Searching for files in /opt/airflow/dags
[2025-03-03T08:12:51.585+0000] {manager.py:824} INFO - There are 1 files in /opt/airflow/dags
[2025-03-03T08:13:14.199+0000] {manager.py:997} INFO - 
================================================================================
DAG File Processing Stats

File Path                               PID    Runtime      # DAGs    # Errors  Last Runtime    Last Run               Last # of DB Queries
--------------------------------------  -----  ---------  --------  ----------  --------------  -------------------  ----------------------
/opt/airflow/dags/forex_ml_pipeline.py                           1           0  0.76s           2025-03-03T08:13:12                      34
================================================================================
[2025-03-03T08:13:42.524+0000] {manager.py:997} INFO - 
================================================================================
DAG File Processing Stats

File Path                               PID    Runtime      # DAGs    # Errors  Last Runtime    Last Run               Last # of DB Queries
--------------------------------------  -----  ---------  --------  ----------  --------------  -------------------  ----------------------
/opt/airflow/dags/forex_ml_pipeline.py                           1           0  0.73s           2025-03-03T08:13:17                      11
================================================================================
[2025-03-03T08:14:11.124+0000] {manager.py:997} INFO - 
================================================================================
DAG File Processing Stats

File Path                               PID    Runtime      # DAGs    # Errors  Last Runtime    Last Run               Last # of DB Queries
--------------------------------------  -----  ---------  --------  ----------  --------------  -------------------  ----------------------
/opt/airflow/dags/forex_ml_pipeline.py                           1           0  0.81s           2025-03-03T08:13:44                      11
================================================================================
[2025-03-03T08:14:39.282+0000] {manager.py:997} INFO - 
================================================================================
DAG File Processing Stats

File Path                               PID    Runtime      # DAGs    # Errors  Last Runtime    Last Run               Last # of DB Queries
--------------------------------------  -----  ---------  --------  ----------  --------------  -------------------  ----------------------
/opt/airflow/dags/forex_ml_pipeline.py                           1           0  0.71s           2025-03-03T08:14:15                      34
================================================================================
[2025-03-03T08:15:07.543+0000] {manager.py:997} INFO - 
================================================================================
DAG File Processing Stats

File Path                               PID    Runtime      # DAGs    # Errors  Last Runtime    Last Run               Last # of DB Queries
--------------------------------------  -----  ---------  --------  ----------  --------------  -------------------  ----------------------
/opt/airflow/dags/forex_ml_pipeline.py                           1           0  0.76s           2025-03-03T08:14:47                      34
================================================================================
[2025-03-03T08:15:36.155+0000] {manager.py:997} INFO - 
================================================================================
DAG File Processing Stats

File Path                               PID    Runtime      # DAGs    # Errors  Last Runtime    Last Run               Last # of DB Queries
--------------------------------------  -----  ---------  --------  ----------  --------------  -------------------  ----------------------
/opt/airflow/dags/forex_ml_pipeline.py                           1           0  0.79s           2025-03-03T08:15:18                      34
================================================================================
[2025-03-03T08:16:04.511+0000] {manager.py:997} INFO - 
================================================================================
DAG File Processing Stats

File Path                               PID    Runtime      # DAGs    # Errors  Last Runtime    Last Run               Last # of DB Queries
--------------------------------------  -----  ---------  --------  ----------  --------------  -------------------  ----------------------
/opt/airflow/dags/forex_ml_pipeline.py                           1           0  0.87s           2025-03-03T08:15:49                      34
================================================================================
[2025-03-03T08:16:33.034+0000] {manager.py:997} INFO - 
================================================================================
DAG File Processing Stats

File Path                               PID    Runtime      # DAGs    # Errors  Last Runtime    Last Run               Last # of DB Queries
--------------------------------------  -----  ---------  --------  ----------  --------------  -------------------  ----------------------
/opt/airflow/dags/forex_ml_pipeline.py                           1           0  0.82s           2025-03-03T08:16:20                      34
================================================================================
[2025-03-03T08:17:01.288+0000] {manager.py:997} INFO - 
================================================================================
DAG File Processing Stats

File Path                               PID    Runtime      # DAGs    # Errors  Last Runtime    Last Run               Last # of DB Queries
--------------------------------------  -----  ---------  --------  ----------  --------------  -------------------  ----------------------
/opt/airflow/dags/forex_ml_pipeline.py                           1           0  0.73s           2025-03-03T08:16:51                      34
================================================================================
[2025-03-03T08:17:29.823+0000] {manager.py:997} INFO - 
================================================================================
DAG File Processing Stats

File Path                               PID    Runtime      # DAGs    # Errors  Last Runtime    Last Run               Last # of DB Queries
--------------------------------------  -----  ---------  --------  ----------  --------------  -------------------  ----------------------
/opt/airflow/dags/forex_ml_pipeline.py                           1           0  0.77s           2025-03-03T08:17:22                      34
================================================================================
[2025-03-03T08:17:51.555+0000] {manager.py:821} INFO - Searching for files in /opt/airflow/dags
[2025-03-03T08:17:51.710+0000] {manager.py:824} INFO - There are 1 files in /opt/airflow/dags
[2025-03-03T08:17:58.195+0000] {manager.py:997} INFO - 
================================================================================
DAG File Processing Stats

File Path                               PID    Runtime      # DAGs    # Errors  Last Runtime    Last Run               Last # of DB Queries
--------------------------------------  -----  ---------  --------  ----------  --------------  -------------------  ----------------------
/opt/airflow/dags/forex_ml_pipeline.py                           1           0  0.82s           2025-03-03T08:17:53                      34
================================================================================
[2025-03-03T08:18:26.695+0000] {manager.py:997} INFO - 
================================================================================
DAG File Processing Stats

File Path                               PID    Runtime      # DAGs    # Errors  Last Runtime    Last Run               Last # of DB Queries
--------------------------------------  -----  ---------  --------  ----------  --------------  -------------------  ----------------------
/opt/airflow/dags/forex_ml_pipeline.py                           1           0  0.75s           2025-03-03T08:18:24                      34
================================================================================
[2025-03-03T08:18:55.044+0000] {manager.py:997} INFO - 
================================================================================
DAG File Processing Stats

File Path                               PID    Runtime      # DAGs    # Errors  Last Runtime    Last Run               Last # of DB Queries
--------------------------------------  -----  ---------  --------  ----------  --------------  -------------------  ----------------------
/opt/airflow/dags/forex_ml_pipeline.py                           1           0  0.73s           2025-03-03T08:18:55                      34
================================================================================
[2025-03-03T08:19:21.821+0000] {manager.py:465} INFO - Exiting gracefully upon receiving signal 15
[2025-03-03T08:39:58.418+0000] {manager.py:483} INFO - Processing files using up to 2 processes at a time 
[2025-03-03T08:39:58.442+0000] {manager.py:484} INFO - Process each file at most once every 30 seconds
[2025-03-03T08:39:58.443+0000] {manager.py:485} INFO - Checking for new files in /opt/airflow/dags every 300 seconds
[2025-03-03T08:39:58.444+0000] {manager.py:821} INFO - Searching for files in /opt/airflow/dags
[2025-03-03T08:39:58.628+0000] {manager.py:824} INFO - There are 1 files in /opt/airflow/dags
[2025-03-03T08:39:59.083+0000] {manager.py:997} INFO - 
================================================================================
DAG File Processing Stats

File Path                                 PID  Runtime      # DAGs    # Errors  Last Runtime    Last Run      Last # of DB Queries
--------------------------------------  -----  ---------  --------  ----------  --------------  ----------  ----------------------
/opt/airflow/dags/forex_ml_pipeline.py    184  0.02s             0           0                                                   0
================================================================================
[2025-03-03T08:40:27.509+0000] {manager.py:997} INFO - 
================================================================================
DAG File Processing Stats

File Path                               PID    Runtime      # DAGs    # Errors  Last Runtime    Last Run               Last # of DB Queries
--------------------------------------  -----  ---------  --------  ----------  --------------  -------------------  ----------------------
/opt/airflow/dags/forex_ml_pipeline.py                           1           0  1.80s           2025-03-03T08:40:00                      45
================================================================================
[2025-03-03T08:40:55.809+0000] {manager.py:997} INFO - 
================================================================================
DAG File Processing Stats

File Path                               PID    Runtime      # DAGs    # Errors  Last Runtime    Last Run               Last # of DB Queries
--------------------------------------  -----  ---------  --------  ----------  --------------  -------------------  ----------------------
/opt/airflow/dags/forex_ml_pipeline.py                           1           0  0.79s           2025-03-03T08:40:32                      34
================================================================================
[2025-03-03T08:41:24.442+0000] {manager.py:997} INFO - 
================================================================================
DAG File Processing Stats

File Path                               PID    Runtime      # DAGs    # Errors  Last Runtime    Last Run               Last # of DB Queries
--------------------------------------  -----  ---------  --------  ----------  --------------  -------------------  ----------------------
/opt/airflow/dags/forex_ml_pipeline.py                           1           0  0.72s           2025-03-03T08:41:03                      34
================================================================================
[2025-03-03T08:41:52.814+0000] {manager.py:997} INFO - 
================================================================================
DAG File Processing Stats

File Path                               PID    Runtime      # DAGs    # Errors  Last Runtime    Last Run               Last # of DB Queries
--------------------------------------  -----  ---------  --------  ----------  --------------  -------------------  ----------------------
/opt/airflow/dags/forex_ml_pipeline.py                           1           0  0.78s           2025-03-03T08:41:34                      34
================================================================================
[2025-03-03T08:42:21.012+0000] {manager.py:997} INFO - 
================================================================================
DAG File Processing Stats

File Path                               PID    Runtime      # DAGs    # Errors  Last Runtime    Last Run               Last # of DB Queries
--------------------------------------  -----  ---------  --------  ----------  --------------  -------------------  ----------------------
/opt/airflow/dags/forex_ml_pipeline.py                           1           0  0.63s           2025-03-03T08:42:05                      34
================================================================================
[2025-03-03T08:42:49.158+0000] {manager.py:997} INFO - 
================================================================================
DAG File Processing Stats

File Path                               PID    Runtime      # DAGs    # Errors  Last Runtime    Last Run               Last # of DB Queries
--------------------------------------  -----  ---------  --------  ----------  --------------  -------------------  ----------------------
/opt/airflow/dags/forex_ml_pipeline.py                           1           0  0.76s           2025-03-03T08:42:36                      34
================================================================================
[2025-03-03T08:43:17.857+0000] {manager.py:997} INFO - 
================================================================================
DAG File Processing Stats

File Path                               PID    Runtime      # DAGs    # Errors  Last Runtime    Last Run               Last # of DB Queries
--------------------------------------  -----  ---------  --------  ----------  --------------  -------------------  ----------------------
/opt/airflow/dags/forex_ml_pipeline.py                           1           0  0.68s           2025-03-03T08:43:07                      34
================================================================================
[2025-03-03T08:43:46.614+0000] {manager.py:997} INFO - 
================================================================================
DAG File Processing Stats

File Path                               PID    Runtime      # DAGs    # Errors  Last Runtime    Last Run               Last # of DB Queries
--------------------------------------  -----  ---------  --------  ----------  --------------  -------------------  ----------------------
/opt/airflow/dags/forex_ml_pipeline.py                           1           0  0.85s           2025-03-03T08:43:39                      34
================================================================================
[2025-03-03T08:44:15.311+0000] {manager.py:997} INFO - 
================================================================================
DAG File Processing Stats

File Path                               PID    Runtime      # DAGs    # Errors  Last Runtime    Last Run               Last # of DB Queries
--------------------------------------  -----  ---------  --------  ----------  --------------  -------------------  ----------------------
/opt/airflow/dags/forex_ml_pipeline.py                           1           0  0.87s           2025-03-03T08:44:11                      34
================================================================================
[2025-03-03T08:44:43.963+0000] {manager.py:997} INFO - 
================================================================================
DAG File Processing Stats

File Path                               PID    Runtime      # DAGs    # Errors  Last Runtime    Last Run               Last # of DB Queries
--------------------------------------  -----  ---------  --------  ----------  --------------  -------------------  ----------------------
/opt/airflow/dags/forex_ml_pipeline.py                           1           0  0.82s           2025-03-03T08:44:42                      34
================================================================================
[2025-03-03T08:44:59.308+0000] {manager.py:821} INFO - Searching for files in /opt/airflow/dags
[2025-03-03T08:44:59.424+0000] {manager.py:824} INFO - There are 1 files in /opt/airflow/dags
[2025-03-03T08:45:12.786+0000] {manager.py:997} INFO - 
================================================================================
DAG File Processing Stats

File Path                               PID    Runtime      # DAGs    # Errors  Last Runtime    Last Run               Last # of DB Queries
--------------------------------------  -----  ---------  --------  ----------  --------------  -------------------  ----------------------
/opt/airflow/dags/forex_ml_pipeline.py                           1           0  0.82s           2025-03-03T08:44:42                      34
================================================================================
[2025-03-03T08:45:41.408+0000] {manager.py:997} INFO - 
================================================================================
DAG File Processing Stats

File Path                               PID    Runtime      # DAGs    # Errors  Last Runtime    Last Run               Last # of DB Queries
--------------------------------------  -----  ---------  --------  ----------  --------------  -------------------  ----------------------
/opt/airflow/dags/forex_ml_pipeline.py                           1           0  0.93s           2025-03-03T08:45:13                      34
================================================================================
[2025-03-03T08:46:09.771+0000] {manager.py:997} INFO - 
================================================================================
DAG File Processing Stats

File Path                               PID    Runtime      # DAGs    # Errors  Last Runtime    Last Run               Last # of DB Queries
--------------------------------------  -----  ---------  --------  ----------  --------------  -------------------  ----------------------
/opt/airflow/dags/forex_ml_pipeline.py                           1           0  0.70s           2025-03-03T08:45:45                      34
================================================================================
[2025-03-03T08:46:38.319+0000] {manager.py:997} INFO - 
================================================================================
DAG File Processing Stats

File Path                               PID    Runtime      # DAGs    # Errors  Last Runtime    Last Run               Last # of DB Queries
--------------------------------------  -----  ---------  --------  ----------  --------------  -------------------  ----------------------
/opt/airflow/dags/forex_ml_pipeline.py                           1           0  0.74s           2025-03-03T08:46:16                      34
================================================================================
[2025-03-03T08:47:06.753+0000] {manager.py:997} INFO - 
================================================================================
DAG File Processing Stats

File Path                               PID    Runtime      # DAGs    # Errors  Last Runtime    Last Run               Last # of DB Queries
--------------------------------------  -----  ---------  --------  ----------  --------------  -------------------  ----------------------
/opt/airflow/dags/forex_ml_pipeline.py                           1           0  0.81s           2025-03-03T08:46:48                      34
================================================================================
[2025-03-03T08:47:35.116+0000] {manager.py:997} INFO - 
================================================================================
DAG File Processing Stats

File Path                               PID    Runtime      # DAGs    # Errors  Last Runtime    Last Run               Last # of DB Queries
--------------------------------------  -----  ---------  --------  ----------  --------------  -------------------  ----------------------
/opt/airflow/dags/forex_ml_pipeline.py                           1           0  0.80s           2025-03-03T08:47:19                      34
================================================================================
[2025-03-03T08:48:03.666+0000] {manager.py:997} INFO - 
================================================================================
DAG File Processing Stats

File Path                               PID    Runtime      # DAGs    # Errors  Last Runtime    Last Run               Last # of DB Queries
--------------------------------------  -----  ---------  --------  ----------  --------------  -------------------  ----------------------
/opt/airflow/dags/forex_ml_pipeline.py                           1           0  0.84s           2025-03-03T08:47:50                      34
================================================================================
[2025-03-03T08:48:32.013+0000] {manager.py:997} INFO - 
================================================================================
DAG File Processing Stats

File Path                               PID    Runtime      # DAGs    # Errors  Last Runtime    Last Run               Last # of DB Queries
--------------------------------------  -----  ---------  --------  ----------  --------------  -------------------  ----------------------
/opt/airflow/dags/forex_ml_pipeline.py                           1           0  0.81s           2025-03-03T08:48:21                      34
================================================================================
[2025-03-03T08:49:00.109+0000] {manager.py:997} INFO - 
================================================================================
DAG File Processing Stats

File Path                               PID    Runtime      # DAGs    # Errors  Last Runtime    Last Run               Last # of DB Queries
--------------------------------------  -----  ---------  --------  ----------  --------------  -------------------  ----------------------
/opt/airflow/dags/forex_ml_pipeline.py                           1           0  0.75s           2025-03-03T08:48:52                      34
================================================================================
[2025-03-03T08:49:28.973+0000] {manager.py:997} INFO - 
================================================================================
DAG File Processing Stats

File Path                               PID    Runtime      # DAGs    # Errors  Last Runtime    Last Run               Last # of DB Queries
--------------------------------------  -----  ---------  --------  ----------  --------------  -------------------  ----------------------
/opt/airflow/dags/forex_ml_pipeline.py                           1           0  0.71s           2025-03-03T08:49:23                      34
================================================================================
[2025-03-03T08:49:57.674+0000] {manager.py:997} INFO - 
================================================================================
DAG File Processing Stats

File Path                               PID    Runtime      # DAGs    # Errors  Last Runtime    Last Run               Last # of DB Queries
--------------------------------------  -----  ---------  --------  ----------  --------------  -------------------  ----------------------
/opt/airflow/dags/forex_ml_pipeline.py                           1           0  0.80s           2025-03-03T08:49:54                      34
================================================================================
[2025-03-03T08:49:59.697+0000] {manager.py:821} INFO - Searching for files in /opt/airflow/dags
[2025-03-03T08:49:59.915+0000] {manager.py:824} INFO - There are 1 files in /opt/airflow/dags
[2025-03-03T08:50:26.279+0000] {manager.py:997} INFO - 
================================================================================
DAG File Processing Stats

File Path                               PID    Runtime      # DAGs    # Errors  Last Runtime    Last Run               Last # of DB Queries
--------------------------------------  -----  ---------  --------  ----------  --------------  -------------------  ----------------------
/opt/airflow/dags/forex_ml_pipeline.py                           1           0  0.82s           2025-03-03T08:50:26                      34
================================================================================
[2025-03-03T08:50:54.950+0000] {manager.py:997} INFO - 
================================================================================
DAG File Processing Stats

File Path                               PID    Runtime      # DAGs    # Errors  Last Runtime    Last Run               Last # of DB Queries
--------------------------------------  -----  ---------  --------  ----------  --------------  -------------------  ----------------------
/opt/airflow/dags/forex_ml_pipeline.py                           1           0  0.82s           2025-03-03T08:50:26                      34
================================================================================
[2025-03-03T08:51:23.247+0000] {manager.py:997} INFO - 
================================================================================
DAG File Processing Stats

File Path                               PID    Runtime      # DAGs    # Errors  Last Runtime    Last Run               Last # of DB Queries
--------------------------------------  -----  ---------  --------  ----------  --------------  -------------------  ----------------------
/opt/airflow/dags/forex_ml_pipeline.py                           1           0  0.70s           2025-03-03T08:50:57                      34
================================================================================
[2025-03-03T08:51:51.500+0000] {manager.py:997} INFO - 
================================================================================
DAG File Processing Stats

File Path                               PID    Runtime      # DAGs    # Errors  Last Runtime    Last Run               Last # of DB Queries
--------------------------------------  -----  ---------  --------  ----------  --------------  -------------------  ----------------------
/opt/airflow/dags/forex_ml_pipeline.py                           1           0  0.72s           2025-03-03T08:51:29                      34
================================================================================
[2025-03-03T08:52:20.100+0000] {manager.py:997} INFO - 
================================================================================
DAG File Processing Stats

File Path                               PID    Runtime      # DAGs    # Errors  Last Runtime    Last Run               Last # of DB Queries
--------------------------------------  -----  ---------  --------  ----------  --------------  -------------------  ----------------------
/opt/airflow/dags/forex_ml_pipeline.py                           1           0  0.73s           2025-03-03T08:52:00                      34
================================================================================
[2025-03-03T08:52:48.459+0000] {manager.py:997} INFO - 
================================================================================
DAG File Processing Stats

File Path                               PID    Runtime      # DAGs    # Errors  Last Runtime    Last Run               Last # of DB Queries
--------------------------------------  -----  ---------  --------  ----------  --------------  -------------------  ----------------------
/opt/airflow/dags/forex_ml_pipeline.py                           1           0  0.84s           2025-03-03T08:52:31                      34
================================================================================
[2025-03-03T08:53:16.932+0000] {manager.py:997} INFO - 
================================================================================
DAG File Processing Stats

File Path                               PID    Runtime      # DAGs    # Errors  Last Runtime    Last Run               Last # of DB Queries
--------------------------------------  -----  ---------  --------  ----------  --------------  -------------------  ----------------------
/opt/airflow/dags/forex_ml_pipeline.py                           1           0  0.74s           2025-03-03T08:53:02                      34
================================================================================
[2025-03-03T08:53:45.285+0000] {manager.py:997} INFO - 
================================================================================
DAG File Processing Stats

File Path                               PID    Runtime      # DAGs    # Errors  Last Runtime    Last Run               Last # of DB Queries
--------------------------------------  -----  ---------  --------  ----------  --------------  -------------------  ----------------------
/opt/airflow/dags/forex_ml_pipeline.py                           1           0  1.02s           2025-03-03T08:53:33                      34
================================================================================
[2025-03-03T08:54:13.841+0000] {manager.py:997} INFO - 
================================================================================
DAG File Processing Stats

File Path                               PID    Runtime      # DAGs    # Errors  Last Runtime    Last Run               Last # of DB Queries
--------------------------------------  -----  ---------  --------  ----------  --------------  -------------------  ----------------------
/opt/airflow/dags/forex_ml_pipeline.py                           1           0  0.84s           2025-03-03T08:54:04                      34
================================================================================
[2025-03-03T08:54:42.090+0000] {manager.py:997} INFO - 
================================================================================
DAG File Processing Stats

File Path                               PID    Runtime      # DAGs    # Errors  Last Runtime    Last Run               Last # of DB Queries
--------------------------------------  -----  ---------  --------  ----------  --------------  -------------------  ----------------------
/opt/airflow/dags/forex_ml_pipeline.py                           1           0  0.73s           2025-03-03T08:54:35                      34
================================================================================
[2025-03-03T08:55:00.500+0000] {manager.py:821} INFO - Searching for files in /opt/airflow/dags
[2025-03-03T08:55:00.709+0000] {manager.py:824} INFO - There are 1 files in /opt/airflow/dags
[2025-03-03T08:55:10.661+0000] {manager.py:997} INFO - 
================================================================================
DAG File Processing Stats

File Path                               PID    Runtime      # DAGs    # Errors  Last Runtime    Last Run               Last # of DB Queries
--------------------------------------  -----  ---------  --------  ----------  --------------  -------------------  ----------------------
/opt/airflow/dags/forex_ml_pipeline.py                           1           0  0.74s           2025-03-03T08:55:07                      34
================================================================================
[2025-03-03T08:55:39.058+0000] {manager.py:997} INFO - 
================================================================================
DAG File Processing Stats

File Path                               PID    Runtime      # DAGs    # Errors  Last Runtime    Last Run               Last # of DB Queries
--------------------------------------  -----  ---------  --------  ----------  --------------  -------------------  ----------------------
/opt/airflow/dags/forex_ml_pipeline.py                           1           0  0.84s           2025-03-03T08:55:39                      34
================================================================================
[2025-03-03T08:56:07.601+0000] {manager.py:997} INFO - 
================================================================================
DAG File Processing Stats

File Path                               PID    Runtime      # DAGs    # Errors  Last Runtime    Last Run               Last # of DB Queries
--------------------------------------  -----  ---------  --------  ----------  --------------  -------------------  ----------------------
/opt/airflow/dags/forex_ml_pipeline.py                           1           0  0.84s           2025-03-03T08:55:39                      34
================================================================================
[2025-03-03T08:56:36.031+0000] {manager.py:997} INFO - 
================================================================================
DAG File Processing Stats

File Path                               PID    Runtime      # DAGs    # Errors  Last Runtime    Last Run               Last # of DB Queries
--------------------------------------  -----  ---------  --------  ----------  --------------  -------------------  ----------------------
/opt/airflow/dags/forex_ml_pipeline.py                           1           0  0.88s           2025-03-03T08:56:10                      34
================================================================================
[2025-03-03T08:57:04.715+0000] {manager.py:997} INFO - 
================================================================================
DAG File Processing Stats

File Path                               PID    Runtime      # DAGs    # Errors  Last Runtime    Last Run               Last # of DB Queries
--------------------------------------  -----  ---------  --------  ----------  --------------  -------------------  ----------------------
/opt/airflow/dags/forex_ml_pipeline.py                           1           0  0.78s           2025-03-03T08:56:41                      34
================================================================================
[2025-03-03T08:57:33.059+0000] {manager.py:997} INFO - 
================================================================================
DAG File Processing Stats

File Path                               PID    Runtime      # DAGs    # Errors  Last Runtime    Last Run               Last # of DB Queries
--------------------------------------  -----  ---------  --------  ----------  --------------  -------------------  ----------------------
/opt/airflow/dags/forex_ml_pipeline.py                           1           0  0.80s           2025-03-03T08:57:12                      34
================================================================================
[2025-03-03T08:58:01.908+0000] {manager.py:997} INFO - 
================================================================================
DAG File Processing Stats

File Path                               PID    Runtime      # DAGs    # Errors  Last Runtime    Last Run               Last # of DB Queries
--------------------------------------  -----  ---------  --------  ----------  --------------  -------------------  ----------------------
/opt/airflow/dags/forex_ml_pipeline.py                           1           0  -0.02s          2025-03-03T08:57:42                      11
================================================================================
[2025-03-03T08:58:30.278+0000] {manager.py:997} INFO - 
================================================================================
DAG File Processing Stats

File Path                               PID    Runtime      # DAGs    # Errors  Last Runtime    Last Run               Last # of DB Queries
--------------------------------------  -----  ---------  --------  ----------  --------------  -------------------  ----------------------
/opt/airflow/dags/forex_ml_pipeline.py                           1           0  0.74s           2025-03-03T08:58:14                      34
================================================================================
[2025-03-03T08:58:58.731+0000] {manager.py:997} INFO - 
================================================================================
DAG File Processing Stats

File Path                               PID    Runtime      # DAGs    # Errors  Last Runtime    Last Run               Last # of DB Queries
--------------------------------------  -----  ---------  --------  ----------  --------------  -------------------  ----------------------
/opt/airflow/dags/forex_ml_pipeline.py                           1           0  0.66s           2025-03-03T08:58:45                      34
================================================================================
[2025-03-03T08:59:27.269+0000] {manager.py:997} INFO - 
================================================================================
DAG File Processing Stats

File Path                               PID    Runtime      # DAGs    # Errors  Last Runtime    Last Run               Last # of DB Queries
--------------------------------------  -----  ---------  --------  ----------  --------------  -------------------  ----------------------
/opt/airflow/dags/forex_ml_pipeline.py                           1           0  0.75s           2025-03-03T08:59:17                      34
================================================================================
[2025-03-03T08:59:38.991+0000] {manager.py:465} INFO - Exiting gracefully upon receiving signal 15
