[2025-04-09T04:00:04.130+0000] {local_task_job_runner.py:123} INFO - ::group::Pre task execution logs
[2025-04-09T04:00:04.162+0000] {taskinstance.py:2614} INFO - Dependencies all met for dep_context=non-requeueable deps ti=<TaskInstance: forex_ml_pipeline.move_raw_forex scheduled__2025-03-30T12:00:00+00:00 [queued]>
[2025-04-09T04:00:04.179+0000] {taskinstance.py:2614} INFO - Dependencies all met for dep_context=requeueable deps ti=<TaskInstance: forex_ml_pipeline.move_raw_forex scheduled__2025-03-30T12:00:00+00:00 [queued]>
[2025-04-09T04:00:04.182+0000] {taskinstance.py:2867} INFO - Starting attempt 1 of 4
[2025-04-09T04:00:04.208+0000] {taskinstance.py:2890} INFO - Executing <Task(PythonOperator): move_raw_forex> on 2025-03-30 12:00:00+00:00
[2025-04-09T04:00:04.228+0000] {standard_task_runner.py:104} INFO - Running: ['***', 'tasks', 'run', 'forex_ml_pipeline', 'move_raw_forex', 'scheduled__2025-03-30T12:00:00+00:00', '--job-id', '12', '--raw', '--subdir', 'DAGS_FOLDER/forex_ml_pipeline.py', '--cfg-path', '/tmp/tmpcdb8k4cw']
[2025-04-09T04:00:04.237+0000] {standard_task_runner.py:105} INFO - Job 12: Subtask move_raw_forex
[2025-04-09T04:00:04.236+0000] {logging_mixin.py:190} WARNING - /home/***/.local/lib/python3.12/site-packages/***/task/task_runner/standard_task_runner.py:70 DeprecationWarning: This process (pid=1004) is multi-threaded, use of fork() may lead to deadlocks in the child.
[2025-04-09T04:00:04.238+0000] {standard_task_runner.py:72} INFO - Started process 1016 to run task
[2025-04-09T04:00:04.338+0000] {task_command.py:467} INFO - Running <TaskInstance: forex_ml_pipeline.move_raw_forex scheduled__2025-03-30T12:00:00+00:00 [running]> on host ad9b7dc43921
[2025-04-09T04:00:04.507+0000] {taskinstance.py:3134} INFO - Exporting env vars: AIRFLOW_CTX_DAG_OWNER='mikhail' AIRFLOW_CTX_DAG_ID='forex_ml_pipeline' AIRFLOW_CTX_TASK_ID='move_raw_forex' AIRFLOW_CTX_EXECUTION_DATE='2025-03-30T12:00:00+00:00' AIRFLOW_CTX_TRY_NUMBER='1' AIRFLOW_CTX_DAG_RUN_ID='scheduled__2025-03-30T12:00:00+00:00'
[2025-04-09T04:00:04.512+0000] {taskinstance.py:732} INFO - ::endgroup::
[2025-04-09T04:00:04.532+0000] {logging_mixin.py:190} INFO - container local file path: /opt/***/include/data/usd_php_forex_4hour.csv
[2025-04-09T04:00:04.533+0000] {logging_mixin.py:190} INFO - s3 file path: raw/usd_php_forex_4hour.csv
[2025-04-09T04:00:04.534+0000] {logging_mixin.py:190} INFO - s3 raw uri: s3a://usd-php-ml-pipeline-bucket/raw/usd_php_forex_4hour.csv
[2025-04-09T04:00:04.572+0000] {base.py:84} INFO - Retrieving connection 'my_s3_conn'
[2025-04-09T04:00:04.574+0000] {connection_wrapper.py:328} INFO - AWS Connection (conn_id='my_s3_conn', conn_type='aws') credentials retrieved from extra.
[2025-04-09T04:00:08.858+0000] {hook.py:208} WARNING - Data lineage tracking is disabled. Register a hook lineage reader to start tracking hook lineage.
[2025-04-09T04:00:08.860+0000] {logging_mixin.py:190} INFO - Bucket 'usd-php-ml-pipeline-bucket' created successfully.
[2025-04-09T04:00:08.863+0000] {python.py:240} INFO - Done. Returned value was: None
[2025-04-09T04:00:08.877+0000] {taskinstance.py:341} INFO - ::group::Post task execution logs
[2025-04-09T04:00:08.880+0000] {taskinstance.py:353} INFO - Marking task as SUCCESS. dag_id=forex_ml_pipeline, task_id=move_raw_forex, run_id=scheduled__2025-03-30T12:00:00+00:00, execution_date=20250330T120000, start_date=20250409T040004, end_date=20250409T040008
[2025-04-09T04:00:08.944+0000] {local_task_job_runner.py:266} INFO - Task exited with return code 0
[2025-04-09T04:00:08.990+0000] {taskinstance.py:3901} INFO - 1 downstream tasks scheduled from follow-on schedule check
[2025-04-09T04:00:08.995+0000] {local_task_job_runner.py:245} INFO - ::endgroup::
