[2025-03-31T09:05:13.583+0000] {local_task_job_runner.py:123} INFO - ::group::Pre task execution logs
[2025-03-31T09:05:13.614+0000] {taskinstance.py:2614} INFO - Dependencies all met for dep_context=non-requeueable deps ti=<TaskInstance: forex_ml_pipeline.transform_forex_data manual__2025-03-31T08:52:50.974598+00:00 [queued]>
[2025-03-31T09:05:13.628+0000] {taskinstance.py:2614} INFO - Dependencies all met for dep_context=requeueable deps ti=<TaskInstance: forex_ml_pipeline.transform_forex_data manual__2025-03-31T08:52:50.974598+00:00 [queued]>
[2025-03-31T09:05:13.629+0000] {taskinstance.py:2867} INFO - Starting attempt 1 of 4
[2025-03-31T09:05:13.646+0000] {taskinstance.py:2890} INFO - Executing <Task(SparkSubmitOperator): transform_forex_data> on 2025-03-31 08:52:50.974598+00:00
[2025-03-31T09:05:13.657+0000] {standard_task_runner.py:104} INFO - Running: ['***', 'tasks', 'run', 'forex_ml_pipeline', 'transform_forex_data', 'manual__2025-03-31T08:52:50.974598+00:00', '--job-id', '22', '--raw', '--subdir', 'DAGS_FOLDER/forex_ml_pipeline.py', '--cfg-path', '/tmp/tmpvv3awcda']
[2025-03-31T09:05:13.661+0000] {standard_task_runner.py:105} INFO - Job 22: Subtask transform_forex_data
[2025-03-31T09:05:13.661+0000] {logging_mixin.py:190} WARNING - /home/***/.local/lib/python3.12/site-packages/***/task/task_runner/standard_task_runner.py:70 DeprecationWarning: This process (pid=1016) is multi-threaded, use of fork() may lead to deadlocks in the child.
[2025-03-31T09:05:13.662+0000] {standard_task_runner.py:72} INFO - Started process 1018 to run task
[2025-03-31T09:05:13.716+0000] {task_command.py:467} INFO - Running <TaskInstance: forex_ml_pipeline.transform_forex_data manual__2025-03-31T08:52:50.974598+00:00 [running]> on host 1f5073dcf149
[2025-03-31T09:05:13.834+0000] {taskinstance.py:3134} INFO - Exporting env vars: AIRFLOW_CTX_DAG_OWNER='mikhail' AIRFLOW_CTX_DAG_ID='forex_ml_pipeline' AIRFLOW_CTX_TASK_ID='transform_forex_data' AIRFLOW_CTX_EXECUTION_DATE='2025-03-31T08:52:50.974598+00:00' AIRFLOW_CTX_TRY_NUMBER='1' AIRFLOW_CTX_DAG_RUN_ID='manual__2025-03-31T08:52:50.974598+00:00'
[2025-03-31T09:05:13.836+0000] {taskinstance.py:732} INFO - ::endgroup::
[2025-03-31T09:05:13.860+0000] {base.py:84} INFO - Retrieving connection 'my_spark_conn'
[2025-03-31T09:05:13.862+0000] {spark_submit.py:474} INFO - Spark-Submit cmd: spark-submit --master spark://spark-master:7077 --name arrow-spark --verbose ./dags/operators/transform_forex_data.py s3a://usd-php-ml-pipeline-bucket/raw/usd_php_forex_4hour.csv
[2025-03-31T09:05:15.434+0000] {spark_submit.py:645} INFO - Using properties file: null
[2025-03-31T09:05:15.567+0000] {spark_submit.py:645} INFO - Parsed arguments:
[2025-03-31T09:05:15.567+0000] {spark_submit.py:645} INFO - master                  spark://spark-master:7077
[2025-03-31T09:05:15.569+0000] {spark_submit.py:645} INFO - remote                  null
[2025-03-31T09:05:15.571+0000] {spark_submit.py:645} INFO - deployMode              null
[2025-03-31T09:05:15.571+0000] {spark_submit.py:645} INFO - executorMemory          null
[2025-03-31T09:05:15.572+0000] {spark_submit.py:645} INFO - executorCores           null
[2025-03-31T09:05:15.573+0000] {spark_submit.py:645} INFO - totalExecutorCores      null
[2025-03-31T09:05:15.573+0000] {spark_submit.py:645} INFO - propertiesFile          null
[2025-03-31T09:05:15.574+0000] {spark_submit.py:645} INFO - driverMemory            null
[2025-03-31T09:05:15.576+0000] {spark_submit.py:645} INFO - driverCores             null
[2025-03-31T09:05:15.576+0000] {spark_submit.py:645} INFO - driverExtraClassPath    null
[2025-03-31T09:05:15.577+0000] {spark_submit.py:645} INFO - driverExtraLibraryPath  null
[2025-03-31T09:05:15.578+0000] {spark_submit.py:645} INFO - driverExtraJavaOptions  null
[2025-03-31T09:05:15.579+0000] {spark_submit.py:645} INFO - supervise               false
[2025-03-31T09:05:15.579+0000] {spark_submit.py:645} INFO - queue                   null
[2025-03-31T09:05:15.580+0000] {spark_submit.py:645} INFO - numExecutors            null
[2025-03-31T09:05:15.580+0000] {spark_submit.py:645} INFO - files                   null
[2025-03-31T09:05:15.580+0000] {spark_submit.py:645} INFO - pyFiles                 null
[2025-03-31T09:05:15.581+0000] {spark_submit.py:645} INFO - archives                null
[2025-03-31T09:05:15.581+0000] {spark_submit.py:645} INFO - mainClass               null
[2025-03-31T09:05:15.581+0000] {spark_submit.py:645} INFO - primaryResource         file:/opt/***/dags/operators/transform_forex_data.py
[2025-03-31T09:05:15.583+0000] {spark_submit.py:645} INFO - name                    arrow-spark
[2025-03-31T09:05:15.584+0000] {spark_submit.py:645} INFO - childArgs               [s3a://usd-php-ml-pipeline-bucket/raw/usd_php_forex_4hour.csv]
[2025-03-31T09:05:15.584+0000] {spark_submit.py:645} INFO - jars                    null
[2025-03-31T09:05:15.585+0000] {spark_submit.py:645} INFO - packages                null
[2025-03-31T09:05:15.586+0000] {spark_submit.py:645} INFO - packagesExclusions      null
[2025-03-31T09:05:15.586+0000] {spark_submit.py:645} INFO - repositories            null
[2025-03-31T09:05:15.587+0000] {spark_submit.py:645} INFO - verbose                 true
[2025-03-31T09:05:15.588+0000] {spark_submit.py:645} INFO - 
[2025-03-31T09:05:15.588+0000] {spark_submit.py:645} INFO - Spark properties used, including those specified through
[2025-03-31T09:05:15.589+0000] {spark_submit.py:645} INFO - --conf and those from the properties file null:
[2025-03-31T09:05:15.590+0000] {spark_submit.py:645} INFO - 
[2025-03-31T09:05:15.591+0000] {spark_submit.py:645} INFO - 
[2025-03-31T09:05:15.592+0000] {spark_submit.py:645} INFO - 
[2025-03-31T09:05:15.867+0000] {spark_submit.py:645} INFO - Main class:
[2025-03-31T09:05:15.868+0000] {spark_submit.py:645} INFO - org.apache.spark.deploy.PythonRunner
[2025-03-31T09:05:15.869+0000] {spark_submit.py:645} INFO - Arguments:
[2025-03-31T09:05:15.869+0000] {spark_submit.py:645} INFO - file:/opt/***/dags/operators/transform_forex_data.py
[2025-03-31T09:05:15.870+0000] {spark_submit.py:645} INFO - null
[2025-03-31T09:05:15.871+0000] {spark_submit.py:645} INFO - s3a://usd-php-ml-pipeline-bucket/raw/usd_php_forex_4hour.csv
[2025-03-31T09:05:15.874+0000] {spark_submit.py:645} INFO - Spark config:
[2025-03-31T09:05:15.875+0000] {spark_submit.py:645} INFO - (spark.app.name,arrow-spark)
[2025-03-31T09:05:15.875+0000] {spark_submit.py:645} INFO - (spark.app.submitTime,1743411915846)
[2025-03-31T09:05:15.876+0000] {spark_submit.py:645} INFO - (spark.master,spark://spark-master:7077)
[2025-03-31T09:05:15.877+0000] {spark_submit.py:645} INFO - (spark.submit.deployMode,client)
[2025-03-31T09:05:15.877+0000] {spark_submit.py:645} INFO - (spark.submit.pyFiles,)
[2025-03-31T09:05:15.878+0000] {spark_submit.py:645} INFO - Classpath elements:
[2025-03-31T09:05:15.879+0000] {spark_submit.py:645} INFO - 
[2025-03-31T09:05:15.880+0000] {spark_submit.py:645} INFO - 
[2025-03-31T09:05:15.881+0000] {spark_submit.py:645} INFO - 
[2025-03-31T09:05:18.862+0000] {spark_submit.py:645} INFO - s3a://usd-php-ml-pipeline-bucket/raw/usd_php_forex_4hour.csv
[2025-03-31T09:05:18.863+0000] {spark_submit.py:645} INFO - CSV FILE PATH: s3a://usd-php-ml-pipeline-bucket/raw/usd_php_forex_4hour.csv
[2025-03-31T09:05:18.950+0000] {spark_submit.py:645} INFO - 25/03/31 09:05:18 INFO SparkContext: Running Spark version 3.5.5
[2025-03-31T09:05:18.953+0000] {spark_submit.py:645} INFO - 25/03/31 09:05:18 INFO SparkContext: OS info Linux, 5.15.167.4-microsoft-standard-WSL2, amd64
[2025-03-31T09:05:18.954+0000] {spark_submit.py:645} INFO - 25/03/31 09:05:18 INFO SparkContext: Java version 17.0.14
[2025-03-31T09:05:19.006+0000] {spark_submit.py:645} INFO - 25/03/31 09:05:19 WARN NativeCodeLoader: Unable to load native-hadoop library for your platform... using builtin-java classes where applicable
[2025-03-31T09:05:19.097+0000] {spark_submit.py:645} INFO - 25/03/31 09:05:19 INFO ResourceUtils: ==============================================================
[2025-03-31T09:05:19.107+0000] {spark_submit.py:645} INFO - 25/03/31 09:05:19 INFO ResourceUtils: No custom resources configured for spark.driver.
[2025-03-31T09:05:19.108+0000] {spark_submit.py:645} INFO - 25/03/31 09:05:19 INFO ResourceUtils: ==============================================================
[2025-03-31T09:05:19.109+0000] {spark_submit.py:645} INFO - 25/03/31 09:05:19 INFO SparkContext: Submitted application: feature-engineering
[2025-03-31T09:05:19.122+0000] {spark_submit.py:645} INFO - 25/03/31 09:05:19 INFO ResourceProfile: Default ResourceProfile created, executor resources: Map(memory -> name: memory, amount: 1024, script: , vendor: , offHeap -> name: offHeap, amount: 0, script: , vendor: ), task resources: Map(cpus -> name: cpus, amount: 1.0)
[2025-03-31T09:05:19.131+0000] {spark_submit.py:645} INFO - 25/03/31 09:05:19 INFO ResourceProfile: Limiting resource is cpu
[2025-03-31T09:05:19.132+0000] {spark_submit.py:645} INFO - 25/03/31 09:05:19 INFO ResourceProfileManager: Added ResourceProfile id: 0
[2025-03-31T09:05:19.176+0000] {spark_submit.py:645} INFO - 25/03/31 09:05:19 INFO SecurityManager: Changing view acls to: ***
[2025-03-31T09:05:19.177+0000] {spark_submit.py:645} INFO - 25/03/31 09:05:19 INFO SecurityManager: Changing modify acls to: ***
[2025-03-31T09:05:19.178+0000] {spark_submit.py:645} INFO - 25/03/31 09:05:19 INFO SecurityManager: Changing view acls groups to:
[2025-03-31T09:05:19.178+0000] {spark_submit.py:645} INFO - 25/03/31 09:05:19 INFO SecurityManager: Changing modify acls groups to:
[2025-03-31T09:05:19.179+0000] {spark_submit.py:645} INFO - 25/03/31 09:05:19 INFO SecurityManager: SecurityManager: authentication disabled; ui acls disabled; users with view permissions: ***; groups with view permissions: EMPTY; users with modify permissions: ***; groups with modify permissions: EMPTY
[2025-03-31T09:05:19.411+0000] {spark_submit.py:645} INFO - 25/03/31 09:05:19 INFO Utils: Successfully started service 'sparkDriver' on port 36059.
[2025-03-31T09:05:19.438+0000] {spark_submit.py:645} INFO - 25/03/31 09:05:19 INFO SparkEnv: Registering MapOutputTracker
[2025-03-31T09:05:19.472+0000] {spark_submit.py:645} INFO - 25/03/31 09:05:19 INFO SparkEnv: Registering BlockManagerMaster
[2025-03-31T09:05:19.493+0000] {spark_submit.py:645} INFO - 25/03/31 09:05:19 INFO BlockManagerMasterEndpoint: Using org.apache.spark.storage.DefaultTopologyMapper for getting topology information
[2025-03-31T09:05:19.494+0000] {spark_submit.py:645} INFO - 25/03/31 09:05:19 INFO BlockManagerMasterEndpoint: BlockManagerMasterEndpoint up
[2025-03-31T09:05:19.498+0000] {spark_submit.py:645} INFO - 25/03/31 09:05:19 INFO SparkEnv: Registering BlockManagerMasterHeartbeat
[2025-03-31T09:05:19.517+0000] {spark_submit.py:645} INFO - 25/03/31 09:05:19 INFO DiskBlockManager: Created local directory at /tmp/blockmgr-8d96311a-cc11-4d98-b49e-5f25fa6dcce1
[2025-03-31T09:05:19.531+0000] {spark_submit.py:645} INFO - 25/03/31 09:05:19 INFO MemoryStore: MemoryStore started with capacity 434.4 MiB
[2025-03-31T09:05:19.553+0000] {spark_submit.py:645} INFO - 25/03/31 09:05:19 INFO SparkEnv: Registering OutputCommitCoordinator
[2025-03-31T09:05:19.690+0000] {spark_submit.py:645} INFO - 25/03/31 09:05:19 INFO JettyUtils: Start Jetty 0.0.0.0:4040 for SparkUI
[2025-03-31T09:05:19.744+0000] {spark_submit.py:645} INFO - 25/03/31 09:05:19 INFO Utils: Successfully started service 'SparkUI' on port 4040.
[2025-03-31T09:05:19.862+0000] {spark_submit.py:645} INFO - 25/03/31 09:05:19 INFO StandaloneAppClient$ClientEndpoint: Connecting to master spark://spark-master:7077...
[2025-03-31T09:05:19.905+0000] {spark_submit.py:645} INFO - 25/03/31 09:05:19 INFO TransportClientFactory: Successfully created connection to spark-master/172.18.0.3:7077 after 23 ms (0 ms spent in bootstraps)
[2025-03-31T09:05:19.987+0000] {spark_submit.py:645} INFO - 25/03/31 09:05:19 INFO StandaloneSchedulerBackend: Connected to Spark cluster with app ID app-20250331090519-0002
[2025-03-31T09:05:19.989+0000] {spark_submit.py:645} INFO - 25/03/31 09:05:19 INFO StandaloneAppClient$ClientEndpoint: Executor added: app-20250331090519-0002/0 on worker-20250331084642-172.18.0.4-43743 (172.18.0.4:43743) with 2 core(s)
[2025-03-31T09:05:19.991+0000] {spark_submit.py:645} INFO - 25/03/31 09:05:19 INFO StandaloneSchedulerBackend: Granted executor ID app-20250331090519-0002/0 on hostPort 172.18.0.4:43743 with 2 core(s), 1024.0 MiB RAM
[2025-03-31T09:05:19.997+0000] {spark_submit.py:645} INFO - 25/03/31 09:05:19 INFO Utils: Successfully started service 'org.apache.spark.network.netty.NettyBlockTransferService' on port 44523.
[2025-03-31T09:05:19.998+0000] {spark_submit.py:645} INFO - 25/03/31 09:05:19 INFO NettyBlockTransferService: Server created on 1f5073dcf149:44523
[2025-03-31T09:05:19.999+0000] {spark_submit.py:645} INFO - 25/03/31 09:05:19 INFO BlockManager: Using org.apache.spark.storage.RandomBlockReplicationPolicy for block replication policy
[2025-03-31T09:05:20.008+0000] {spark_submit.py:645} INFO - 25/03/31 09:05:20 INFO BlockManagerMaster: Registering BlockManager BlockManagerId(driver, 1f5073dcf149, 44523, None)
[2025-03-31T09:05:20.012+0000] {spark_submit.py:645} INFO - 25/03/31 09:05:20 INFO BlockManagerMasterEndpoint: Registering block manager 1f5073dcf149:44523 with 434.4 MiB RAM, BlockManagerId(driver, 1f5073dcf149, 44523, None)
[2025-03-31T09:05:20.014+0000] {spark_submit.py:645} INFO - 25/03/31 09:05:20 INFO BlockManagerMaster: Registered BlockManager BlockManagerId(driver, 1f5073dcf149, 44523, None)
[2025-03-31T09:05:20.016+0000] {spark_submit.py:645} INFO - 25/03/31 09:05:20 INFO BlockManager: Initialized BlockManager: BlockManagerId(driver, 1f5073dcf149, 44523, None)
[2025-03-31T09:05:20.038+0000] {spark_submit.py:645} INFO - 25/03/31 09:05:20 INFO StandaloneAppClient$ClientEndpoint: Executor updated: app-20250331090519-0002/0 is now RUNNING
[2025-03-31T09:05:20.294+0000] {spark_submit.py:645} INFO - 25/03/31 09:05:20 INFO StandaloneSchedulerBackend: SchedulerBackend is ready for scheduling beginning after reached minRegisteredResourcesRatio: 0.0
[2025-03-31T09:05:20.637+0000] {spark_submit.py:645} INFO - 25/03/31 09:05:20 INFO SharedState: Setting hive.metastore.warehouse.dir ('null') to the value of spark.sql.warehouse.dir.
[2025-03-31T09:05:20.654+0000] {spark_submit.py:645} INFO - 25/03/31 09:05:20 INFO SharedState: Warehouse path is 'file:/opt/***/spark-warehouse'.
[2025-03-31T09:05:21.714+0000] {spark_submit.py:645} INFO - 25/03/31 09:05:21 WARN FileStreamSink: Assume no metadata directory. Error while looking for metadata directory in the path: s3a://usd-php-ml-pipeline-bucket/raw/usd_php_forex_4hour.csv.
[2025-03-31T09:05:21.715+0000] {spark_submit.py:645} INFO - java.lang.RuntimeException: java.lang.ClassNotFoundException: Class org.apache.hadoop.fs.s3a.S3AFileSystem not found
[2025-03-31T09:05:21.716+0000] {spark_submit.py:645} INFO - at org.apache.hadoop.conf.Configuration.getClass(Configuration.java:2688)
[2025-03-31T09:05:21.717+0000] {spark_submit.py:645} INFO - at org.apache.hadoop.fs.FileSystem.getFileSystemClass(FileSystem.java:3431)
[2025-03-31T09:05:21.719+0000] {spark_submit.py:645} INFO - at org.apache.hadoop.fs.FileSystem.createFileSystem(FileSystem.java:3466)
[2025-03-31T09:05:21.719+0000] {spark_submit.py:645} INFO - at org.apache.hadoop.fs.FileSystem.access$300(FileSystem.java:174)
[2025-03-31T09:05:21.720+0000] {spark_submit.py:645} INFO - at org.apache.hadoop.fs.FileSystem$Cache.getInternal(FileSystem.java:3574)
[2025-03-31T09:05:21.722+0000] {spark_submit.py:645} INFO - at org.apache.hadoop.fs.FileSystem$Cache.get(FileSystem.java:3521)
[2025-03-31T09:05:21.723+0000] {spark_submit.py:645} INFO - at org.apache.hadoop.fs.FileSystem.get(FileSystem.java:540)
[2025-03-31T09:05:21.724+0000] {spark_submit.py:645} INFO - at org.apache.hadoop.fs.Path.getFileSystem(Path.java:365)
[2025-03-31T09:05:21.725+0000] {spark_submit.py:645} INFO - at org.apache.spark.sql.execution.streaming.FileStreamSink$.hasMetadata(FileStreamSink.scala:53)
[2025-03-31T09:05:21.726+0000] {spark_submit.py:645} INFO - at org.apache.spark.sql.execution.datasources.DataSource.resolveRelation(DataSource.scala:366)
[2025-03-31T09:05:21.727+0000] {spark_submit.py:645} INFO - at org.apache.spark.sql.DataFrameReader.loadV1Source(DataFrameReader.scala:229)
[2025-03-31T09:05:21.728+0000] {spark_submit.py:645} INFO - at org.apache.spark.sql.DataFrameReader.$anonfun$load$2(DataFrameReader.scala:211)
[2025-03-31T09:05:21.728+0000] {spark_submit.py:645} INFO - at scala.Option.getOrElse(Option.scala:189)
[2025-03-31T09:05:21.729+0000] {spark_submit.py:645} INFO - at org.apache.spark.sql.DataFrameReader.load(DataFrameReader.scala:211)
[2025-03-31T09:05:21.734+0000] {spark_submit.py:645} INFO - at org.apache.spark.sql.DataFrameReader.csv(DataFrameReader.scala:538)
[2025-03-31T09:05:21.734+0000] {spark_submit.py:645} INFO - at java.base/jdk.internal.reflect.NativeMethodAccessorImpl.invoke0(Native Method)
[2025-03-31T09:05:21.735+0000] {spark_submit.py:645} INFO - at java.base/jdk.internal.reflect.NativeMethodAccessorImpl.invoke(NativeMethodAccessorImpl.java:77)
[2025-03-31T09:05:21.737+0000] {spark_submit.py:645} INFO - at java.base/jdk.internal.reflect.DelegatingMethodAccessorImpl.invoke(DelegatingMethodAccessorImpl.java:43)
[2025-03-31T09:05:21.738+0000] {spark_submit.py:645} INFO - at java.base/java.lang.reflect.Method.invoke(Method.java:569)
[2025-03-31T09:05:21.740+0000] {spark_submit.py:645} INFO - at py4j.reflection.MethodInvoker.invoke(MethodInvoker.java:244)
[2025-03-31T09:05:21.741+0000] {spark_submit.py:645} INFO - at py4j.reflection.ReflectionEngine.invoke(ReflectionEngine.java:374)
[2025-03-31T09:05:21.741+0000] {spark_submit.py:645} INFO - at py4j.Gateway.invoke(Gateway.java:282)
[2025-03-31T09:05:21.742+0000] {spark_submit.py:645} INFO - at py4j.commands.AbstractCommand.invokeMethod(AbstractCommand.java:132)
[2025-03-31T09:05:21.743+0000] {spark_submit.py:645} INFO - at py4j.commands.CallCommand.execute(CallCommand.java:79)
[2025-03-31T09:05:21.744+0000] {spark_submit.py:645} INFO - at py4j.ClientServerConnection.waitForCommands(ClientServerConnection.java:182)
[2025-03-31T09:05:21.745+0000] {spark_submit.py:645} INFO - at py4j.ClientServerConnection.run(ClientServerConnection.java:106)
[2025-03-31T09:05:21.746+0000] {spark_submit.py:645} INFO - at java.base/java.lang.Thread.run(Thread.java:840)
[2025-03-31T09:05:21.747+0000] {spark_submit.py:645} INFO - Caused by: java.lang.ClassNotFoundException: Class org.apache.hadoop.fs.s3a.S3AFileSystem not found
[2025-03-31T09:05:21.747+0000] {spark_submit.py:645} INFO - at org.apache.hadoop.conf.Configuration.getClassByName(Configuration.java:2592)
[2025-03-31T09:05:21.748+0000] {spark_submit.py:645} INFO - at org.apache.hadoop.conf.Configuration.getClass(Configuration.java:2686)
[2025-03-31T09:05:21.749+0000] {spark_submit.py:645} INFO - ... 26 more
[2025-03-31T09:05:21.823+0000] {spark_submit.py:645} INFO - Error An error occurred while calling o36.csv.
[2025-03-31T09:05:21.825+0000] {spark_submit.py:645} INFO - : java.lang.RuntimeException: java.lang.ClassNotFoundException: Class org.apache.hadoop.fs.s3a.S3AFileSystem not found
[2025-03-31T09:05:21.826+0000] {spark_submit.py:645} INFO - at org.apache.hadoop.conf.Configuration.getClass(Configuration.java:2688)
[2025-03-31T09:05:21.827+0000] {spark_submit.py:645} INFO - at org.apache.hadoop.fs.FileSystem.getFileSystemClass(FileSystem.java:3431)
[2025-03-31T09:05:21.828+0000] {spark_submit.py:645} INFO - at org.apache.hadoop.fs.FileSystem.createFileSystem(FileSystem.java:3466)
[2025-03-31T09:05:21.829+0000] {spark_submit.py:645} INFO - at org.apache.hadoop.fs.FileSystem.access$300(FileSystem.java:174)
[2025-03-31T09:05:21.830+0000] {spark_submit.py:645} INFO - at org.apache.hadoop.fs.FileSystem$Cache.getInternal(FileSystem.java:3574)
[2025-03-31T09:05:21.831+0000] {spark_submit.py:645} INFO - at org.apache.hadoop.fs.FileSystem$Cache.get(FileSystem.java:3521)
[2025-03-31T09:05:21.833+0000] {spark_submit.py:645} INFO - at org.apache.hadoop.fs.FileSystem.get(FileSystem.java:540)
[2025-03-31T09:05:21.834+0000] {spark_submit.py:645} INFO - at org.apache.hadoop.fs.Path.getFileSystem(Path.java:365)
[2025-03-31T09:05:21.835+0000] {spark_submit.py:645} INFO - at org.apache.spark.sql.execution.datasources.DataSource$.$anonfun$checkAndGlobPathIfNecessary$1(DataSource.scala:724)
[2025-03-31T09:05:21.836+0000] {spark_submit.py:645} INFO - at scala.collection.immutable.List.map(List.scala:293)
[2025-03-31T09:05:21.836+0000] {spark_submit.py:645} INFO - at org.apache.spark.sql.execution.datasources.DataSource$.checkAndGlobPathIfNecessary(DataSource.scala:722)
[2025-03-31T09:05:21.837+0000] {spark_submit.py:645} INFO - at org.apache.spark.sql.execution.datasources.DataSource.checkAndGlobPathIfNecessary(DataSource.scala:551)
[2025-03-31T09:05:21.838+0000] {spark_submit.py:645} INFO - at org.apache.spark.sql.execution.datasources.DataSource.resolveRelation(DataSource.scala:404)
[2025-03-31T09:05:21.839+0000] {spark_submit.py:645} INFO - at org.apache.spark.sql.DataFrameReader.loadV1Source(DataFrameReader.scala:229)
[2025-03-31T09:05:21.842+0000] {spark_submit.py:645} INFO - at org.apache.spark.sql.DataFrameReader.$anonfun$load$2(DataFrameReader.scala:211)
[2025-03-31T09:05:21.843+0000] {spark_submit.py:645} INFO - at scala.Option.getOrElse(Option.scala:189)
[2025-03-31T09:05:21.844+0000] {spark_submit.py:645} INFO - at org.apache.spark.sql.DataFrameReader.load(DataFrameReader.scala:211)
[2025-03-31T09:05:21.845+0000] {spark_submit.py:645} INFO - at org.apache.spark.sql.DataFrameReader.csv(DataFrameReader.scala:538)
[2025-03-31T09:05:21.846+0000] {spark_submit.py:645} INFO - at java.base/jdk.internal.reflect.NativeMethodAccessorImpl.invoke0(Native Method)
[2025-03-31T09:05:21.847+0000] {spark_submit.py:645} INFO - at java.base/jdk.internal.reflect.NativeMethodAccessorImpl.invoke(NativeMethodAccessorImpl.java:77)
[2025-03-31T09:05:21.849+0000] {spark_submit.py:645} INFO - at java.base/jdk.internal.reflect.DelegatingMethodAccessorImpl.invoke(DelegatingMethodAccessorImpl.java:43)
[2025-03-31T09:05:21.850+0000] {spark_submit.py:645} INFO - at java.base/java.lang.reflect.Method.invoke(Method.java:569)
[2025-03-31T09:05:21.850+0000] {spark_submit.py:645} INFO - at py4j.reflection.MethodInvoker.invoke(MethodInvoker.java:244)
[2025-03-31T09:05:21.851+0000] {spark_submit.py:645} INFO - at py4j.reflection.ReflectionEngine.invoke(ReflectionEngine.java:374)
[2025-03-31T09:05:21.854+0000] {spark_submit.py:645} INFO - at py4j.Gateway.invoke(Gateway.java:282)
[2025-03-31T09:05:21.855+0000] {spark_submit.py:645} INFO - at py4j.commands.AbstractCommand.invokeMethod(AbstractCommand.java:132)
[2025-03-31T09:05:21.857+0000] {spark_submit.py:645} INFO - at py4j.commands.CallCommand.execute(CallCommand.java:79)
[2025-03-31T09:05:21.860+0000] {spark_submit.py:645} INFO - at py4j.ClientServerConnection.waitForCommands(ClientServerConnection.java:182)
[2025-03-31T09:05:21.863+0000] {spark_submit.py:645} INFO - at py4j.ClientServerConnection.run(ClientServerConnection.java:106)
[2025-03-31T09:05:21.864+0000] {spark_submit.py:645} INFO - at java.base/java.lang.Thread.run(Thread.java:840)
[2025-03-31T09:05:21.864+0000] {spark_submit.py:645} INFO - Caused by: java.lang.ClassNotFoundException: Class org.apache.hadoop.fs.s3a.S3AFileSystem not found
[2025-03-31T09:05:21.865+0000] {spark_submit.py:645} INFO - at org.apache.hadoop.conf.Configuration.getClassByName(Configuration.java:2592)
[2025-03-31T09:05:21.867+0000] {spark_submit.py:645} INFO - at org.apache.hadoop.conf.Configuration.getClass(Configuration.java:2686)
[2025-03-31T09:05:21.868+0000] {spark_submit.py:645} INFO - ... 29 more
[2025-03-31T09:05:21.869+0000] {spark_submit.py:645} INFO - has occured.
[2025-03-31T09:05:21.871+0000] {spark_submit.py:645} INFO - [2025-03-31T09:05:21.824+0000] {clientserver.py:543} INFO - Closing down clientserver connection
[2025-03-31T09:05:22.248+0000] {spark_submit.py:645} INFO - 25/03/31 09:05:22 INFO SparkContext: Invoking stop() from shutdown hook
[2025-03-31T09:05:22.249+0000] {spark_submit.py:645} INFO - 25/03/31 09:05:22 INFO SparkContext: SparkContext is stopping with exitCode 0.
[2025-03-31T09:05:22.263+0000] {spark_submit.py:645} INFO - 25/03/31 09:05:22 INFO SparkUI: Stopped Spark web UI at http://1f5073dcf149:4040
[2025-03-31T09:05:22.270+0000] {spark_submit.py:645} INFO - 25/03/31 09:05:22 INFO StandaloneSchedulerBackend: Shutting down all executors
[2025-03-31T09:05:22.275+0000] {spark_submit.py:645} INFO - 25/03/31 09:05:22 INFO StandaloneSchedulerBackend$StandaloneDriverEndpoint: Asking each executor to shut down
[2025-03-31T09:05:22.297+0000] {spark_submit.py:645} INFO - 25/03/31 09:05:22 INFO MapOutputTrackerMasterEndpoint: MapOutputTrackerMasterEndpoint stopped!
[2025-03-31T09:05:22.313+0000] {spark_submit.py:645} INFO - 25/03/31 09:05:22 INFO MemoryStore: MemoryStore cleared
[2025-03-31T09:05:22.314+0000] {spark_submit.py:645} INFO - 25/03/31 09:05:22 INFO BlockManager: BlockManager stopped
[2025-03-31T09:05:22.320+0000] {spark_submit.py:645} INFO - 25/03/31 09:05:22 INFO BlockManagerMaster: BlockManagerMaster stopped
[2025-03-31T09:05:22.322+0000] {spark_submit.py:645} INFO - 25/03/31 09:05:22 INFO OutputCommitCoordinator$OutputCommitCoordinatorEndpoint: OutputCommitCoordinator stopped!
[2025-03-31T09:05:22.336+0000] {spark_submit.py:645} INFO - 25/03/31 09:05:22 INFO SparkContext: Successfully stopped SparkContext
[2025-03-31T09:05:22.337+0000] {spark_submit.py:645} INFO - 25/03/31 09:05:22 INFO ShutdownHookManager: Shutdown hook called
[2025-03-31T09:05:22.338+0000] {spark_submit.py:645} INFO - 25/03/31 09:05:22 INFO ShutdownHookManager: Deleting directory /tmp/spark-485594b5-389b-4fa0-bd9e-d05839fa282c
[2025-03-31T09:05:22.342+0000] {spark_submit.py:645} INFO - 25/03/31 09:05:22 INFO ShutdownHookManager: Deleting directory /tmp/spark-798920e8-1438-4edd-94b9-cf6ad283af64
[2025-03-31T09:05:22.348+0000] {spark_submit.py:645} INFO - 25/03/31 09:05:22 INFO ShutdownHookManager: Deleting directory /tmp/spark-798920e8-1438-4edd-94b9-cf6ad283af64/pyspark-b0725d08-1dd4-4b6c-a0b8-6ed4341756e0
[2025-03-31T09:05:22.397+0000] {taskinstance.py:341} INFO - ::group::Post task execution logs
[2025-03-31T09:05:22.398+0000] {taskinstance.py:353} INFO - Marking task as SUCCESS. dag_id=forex_ml_pipeline, task_id=transform_forex_data, run_id=manual__2025-03-31T08:52:50.974598+00:00, execution_date=20250331T085250, start_date=20250331T090513, end_date=20250331T090522
[2025-03-31T09:05:22.457+0000] {local_task_job_runner.py:266} INFO - Task exited with return code 0
[2025-03-31T09:05:22.475+0000] {taskinstance.py:3901} INFO - 0 downstream tasks scheduled from follow-on schedule check
[2025-03-31T09:05:22.479+0000] {local_task_job_runner.py:245} INFO - ::endgroup::
