[2025-03-03T08:55:25.465+0000] {local_task_job_runner.py:123} INFO - ::group::Pre task execution logs
[2025-03-03T08:55:25.477+0000] {taskinstance.py:2614} INFO - Dependencies all met for dep_context=non-requeueable deps ti=<TaskInstance: forex_ml_pipeline.create_s3_bucket manual__2025-03-03T08:53:19.515755+00:00 [queued]>
[2025-03-03T08:55:25.484+0000] {taskinstance.py:2614} INFO - Dependencies all met for dep_context=requeueable deps ti=<TaskInstance: forex_ml_pipeline.create_s3_bucket manual__2025-03-03T08:53:19.515755+00:00 [queued]>
[2025-03-03T08:55:25.485+0000] {taskinstance.py:2867} INFO - Starting attempt 2 of 4
[2025-03-03T08:55:25.498+0000] {taskinstance.py:2890} INFO - Executing <Task(PythonOperator): create_s3_bucket> on 2025-03-03 08:53:19.515755+00:00
[2025-03-03T08:55:25.505+0000] {standard_task_runner.py:104} INFO - Running: ['***', 'tasks', 'run', 'forex_ml_pipeline', 'create_s3_bucket', 'manual__2025-03-03T08:53:19.515755+00:00', '--job-id', '7', '--raw', '--subdir', 'DAGS_FOLDER/forex_ml_pipeline.py', '--cfg-path', '/tmp/tmph266exgp']
[2025-03-03T08:55:25.508+0000] {standard_task_runner.py:105} INFO - Job 7: Subtask create_s3_bucket
[2025-03-03T08:55:25.509+0000] {logging_mixin.py:190} WARNING - /home/***/.local/lib/python3.12/site-packages/***/task/task_runner/standard_task_runner.py:70 DeprecationWarning: This process (pid=792) is multi-threaded, use of fork() may lead to deadlocks in the child.
[2025-03-03T08:55:25.510+0000] {standard_task_runner.py:72} INFO - Started process 794 to run task
[2025-03-03T08:55:25.546+0000] {task_command.py:467} INFO - Running <TaskInstance: forex_ml_pipeline.create_s3_bucket manual__2025-03-03T08:53:19.515755+00:00 [running]> on host 359f679f6c32
[2025-03-03T08:55:25.613+0000] {taskinstance.py:3134} INFO - Exporting env vars: AIRFLOW_CTX_DAG_OWNER='mikhail' AIRFLOW_CTX_DAG_ID='forex_ml_pipeline' AIRFLOW_CTX_TASK_ID='create_s3_bucket' AIRFLOW_CTX_EXECUTION_DATE='2025-03-03T08:53:19.515755+00:00' AIRFLOW_CTX_TRY_NUMBER='2' AIRFLOW_CTX_DAG_RUN_ID='manual__2025-03-03T08:53:19.515755+00:00'
[2025-03-03T08:55:25.615+0000] {taskinstance.py:732} INFO - ::endgroup::
[2025-03-03T08:55:25.631+0000] {base.py:84} INFO - Retrieving connection 'my_s3_conn'
[2025-03-03T08:55:25.632+0000] {connection_wrapper.py:328} INFO - AWS Connection (conn_id='my_s3_conn', conn_type='aws') credentials retrieved from extra.
[2025-03-03T08:55:28.005+0000] {logging_mixin.py:190} INFO - Bucket 'usd-php-ml-pipeline-bucket' already exists. Skipping creation.
[2025-03-03T08:55:28.007+0000] {python.py:240} INFO - Done. Returned value was: None
[2025-03-03T08:55:28.017+0000] {taskinstance.py:341} INFO - ::group::Post task execution logs
[2025-03-03T08:55:28.038+0000] {taskinstance.py:353} INFO - Marking task as SUCCESS. dag_id=forex_ml_pipeline, task_id=create_s3_bucket, run_id=manual__2025-03-03T08:53:19.515755+00:00, execution_date=20250303T085319, start_date=20250303T085525, end_date=20250303T085528
[2025-03-03T08:55:28.115+0000] {local_task_job_runner.py:266} INFO - Task exited with return code 0
[2025-03-03T08:55:28.177+0000] {taskinstance.py:3901} INFO - 1 downstream tasks scheduled from follow-on schedule check
[2025-03-03T08:55:28.185+0000] {local_task_job_runner.py:245} INFO - ::endgroup::
