[2025-03-06T01:47:37.444+0000] {local_task_job_runner.py:123} INFO - ::group::Pre task execution logs
[2025-03-06T01:47:37.458+0000] {taskinstance.py:2614} INFO - Dependencies all met for dep_context=non-requeueable deps ti=<TaskInstance: forex_ml_pipeline.get_env_vars scheduled__2025-02-23T12:00:00+00:00 [queued]>
[2025-03-06T01:47:37.466+0000] {taskinstance.py:2614} INFO - Dependencies all met for dep_context=requeueable deps ti=<TaskInstance: forex_ml_pipeline.get_env_vars scheduled__2025-02-23T12:00:00+00:00 [queued]>
[2025-03-06T01:47:37.467+0000] {taskinstance.py:2867} INFO - Starting attempt 1 of 4
[2025-03-06T01:47:37.480+0000] {taskinstance.py:2890} INFO - Executing <Task(PythonOperator): get_env_vars> on 2025-02-23 12:00:00+00:00
[2025-03-06T01:47:37.487+0000] {standard_task_runner.py:104} INFO - Running: ['***', 'tasks', 'run', 'forex_ml_pipeline', 'get_env_vars', 'scheduled__2025-02-23T12:00:00+00:00', '--job-id', '4', '--raw', '--subdir', 'DAGS_FOLDER/forex_ml_pipeline.py', '--cfg-path', '/tmp/tmp5uuith8p']
[2025-03-06T01:47:37.490+0000] {logging_mixin.py:190} WARNING - /home/***/.local/lib/python3.12/site-packages/***/task/task_runner/standard_task_runner.py:70 DeprecationWarning: This process (pid=668) is multi-threaded, use of fork() may lead to deadlocks in the child.
[2025-03-06T01:47:37.490+0000] {standard_task_runner.py:105} INFO - Job 4: Subtask get_env_vars
[2025-03-06T01:47:37.491+0000] {standard_task_runner.py:72} INFO - Started process 672 to run task
[2025-03-06T01:47:37.537+0000] {task_command.py:467} INFO - Running <TaskInstance: forex_ml_pipeline.get_env_vars scheduled__2025-02-23T12:00:00+00:00 [running]> on host 01afd79fc89e
[2025-03-06T01:47:37.610+0000] {taskinstance.py:3134} INFO - Exporting env vars: AIRFLOW_CTX_DAG_OWNER='mikhail' AIRFLOW_CTX_DAG_ID='forex_ml_pipeline' AIRFLOW_CTX_TASK_ID='get_env_vars' AIRFLOW_CTX_EXECUTION_DATE='2025-02-23T12:00:00+00:00' AIRFLOW_CTX_TRY_NUMBER='1' AIRFLOW_CTX_DAG_RUN_ID='scheduled__2025-02-23T12:00:00+00:00'
[2025-03-06T01:47:37.611+0000] {taskinstance.py:732} INFO - ::endgroup::
[2025-03-06T01:47:37.655+0000] {python.py:240} INFO - Done. Returned value was: None
[2025-03-06T01:47:37.662+0000] {taskinstance.py:341} INFO - ::group::Post task execution logs
[2025-03-06T01:47:37.663+0000] {taskinstance.py:353} INFO - Marking task as SUCCESS. dag_id=forex_ml_pipeline, task_id=get_env_vars, run_id=scheduled__2025-02-23T12:00:00+00:00, execution_date=20250223T120000, start_date=20250306T014737, end_date=20250306T014737
[2025-03-06T01:47:37.712+0000] {local_task_job_runner.py:266} INFO - Task exited with return code 0
[2025-03-06T01:47:37.724+0000] {taskinstance.py:3901} INFO - 0 downstream tasks scheduled from follow-on schedule check
[2025-03-06T01:47:37.727+0000] {local_task_job_runner.py:245} INFO - ::endgroup::
[2025-03-06T05:50:42.004+0000] {local_task_job_runner.py:123} INFO - ::group::Pre task execution logs
[2025-03-06T05:50:42.020+0000] {taskinstance.py:2614} INFO - Dependencies all met for dep_context=non-requeueable deps ti=<TaskInstance: forex_ml_pipeline.get_env_vars scheduled__2025-02-23T12:00:00+00:00 [queued]>
[2025-03-06T05:50:42.032+0000] {taskinstance.py:2614} INFO - Dependencies all met for dep_context=requeueable deps ti=<TaskInstance: forex_ml_pipeline.get_env_vars scheduled__2025-02-23T12:00:00+00:00 [queued]>
[2025-03-06T05:50:42.033+0000] {taskinstance.py:2867} INFO - Starting attempt 1 of 4
[2025-03-06T05:50:42.052+0000] {taskinstance.py:2890} INFO - Executing <Task(PythonOperator): get_env_vars> on 2025-02-23 12:00:00+00:00
[2025-03-06T05:50:42.062+0000] {standard_task_runner.py:104} INFO - Running: ['***', 'tasks', 'run', 'forex_ml_pipeline', 'get_env_vars', 'scheduled__2025-02-23T12:00:00+00:00', '--job-id', '25', '--raw', '--subdir', 'DAGS_FOLDER/forex_ml_pipeline.py', '--cfg-path', '/tmp/tmpxctsdqld']
[2025-03-06T05:50:42.067+0000] {standard_task_runner.py:105} INFO - Job 25: Subtask get_env_vars
[2025-03-06T05:50:42.067+0000] {logging_mixin.py:190} WARNING - /home/***/.local/lib/python3.12/site-packages/***/task/task_runner/standard_task_runner.py:70 DeprecationWarning: This process (pid=243) is multi-threaded, use of fork() may lead to deadlocks in the child.
[2025-03-06T05:50:42.068+0000] {standard_task_runner.py:72} INFO - Started process 249 to run task
[2025-03-06T05:50:42.129+0000] {task_command.py:467} INFO - Running <TaskInstance: forex_ml_pipeline.get_env_vars scheduled__2025-02-23T12:00:00+00:00 [running]> on host ce0615f37630
[2025-03-06T05:50:42.224+0000] {taskinstance.py:3134} INFO - Exporting env vars: AIRFLOW_CTX_DAG_OWNER='mikhail' AIRFLOW_CTX_DAG_ID='forex_ml_pipeline' AIRFLOW_CTX_TASK_ID='get_env_vars' AIRFLOW_CTX_EXECUTION_DATE='2025-02-23T12:00:00+00:00' AIRFLOW_CTX_TRY_NUMBER='1' AIRFLOW_CTX_DAG_RUN_ID='scheduled__2025-02-23T12:00:00+00:00'
[2025-03-06T05:50:42.225+0000] {taskinstance.py:732} INFO - ::endgroup::
[2025-03-06T05:50:42.260+0000] {python.py:240} INFO - Done. Returned value was: None
[2025-03-06T05:50:42.267+0000] {taskinstance.py:341} INFO - ::group::Post task execution logs
[2025-03-06T05:50:42.268+0000] {taskinstance.py:353} INFO - Marking task as SUCCESS. dag_id=forex_ml_pipeline, task_id=get_env_vars, run_id=scheduled__2025-02-23T12:00:00+00:00, execution_date=20250223T120000, start_date=20250306T055042, end_date=20250306T055042
[2025-03-06T05:50:42.331+0000] {local_task_job_runner.py:266} INFO - Task exited with return code 0
[2025-03-06T05:50:42.355+0000] {taskinstance.py:3901} INFO - 0 downstream tasks scheduled from follow-on schedule check
[2025-03-06T05:50:42.359+0000] {local_task_job_runner.py:245} INFO - ::endgroup::
