[2025-03-31T12:12:19.827+0000] {local_task_job_runner.py:123} INFO - ::group::Pre task execution logs
[2025-03-31T12:12:19.852+0000] {taskinstance.py:2614} INFO - Dependencies all met for dep_context=non-requeueable deps ti=<TaskInstance: forex_ml_pipeline.transform_forex_data manual__2025-03-31T12:12:05.126077+00:00 [queued]>
[2025-03-31T12:12:19.865+0000] {taskinstance.py:2614} INFO - Dependencies all met for dep_context=requeueable deps ti=<TaskInstance: forex_ml_pipeline.transform_forex_data manual__2025-03-31T12:12:05.126077+00:00 [queued]>
[2025-03-31T12:12:19.867+0000] {taskinstance.py:2867} INFO - Starting attempt 1 of 4
[2025-03-31T12:12:19.883+0000] {taskinstance.py:2890} INFO - Executing <Task(SparkSubmitOperator): transform_forex_data> on 2025-03-31 12:12:05.126077+00:00
[2025-03-31T12:12:19.892+0000] {standard_task_runner.py:104} INFO - Running: ['***', 'tasks', 'run', 'forex_ml_pipeline', 'transform_forex_data', 'manual__2025-03-31T12:12:05.126077+00:00', '--job-id', '31', '--raw', '--subdir', 'DAGS_FOLDER/forex_ml_pipeline.py', '--cfg-path', '/tmp/tmpos2ir2ed']
[2025-03-31T12:12:19.895+0000] {standard_task_runner.py:105} INFO - Job 31: Subtask transform_forex_data
[2025-03-31T12:12:19.895+0000] {logging_mixin.py:190} WARNING - /home/***/.local/lib/python3.12/site-packages/***/task/task_runner/standard_task_runner.py:70 DeprecationWarning: This process (pid=305) is multi-threaded, use of fork() may lead to deadlocks in the child.
[2025-03-31T12:12:19.896+0000] {standard_task_runner.py:72} INFO - Started process 313 to run task
[2025-03-31T12:12:19.945+0000] {task_command.py:467} INFO - Running <TaskInstance: forex_ml_pipeline.transform_forex_data manual__2025-03-31T12:12:05.126077+00:00 [running]> on host a0f2afd0cca3
[2025-03-31T12:12:20.050+0000] {taskinstance.py:3134} INFO - Exporting env vars: AIRFLOW_CTX_DAG_OWNER='mikhail' AIRFLOW_CTX_DAG_ID='forex_ml_pipeline' AIRFLOW_CTX_TASK_ID='transform_forex_data' AIRFLOW_CTX_EXECUTION_DATE='2025-03-31T12:12:05.126077+00:00' AIRFLOW_CTX_TRY_NUMBER='1' AIRFLOW_CTX_DAG_RUN_ID='manual__2025-03-31T12:12:05.126077+00:00'
[2025-03-31T12:12:20.051+0000] {taskinstance.py:732} INFO - ::endgroup::
[2025-03-31T12:12:20.073+0000] {base.py:84} INFO - Retrieving connection 'my_spark_conn'
[2025-03-31T12:12:20.074+0000] {spark_submit.py:474} INFO - Spark-Submit cmd: spark-submit --master spark://spark-master:7077 --name arrow-spark --verbose ./dags/operators/transform_forex_data.py s3a://usd-php-ml-pipeline-bucket/raw/usd_php_forex_4hour.csv
[2025-03-31T12:12:21.315+0000] {spark_submit.py:645} INFO - Using properties file: null
[2025-03-31T12:12:21.443+0000] {spark_submit.py:645} INFO - Parsed arguments:
[2025-03-31T12:12:21.444+0000] {spark_submit.py:645} INFO - master                  spark://spark-master:7077
[2025-03-31T12:12:21.444+0000] {spark_submit.py:645} INFO - remote                  null
[2025-03-31T12:12:21.445+0000] {spark_submit.py:645} INFO - deployMode              null
[2025-03-31T12:12:21.445+0000] {spark_submit.py:645} INFO - executorMemory          null
[2025-03-31T12:12:21.445+0000] {spark_submit.py:645} INFO - executorCores           null
[2025-03-31T12:12:21.446+0000] {spark_submit.py:645} INFO - totalExecutorCores      null
[2025-03-31T12:12:21.446+0000] {spark_submit.py:645} INFO - propertiesFile          null
[2025-03-31T12:12:21.447+0000] {spark_submit.py:645} INFO - driverMemory            null
[2025-03-31T12:12:21.447+0000] {spark_submit.py:645} INFO - driverCores             null
[2025-03-31T12:12:21.448+0000] {spark_submit.py:645} INFO - driverExtraClassPath    null
[2025-03-31T12:12:21.448+0000] {spark_submit.py:645} INFO - driverExtraLibraryPath  null
[2025-03-31T12:12:21.449+0000] {spark_submit.py:645} INFO - driverExtraJavaOptions  null
[2025-03-31T12:12:21.449+0000] {spark_submit.py:645} INFO - supervise               false
[2025-03-31T12:12:21.450+0000] {spark_submit.py:645} INFO - queue                   null
[2025-03-31T12:12:21.450+0000] {spark_submit.py:645} INFO - numExecutors            null
[2025-03-31T12:12:21.451+0000] {spark_submit.py:645} INFO - files                   null
[2025-03-31T12:12:21.451+0000] {spark_submit.py:645} INFO - pyFiles                 null
[2025-03-31T12:12:21.452+0000] {spark_submit.py:645} INFO - archives                null
[2025-03-31T12:12:21.452+0000] {spark_submit.py:645} INFO - mainClass               null
[2025-03-31T12:12:21.453+0000] {spark_submit.py:645} INFO - primaryResource         file:/opt/***/dags/operators/transform_forex_data.py
[2025-03-31T12:12:21.453+0000] {spark_submit.py:645} INFO - name                    arrow-spark
[2025-03-31T12:12:21.454+0000] {spark_submit.py:645} INFO - childArgs               [s3a://usd-php-ml-pipeline-bucket/raw/usd_php_forex_4hour.csv]
[2025-03-31T12:12:21.454+0000] {spark_submit.py:645} INFO - jars                    null
[2025-03-31T12:12:21.455+0000] {spark_submit.py:645} INFO - packages                null
[2025-03-31T12:12:21.455+0000] {spark_submit.py:645} INFO - packagesExclusions      null
[2025-03-31T12:12:21.456+0000] {spark_submit.py:645} INFO - repositories            null
[2025-03-31T12:12:21.457+0000] {spark_submit.py:645} INFO - verbose                 true
[2025-03-31T12:12:21.458+0000] {spark_submit.py:645} INFO - 
[2025-03-31T12:12:21.458+0000] {spark_submit.py:645} INFO - Spark properties used, including those specified through
[2025-03-31T12:12:21.459+0000] {spark_submit.py:645} INFO - --conf and those from the properties file null:
[2025-03-31T12:12:21.460+0000] {spark_submit.py:645} INFO - 
[2025-03-31T12:12:21.460+0000] {spark_submit.py:645} INFO - 
[2025-03-31T12:12:21.461+0000] {spark_submit.py:645} INFO - 
[2025-03-31T12:12:21.793+0000] {spark_submit.py:645} INFO - Main class:
[2025-03-31T12:12:21.794+0000] {spark_submit.py:645} INFO - org.apache.spark.deploy.PythonRunner
[2025-03-31T12:12:21.795+0000] {spark_submit.py:645} INFO - Arguments:
[2025-03-31T12:12:21.795+0000] {spark_submit.py:645} INFO - file:/opt/***/dags/operators/transform_forex_data.py
[2025-03-31T12:12:21.796+0000] {spark_submit.py:645} INFO - null
[2025-03-31T12:12:21.797+0000] {spark_submit.py:645} INFO - s3a://usd-php-ml-pipeline-bucket/raw/usd_php_forex_4hour.csv
[2025-03-31T12:12:21.798+0000] {spark_submit.py:645} INFO - Spark config:
[2025-03-31T12:12:21.799+0000] {spark_submit.py:645} INFO - (spark.app.name,arrow-spark)
[2025-03-31T12:12:21.799+0000] {spark_submit.py:645} INFO - (spark.app.submitTime,1743423141775)
[2025-03-31T12:12:21.800+0000] {spark_submit.py:645} INFO - (spark.master,spark://spark-master:7077)
[2025-03-31T12:12:21.801+0000] {spark_submit.py:645} INFO - (spark.submit.deployMode,client)
[2025-03-31T12:12:21.801+0000] {spark_submit.py:645} INFO - (spark.submit.pyFiles,)
[2025-03-31T12:12:21.802+0000] {spark_submit.py:645} INFO - Classpath elements:
[2025-03-31T12:12:21.802+0000] {spark_submit.py:645} INFO - 
[2025-03-31T12:12:21.803+0000] {spark_submit.py:645} INFO - 
[2025-03-31T12:12:21.804+0000] {spark_submit.py:645} INFO - 
[2025-03-31T12:12:24.835+0000] {spark_submit.py:645} INFO - s3a://usd-php-ml-pipeline-bucket/raw/usd_php_forex_4hour.csv
[2025-03-31T12:12:24.836+0000] {spark_submit.py:645} INFO - CSV FILE PATH: s3a://usd-php-ml-pipeline-bucket/raw/usd_php_forex_4hour.csv
[2025-03-31T12:12:24.943+0000] {spark_submit.py:645} INFO - 25/03/31 12:12:24 INFO SparkContext: Running Spark version 3.5.5
[2025-03-31T12:12:24.946+0000] {spark_submit.py:645} INFO - 25/03/31 12:12:24 INFO SparkContext: OS info Linux, 5.15.167.4-microsoft-standard-WSL2, amd64
[2025-03-31T12:12:24.947+0000] {spark_submit.py:645} INFO - 25/03/31 12:12:24 INFO SparkContext: Java version 17.0.14
[2025-03-31T12:12:25.033+0000] {spark_submit.py:645} INFO - 25/03/31 12:12:25 WARN NativeCodeLoader: Unable to load native-hadoop library for your platform... using builtin-java classes where applicable
[2025-03-31T12:12:25.184+0000] {spark_submit.py:645} INFO - 25/03/31 12:12:25 INFO ResourceUtils: ==============================================================
[2025-03-31T12:12:25.186+0000] {spark_submit.py:645} INFO - 25/03/31 12:12:25 INFO ResourceUtils: No custom resources configured for spark.driver.
[2025-03-31T12:12:25.187+0000] {spark_submit.py:645} INFO - 25/03/31 12:12:25 INFO ResourceUtils: ==============================================================
[2025-03-31T12:12:25.188+0000] {spark_submit.py:645} INFO - 25/03/31 12:12:25 INFO SparkContext: Submitted application: feature-engineering
[2025-03-31T12:12:25.231+0000] {spark_submit.py:645} INFO - 25/03/31 12:12:25 INFO ResourceProfile: Default ResourceProfile created, executor resources: Map(memory -> name: memory, amount: 1024, script: , vendor: , offHeap -> name: offHeap, amount: 0, script: , vendor: ), task resources: Map(cpus -> name: cpus, amount: 1.0)
[2025-03-31T12:12:25.246+0000] {spark_submit.py:645} INFO - 25/03/31 12:12:25 INFO ResourceProfile: Limiting resource is cpu
[2025-03-31T12:12:25.247+0000] {spark_submit.py:645} INFO - 25/03/31 12:12:25 INFO ResourceProfileManager: Added ResourceProfile id: 0
[2025-03-31T12:12:25.346+0000] {spark_submit.py:645} INFO - 25/03/31 12:12:25 INFO SecurityManager: Changing view acls to: ***
[2025-03-31T12:12:25.347+0000] {spark_submit.py:645} INFO - 25/03/31 12:12:25 INFO SecurityManager: Changing modify acls to: ***
[2025-03-31T12:12:25.347+0000] {spark_submit.py:645} INFO - 25/03/31 12:12:25 INFO SecurityManager: Changing view acls groups to:
[2025-03-31T12:12:25.348+0000] {spark_submit.py:645} INFO - 25/03/31 12:12:25 INFO SecurityManager: Changing modify acls groups to:
[2025-03-31T12:12:25.349+0000] {spark_submit.py:645} INFO - 25/03/31 12:12:25 INFO SecurityManager: SecurityManager: authentication disabled; ui acls disabled; users with view permissions: ***; groups with view permissions: EMPTY; users with modify permissions: ***; groups with modify permissions: EMPTY
[2025-03-31T12:12:25.674+0000] {spark_submit.py:645} INFO - 25/03/31 12:12:25 INFO Utils: Successfully started service 'sparkDriver' on port 37965.
[2025-03-31T12:12:25.718+0000] {spark_submit.py:645} INFO - 25/03/31 12:12:25 INFO SparkEnv: Registering MapOutputTracker
[2025-03-31T12:12:25.767+0000] {spark_submit.py:645} INFO - 25/03/31 12:12:25 INFO SparkEnv: Registering BlockManagerMaster
[2025-03-31T12:12:25.796+0000] {spark_submit.py:645} INFO - 25/03/31 12:12:25 INFO BlockManagerMasterEndpoint: Using org.apache.spark.storage.DefaultTopologyMapper for getting topology information
[2025-03-31T12:12:25.808+0000] {spark_submit.py:645} INFO - 25/03/31 12:12:25 INFO BlockManagerMasterEndpoint: BlockManagerMasterEndpoint up
[2025-03-31T12:12:25.822+0000] {spark_submit.py:645} INFO - 25/03/31 12:12:25 INFO SparkEnv: Registering BlockManagerMasterHeartbeat
[2025-03-31T12:12:25.836+0000] {spark_submit.py:645} INFO - 25/03/31 12:12:25 INFO DiskBlockManager: Created local directory at /tmp/blockmgr-0e6f9c78-fa32-49c7-8bfc-182f5f5a8e83
[2025-03-31T12:12:25.854+0000] {spark_submit.py:645} INFO - 25/03/31 12:12:25 INFO MemoryStore: MemoryStore started with capacity 434.4 MiB
[2025-03-31T12:12:25.874+0000] {spark_submit.py:645} INFO - 25/03/31 12:12:25 INFO SparkEnv: Registering OutputCommitCoordinator
[2025-03-31T12:12:26.055+0000] {spark_submit.py:645} INFO - 25/03/31 12:12:26 INFO JettyUtils: Start Jetty 0.0.0.0:4040 for SparkUI
[2025-03-31T12:12:26.129+0000] {spark_submit.py:645} INFO - 25/03/31 12:12:26 INFO Utils: Successfully started service 'SparkUI' on port 4040.
[2025-03-31T12:12:26.292+0000] {spark_submit.py:645} INFO - 25/03/31 12:12:26 INFO StandaloneAppClient$ClientEndpoint: Connecting to master spark://spark-master:7077...
[2025-03-31T12:12:26.356+0000] {spark_submit.py:645} INFO - 25/03/31 12:12:26 INFO TransportClientFactory: Successfully created connection to spark-master/172.18.0.3:7077 after 35 ms (0 ms spent in bootstraps)
[2025-03-31T12:12:26.532+0000] {spark_submit.py:645} INFO - 25/03/31 12:12:26 INFO StandaloneSchedulerBackend: Connected to Spark cluster with app ID app-20250331121226-0000
[2025-03-31T12:12:26.544+0000] {spark_submit.py:645} INFO - 25/03/31 12:12:26 INFO Utils: Successfully started service 'org.apache.spark.network.netty.NettyBlockTransferService' on port 36385.
[2025-03-31T12:12:26.545+0000] {spark_submit.py:645} INFO - 25/03/31 12:12:26 INFO NettyBlockTransferService: Server created on a0f2afd0cca3:36385
[2025-03-31T12:12:26.548+0000] {spark_submit.py:645} INFO - 25/03/31 12:12:26 INFO BlockManager: Using org.apache.spark.storage.RandomBlockReplicationPolicy for block replication policy
[2025-03-31T12:12:26.559+0000] {spark_submit.py:645} INFO - 25/03/31 12:12:26 INFO BlockManagerMaster: Registering BlockManager BlockManagerId(driver, a0f2afd0cca3, 36385, None)
[2025-03-31T12:12:26.563+0000] {spark_submit.py:645} INFO - 25/03/31 12:12:26 INFO StandaloneAppClient$ClientEndpoint: Executor added: app-20250331121226-0000/0 on worker-20250331115543-172.18.0.4-35567 (172.18.0.4:35567) with 2 core(s)
[2025-03-31T12:12:26.564+0000] {spark_submit.py:645} INFO - 25/03/31 12:12:26 INFO BlockManagerMasterEndpoint: Registering block manager a0f2afd0cca3:36385 with 434.4 MiB RAM, BlockManagerId(driver, a0f2afd0cca3, 36385, None)
[2025-03-31T12:12:26.566+0000] {spark_submit.py:645} INFO - 25/03/31 12:12:26 INFO StandaloneSchedulerBackend: Granted executor ID app-20250331121226-0000/0 on hostPort 172.18.0.4:35567 with 2 core(s), 1024.0 MiB RAM
[2025-03-31T12:12:26.567+0000] {spark_submit.py:645} INFO - 25/03/31 12:12:26 INFO BlockManagerMaster: Registered BlockManager BlockManagerId(driver, a0f2afd0cca3, 36385, None)
[2025-03-31T12:12:26.569+0000] {spark_submit.py:645} INFO - 25/03/31 12:12:26 INFO BlockManager: Initialized BlockManager: BlockManagerId(driver, a0f2afd0cca3, 36385, None)
[2025-03-31T12:12:26.789+0000] {spark_submit.py:645} INFO - 25/03/31 12:12:26 INFO StandaloneAppClient$ClientEndpoint: Executor updated: app-20250331121226-0000/0 is now RUNNING
[2025-03-31T12:12:26.868+0000] {spark_submit.py:645} INFO - 25/03/31 12:12:26 INFO StandaloneSchedulerBackend: SchedulerBackend is ready for scheduling beginning after reached minRegisteredResourcesRatio: 0.0
[2025-03-31T12:12:27.251+0000] {spark_submit.py:645} INFO - 25/03/31 12:12:27 INFO SharedState: Setting hive.metastore.warehouse.dir ('null') to the value of spark.sql.warehouse.dir.
[2025-03-31T12:12:27.261+0000] {spark_submit.py:645} INFO - 25/03/31 12:12:27 INFO SharedState: Warehouse path is 'file:/opt/***/spark-warehouse'.
[2025-03-31T12:12:28.533+0000] {spark_submit.py:645} INFO - 25/03/31 12:12:28 WARN FileStreamSink: Assume no metadata directory. Error while looking for metadata directory in the path: s3a://usd-php-ml-pipeline-bucket/raw/usd_php_forex_4hour.csv.
[2025-03-31T12:12:28.535+0000] {spark_submit.py:645} INFO - java.lang.RuntimeException: java.lang.ClassNotFoundException: Class org.apache.hadoop.fs.s3a.S3AFileSystem not found
[2025-03-31T12:12:28.536+0000] {spark_submit.py:645} INFO - at org.apache.hadoop.conf.Configuration.getClass(Configuration.java:2688)
[2025-03-31T12:12:28.537+0000] {spark_submit.py:645} INFO - at org.apache.hadoop.fs.FileSystem.getFileSystemClass(FileSystem.java:3431)
[2025-03-31T12:12:28.538+0000] {spark_submit.py:645} INFO - at org.apache.hadoop.fs.FileSystem.createFileSystem(FileSystem.java:3466)
[2025-03-31T12:12:28.540+0000] {spark_submit.py:645} INFO - at org.apache.hadoop.fs.FileSystem.access$300(FileSystem.java:174)
[2025-03-31T12:12:28.542+0000] {spark_submit.py:645} INFO - at org.apache.hadoop.fs.FileSystem$Cache.getInternal(FileSystem.java:3574)
[2025-03-31T12:12:28.544+0000] {spark_submit.py:645} INFO - at org.apache.hadoop.fs.FileSystem$Cache.get(FileSystem.java:3521)
[2025-03-31T12:12:28.547+0000] {spark_submit.py:645} INFO - at org.apache.hadoop.fs.FileSystem.get(FileSystem.java:540)
[2025-03-31T12:12:28.549+0000] {spark_submit.py:645} INFO - at org.apache.hadoop.fs.Path.getFileSystem(Path.java:365)
[2025-03-31T12:12:28.550+0000] {spark_submit.py:645} INFO - at org.apache.spark.sql.execution.streaming.FileStreamSink$.hasMetadata(FileStreamSink.scala:53)
[2025-03-31T12:12:28.551+0000] {spark_submit.py:645} INFO - at org.apache.spark.sql.execution.datasources.DataSource.resolveRelation(DataSource.scala:366)
[2025-03-31T12:12:28.552+0000] {spark_submit.py:645} INFO - at org.apache.spark.sql.DataFrameReader.loadV1Source(DataFrameReader.scala:229)
[2025-03-31T12:12:28.554+0000] {spark_submit.py:645} INFO - at org.apache.spark.sql.DataFrameReader.$anonfun$load$2(DataFrameReader.scala:211)
[2025-03-31T12:12:28.555+0000] {spark_submit.py:645} INFO - at scala.Option.getOrElse(Option.scala:189)
[2025-03-31T12:12:28.557+0000] {spark_submit.py:645} INFO - at org.apache.spark.sql.DataFrameReader.load(DataFrameReader.scala:211)
[2025-03-31T12:12:28.558+0000] {spark_submit.py:645} INFO - at org.apache.spark.sql.DataFrameReader.csv(DataFrameReader.scala:538)
[2025-03-31T12:12:28.565+0000] {spark_submit.py:645} INFO - at java.base/jdk.internal.reflect.NativeMethodAccessorImpl.invoke0(Native Method)
[2025-03-31T12:12:28.568+0000] {spark_submit.py:645} INFO - at java.base/jdk.internal.reflect.NativeMethodAccessorImpl.invoke(NativeMethodAccessorImpl.java:77)
[2025-03-31T12:12:28.577+0000] {spark_submit.py:645} INFO - at java.base/jdk.internal.reflect.DelegatingMethodAccessorImpl.invoke(DelegatingMethodAccessorImpl.java:43)
[2025-03-31T12:12:28.580+0000] {spark_submit.py:645} INFO - at java.base/java.lang.reflect.Method.invoke(Method.java:569)
[2025-03-31T12:12:28.582+0000] {spark_submit.py:645} INFO - at py4j.reflection.MethodInvoker.invoke(MethodInvoker.java:244)
[2025-03-31T12:12:28.584+0000] {spark_submit.py:645} INFO - at py4j.reflection.ReflectionEngine.invoke(ReflectionEngine.java:374)
[2025-03-31T12:12:28.585+0000] {spark_submit.py:645} INFO - at py4j.Gateway.invoke(Gateway.java:282)
[2025-03-31T12:12:28.586+0000] {spark_submit.py:645} INFO - at py4j.commands.AbstractCommand.invokeMethod(AbstractCommand.java:132)
[2025-03-31T12:12:28.587+0000] {spark_submit.py:645} INFO - at py4j.commands.CallCommand.execute(CallCommand.java:79)
[2025-03-31T12:12:28.591+0000] {spark_submit.py:645} INFO - at py4j.ClientServerConnection.waitForCommands(ClientServerConnection.java:182)
[2025-03-31T12:12:28.593+0000] {spark_submit.py:645} INFO - at py4j.ClientServerConnection.run(ClientServerConnection.java:106)
[2025-03-31T12:12:28.594+0000] {spark_submit.py:645} INFO - at java.base/java.lang.Thread.run(Thread.java:840)
[2025-03-31T12:12:28.594+0000] {spark_submit.py:645} INFO - Caused by: java.lang.ClassNotFoundException: Class org.apache.hadoop.fs.s3a.S3AFileSystem not found
[2025-03-31T12:12:28.598+0000] {spark_submit.py:645} INFO - at org.apache.hadoop.conf.Configuration.getClassByName(Configuration.java:2592)
[2025-03-31T12:12:28.599+0000] {spark_submit.py:645} INFO - at org.apache.hadoop.conf.Configuration.getClass(Configuration.java:2686)
[2025-03-31T12:12:28.600+0000] {spark_submit.py:645} INFO - ... 26 more
[2025-03-31T12:12:28.666+0000] {spark_submit.py:645} INFO - Error An error occurred while calling o32.csv.
[2025-03-31T12:12:28.667+0000] {spark_submit.py:645} INFO - : java.lang.RuntimeException: java.lang.ClassNotFoundException: Class org.apache.hadoop.fs.s3a.S3AFileSystem not found
[2025-03-31T12:12:28.668+0000] {spark_submit.py:645} INFO - at org.apache.hadoop.conf.Configuration.getClass(Configuration.java:2688)
[2025-03-31T12:12:28.669+0000] {spark_submit.py:645} INFO - at org.apache.hadoop.fs.FileSystem.getFileSystemClass(FileSystem.java:3431)
[2025-03-31T12:12:28.670+0000] {spark_submit.py:645} INFO - at org.apache.hadoop.fs.FileSystem.createFileSystem(FileSystem.java:3466)
[2025-03-31T12:12:28.671+0000] {spark_submit.py:645} INFO - at org.apache.hadoop.fs.FileSystem.access$300(FileSystem.java:174)
[2025-03-31T12:12:28.671+0000] {spark_submit.py:645} INFO - at org.apache.hadoop.fs.FileSystem$Cache.getInternal(FileSystem.java:3574)
[2025-03-31T12:12:28.672+0000] {spark_submit.py:645} INFO - at org.apache.hadoop.fs.FileSystem$Cache.get(FileSystem.java:3521)
[2025-03-31T12:12:28.672+0000] {spark_submit.py:645} INFO - at org.apache.hadoop.fs.FileSystem.get(FileSystem.java:540)
[2025-03-31T12:12:28.674+0000] {spark_submit.py:645} INFO - at org.apache.hadoop.fs.Path.getFileSystem(Path.java:365)
[2025-03-31T12:12:28.675+0000] {spark_submit.py:645} INFO - at org.apache.spark.sql.execution.datasources.DataSource$.$anonfun$checkAndGlobPathIfNecessary$1(DataSource.scala:724)
[2025-03-31T12:12:28.676+0000] {spark_submit.py:645} INFO - at scala.collection.immutable.List.map(List.scala:293)
[2025-03-31T12:12:28.677+0000] {spark_submit.py:645} INFO - at org.apache.spark.sql.execution.datasources.DataSource$.checkAndGlobPathIfNecessary(DataSource.scala:722)
[2025-03-31T12:12:28.678+0000] {spark_submit.py:645} INFO - at org.apache.spark.sql.execution.datasources.DataSource.checkAndGlobPathIfNecessary(DataSource.scala:551)
[2025-03-31T12:12:28.679+0000] {spark_submit.py:645} INFO - at org.apache.spark.sql.execution.datasources.DataSource.resolveRelation(DataSource.scala:404)
[2025-03-31T12:12:28.679+0000] {spark_submit.py:645} INFO - at org.apache.spark.sql.DataFrameReader.loadV1Source(DataFrameReader.scala:229)
[2025-03-31T12:12:28.680+0000] {spark_submit.py:645} INFO - at org.apache.spark.sql.DataFrameReader.$anonfun$load$2(DataFrameReader.scala:211)
[2025-03-31T12:12:28.680+0000] {spark_submit.py:645} INFO - at scala.Option.getOrElse(Option.scala:189)
[2025-03-31T12:12:28.681+0000] {spark_submit.py:645} INFO - at org.apache.spark.sql.DataFrameReader.load(DataFrameReader.scala:211)
[2025-03-31T12:12:28.682+0000] {spark_submit.py:645} INFO - at org.apache.spark.sql.DataFrameReader.csv(DataFrameReader.scala:538)
[2025-03-31T12:12:28.682+0000] {spark_submit.py:645} INFO - at java.base/jdk.internal.reflect.NativeMethodAccessorImpl.invoke0(Native Method)
[2025-03-31T12:12:28.683+0000] {spark_submit.py:645} INFO - at java.base/jdk.internal.reflect.NativeMethodAccessorImpl.invoke(NativeMethodAccessorImpl.java:77)
[2025-03-31T12:12:28.684+0000] {spark_submit.py:645} INFO - at java.base/jdk.internal.reflect.DelegatingMethodAccessorImpl.invoke(DelegatingMethodAccessorImpl.java:43)
[2025-03-31T12:12:28.685+0000] {spark_submit.py:645} INFO - at java.base/java.lang.reflect.Method.invoke(Method.java:569)
[2025-03-31T12:12:28.686+0000] {spark_submit.py:645} INFO - at py4j.reflection.MethodInvoker.invoke(MethodInvoker.java:244)
[2025-03-31T12:12:28.686+0000] {spark_submit.py:645} INFO - at py4j.reflection.ReflectionEngine.invoke(ReflectionEngine.java:374)
[2025-03-31T12:12:28.687+0000] {spark_submit.py:645} INFO - at py4j.Gateway.invoke(Gateway.java:282)
[2025-03-31T12:12:28.688+0000] {spark_submit.py:645} INFO - at py4j.commands.AbstractCommand.invokeMethod(AbstractCommand.java:132)
[2025-03-31T12:12:28.689+0000] {spark_submit.py:645} INFO - at py4j.commands.CallCommand.execute(CallCommand.java:79)
[2025-03-31T12:12:28.690+0000] {spark_submit.py:645} INFO - at py4j.ClientServerConnection.waitForCommands(ClientServerConnection.java:182)
[2025-03-31T12:12:28.691+0000] {spark_submit.py:645} INFO - at py4j.ClientServerConnection.run(ClientServerConnection.java:106)
[2025-03-31T12:12:28.692+0000] {spark_submit.py:645} INFO - at java.base/java.lang.Thread.run(Thread.java:840)
[2025-03-31T12:12:28.692+0000] {spark_submit.py:645} INFO - Caused by: java.lang.ClassNotFoundException: Class org.apache.hadoop.fs.s3a.S3AFileSystem not found
[2025-03-31T12:12:28.693+0000] {spark_submit.py:645} INFO - at org.apache.hadoop.conf.Configuration.getClassByName(Configuration.java:2592)
[2025-03-31T12:12:28.694+0000] {spark_submit.py:645} INFO - at org.apache.hadoop.conf.Configuration.getClass(Configuration.java:2686)
[2025-03-31T12:12:28.695+0000] {spark_submit.py:645} INFO - ... 29 more
[2025-03-31T12:12:28.696+0000] {spark_submit.py:645} INFO - has occured.
[2025-03-31T12:12:28.697+0000] {spark_submit.py:645} INFO - [2025-03-31T12:12:28.666+0000] {clientserver.py:543} INFO - Closing down clientserver connection
[2025-03-31T12:12:28.962+0000] {spark_submit.py:645} INFO - 25/03/31 12:12:28 INFO SparkContext: Invoking stop() from shutdown hook
[2025-03-31T12:12:28.962+0000] {spark_submit.py:645} INFO - 25/03/31 12:12:28 INFO SparkContext: SparkContext is stopping with exitCode 0.
[2025-03-31T12:12:28.977+0000] {spark_submit.py:645} INFO - 25/03/31 12:12:28 INFO SparkUI: Stopped Spark web UI at http://a0f2afd0cca3:4040
[2025-03-31T12:12:28.982+0000] {spark_submit.py:645} INFO - 25/03/31 12:12:28 INFO StandaloneSchedulerBackend: Shutting down all executors
[2025-03-31T12:12:28.986+0000] {spark_submit.py:645} INFO - 25/03/31 12:12:28 INFO StandaloneSchedulerBackend$StandaloneDriverEndpoint: Asking each executor to shut down
[2025-03-31T12:12:29.002+0000] {spark_submit.py:645} INFO - 25/03/31 12:12:29 INFO MapOutputTrackerMasterEndpoint: MapOutputTrackerMasterEndpoint stopped!
[2025-03-31T12:12:29.021+0000] {spark_submit.py:645} INFO - 25/03/31 12:12:29 INFO MemoryStore: MemoryStore cleared
[2025-03-31T12:12:29.022+0000] {spark_submit.py:645} INFO - 25/03/31 12:12:29 INFO BlockManager: BlockManager stopped
[2025-03-31T12:12:29.031+0000] {spark_submit.py:645} INFO - 25/03/31 12:12:29 INFO BlockManagerMaster: BlockManagerMaster stopped
[2025-03-31T12:12:29.035+0000] {spark_submit.py:645} INFO - 25/03/31 12:12:29 INFO OutputCommitCoordinator$OutputCommitCoordinatorEndpoint: OutputCommitCoordinator stopped!
[2025-03-31T12:12:29.046+0000] {spark_submit.py:645} INFO - 25/03/31 12:12:29 INFO SparkContext: Successfully stopped SparkContext
[2025-03-31T12:12:29.047+0000] {spark_submit.py:645} INFO - 25/03/31 12:12:29 INFO ShutdownHookManager: Shutdown hook called
[2025-03-31T12:12:29.048+0000] {spark_submit.py:645} INFO - 25/03/31 12:12:29 INFO ShutdownHookManager: Deleting directory /tmp/spark-8192615d-3b89-44f8-947e-06f01780faee
[2025-03-31T12:12:29.053+0000] {spark_submit.py:645} INFO - 25/03/31 12:12:29 INFO ShutdownHookManager: Deleting directory /tmp/spark-8192615d-3b89-44f8-947e-06f01780faee/pyspark-1023aa09-0da4-4952-9b3a-f51777f4fd34
[2025-03-31T12:12:29.058+0000] {spark_submit.py:645} INFO - 25/03/31 12:12:29 INFO ShutdownHookManager: Deleting directory /tmp/spark-038f99f7-2a0c-4c78-98fb-39ee7a2f6af3
[2025-03-31T12:12:29.107+0000] {taskinstance.py:341} INFO - ::group::Post task execution logs
[2025-03-31T12:12:29.107+0000] {taskinstance.py:353} INFO - Marking task as SUCCESS. dag_id=forex_ml_pipeline, task_id=transform_forex_data, run_id=manual__2025-03-31T12:12:05.126077+00:00, execution_date=20250331T121205, start_date=20250331T121219, end_date=20250331T121229
[2025-03-31T12:12:29.164+0000] {local_task_job_runner.py:266} INFO - Task exited with return code 0
[2025-03-31T12:12:29.179+0000] {taskinstance.py:3901} INFO - 0 downstream tasks scheduled from follow-on schedule check
[2025-03-31T12:12:29.183+0000] {local_task_job_runner.py:245} INFO - ::endgroup::
