[2025-03-03T08:10:08.899+0000] {local_task_job_runner.py:123} INFO - ::group::Pre task execution logs
[2025-03-03T08:10:08.920+0000] {taskinstance.py:2614} INFO - Dependencies all met for dep_context=non-requeueable deps ti=<TaskInstance: forex_ml_pipeline.transform_forex_data manual__2025-03-03T08:10:05.496853+00:00 [queued]>
[2025-03-03T08:10:08.932+0000] {taskinstance.py:2614} INFO - Dependencies all met for dep_context=requeueable deps ti=<TaskInstance: forex_ml_pipeline.transform_forex_data manual__2025-03-03T08:10:05.496853+00:00 [queued]>
[2025-03-03T08:10:08.934+0000] {taskinstance.py:2867} INFO - Starting attempt 1 of 4
[2025-03-03T08:10:08.949+0000] {taskinstance.py:2890} INFO - Executing <Task(SparkSubmitOperator): transform_forex_data> on 2025-03-03 08:10:05.496853+00:00
[2025-03-03T08:10:08.958+0000] {standard_task_runner.py:104} INFO - Running: ['***', 'tasks', 'run', 'forex_ml_pipeline', 'transform_forex_data', 'manual__2025-03-03T08:10:05.496853+00:00', '--job-id', '6', '--raw', '--subdir', 'DAGS_FOLDER/forex_ml_pipeline.py', '--cfg-path', '/tmp/tmpmq8x9iyl']
[2025-03-03T08:10:08.961+0000] {logging_mixin.py:190} WARNING - /home/***/.local/lib/python3.12/site-packages/***/task/task_runner/standard_task_runner.py:70 DeprecationWarning: This process (pid=619) is multi-threaded, use of fork() may lead to deadlocks in the child.
[2025-03-03T08:10:08.961+0000] {standard_task_runner.py:105} INFO - Job 6: Subtask transform_forex_data
[2025-03-03T08:10:08.962+0000] {standard_task_runner.py:72} INFO - Started process 625 to run task
[2025-03-03T08:10:09.016+0000] {task_command.py:467} INFO - Running <TaskInstance: forex_ml_pipeline.transform_forex_data manual__2025-03-03T08:10:05.496853+00:00 [running]> on host bc29da8b88b2
[2025-03-03T08:10:09.116+0000] {taskinstance.py:3134} INFO - Exporting env vars: AIRFLOW_CTX_DAG_OWNER='mikhail' AIRFLOW_CTX_DAG_ID='forex_ml_pipeline' AIRFLOW_CTX_TASK_ID='transform_forex_data' AIRFLOW_CTX_EXECUTION_DATE='2025-03-03T08:10:05.496853+00:00' AIRFLOW_CTX_TRY_NUMBER='1' AIRFLOW_CTX_DAG_RUN_ID='manual__2025-03-03T08:10:05.496853+00:00'
[2025-03-03T08:10:09.118+0000] {taskinstance.py:732} INFO - ::endgroup::
[2025-03-03T08:10:09.140+0000] {base.py:84} INFO - Retrieving connection 'my_spark_conn'
[2025-03-03T08:10:09.142+0000] {spark_submit.py:474} INFO - Spark-Submit cmd: spark-submit --master spark://spark-master:7077 --name arrow-spark --verbose ./dags/operators/transform_forex_data.py /opt/***/include/data/usd_php_forex_4hour.csv
[2025-03-03T08:10:11.403+0000] {spark_submit.py:641} INFO - Using properties file: null
[2025-03-03T08:10:11.553+0000] {spark_submit.py:641} INFO - Parsed arguments:
[2025-03-03T08:10:11.554+0000] {spark_submit.py:641} INFO - master                  spark://spark-master:7077
[2025-03-03T08:10:11.555+0000] {spark_submit.py:641} INFO - remote                  null
[2025-03-03T08:10:11.555+0000] {spark_submit.py:641} INFO - deployMode              null
[2025-03-03T08:10:11.556+0000] {spark_submit.py:641} INFO - executorMemory          null
[2025-03-03T08:10:11.557+0000] {spark_submit.py:641} INFO - executorCores           null
[2025-03-03T08:10:11.557+0000] {spark_submit.py:641} INFO - totalExecutorCores      null
[2025-03-03T08:10:11.559+0000] {spark_submit.py:641} INFO - propertiesFile          null
[2025-03-03T08:10:11.561+0000] {spark_submit.py:641} INFO - driverMemory            null
[2025-03-03T08:10:11.562+0000] {spark_submit.py:641} INFO - driverCores             null
[2025-03-03T08:10:11.563+0000] {spark_submit.py:641} INFO - driverExtraClassPath    null
[2025-03-03T08:10:11.563+0000] {spark_submit.py:641} INFO - driverExtraLibraryPath  null
[2025-03-03T08:10:11.564+0000] {spark_submit.py:641} INFO - driverExtraJavaOptions  null
[2025-03-03T08:10:11.565+0000] {spark_submit.py:641} INFO - supervise               false
[2025-03-03T08:10:11.566+0000] {spark_submit.py:641} INFO - queue                   null
[2025-03-03T08:10:11.568+0000] {spark_submit.py:641} INFO - numExecutors            null
[2025-03-03T08:10:11.569+0000] {spark_submit.py:641} INFO - files                   null
[2025-03-03T08:10:11.569+0000] {spark_submit.py:641} INFO - pyFiles                 null
[2025-03-03T08:10:11.570+0000] {spark_submit.py:641} INFO - archives                null
[2025-03-03T08:10:11.571+0000] {spark_submit.py:641} INFO - mainClass               null
[2025-03-03T08:10:11.572+0000] {spark_submit.py:641} INFO - primaryResource         file:/opt/***/dags/operators/transform_forex_data.py
[2025-03-03T08:10:11.573+0000] {spark_submit.py:641} INFO - name                    arrow-spark
[2025-03-03T08:10:11.574+0000] {spark_submit.py:641} INFO - childArgs               [/opt/***/include/data/usd_php_forex_4hour.csv]
[2025-03-03T08:10:11.576+0000] {spark_submit.py:641} INFO - jars                    null
[2025-03-03T08:10:11.577+0000] {spark_submit.py:641} INFO - packages                null
[2025-03-03T08:10:11.578+0000] {spark_submit.py:641} INFO - packagesExclusions      null
[2025-03-03T08:10:11.579+0000] {spark_submit.py:641} INFO - repositories            null
[2025-03-03T08:10:11.581+0000] {spark_submit.py:641} INFO - verbose                 true
[2025-03-03T08:10:11.583+0000] {spark_submit.py:641} INFO - 
[2025-03-03T08:10:11.584+0000] {spark_submit.py:641} INFO - Spark properties used, including those specified through
[2025-03-03T08:10:11.585+0000] {spark_submit.py:641} INFO - --conf and those from the properties file null:
[2025-03-03T08:10:11.586+0000] {spark_submit.py:641} INFO - 
[2025-03-03T08:10:11.587+0000] {spark_submit.py:641} INFO - 
[2025-03-03T08:10:11.588+0000] {spark_submit.py:641} INFO - 
[2025-03-03T08:10:11.964+0000] {spark_submit.py:641} INFO - Main class:
[2025-03-03T08:10:11.967+0000] {spark_submit.py:641} INFO - org.apache.spark.deploy.PythonRunner
[2025-03-03T08:10:11.968+0000] {spark_submit.py:641} INFO - Arguments:
[2025-03-03T08:10:11.968+0000] {spark_submit.py:641} INFO - file:/opt/***/dags/operators/transform_forex_data.py
[2025-03-03T08:10:11.970+0000] {spark_submit.py:641} INFO - null
[2025-03-03T08:10:11.971+0000] {spark_submit.py:641} INFO - /opt/***/include/data/usd_php_forex_4hour.csv
[2025-03-03T08:10:11.975+0000] {spark_submit.py:641} INFO - Spark config:
[2025-03-03T08:10:11.975+0000] {spark_submit.py:641} INFO - (spark.app.name,arrow-spark)
[2025-03-03T08:10:11.976+0000] {spark_submit.py:641} INFO - (spark.app.submitTime,1740989411945)
[2025-03-03T08:10:11.977+0000] {spark_submit.py:641} INFO - (spark.master,spark://spark-master:7077)
[2025-03-03T08:10:11.977+0000] {spark_submit.py:641} INFO - (spark.submit.deployMode,client)
[2025-03-03T08:10:11.978+0000] {spark_submit.py:641} INFO - (spark.submit.pyFiles,)
[2025-03-03T08:10:11.979+0000] {spark_submit.py:641} INFO - Classpath elements:
[2025-03-03T08:10:11.982+0000] {spark_submit.py:641} INFO - 
[2025-03-03T08:10:11.983+0000] {spark_submit.py:641} INFO - 
[2025-03-03T08:10:11.984+0000] {spark_submit.py:641} INFO - 
[2025-03-03T08:10:11.993+0000] {spark_submit.py:641} INFO - ['/opt/***/dags/operators/transform_forex_data.py', '/opt/***/include/data/usd_php_forex_4hour.csv']
[2025-03-03T08:10:11.999+0000] {spark_submit.py:641} INFO - CSV FILE PATH: /opt/***/include/data/usd_php_forex_4hour.csv
[2025-03-03T08:10:12.165+0000] {spark_submit.py:641} INFO - 25/03/03 08:10:12 INFO SparkContext: Running Spark version 3.5.5
[2025-03-03T08:10:12.170+0000] {spark_submit.py:641} INFO - 25/03/03 08:10:12 INFO SparkContext: OS info Linux, 5.15.167.4-microsoft-standard-WSL2, amd64
[2025-03-03T08:10:12.171+0000] {spark_submit.py:641} INFO - 25/03/03 08:10:12 INFO SparkContext: Java version 17.0.14
[2025-03-03T08:10:12.304+0000] {spark_submit.py:641} INFO - 25/03/03 08:10:12 WARN NativeCodeLoader: Unable to load native-hadoop library for your platform... using builtin-java classes where applicable
[2025-03-03T08:10:12.482+0000] {spark_submit.py:641} INFO - 25/03/03 08:10:12 INFO ResourceUtils: ==============================================================
[2025-03-03T08:10:12.483+0000] {spark_submit.py:641} INFO - 25/03/03 08:10:12 INFO ResourceUtils: No custom resources configured for spark.driver.
[2025-03-03T08:10:12.484+0000] {spark_submit.py:641} INFO - 25/03/03 08:10:12 INFO ResourceUtils: ==============================================================
[2025-03-03T08:10:12.485+0000] {spark_submit.py:641} INFO - 25/03/03 08:10:12 INFO SparkContext: Submitted application: feature-engineering
[2025-03-03T08:10:12.524+0000] {spark_submit.py:641} INFO - 25/03/03 08:10:12 INFO ResourceProfile: Default ResourceProfile created, executor resources: Map(memory -> name: memory, amount: 1024, script: , vendor: , offHeap -> name: offHeap, amount: 0, script: , vendor: ), task resources: Map(cpus -> name: cpus, amount: 1.0)
[2025-03-03T08:10:12.542+0000] {spark_submit.py:641} INFO - 25/03/03 08:10:12 INFO ResourceProfile: Limiting resource is cpu
[2025-03-03T08:10:12.543+0000] {spark_submit.py:641} INFO - 25/03/03 08:10:12 INFO ResourceProfileManager: Added ResourceProfile id: 0
[2025-03-03T08:10:12.631+0000] {spark_submit.py:641} INFO - 25/03/03 08:10:12 INFO SecurityManager: Changing view acls to: ***
[2025-03-03T08:10:12.632+0000] {spark_submit.py:641} INFO - 25/03/03 08:10:12 INFO SecurityManager: Changing modify acls to: ***
[2025-03-03T08:10:12.633+0000] {spark_submit.py:641} INFO - 25/03/03 08:10:12 INFO SecurityManager: Changing view acls groups to:
[2025-03-03T08:10:12.634+0000] {spark_submit.py:641} INFO - 25/03/03 08:10:12 INFO SecurityManager: Changing modify acls groups to:
[2025-03-03T08:10:12.634+0000] {spark_submit.py:641} INFO - 25/03/03 08:10:12 INFO SecurityManager: SecurityManager: authentication disabled; ui acls disabled; users with view permissions: ***; groups with view permissions: EMPTY; users with modify permissions: ***; groups with modify permissions: EMPTY
[2025-03-03T08:10:12.940+0000] {spark_submit.py:641} INFO - 25/03/03 08:10:12 INFO Utils: Successfully started service 'sparkDriver' on port 41127.
[2025-03-03T08:10:13.000+0000] {spark_submit.py:641} INFO - 25/03/03 08:10:13 INFO SparkEnv: Registering MapOutputTracker
[2025-03-03T08:10:13.053+0000] {spark_submit.py:641} INFO - 25/03/03 08:10:13 INFO SparkEnv: Registering BlockManagerMaster
[2025-03-03T08:10:13.090+0000] {spark_submit.py:641} INFO - 25/03/03 08:10:13 INFO BlockManagerMasterEndpoint: Using org.apache.spark.storage.DefaultTopologyMapper for getting topology information
[2025-03-03T08:10:13.092+0000] {spark_submit.py:641} INFO - 25/03/03 08:10:13 INFO BlockManagerMasterEndpoint: BlockManagerMasterEndpoint up
[2025-03-03T08:10:13.099+0000] {spark_submit.py:641} INFO - 25/03/03 08:10:13 INFO SparkEnv: Registering BlockManagerMasterHeartbeat
[2025-03-03T08:10:13.129+0000] {spark_submit.py:641} INFO - 25/03/03 08:10:13 INFO DiskBlockManager: Created local directory at /tmp/blockmgr-cd83ecc6-4fe3-4cd5-9238-d4fd2f2f5ced
[2025-03-03T08:10:13.144+0000] {spark_submit.py:641} INFO - 25/03/03 08:10:13 INFO MemoryStore: MemoryStore started with capacity 434.4 MiB
[2025-03-03T08:10:13.163+0000] {spark_submit.py:641} INFO - 25/03/03 08:10:13 INFO SparkEnv: Registering OutputCommitCoordinator
[2025-03-03T08:10:13.365+0000] {spark_submit.py:641} INFO - 25/03/03 08:10:13 INFO JettyUtils: Start Jetty 0.0.0.0:4040 for SparkUI
[2025-03-03T08:10:13.437+0000] {spark_submit.py:641} INFO - 25/03/03 08:10:13 INFO Utils: Successfully started service 'SparkUI' on port 4040.
[2025-03-03T08:10:13.574+0000] {spark_submit.py:641} INFO - 25/03/03 08:10:13 INFO StandaloneAppClient$ClientEndpoint: Connecting to master spark://spark-master:7077...
[2025-03-03T08:10:13.623+0000] {spark_submit.py:641} INFO - 25/03/03 08:10:13 INFO TransportClientFactory: Successfully created connection to spark-master/172.19.0.3:7077 after 26 ms (0 ms spent in bootstraps)
[2025-03-03T08:10:13.851+0000] {spark_submit.py:641} INFO - 25/03/03 08:10:13 INFO StandaloneSchedulerBackend: Connected to Spark cluster with app ID app-20250303081013-0001
[2025-03-03T08:10:13.859+0000] {spark_submit.py:641} INFO - 25/03/03 08:10:13 INFO Utils: Successfully started service 'org.apache.spark.network.netty.NettyBlockTransferService' on port 34943.
[2025-03-03T08:10:13.860+0000] {spark_submit.py:641} INFO - 25/03/03 08:10:13 INFO NettyBlockTransferService: Server created on bc29da8b88b2:34943
[2025-03-03T08:10:13.863+0000] {spark_submit.py:641} INFO - 25/03/03 08:10:13 INFO BlockManager: Using org.apache.spark.storage.RandomBlockReplicationPolicy for block replication policy
[2025-03-03T08:10:13.874+0000] {spark_submit.py:641} INFO - 25/03/03 08:10:13 INFO BlockManagerMaster: Registering BlockManager BlockManagerId(driver, bc29da8b88b2, 34943, None)
[2025-03-03T08:10:13.878+0000] {spark_submit.py:641} INFO - 25/03/03 08:10:13 INFO BlockManagerMasterEndpoint: Registering block manager bc29da8b88b2:34943 with 434.4 MiB RAM, BlockManagerId(driver, bc29da8b88b2, 34943, None)
[2025-03-03T08:10:13.880+0000] {spark_submit.py:641} INFO - 25/03/03 08:10:13 INFO BlockManagerMaster: Registered BlockManager BlockManagerId(driver, bc29da8b88b2, 34943, None)
[2025-03-03T08:10:13.882+0000] {spark_submit.py:641} INFO - 25/03/03 08:10:13 INFO BlockManager: Initialized BlockManager: BlockManagerId(driver, bc29da8b88b2, 34943, None)
[2025-03-03T08:10:14.114+0000] {spark_submit.py:641} INFO - 25/03/03 08:10:14 INFO StandaloneSchedulerBackend: SchedulerBackend is ready for scheduling beginning after reached minRegisteredResourcesRatio: 0.0
[2025-03-03T08:10:14.428+0000] {spark_submit.py:641} INFO - 25/03/03 08:10:14 INFO SharedState: Setting hive.metastore.warehouse.dir ('null') to the value of spark.sql.warehouse.dir.
[2025-03-03T08:10:14.444+0000] {spark_submit.py:641} INFO - 25/03/03 08:10:14 INFO SharedState: Warehouse path is 'file:/opt/***/spark-warehouse'.
[2025-03-03T08:10:15.776+0000] {spark_submit.py:641} INFO - 25/03/03 08:10:15 INFO InMemoryFileIndex: It took 72 ms to list leaf files for 1 paths.
[2025-03-03T08:10:15.872+0000] {spark_submit.py:641} INFO - 25/03/03 08:10:15 INFO InMemoryFileIndex: It took 5 ms to list leaf files for 1 paths.
[2025-03-03T08:10:18.103+0000] {spark_submit.py:641} INFO - 25/03/03 08:10:18 INFO FileSourceStrategy: Pushed Filters:
[2025-03-03T08:10:18.106+0000] {spark_submit.py:641} INFO - 25/03/03 08:10:18 INFO FileSourceStrategy: Post-Scan Filters: (length(trim(value#0, None)) > 0)
[2025-03-03T08:10:18.693+0000] {spark_submit.py:641} INFO - 25/03/03 08:10:18 INFO CodeGenerator: Code generated in 229.993871 ms
[2025-03-03T08:10:18.753+0000] {spark_submit.py:641} INFO - 25/03/03 08:10:18 INFO MemoryStore: Block broadcast_0 stored as values in memory (estimated size 199.6 KiB, free 434.2 MiB)
[2025-03-03T08:10:18.821+0000] {spark_submit.py:641} INFO - 25/03/03 08:10:18 INFO MemoryStore: Block broadcast_0_piece0 stored as bytes in memory (estimated size 34.3 KiB, free 434.2 MiB)
[2025-03-03T08:10:18.824+0000] {spark_submit.py:641} INFO - 25/03/03 08:10:18 INFO BlockManagerInfo: Added broadcast_0_piece0 in memory on bc29da8b88b2:34943 (size: 34.3 KiB, free: 434.4 MiB)
[2025-03-03T08:10:18.829+0000] {spark_submit.py:641} INFO - 25/03/03 08:10:18 INFO SparkContext: Created broadcast 0 from csv at NativeMethodAccessorImpl.java:0
[2025-03-03T08:10:18.839+0000] {spark_submit.py:641} INFO - 25/03/03 08:10:18 INFO FileSourceScanExec: Planning scan with bin packing, max size: 4194304 bytes, open cost is considered as scanning 4194304 bytes.
[2025-03-03T08:10:18.936+0000] {spark_submit.py:641} INFO - 25/03/03 08:10:18 INFO SparkContext: Starting job: csv at NativeMethodAccessorImpl.java:0
[2025-03-03T08:10:18.953+0000] {spark_submit.py:641} INFO - 25/03/03 08:10:18 INFO DAGScheduler: Got job 0 (csv at NativeMethodAccessorImpl.java:0) with 1 output partitions
[2025-03-03T08:10:18.954+0000] {spark_submit.py:641} INFO - 25/03/03 08:10:18 INFO DAGScheduler: Final stage: ResultStage 0 (csv at NativeMethodAccessorImpl.java:0)
[2025-03-03T08:10:18.954+0000] {spark_submit.py:641} INFO - 25/03/03 08:10:18 INFO DAGScheduler: Parents of final stage: List()
[2025-03-03T08:10:18.955+0000] {spark_submit.py:641} INFO - 25/03/03 08:10:18 INFO DAGScheduler: Missing parents: List()
[2025-03-03T08:10:18.958+0000] {spark_submit.py:641} INFO - 25/03/03 08:10:18 INFO DAGScheduler: Submitting ResultStage 0 (MapPartitionsRDD[3] at csv at NativeMethodAccessorImpl.java:0), which has no missing parents
[2025-03-03T08:10:19.031+0000] {spark_submit.py:641} INFO - 25/03/03 08:10:19 INFO MemoryStore: Block broadcast_1 stored as values in memory (estimated size 13.5 KiB, free 434.2 MiB)
[2025-03-03T08:10:19.038+0000] {spark_submit.py:641} INFO - 25/03/03 08:10:19 INFO MemoryStore: Block broadcast_1_piece0 stored as bytes in memory (estimated size 6.4 KiB, free 434.2 MiB)
[2025-03-03T08:10:19.039+0000] {spark_submit.py:641} INFO - 25/03/03 08:10:19 INFO BlockManagerInfo: Added broadcast_1_piece0 in memory on bc29da8b88b2:34943 (size: 6.4 KiB, free: 434.4 MiB)
[2025-03-03T08:10:19.040+0000] {spark_submit.py:641} INFO - 25/03/03 08:10:19 INFO SparkContext: Created broadcast 1 from broadcast at DAGScheduler.scala:1585
[2025-03-03T08:10:19.060+0000] {spark_submit.py:641} INFO - 25/03/03 08:10:19 INFO DAGScheduler: Submitting 1 missing tasks from ResultStage 0 (MapPartitionsRDD[3] at csv at NativeMethodAccessorImpl.java:0) (first 15 tasks are for partitions Vector(0))
[2025-03-03T08:10:19.061+0000] {spark_submit.py:641} INFO - 25/03/03 08:10:19 INFO TaskSchedulerImpl: Adding task set 0.0 with 1 tasks resource profile 0
[2025-03-03T08:10:24.637+0000] {spark_submit.py:641} INFO - 25/03/03 08:10:24 INFO StandaloneAppClient$ClientEndpoint: Executor added: app-20250303081013-0001/0 on worker-20250303075214-172.19.0.4-45105 (172.19.0.4:45105) with 2 core(s)
[2025-03-03T08:10:24.639+0000] {spark_submit.py:641} INFO - 25/03/03 08:10:24 INFO StandaloneSchedulerBackend: Granted executor ID app-20250303081013-0001/0 on hostPort 172.19.0.4:45105 with 2 core(s), 1024.0 MiB RAM
[2025-03-03T08:10:24.703+0000] {spark_submit.py:641} INFO - 25/03/03 08:10:24 INFO StandaloneAppClient$ClientEndpoint: Executor updated: app-20250303081013-0001/0 is now RUNNING
[2025-03-03T08:10:26.589+0000] {spark_submit.py:641} INFO - 25/03/03 08:10:26 INFO StandaloneSchedulerBackend$StandaloneDriverEndpoint: Registered executor NettyRpcEndpointRef(spark-client://Executor) (172.19.0.4:44084) with ID 0,  ResourceProfileId 0
[2025-03-03T08:10:26.664+0000] {spark_submit.py:641} INFO - 25/03/03 08:10:26 INFO BlockManagerMasterEndpoint: Registering block manager 172.19.0.4:45275 with 434.4 MiB RAM, BlockManagerId(0, 172.19.0.4, 45275, None)
[2025-03-03T08:10:26.730+0000] {spark_submit.py:641} INFO - 25/03/03 08:10:26 INFO TaskSetManager: Starting task 0.0 in stage 0.0 (TID 0) (172.19.0.4, executor 0, partition 0, PROCESS_LOCAL, 9622 bytes)
[2025-03-03T08:10:26.967+0000] {spark_submit.py:641} INFO - 25/03/03 08:10:26 INFO BlockManagerInfo: Added broadcast_1_piece0 in memory on 172.19.0.4:45275 (size: 6.4 KiB, free: 434.4 MiB)
[2025-03-03T08:10:27.568+0000] {spark_submit.py:641} INFO - 25/03/03 08:10:27 INFO BlockManagerInfo: Added broadcast_0_piece0 in memory on 172.19.0.4:45275 (size: 34.3 KiB, free: 434.4 MiB)
[2025-03-03T08:10:27.753+0000] {spark_submit.py:641} INFO - 25/03/03 08:10:27 INFO TaskSetManager: Finished task 0.0 in stage 0.0 (TID 0) in 1033 ms on 172.19.0.4 (executor 0) (1/1)
[2025-03-03T08:10:27.767+0000] {spark_submit.py:641} INFO - 25/03/03 08:10:27 INFO TaskSchedulerImpl: Removed TaskSet 0.0, whose tasks have all completed, from pool
[2025-03-03T08:10:27.767+0000] {spark_submit.py:641} INFO - 25/03/03 08:10:27 INFO DAGScheduler: ResultStage 0 (csv at NativeMethodAccessorImpl.java:0) finished in 8.785 s
[2025-03-03T08:10:27.768+0000] {spark_submit.py:641} INFO - 25/03/03 08:10:27 INFO DAGScheduler: Job 0 is finished. Cancelling potential speculative or zombie tasks for this job
[2025-03-03T08:10:27.768+0000] {spark_submit.py:641} INFO - 25/03/03 08:10:27 INFO TaskSchedulerImpl: Killing all running tasks in stage 0: Stage finished
[2025-03-03T08:10:27.770+0000] {spark_submit.py:641} INFO - 25/03/03 08:10:27 INFO DAGScheduler: Job 0 finished: csv at NativeMethodAccessorImpl.java:0, took 8.824475 s
[2025-03-03T08:10:27.780+0000] {spark_submit.py:641} INFO - 25/03/03 08:10:27 INFO CodeGenerator: Code generated in 8.529551 ms
[2025-03-03T08:10:27.819+0000] {spark_submit.py:641} INFO - 25/03/03 08:10:27 INFO BlockManagerInfo: Removed broadcast_1_piece0 on bc29da8b88b2:34943 in memory (size: 6.4 KiB, free: 434.4 MiB)
[2025-03-03T08:10:27.834+0000] {spark_submit.py:641} INFO - 25/03/03 08:10:27 INFO BlockManagerInfo: Removed broadcast_1_piece0 on 172.19.0.4:45275 in memory (size: 6.4 KiB, free: 434.4 MiB)
[2025-03-03T08:10:27.835+0000] {spark_submit.py:641} INFO - 25/03/03 08:10:27 INFO FileSourceStrategy: Pushed Filters:
[2025-03-03T08:10:27.836+0000] {spark_submit.py:641} INFO - 25/03/03 08:10:27 INFO FileSourceStrategy: Post-Scan Filters:
[2025-03-03T08:10:27.837+0000] {spark_submit.py:641} INFO - 25/03/03 08:10:27 INFO MemoryStore: Block broadcast_2 stored as values in memory (estimated size 199.6 KiB, free 434.0 MiB)
[2025-03-03T08:10:27.848+0000] {spark_submit.py:641} INFO - 25/03/03 08:10:27 INFO MemoryStore: Block broadcast_2_piece0 stored as bytes in memory (estimated size 34.3 KiB, free 433.9 MiB)
[2025-03-03T08:10:27.849+0000] {spark_submit.py:641} INFO - 25/03/03 08:10:27 INFO BlockManagerInfo: Added broadcast_2_piece0 in memory on bc29da8b88b2:34943 (size: 34.3 KiB, free: 434.3 MiB)
[2025-03-03T08:10:27.850+0000] {spark_submit.py:641} INFO - 25/03/03 08:10:27 INFO SparkContext: Created broadcast 2 from csv at NativeMethodAccessorImpl.java:0
[2025-03-03T08:10:27.851+0000] {spark_submit.py:641} INFO - 25/03/03 08:10:27 INFO FileSourceScanExec: Planning scan with bin packing, max size: 4194304 bytes, open cost is considered as scanning 4194304 bytes.
[2025-03-03T08:10:27.900+0000] {spark_submit.py:641} INFO - 25/03/03 08:10:27 INFO SparkContext: Starting job: csv at NativeMethodAccessorImpl.java:0
[2025-03-03T08:10:27.902+0000] {spark_submit.py:641} INFO - 25/03/03 08:10:27 INFO DAGScheduler: Got job 1 (csv at NativeMethodAccessorImpl.java:0) with 1 output partitions
[2025-03-03T08:10:27.903+0000] {spark_submit.py:641} INFO - 25/03/03 08:10:27 INFO DAGScheduler: Final stage: ResultStage 1 (csv at NativeMethodAccessorImpl.java:0)
[2025-03-03T08:10:27.904+0000] {spark_submit.py:641} INFO - 25/03/03 08:10:27 INFO DAGScheduler: Parents of final stage: List()
[2025-03-03T08:10:27.905+0000] {spark_submit.py:641} INFO - 25/03/03 08:10:27 INFO DAGScheduler: Missing parents: List()
[2025-03-03T08:10:27.905+0000] {spark_submit.py:641} INFO - 25/03/03 08:10:27 INFO DAGScheduler: Submitting ResultStage 1 (MapPartitionsRDD[9] at csv at NativeMethodAccessorImpl.java:0), which has no missing parents
[2025-03-03T08:10:27.916+0000] {spark_submit.py:641} INFO - 25/03/03 08:10:27 INFO MemoryStore: Block broadcast_3 stored as values in memory (estimated size 27.6 KiB, free 433.9 MiB)
[2025-03-03T08:10:27.921+0000] {spark_submit.py:641} INFO - 25/03/03 08:10:27 INFO MemoryStore: Block broadcast_3_piece0 stored as bytes in memory (estimated size 12.7 KiB, free 433.9 MiB)
[2025-03-03T08:10:27.922+0000] {spark_submit.py:641} INFO - 25/03/03 08:10:27 INFO BlockManagerInfo: Added broadcast_3_piece0 in memory on bc29da8b88b2:34943 (size: 12.7 KiB, free: 434.3 MiB)
[2025-03-03T08:10:27.923+0000] {spark_submit.py:641} INFO - 25/03/03 08:10:27 INFO SparkContext: Created broadcast 3 from broadcast at DAGScheduler.scala:1585
[2025-03-03T08:10:27.924+0000] {spark_submit.py:641} INFO - 25/03/03 08:10:27 INFO DAGScheduler: Submitting 1 missing tasks from ResultStage 1 (MapPartitionsRDD[9] at csv at NativeMethodAccessorImpl.java:0) (first 15 tasks are for partitions Vector(0))
[2025-03-03T08:10:27.924+0000] {spark_submit.py:641} INFO - 25/03/03 08:10:27 INFO TaskSchedulerImpl: Adding task set 1.0 with 1 tasks resource profile 0
[2025-03-03T08:10:27.925+0000] {spark_submit.py:641} INFO - 25/03/03 08:10:27 INFO TaskSetManager: Starting task 0.0 in stage 1.0 (TID 1) (172.19.0.4, executor 0, partition 0, PROCESS_LOCAL, 9622 bytes)
[2025-03-03T08:10:27.952+0000] {spark_submit.py:641} INFO - 25/03/03 08:10:27 INFO BlockManagerInfo: Added broadcast_3_piece0 in memory on 172.19.0.4:45275 (size: 12.7 KiB, free: 434.4 MiB)
[2025-03-03T08:10:28.960+0000] {spark_submit.py:641} INFO - 25/03/03 08:10:28 INFO BlockManagerInfo: Added broadcast_2_piece0 in memory on 172.19.0.4:45275 (size: 34.3 KiB, free: 434.3 MiB)
[2025-03-03T08:10:29.119+0000] {spark_submit.py:641} INFO - 25/03/03 08:10:29 INFO TaskSetManager: Finished task 0.0 in stage 1.0 (TID 1) in 1194 ms on 172.19.0.4 (executor 0) (1/1)
[2025-03-03T08:10:29.120+0000] {spark_submit.py:641} INFO - 25/03/03 08:10:29 INFO TaskSchedulerImpl: Removed TaskSet 1.0, whose tasks have all completed, from pool
[2025-03-03T08:10:29.121+0000] {spark_submit.py:641} INFO - 25/03/03 08:10:29 INFO DAGScheduler: ResultStage 1 (csv at NativeMethodAccessorImpl.java:0) finished in 1.215 s
[2025-03-03T08:10:29.122+0000] {spark_submit.py:641} INFO - 25/03/03 08:10:29 INFO DAGScheduler: Job 1 is finished. Cancelling potential speculative or zombie tasks for this job
[2025-03-03T08:10:29.123+0000] {spark_submit.py:641} INFO - 25/03/03 08:10:29 INFO TaskSchedulerImpl: Killing all running tasks in stage 1: Stage finished
[2025-03-03T08:10:29.124+0000] {spark_submit.py:641} INFO - 25/03/03 08:10:29 INFO DAGScheduler: Job 1 finished: csv at NativeMethodAccessorImpl.java:0, took 1.221029 s
[2025-03-03T08:10:29.660+0000] {spark_submit.py:641} INFO - 25/03/03 08:10:29 INFO BlockManagerInfo: Removed broadcast_3_piece0 on bc29da8b88b2:34943 in memory (size: 12.7 KiB, free: 434.3 MiB)
[2025-03-03T08:10:29.663+0000] {spark_submit.py:641} INFO - 25/03/03 08:10:29 INFO BlockManagerInfo: Removed broadcast_3_piece0 on 172.19.0.4:45275 in memory (size: 12.7 KiB, free: 434.3 MiB)
[2025-03-03T08:10:29.760+0000] {spark_submit.py:641} INFO - 25/03/03 08:10:29 INFO FileSourceStrategy: Pushed Filters:
[2025-03-03T08:10:29.760+0000] {spark_submit.py:641} INFO - 25/03/03 08:10:29 INFO FileSourceStrategy: Post-Scan Filters:
[2025-03-03T08:10:29.763+0000] {spark_submit.py:641} INFO - 25/03/03 08:10:29 WARN WindowExec: No Partition Defined for Window operation! Moving all data to a single partition, this can cause serious performance degradation.
[2025-03-03T08:10:29.783+0000] {spark_submit.py:641} INFO - 25/03/03 08:10:29 WARN WindowExec: No Partition Defined for Window operation! Moving all data to a single partition, this can cause serious performance degradation.
[2025-03-03T08:10:29.797+0000] {spark_submit.py:641} INFO - 25/03/03 08:10:29 WARN WindowExec: No Partition Defined for Window operation! Moving all data to a single partition, this can cause serious performance degradation.
[2025-03-03T08:10:29.882+0000] {spark_submit.py:641} INFO - 25/03/03 08:10:29 INFO CodeGenerator: Code generated in 22.72261 ms
[2025-03-03T08:10:29.886+0000] {spark_submit.py:641} INFO - 25/03/03 08:10:29 INFO MemoryStore: Block broadcast_4 stored as values in memory (estimated size 199.5 KiB, free 433.7 MiB)
[2025-03-03T08:10:29.897+0000] {spark_submit.py:641} INFO - 25/03/03 08:10:29 INFO MemoryStore: Block broadcast_4_piece0 stored as bytes in memory (estimated size 34.3 KiB, free 433.7 MiB)
[2025-03-03T08:10:29.898+0000] {spark_submit.py:641} INFO - 25/03/03 08:10:29 INFO BlockManagerInfo: Added broadcast_4_piece0 in memory on bc29da8b88b2:34943 (size: 34.3 KiB, free: 434.3 MiB)
[2025-03-03T08:10:29.900+0000] {spark_submit.py:641} INFO - 25/03/03 08:10:29 INFO SparkContext: Created broadcast 4 from showString at NativeMethodAccessorImpl.java:0
[2025-03-03T08:10:29.904+0000] {spark_submit.py:641} INFO - 25/03/03 08:10:29 INFO FileSourceScanExec: Planning scan with bin packing, max size: 4194304 bytes, open cost is considered as scanning 4194304 bytes.
[2025-03-03T08:10:29.923+0000] {spark_submit.py:641} INFO - 25/03/03 08:10:29 INFO DAGScheduler: Registering RDD 13 (showString at NativeMethodAccessorImpl.java:0) as input to shuffle 0
[2025-03-03T08:10:29.926+0000] {spark_submit.py:641} INFO - 25/03/03 08:10:29 INFO DAGScheduler: Got map stage job 2 (showString at NativeMethodAccessorImpl.java:0) with 1 output partitions
[2025-03-03T08:10:29.927+0000] {spark_submit.py:641} INFO - 25/03/03 08:10:29 INFO DAGScheduler: Final stage: ShuffleMapStage 2 (showString at NativeMethodAccessorImpl.java:0)
[2025-03-03T08:10:29.927+0000] {spark_submit.py:641} INFO - 25/03/03 08:10:29 INFO DAGScheduler: Parents of final stage: List()
[2025-03-03T08:10:29.928+0000] {spark_submit.py:641} INFO - 25/03/03 08:10:29 INFO DAGScheduler: Missing parents: List()
[2025-03-03T08:10:29.929+0000] {spark_submit.py:641} INFO - 25/03/03 08:10:29 INFO DAGScheduler: Submitting ShuffleMapStage 2 (MapPartitionsRDD[13] at showString at NativeMethodAccessorImpl.java:0), which has no missing parents
[2025-03-03T08:10:29.940+0000] {spark_submit.py:641} INFO - 25/03/03 08:10:29 INFO MemoryStore: Block broadcast_5 stored as values in memory (estimated size 22.0 KiB, free 433.7 MiB)
[2025-03-03T08:10:29.946+0000] {spark_submit.py:641} INFO - 25/03/03 08:10:29 INFO MemoryStore: Block broadcast_5_piece0 stored as bytes in memory (estimated size 10.0 KiB, free 433.7 MiB)
[2025-03-03T08:10:29.947+0000] {spark_submit.py:641} INFO - 25/03/03 08:10:29 INFO BlockManagerInfo: Added broadcast_5_piece0 in memory on bc29da8b88b2:34943 (size: 10.0 KiB, free: 434.3 MiB)
[2025-03-03T08:10:29.948+0000] {spark_submit.py:641} INFO - 25/03/03 08:10:29 INFO SparkContext: Created broadcast 5 from broadcast at DAGScheduler.scala:1585
[2025-03-03T08:10:29.950+0000] {spark_submit.py:641} INFO - 25/03/03 08:10:29 INFO DAGScheduler: Submitting 1 missing tasks from ShuffleMapStage 2 (MapPartitionsRDD[13] at showString at NativeMethodAccessorImpl.java:0) (first 15 tasks are for partitions Vector(0))
[2025-03-03T08:10:29.951+0000] {spark_submit.py:641} INFO - 25/03/03 08:10:29 INFO TaskSchedulerImpl: Adding task set 2.0 with 1 tasks resource profile 0
[2025-03-03T08:10:29.954+0000] {spark_submit.py:641} INFO - 25/03/03 08:10:29 INFO TaskSetManager: Starting task 0.0 in stage 2.0 (TID 2) (172.19.0.4, executor 0, partition 0, PROCESS_LOCAL, 9611 bytes)
[2025-03-03T08:10:29.980+0000] {spark_submit.py:641} INFO - 25/03/03 08:10:29 INFO BlockManagerInfo: Removed broadcast_0_piece0 on bc29da8b88b2:34943 in memory (size: 34.3 KiB, free: 434.3 MiB)
[2025-03-03T08:10:29.985+0000] {spark_submit.py:641} INFO - 25/03/03 08:10:29 INFO BlockManagerInfo: Removed broadcast_0_piece0 on 172.19.0.4:45275 in memory (size: 34.3 KiB, free: 434.4 MiB)
[2025-03-03T08:10:29.994+0000] {spark_submit.py:641} INFO - 25/03/03 08:10:29 INFO BlockManagerInfo: Added broadcast_5_piece0 in memory on 172.19.0.4:45275 (size: 10.0 KiB, free: 434.4 MiB)
[2025-03-03T08:10:29.995+0000] {spark_submit.py:641} INFO - 25/03/03 08:10:29 INFO BlockManagerInfo: Removed broadcast_2_piece0 on bc29da8b88b2:34943 in memory (size: 34.3 KiB, free: 434.4 MiB)
[2025-03-03T08:10:29.996+0000] {spark_submit.py:641} INFO - 25/03/03 08:10:29 INFO BlockManagerInfo: Removed broadcast_2_piece0 on 172.19.0.4:45275 in memory (size: 34.3 KiB, free: 434.4 MiB)
[2025-03-03T08:10:30.095+0000] {spark_submit.py:641} INFO - 25/03/03 08:10:30 INFO BlockManagerInfo: Added broadcast_4_piece0 in memory on 172.19.0.4:45275 (size: 34.3 KiB, free: 434.4 MiB)
[2025-03-03T08:10:30.304+0000] {spark_submit.py:641} INFO - 25/03/03 08:10:30 INFO TaskSetManager: Finished task 0.0 in stage 2.0 (TID 2) in 353 ms on 172.19.0.4 (executor 0) (1/1)
[2025-03-03T08:10:30.305+0000] {spark_submit.py:641} INFO - 25/03/03 08:10:30 INFO TaskSchedulerImpl: Removed TaskSet 2.0, whose tasks have all completed, from pool
[2025-03-03T08:10:30.307+0000] {spark_submit.py:641} INFO - 25/03/03 08:10:30 INFO DAGScheduler: ShuffleMapStage 2 (showString at NativeMethodAccessorImpl.java:0) finished in 0.374 s
[2025-03-03T08:10:30.308+0000] {spark_submit.py:641} INFO - 25/03/03 08:10:30 INFO DAGScheduler: looking for newly runnable stages
[2025-03-03T08:10:30.308+0000] {spark_submit.py:641} INFO - 25/03/03 08:10:30 INFO DAGScheduler: running: Set()
[2025-03-03T08:10:30.309+0000] {spark_submit.py:641} INFO - 25/03/03 08:10:30 INFO DAGScheduler: waiting: Set()
[2025-03-03T08:10:30.310+0000] {spark_submit.py:641} INFO - 25/03/03 08:10:30 INFO DAGScheduler: failed: Set()
[2025-03-03T08:10:30.328+0000] {spark_submit.py:641} INFO - 25/03/03 08:10:30 WARN WindowExec: No Partition Defined for Window operation! Moving all data to a single partition, this can cause serious performance degradation.
[2025-03-03T08:10:30.329+0000] {spark_submit.py:641} INFO - 25/03/03 08:10:30 WARN WindowExec: No Partition Defined for Window operation! Moving all data to a single partition, this can cause serious performance degradation.
[2025-03-03T08:10:30.376+0000] {spark_submit.py:641} INFO - 25/03/03 08:10:30 INFO CodeGenerator: Code generated in 28.684289 ms
[2025-03-03T08:10:30.399+0000] {spark_submit.py:641} INFO - 25/03/03 08:10:30 INFO CodeGenerator: Code generated in 11.897274 ms
[2025-03-03T08:10:30.452+0000] {spark_submit.py:641} INFO - 25/03/03 08:10:30 INFO SparkContext: Starting job: showString at NativeMethodAccessorImpl.java:0
[2025-03-03T08:10:30.454+0000] {spark_submit.py:641} INFO - 25/03/03 08:10:30 INFO DAGScheduler: Got job 3 (showString at NativeMethodAccessorImpl.java:0) with 1 output partitions
[2025-03-03T08:10:30.455+0000] {spark_submit.py:641} INFO - 25/03/03 08:10:30 INFO DAGScheduler: Final stage: ResultStage 4 (showString at NativeMethodAccessorImpl.java:0)
[2025-03-03T08:10:30.456+0000] {spark_submit.py:641} INFO - 25/03/03 08:10:30 INFO DAGScheduler: Parents of final stage: List(ShuffleMapStage 3)
[2025-03-03T08:10:30.456+0000] {spark_submit.py:641} INFO - 25/03/03 08:10:30 INFO DAGScheduler: Missing parents: List()
[2025-03-03T08:10:30.457+0000] {spark_submit.py:641} INFO - 25/03/03 08:10:30 INFO DAGScheduler: Submitting ResultStage 4 (MapPartitionsRDD[18] at showString at NativeMethodAccessorImpl.java:0), which has no missing parents
[2025-03-03T08:10:30.465+0000] {spark_submit.py:641} INFO - 25/03/03 08:10:30 INFO MemoryStore: Block broadcast_6 stored as values in memory (estimated size 62.4 KiB, free 434.1 MiB)
[2025-03-03T08:10:30.471+0000] {spark_submit.py:641} INFO - 25/03/03 08:10:30 INFO MemoryStore: Block broadcast_6_piece0 stored as bytes in memory (estimated size 24.8 KiB, free 434.1 MiB)
[2025-03-03T08:10:30.476+0000] {spark_submit.py:641} INFO - 25/03/03 08:10:30 INFO BlockManagerInfo: Removed broadcast_5_piece0 on 172.19.0.4:45275 in memory (size: 10.0 KiB, free: 434.4 MiB)
[2025-03-03T08:10:30.490+0000] {spark_submit.py:641} INFO - 25/03/03 08:10:30 INFO BlockManagerInfo: Removed broadcast_5_piece0 on bc29da8b88b2:34943 in memory (size: 10.0 KiB, free: 434.4 MiB)
[2025-03-03T08:10:30.491+0000] {spark_submit.py:641} INFO - 25/03/03 08:10:30 INFO BlockManagerInfo: Added broadcast_6_piece0 in memory on bc29da8b88b2:34943 (size: 24.8 KiB, free: 434.3 MiB)
[2025-03-03T08:10:30.495+0000] {spark_submit.py:641} INFO - 25/03/03 08:10:30 INFO SparkContext: Created broadcast 6 from broadcast at DAGScheduler.scala:1585
[2025-03-03T08:10:30.496+0000] {spark_submit.py:641} INFO - 25/03/03 08:10:30 INFO DAGScheduler: Submitting 1 missing tasks from ResultStage 4 (MapPartitionsRDD[18] at showString at NativeMethodAccessorImpl.java:0) (first 15 tasks are for partitions Vector(0))
[2025-03-03T08:10:30.497+0000] {spark_submit.py:641} INFO - 25/03/03 08:10:30 INFO TaskSchedulerImpl: Adding task set 4.0 with 1 tasks resource profile 0
[2025-03-03T08:10:30.501+0000] {spark_submit.py:641} INFO - 25/03/03 08:10:30 INFO TaskSetManager: Starting task 0.0 in stage 4.0 (TID 3) (172.19.0.4, executor 0, partition 0, NODE_LOCAL, 9003 bytes)
[2025-03-03T08:10:30.519+0000] {spark_submit.py:641} INFO - 25/03/03 08:10:30 INFO BlockManagerInfo: Added broadcast_6_piece0 in memory on 172.19.0.4:45275 (size: 24.8 KiB, free: 434.3 MiB)
[2025-03-03T08:10:30.699+0000] {spark_submit.py:641} INFO - 25/03/03 08:10:30 INFO MapOutputTrackerMasterEndpoint: Asked to send map output locations for shuffle 0 to 172.19.0.4:44084
[2025-03-03T08:10:31.624+0000] {spark_submit.py:641} INFO - 25/03/03 08:10:31 INFO TaskSetManager: Finished task 0.0 in stage 4.0 (TID 3) in 1124 ms on 172.19.0.4 (executor 0) (1/1)
[2025-03-03T08:10:31.625+0000] {spark_submit.py:641} INFO - 25/03/03 08:10:31 INFO TaskSchedulerImpl: Removed TaskSet 4.0, whose tasks have all completed, from pool
[2025-03-03T08:10:31.626+0000] {spark_submit.py:641} INFO - 25/03/03 08:10:31 INFO DAGScheduler: ResultStage 4 (showString at NativeMethodAccessorImpl.java:0) finished in 1.165 s
[2025-03-03T08:10:31.626+0000] {spark_submit.py:641} INFO - 25/03/03 08:10:31 INFO DAGScheduler: Job 3 is finished. Cancelling potential speculative or zombie tasks for this job
[2025-03-03T08:10:31.628+0000] {spark_submit.py:641} INFO - 25/03/03 08:10:31 INFO TaskSchedulerImpl: Killing all running tasks in stage 4: Stage finished
[2025-03-03T08:10:31.628+0000] {spark_submit.py:641} INFO - 25/03/03 08:10:31 INFO DAGScheduler: Job 3 finished: showString at NativeMethodAccessorImpl.java:0, took 1.173462 s
[2025-03-03T08:10:31.657+0000] {spark_submit.py:641} INFO - 25/03/03 08:10:31 INFO CodeGenerator: Code generated in 18.650623 ms
[2025-03-03T08:10:31.672+0000] {spark_submit.py:641} INFO - +------+---------------+-------------+-------------+-------------+------------+-------------+------------+-------------------+----------------+----------------+------------------+-------------------+-------------------+--------------------+--------------------+--------------------+
[2025-03-03T08:10:31.673+0000] {spark_submit.py:641} INFO - |volume|volume_weighted|opening_price|closing_price|highest_price|lowest_price|    timestamp|transactions|       new_datetime|moving_max_close|moving_min_close|  moving_avg_close|        range_close|moving_median_close|    moving_std_close|   moving_skew_close|   moving_kurt_close|
[2025-03-03T08:10:31.674+0000] {spark_submit.py:641} INFO - +------+---------------+-------------+-------------+-------------+------------+-------------+------------+-------------------+----------------+----------------+------------------+-------------------+-------------------+--------------------+--------------------+--------------------+
[2025-03-03T08:10:31.675+0000] {spark_submit.py:641} INFO - |     1|         55.388|       55.388|       55.388|       55.388|      55.388|1704067200000|           1|2024-01-01 00:00:00|          55.388|          55.388|            55.388|                0.0|             55.388|                NULL|                NULL|                NULL|
[2025-03-03T08:10:31.676+0000] {spark_submit.py:641} INFO - |     1|         55.388|       55.388|       55.388|       55.388|      55.388|1704139200000|           1|2024-01-01 20:00:00|          55.388|          55.388|            55.388|                0.0|             55.388|                 0.0|                NULL|                NULL|
[2025-03-03T08:10:31.676+0000] {spark_submit.py:641} INFO - |   533|        55.5054|       55.405|       55.573|       55.586|      55.242|1704153600000|         533|2024-01-02 00:00:00|          55.573|          55.388|55.449666666666666|0.18500000000000227|             55.388| 0.10680979980008208|  0.7071067811865472|                -1.5|
[2025-03-03T08:10:31.677+0000] {spark_submit.py:641} INFO - |   473|        55.5836|        55.58|       55.672|       55.685|      55.445|1704168000000|         473|2024-01-02 04:00:00|          55.672|          55.388|          55.50525| 0.2839999999999989|            55.4805| 0.14129254521500176| 0.23521492085871912|  -1.692789543582231|
[2025-03-03T08:10:31.678+0000] {spark_submit.py:641} INFO - |   942|        55.6157|       55.679|       55.618|       55.683|      55.505|1704182400000|         942|2024-01-02 08:00:00|          55.672|          55.388|           55.5278| 0.2839999999999989|             55.573| 0.13234500368355517| -0.1977323257964816| -1.7097080858037623|
[2025-03-03T08:10:31.679+0000] {spark_submit.py:641} INFO - |   662|        55.6114|       55.619|       55.592|       55.662|       55.48|1704196800000|         662|2024-01-02 12:00:00|          55.672|          55.388|           55.5385| 0.2839999999999989| 55.582499999999996| 0.12123984493556637|-0.46000779253145485| -1.4523941761000643|
[2025-03-03T08:10:31.680+0000] {spark_submit.py:641} INFO - |   155|        55.5755|       55.589|       55.583|         55.6|       55.48|1704211200000|         155|2024-01-02 16:00:00|          55.672|          55.388| 55.57099999999999| 0.2839999999999989|            55.5875| 0.09642406338668762| -1.2178312565589355|  0.4167294226044951|
[2025-03-03T08:10:31.681+0000] {spark_submit.py:641} INFO - |    52|        55.5663|       55.588|       55.563|         55.6|       55.48|1704225600000|          52|2024-01-02 20:00:00|          55.672|          55.563| 55.60016666666667|0.10899999999999466|            55.5875| 0.03989695059358191|   1.032679651212858| -0.2273666986736833|
[2025-03-03T08:10:31.681+0000] {spark_submit.py:641} INFO - |   504|        55.7318|       55.564|       55.681|       55.805|       55.55|1704240000000|         504|2024-01-03 00:00:00|          55.681|          55.563| 55.61816666666667|  0.117999999999995| 55.605000000000004|0.048602126153764386|  0.3335380952059178| -1.4840077397998408|
[2025-03-03T08:10:31.682+0000] {spark_submit.py:641} INFO - |   798|        55.6446|       55.679|       55.583|       55.739|       55.48|1704254400000|         798|2024-01-03 04:00:00|          55.681|          55.563| 55.60333333333333|  0.117999999999995|            55.5875| 0.04202221634643605|  1.1448642131401856| 0.03531558223529174|
[2025-03-03T08:10:31.682+0000] {spark_submit.py:641} INFO - |  1012|        55.6643|       55.558|       55.751|       55.825|       54.92|1704268800000|        1012|2024-01-03 08:00:00|          55.751|          55.563| 55.62549999999999|0.18799999999999528|            55.5875| 0.07412354551692849|  0.9211764524023685| -0.7691175398716963|
[2025-03-03T08:10:31.683+0000] {spark_submit.py:641} INFO - |   684|        55.7647|       55.754|       55.802|       55.845|      55.593|1704283200000|         684|2024-01-03 12:00:00|          55.802|          55.563|55.660500000000006|0.23899999999999721|             55.632|  0.1001513854122846| 0.37625073100996637| -1.4955320862269101|
[2025-03-03T08:10:31.683+0000] {spark_submit.py:641} INFO - |   547|        55.7301|       55.815|       55.738|       55.838|        55.6|1704297600000|         547|2024-01-03 16:00:00|          55.802|          55.563| 55.68633333333333|0.23899999999999721|            55.7095|  0.0960701132853828| -0.2529556276146163|  -1.453217599881956|
[2025-03-03T08:10:31.684+0000] {spark_submit.py:641} INFO - |   184|        55.7401|       55.739|       55.673|       55.775|       55.63|1704312000000|         184|2024-01-03 20:00:00|          55.802|          55.583| 55.70466666666666| 0.2190000000000012|            55.7095| 0.07628542892759109| -0.3885879155725848| -0.7603348864966097|
[2025-03-03T08:10:31.685+0000] {spark_submit.py:641} INFO - |   639|        55.6488|       55.653|       55.568|        55.75|      55.495|1704326400000|         639|2024-01-04 00:00:00|          55.802|          55.568|55.685833333333335|0.23400000000000176|            55.7055| 0.09495981606272627|-0.18915249339063764|  -1.488260490817518|
[2025-03-03T08:10:31.685+0000] {spark_submit.py:641} INFO - |  1134|        55.5318|       55.569|       55.525|       55.615|      55.365|1704340800000|        1134|2024-01-04 04:00:00|          55.802|          55.525| 55.67616666666666|  0.277000000000001|            55.7055| 0.10937900468859148|-0.34690675260692705|   -1.39738611701001|
[2025-03-03T08:10:31.686+0000] {spark_submit.py:641} INFO - |   723|        55.4923|       55.522|       55.536|       55.565|      53.779|1704355200000|         723|2024-01-04 08:00:00|          55.802|          55.525| 55.64033333333333|  0.277000000000001|            55.6205| 0.11503158986411453|  0.3085279053443559| -1.4949311693643248|
[2025-03-03T08:10:31.687+0000] {spark_submit.py:641} INFO - |   410|        55.5717|       55.531|       55.592|       55.615|       55.44|1704369600000|         410|2024-01-04 12:00:00|          55.738|          55.525| 55.60533333333333|0.21300000000000097|              55.58|  0.0836795474812494|  0.6501101031946914|  -1.054466693591349|
[2025-03-03T08:10:31.688+0000] {spark_submit.py:641} INFO - |   138|        55.5721|       55.589|       55.574|       55.589|      55.475|1704384000000|         138|2024-01-04 16:00:00|          55.673|          55.525|            55.578|0.14800000000000324|             55.571| 0.05274466797696325|  0.9497373075280433|-0.13156083500718996|
[2025-03-03T08:10:31.689+0000] {spark_submit.py:641} INFO - |    80|        55.5543|       55.572|       55.523|         55.6|       55.52|1704398400000|          80|2024-01-04 20:00:00|          55.592|          55.523|55.553000000000004|0.06899999999999551|             55.552| 0.02884441020370986| 0.16514833368884574| -1.5900318971892093|
[2025-03-03T08:10:31.689+0000] {spark_submit.py:641} INFO - +------+---------------+-------------+-------------+-------------+------------+-------------+------------+-------------------+----------------+----------------+------------------+-------------------+-------------------+--------------------+--------------------+--------------------+
[2025-03-03T08:10:31.691+0000] {spark_submit.py:641} INFO - only showing top 20 rows
[2025-03-03T08:10:31.691+0000] {spark_submit.py:641} INFO - 
[2025-03-03T08:10:31.737+0000] {spark_submit.py:641} INFO - 25/03/03 08:10:31 INFO SparkContext: Invoking stop() from shutdown hook
[2025-03-03T08:10:31.738+0000] {spark_submit.py:641} INFO - 25/03/03 08:10:31 INFO SparkContext: SparkContext is stopping with exitCode 0.
[2025-03-03T08:10:31.752+0000] {spark_submit.py:641} INFO - 25/03/03 08:10:31 INFO SparkUI: Stopped Spark web UI at http://bc29da8b88b2:4040
[2025-03-03T08:10:31.757+0000] {spark_submit.py:641} INFO - 25/03/03 08:10:31 INFO StandaloneSchedulerBackend: Shutting down all executors
[2025-03-03T08:10:31.758+0000] {spark_submit.py:641} INFO - 25/03/03 08:10:31 INFO StandaloneSchedulerBackend$StandaloneDriverEndpoint: Asking each executor to shut down
[2025-03-03T08:10:31.799+0000] {spark_submit.py:641} INFO - 25/03/03 08:10:31 INFO MapOutputTrackerMasterEndpoint: MapOutputTrackerMasterEndpoint stopped!
[2025-03-03T08:10:31.812+0000] {spark_submit.py:641} INFO - 25/03/03 08:10:31 INFO MemoryStore: MemoryStore cleared
[2025-03-03T08:10:31.814+0000] {spark_submit.py:641} INFO - 25/03/03 08:10:31 INFO BlockManager: BlockManager stopped
[2025-03-03T08:10:31.819+0000] {spark_submit.py:641} INFO - 25/03/03 08:10:31 INFO BlockManagerMaster: BlockManagerMaster stopped
[2025-03-03T08:10:31.823+0000] {spark_submit.py:641} INFO - 25/03/03 08:10:31 INFO OutputCommitCoordinator$OutputCommitCoordinatorEndpoint: OutputCommitCoordinator stopped!
[2025-03-03T08:10:31.836+0000] {spark_submit.py:641} INFO - 25/03/03 08:10:31 INFO SparkContext: Successfully stopped SparkContext
[2025-03-03T08:10:31.837+0000] {spark_submit.py:641} INFO - 25/03/03 08:10:31 INFO ShutdownHookManager: Shutdown hook called
[2025-03-03T08:10:31.839+0000] {spark_submit.py:641} INFO - 25/03/03 08:10:31 INFO ShutdownHookManager: Deleting directory /tmp/spark-6da4a573-9621-4026-9d90-ec2dce196843/pyspark-e1db273b-646b-4061-8329-2f76f2635713
[2025-03-03T08:10:31.846+0000] {spark_submit.py:641} INFO - 25/03/03 08:10:31 INFO ShutdownHookManager: Deleting directory /tmp/spark-6da4a573-9621-4026-9d90-ec2dce196843
[2025-03-03T08:10:31.853+0000] {spark_submit.py:641} INFO - 25/03/03 08:10:31 INFO ShutdownHookManager: Deleting directory /tmp/spark-1e4baa91-5e4c-4653-9165-2af98866bbda
[2025-03-03T08:10:31.908+0000] {taskinstance.py:341} INFO - ::group::Post task execution logs
[2025-03-03T08:10:31.908+0000] {taskinstance.py:353} INFO - Marking task as SUCCESS. dag_id=forex_ml_pipeline, task_id=transform_forex_data, run_id=manual__2025-03-03T08:10:05.496853+00:00, execution_date=20250303T081005, start_date=20250303T081008, end_date=20250303T081031
[2025-03-03T08:10:31.963+0000] {local_task_job_runner.py:266} INFO - Task exited with return code 0
[2025-03-03T08:10:31.985+0000] {taskinstance.py:3901} INFO - 0 downstream tasks scheduled from follow-on schedule check
[2025-03-03T08:10:31.991+0000] {local_task_job_runner.py:245} INFO - ::endgroup::
