[2025-03-31T09:03:07.903+0000] {local_task_job_runner.py:123} INFO - ::group::Pre task execution logs
[2025-03-31T09:03:07.924+0000] {taskinstance.py:2614} INFO - Dependencies all met for dep_context=non-requeueable deps ti=<TaskInstance: forex_ml_pipeline.transform_forex_data scheduled__2025-03-23T12:00:00+00:00 [queued]>
[2025-03-31T09:03:07.939+0000] {taskinstance.py:2614} INFO - Dependencies all met for dep_context=requeueable deps ti=<TaskInstance: forex_ml_pipeline.transform_forex_data scheduled__2025-03-23T12:00:00+00:00 [queued]>
[2025-03-31T09:03:07.940+0000] {taskinstance.py:2867} INFO - Starting attempt 1 of 4
[2025-03-31T09:03:07.955+0000] {taskinstance.py:2890} INFO - Executing <Task(SparkSubmitOperator): transform_forex_data> on 2025-03-23 12:00:00+00:00
[2025-03-31T09:03:07.966+0000] {standard_task_runner.py:104} INFO - Running: ['***', 'tasks', 'run', 'forex_ml_pipeline', 'transform_forex_data', 'scheduled__2025-03-23T12:00:00+00:00', '--job-id', '20', '--raw', '--subdir', 'DAGS_FOLDER/forex_ml_pipeline.py', '--cfg-path', '/tmp/tmpat7pk3pr']
[2025-03-31T09:03:07.969+0000] {standard_task_runner.py:105} INFO - Job 20: Subtask transform_forex_data
[2025-03-31T09:03:07.969+0000] {logging_mixin.py:190} WARNING - /home/***/.local/lib/python3.12/site-packages/***/task/task_runner/standard_task_runner.py:70 DeprecationWarning: This process (pid=781) is multi-threaded, use of fork() may lead to deadlocks in the child.
[2025-03-31T09:03:07.970+0000] {standard_task_runner.py:72} INFO - Started process 783 to run task
[2025-03-31T09:03:08.024+0000] {task_command.py:467} INFO - Running <TaskInstance: forex_ml_pipeline.transform_forex_data scheduled__2025-03-23T12:00:00+00:00 [running]> on host 1f5073dcf149
[2025-03-31T09:03:08.141+0000] {taskinstance.py:3134} INFO - Exporting env vars: AIRFLOW_CTX_DAG_OWNER='mikhail' AIRFLOW_CTX_DAG_ID='forex_ml_pipeline' AIRFLOW_CTX_TASK_ID='transform_forex_data' AIRFLOW_CTX_EXECUTION_DATE='2025-03-23T12:00:00+00:00' AIRFLOW_CTX_TRY_NUMBER='1' AIRFLOW_CTX_DAG_RUN_ID='scheduled__2025-03-23T12:00:00+00:00'
[2025-03-31T09:03:08.143+0000] {taskinstance.py:732} INFO - ::endgroup::
[2025-03-31T09:03:08.175+0000] {base.py:84} INFO - Retrieving connection 'my_spark_conn'
[2025-03-31T09:03:08.177+0000] {spark_submit.py:474} INFO - Spark-Submit cmd: spark-submit --master spark://spark-master:7077 --name arrow-spark --verbose ./dags/operators/transform_forex_data.py s3a://usd-php-ml-pipeline-bucket/raw/usd_php_forex_4hour.csv
[2025-03-31T09:03:09.783+0000] {spark_submit.py:645} INFO - Using properties file: null
[2025-03-31T09:03:09.920+0000] {spark_submit.py:645} INFO - Parsed arguments:
[2025-03-31T09:03:09.921+0000] {spark_submit.py:645} INFO - master                  spark://spark-master:7077
[2025-03-31T09:03:09.921+0000] {spark_submit.py:645} INFO - remote                  null
[2025-03-31T09:03:09.922+0000] {spark_submit.py:645} INFO - deployMode              null
[2025-03-31T09:03:09.924+0000] {spark_submit.py:645} INFO - executorMemory          null
[2025-03-31T09:03:09.925+0000] {spark_submit.py:645} INFO - executorCores           null
[2025-03-31T09:03:09.925+0000] {spark_submit.py:645} INFO - totalExecutorCores      null
[2025-03-31T09:03:09.926+0000] {spark_submit.py:645} INFO - propertiesFile          null
[2025-03-31T09:03:09.927+0000] {spark_submit.py:645} INFO - driverMemory            null
[2025-03-31T09:03:09.927+0000] {spark_submit.py:645} INFO - driverCores             null
[2025-03-31T09:03:09.928+0000] {spark_submit.py:645} INFO - driverExtraClassPath    null
[2025-03-31T09:03:09.929+0000] {spark_submit.py:645} INFO - driverExtraLibraryPath  null
[2025-03-31T09:03:09.931+0000] {spark_submit.py:645} INFO - driverExtraJavaOptions  null
[2025-03-31T09:03:09.932+0000] {spark_submit.py:645} INFO - supervise               false
[2025-03-31T09:03:09.933+0000] {spark_submit.py:645} INFO - queue                   null
[2025-03-31T09:03:09.934+0000] {spark_submit.py:645} INFO - numExecutors            null
[2025-03-31T09:03:09.934+0000] {spark_submit.py:645} INFO - files                   null
[2025-03-31T09:03:09.935+0000] {spark_submit.py:645} INFO - pyFiles                 null
[2025-03-31T09:03:09.936+0000] {spark_submit.py:645} INFO - archives                null
[2025-03-31T09:03:09.936+0000] {spark_submit.py:645} INFO - mainClass               null
[2025-03-31T09:03:09.938+0000] {spark_submit.py:645} INFO - primaryResource         file:/opt/***/dags/operators/transform_forex_data.py
[2025-03-31T09:03:09.939+0000] {spark_submit.py:645} INFO - name                    arrow-spark
[2025-03-31T09:03:09.940+0000] {spark_submit.py:645} INFO - childArgs               [s3a://usd-php-ml-pipeline-bucket/raw/usd_php_forex_4hour.csv]
[2025-03-31T09:03:09.941+0000] {spark_submit.py:645} INFO - jars                    null
[2025-03-31T09:03:09.942+0000] {spark_submit.py:645} INFO - packages                null
[2025-03-31T09:03:09.942+0000] {spark_submit.py:645} INFO - packagesExclusions      null
[2025-03-31T09:03:09.943+0000] {spark_submit.py:645} INFO - repositories            null
[2025-03-31T09:03:09.943+0000] {spark_submit.py:645} INFO - verbose                 true
[2025-03-31T09:03:09.943+0000] {spark_submit.py:645} INFO - 
[2025-03-31T09:03:09.944+0000] {spark_submit.py:645} INFO - Spark properties used, including those specified through
[2025-03-31T09:03:09.944+0000] {spark_submit.py:645} INFO - --conf and those from the properties file null:
[2025-03-31T09:03:09.945+0000] {spark_submit.py:645} INFO - 
[2025-03-31T09:03:09.946+0000] {spark_submit.py:645} INFO - 
[2025-03-31T09:03:09.947+0000] {spark_submit.py:645} INFO - 
[2025-03-31T09:03:10.250+0000] {spark_submit.py:645} INFO - Main class:
[2025-03-31T09:03:10.251+0000] {spark_submit.py:645} INFO - org.apache.spark.deploy.PythonRunner
[2025-03-31T09:03:10.252+0000] {spark_submit.py:645} INFO - Arguments:
[2025-03-31T09:03:10.252+0000] {spark_submit.py:645} INFO - file:/opt/***/dags/operators/transform_forex_data.py
[2025-03-31T09:03:10.253+0000] {spark_submit.py:645} INFO - null
[2025-03-31T09:03:10.254+0000] {spark_submit.py:645} INFO - s3a://usd-php-ml-pipeline-bucket/raw/usd_php_forex_4hour.csv
[2025-03-31T09:03:10.255+0000] {spark_submit.py:645} INFO - Spark config:
[2025-03-31T09:03:10.255+0000] {spark_submit.py:645} INFO - (spark.app.name,arrow-spark)
[2025-03-31T09:03:10.256+0000] {spark_submit.py:645} INFO - (spark.app.submitTime,1743411790233)
[2025-03-31T09:03:10.256+0000] {spark_submit.py:645} INFO - (spark.master,spark://spark-master:7077)
[2025-03-31T09:03:10.257+0000] {spark_submit.py:645} INFO - (spark.submit.deployMode,client)
[2025-03-31T09:03:10.258+0000] {spark_submit.py:645} INFO - (spark.submit.pyFiles,)
[2025-03-31T09:03:10.259+0000] {spark_submit.py:645} INFO - Classpath elements:
[2025-03-31T09:03:10.260+0000] {spark_submit.py:645} INFO - 
[2025-03-31T09:03:10.261+0000] {spark_submit.py:645} INFO - 
[2025-03-31T09:03:10.261+0000] {spark_submit.py:645} INFO - 
[2025-03-31T09:03:13.543+0000] {spark_submit.py:645} INFO - s3a://usd-php-ml-pipeline-bucket/raw/usd_php_forex_4hour.csv
[2025-03-31T09:03:13.543+0000] {spark_submit.py:645} INFO - CSV FILE PATH: s3a://usd-php-ml-pipeline-bucket/raw/usd_php_forex_4hour.csv
[2025-03-31T09:03:13.630+0000] {spark_submit.py:645} INFO - 25/03/31 09:03:13 INFO SparkContext: Running Spark version 3.5.5
[2025-03-31T09:03:13.632+0000] {spark_submit.py:645} INFO - 25/03/31 09:03:13 INFO SparkContext: OS info Linux, 5.15.167.4-microsoft-standard-WSL2, amd64
[2025-03-31T09:03:13.633+0000] {spark_submit.py:645} INFO - 25/03/31 09:03:13 INFO SparkContext: Java version 17.0.14
[2025-03-31T09:03:13.682+0000] {spark_submit.py:645} INFO - 25/03/31 09:03:13 WARN NativeCodeLoader: Unable to load native-hadoop library for your platform... using builtin-java classes where applicable
[2025-03-31T09:03:13.760+0000] {spark_submit.py:645} INFO - 25/03/31 09:03:13 INFO ResourceUtils: ==============================================================
[2025-03-31T09:03:13.761+0000] {spark_submit.py:645} INFO - 25/03/31 09:03:13 INFO ResourceUtils: No custom resources configured for spark.driver.
[2025-03-31T09:03:13.762+0000] {spark_submit.py:645} INFO - 25/03/31 09:03:13 INFO ResourceUtils: ==============================================================
[2025-03-31T09:03:13.762+0000] {spark_submit.py:645} INFO - 25/03/31 09:03:13 INFO SparkContext: Submitted application: feature-engineering
[2025-03-31T09:03:13.781+0000] {spark_submit.py:645} INFO - 25/03/31 09:03:13 INFO ResourceProfile: Default ResourceProfile created, executor resources: Map(memory -> name: memory, amount: 1024, script: , vendor: , offHeap -> name: offHeap, amount: 0, script: , vendor: ), task resources: Map(cpus -> name: cpus, amount: 1.0)
[2025-03-31T09:03:13.790+0000] {spark_submit.py:645} INFO - 25/03/31 09:03:13 INFO ResourceProfile: Limiting resource is cpu
[2025-03-31T09:03:13.791+0000] {spark_submit.py:645} INFO - 25/03/31 09:03:13 INFO ResourceProfileManager: Added ResourceProfile id: 0
[2025-03-31T09:03:13.846+0000] {spark_submit.py:645} INFO - 25/03/31 09:03:13 INFO SecurityManager: Changing view acls to: ***
[2025-03-31T09:03:13.846+0000] {spark_submit.py:645} INFO - 25/03/31 09:03:13 INFO SecurityManager: Changing modify acls to: ***
[2025-03-31T09:03:13.847+0000] {spark_submit.py:645} INFO - 25/03/31 09:03:13 INFO SecurityManager: Changing view acls groups to:
[2025-03-31T09:03:13.847+0000] {spark_submit.py:645} INFO - 25/03/31 09:03:13 INFO SecurityManager: Changing modify acls groups to:
[2025-03-31T09:03:13.848+0000] {spark_submit.py:645} INFO - 25/03/31 09:03:13 INFO SecurityManager: SecurityManager: authentication disabled; ui acls disabled; users with view permissions: ***; groups with view permissions: EMPTY; users with modify permissions: ***; groups with modify permissions: EMPTY
[2025-03-31T09:03:14.067+0000] {spark_submit.py:645} INFO - 25/03/31 09:03:14 INFO Utils: Successfully started service 'sparkDriver' on port 43751.
[2025-03-31T09:03:14.098+0000] {spark_submit.py:645} INFO - 25/03/31 09:03:14 INFO SparkEnv: Registering MapOutputTracker
[2025-03-31T09:03:14.173+0000] {spark_submit.py:645} INFO - 25/03/31 09:03:14 INFO SparkEnv: Registering BlockManagerMaster
[2025-03-31T09:03:14.201+0000] {spark_submit.py:645} INFO - 25/03/31 09:03:14 INFO BlockManagerMasterEndpoint: Using org.apache.spark.storage.DefaultTopologyMapper for getting topology information
[2025-03-31T09:03:14.201+0000] {spark_submit.py:645} INFO - 25/03/31 09:03:14 INFO BlockManagerMasterEndpoint: BlockManagerMasterEndpoint up
[2025-03-31T09:03:14.207+0000] {spark_submit.py:645} INFO - 25/03/31 09:03:14 INFO SparkEnv: Registering BlockManagerMasterHeartbeat
[2025-03-31T09:03:14.230+0000] {spark_submit.py:645} INFO - 25/03/31 09:03:14 INFO DiskBlockManager: Created local directory at /tmp/blockmgr-b27f0981-e726-425f-9e12-503826b10633
[2025-03-31T09:03:14.246+0000] {spark_submit.py:645} INFO - 25/03/31 09:03:14 INFO MemoryStore: MemoryStore started with capacity 434.4 MiB
[2025-03-31T09:03:14.263+0000] {spark_submit.py:645} INFO - 25/03/31 09:03:14 INFO SparkEnv: Registering OutputCommitCoordinator
[2025-03-31T09:03:14.421+0000] {spark_submit.py:645} INFO - 25/03/31 09:03:14 INFO JettyUtils: Start Jetty 0.0.0.0:4040 for SparkUI
[2025-03-31T09:03:14.488+0000] {spark_submit.py:645} INFO - 25/03/31 09:03:14 INFO Utils: Successfully started service 'SparkUI' on port 4040.
[2025-03-31T09:03:14.634+0000] {spark_submit.py:645} INFO - 25/03/31 09:03:14 INFO StandaloneAppClient$ClientEndpoint: Connecting to master spark://spark-master:7077...
[2025-03-31T09:03:14.687+0000] {spark_submit.py:645} INFO - 25/03/31 09:03:14 INFO TransportClientFactory: Successfully created connection to spark-master/172.18.0.3:7077 after 30 ms (0 ms spent in bootstraps)
[2025-03-31T09:03:14.786+0000] {spark_submit.py:645} INFO - 25/03/31 09:03:14 INFO StandaloneSchedulerBackend: Connected to Spark cluster with app ID app-20250331090314-0001
[2025-03-31T09:03:14.788+0000] {spark_submit.py:645} INFO - 25/03/31 09:03:14 INFO StandaloneAppClient$ClientEndpoint: Executor added: app-20250331090314-0001/0 on worker-20250331084642-172.18.0.4-43743 (172.18.0.4:43743) with 2 core(s)
[2025-03-31T09:03:14.792+0000] {spark_submit.py:645} INFO - 25/03/31 09:03:14 INFO StandaloneSchedulerBackend: Granted executor ID app-20250331090314-0001/0 on hostPort 172.18.0.4:43743 with 2 core(s), 1024.0 MiB RAM
[2025-03-31T09:03:14.801+0000] {spark_submit.py:645} INFO - 25/03/31 09:03:14 INFO Utils: Successfully started service 'org.apache.spark.network.netty.NettyBlockTransferService' on port 40273.
[2025-03-31T09:03:14.801+0000] {spark_submit.py:645} INFO - 25/03/31 09:03:14 INFO NettyBlockTransferService: Server created on 1f5073dcf149:40273
[2025-03-31T09:03:14.804+0000] {spark_submit.py:645} INFO - 25/03/31 09:03:14 INFO BlockManager: Using org.apache.spark.storage.RandomBlockReplicationPolicy for block replication policy
[2025-03-31T09:03:14.813+0000] {spark_submit.py:645} INFO - 25/03/31 09:03:14 INFO BlockManagerMaster: Registering BlockManager BlockManagerId(driver, 1f5073dcf149, 40273, None)
[2025-03-31T09:03:14.817+0000] {spark_submit.py:645} INFO - 25/03/31 09:03:14 INFO BlockManagerMasterEndpoint: Registering block manager 1f5073dcf149:40273 with 434.4 MiB RAM, BlockManagerId(driver, 1f5073dcf149, 40273, None)
[2025-03-31T09:03:14.820+0000] {spark_submit.py:645} INFO - 25/03/31 09:03:14 INFO BlockManagerMaster: Registered BlockManager BlockManagerId(driver, 1f5073dcf149, 40273, None)
[2025-03-31T09:03:14.823+0000] {spark_submit.py:645} INFO - 25/03/31 09:03:14 INFO BlockManager: Initialized BlockManager: BlockManagerId(driver, 1f5073dcf149, 40273, None)
[2025-03-31T09:03:14.843+0000] {spark_submit.py:645} INFO - 25/03/31 09:03:14 INFO StandaloneAppClient$ClientEndpoint: Executor updated: app-20250331090314-0001/0 is now RUNNING
[2025-03-31T09:03:15.117+0000] {spark_submit.py:645} INFO - 25/03/31 09:03:15 INFO StandaloneSchedulerBackend: SchedulerBackend is ready for scheduling beginning after reached minRegisteredResourcesRatio: 0.0
[2025-03-31T09:03:15.033+0000] {spark_submit.py:645} INFO - 25/03/31 09:03:15 INFO SharedState: Setting hive.metastore.warehouse.dir ('null') to the value of spark.sql.warehouse.dir.
[2025-03-31T09:03:15.047+0000] {spark_submit.py:645} INFO - 25/03/31 09:03:15 INFO SharedState: Warehouse path is 'file:/opt/***/spark-warehouse'.
[2025-03-31T09:03:15.412+0000] {spark_submit.py:645} INFO - 25/03/31 09:03:15 WARN FileStreamSink: Assume no metadata directory. Error while looking for metadata directory in the path: s3a://usd-php-ml-pipeline-bucket/raw/usd_php_forex_4hour.csv.
[2025-03-31T09:03:15.414+0000] {spark_submit.py:645} INFO - java.lang.RuntimeException: java.lang.ClassNotFoundException: Class org.apache.hadoop.fs.s3a.S3AFileSystem not found
[2025-03-31T09:03:15.415+0000] {spark_submit.py:645} INFO - at org.apache.hadoop.conf.Configuration.getClass(Configuration.java:2688)
[2025-03-31T09:03:15.416+0000] {spark_submit.py:645} INFO - at org.apache.hadoop.fs.FileSystem.getFileSystemClass(FileSystem.java:3431)
[2025-03-31T09:03:15.416+0000] {spark_submit.py:645} INFO - at org.apache.hadoop.fs.FileSystem.createFileSystem(FileSystem.java:3466)
[2025-03-31T09:03:15.417+0000] {spark_submit.py:645} INFO - at org.apache.hadoop.fs.FileSystem.access$300(FileSystem.java:174)
[2025-03-31T09:03:15.418+0000] {spark_submit.py:645} INFO - at org.apache.hadoop.fs.FileSystem$Cache.getInternal(FileSystem.java:3574)
[2025-03-31T09:03:15.419+0000] {spark_submit.py:645} INFO - at org.apache.hadoop.fs.FileSystem$Cache.get(FileSystem.java:3521)
[2025-03-31T09:03:15.420+0000] {spark_submit.py:645} INFO - at org.apache.hadoop.fs.FileSystem.get(FileSystem.java:540)
[2025-03-31T09:03:15.420+0000] {spark_submit.py:645} INFO - at org.apache.hadoop.fs.Path.getFileSystem(Path.java:365)
[2025-03-31T09:03:15.423+0000] {spark_submit.py:645} INFO - at org.apache.spark.sql.execution.streaming.FileStreamSink$.hasMetadata(FileStreamSink.scala:53)
[2025-03-31T09:03:15.424+0000] {spark_submit.py:645} INFO - at org.apache.spark.sql.execution.datasources.DataSource.resolveRelation(DataSource.scala:366)
[2025-03-31T09:03:15.424+0000] {spark_submit.py:645} INFO - at org.apache.spark.sql.DataFrameReader.loadV1Source(DataFrameReader.scala:229)
[2025-03-31T09:03:15.425+0000] {spark_submit.py:645} INFO - at org.apache.spark.sql.DataFrameReader.$anonfun$load$2(DataFrameReader.scala:211)
[2025-03-31T09:03:15.426+0000] {spark_submit.py:645} INFO - at scala.Option.getOrElse(Option.scala:189)
[2025-03-31T09:03:15.427+0000] {spark_submit.py:645} INFO - at org.apache.spark.sql.DataFrameReader.load(DataFrameReader.scala:211)
[2025-03-31T09:03:15.427+0000] {spark_submit.py:645} INFO - at org.apache.spark.sql.DataFrameReader.csv(DataFrameReader.scala:538)
[2025-03-31T09:03:15.429+0000] {spark_submit.py:645} INFO - at java.base/jdk.internal.reflect.NativeMethodAccessorImpl.invoke0(Native Method)
[2025-03-31T09:03:15.429+0000] {spark_submit.py:645} INFO - at java.base/jdk.internal.reflect.NativeMethodAccessorImpl.invoke(NativeMethodAccessorImpl.java:77)
[2025-03-31T09:03:15.431+0000] {spark_submit.py:645} INFO - at java.base/jdk.internal.reflect.DelegatingMethodAccessorImpl.invoke(DelegatingMethodAccessorImpl.java:43)
[2025-03-31T09:03:15.432+0000] {spark_submit.py:645} INFO - at java.base/java.lang.reflect.Method.invoke(Method.java:569)
[2025-03-31T09:03:15.433+0000] {spark_submit.py:645} INFO - at py4j.reflection.MethodInvoker.invoke(MethodInvoker.java:244)
[2025-03-31T09:03:15.434+0000] {spark_submit.py:645} INFO - at py4j.reflection.ReflectionEngine.invoke(ReflectionEngine.java:374)
[2025-03-31T09:03:15.434+0000] {spark_submit.py:645} INFO - at py4j.Gateway.invoke(Gateway.java:282)
[2025-03-31T09:03:15.435+0000] {spark_submit.py:645} INFO - at py4j.commands.AbstractCommand.invokeMethod(AbstractCommand.java:132)
[2025-03-31T09:03:15.436+0000] {spark_submit.py:645} INFO - at py4j.commands.CallCommand.execute(CallCommand.java:79)
[2025-03-31T09:03:15.437+0000] {spark_submit.py:645} INFO - at py4j.ClientServerConnection.waitForCommands(ClientServerConnection.java:182)
[2025-03-31T09:03:15.438+0000] {spark_submit.py:645} INFO - at py4j.ClientServerConnection.run(ClientServerConnection.java:106)
[2025-03-31T09:03:15.438+0000] {spark_submit.py:645} INFO - at java.base/java.lang.Thread.run(Thread.java:840)
[2025-03-31T09:03:15.439+0000] {spark_submit.py:645} INFO - Caused by: java.lang.ClassNotFoundException: Class org.apache.hadoop.fs.s3a.S3AFileSystem not found
[2025-03-31T09:03:15.440+0000] {spark_submit.py:645} INFO - at org.apache.hadoop.conf.Configuration.getClassByName(Configuration.java:2592)
[2025-03-31T09:03:15.440+0000] {spark_submit.py:645} INFO - at org.apache.hadoop.conf.Configuration.getClass(Configuration.java:2686)
[2025-03-31T09:03:15.441+0000] {spark_submit.py:645} INFO - ... 26 more
[2025-03-31T09:03:15.528+0000] {spark_submit.py:645} INFO - Error An error occurred while calling o36.csv.
[2025-03-31T09:03:15.529+0000] {spark_submit.py:645} INFO - : java.lang.RuntimeException: java.lang.ClassNotFoundException: Class org.apache.hadoop.fs.s3a.S3AFileSystem not found
[2025-03-31T09:03:15.530+0000] {spark_submit.py:645} INFO - at org.apache.hadoop.conf.Configuration.getClass(Configuration.java:2688)
[2025-03-31T09:03:15.531+0000] {spark_submit.py:645} INFO - at org.apache.hadoop.fs.FileSystem.getFileSystemClass(FileSystem.java:3431)
[2025-03-31T09:03:15.532+0000] {spark_submit.py:645} INFO - at org.apache.hadoop.fs.FileSystem.createFileSystem(FileSystem.java:3466)
[2025-03-31T09:03:15.533+0000] {spark_submit.py:645} INFO - at org.apache.hadoop.fs.FileSystem.access$300(FileSystem.java:174)
[2025-03-31T09:03:15.534+0000] {spark_submit.py:645} INFO - at org.apache.hadoop.fs.FileSystem$Cache.getInternal(FileSystem.java:3574)
[2025-03-31T09:03:15.535+0000] {spark_submit.py:645} INFO - at org.apache.hadoop.fs.FileSystem$Cache.get(FileSystem.java:3521)
[2025-03-31T09:03:15.535+0000] {spark_submit.py:645} INFO - at org.apache.hadoop.fs.FileSystem.get(FileSystem.java:540)
[2025-03-31T09:03:15.536+0000] {spark_submit.py:645} INFO - at org.apache.hadoop.fs.Path.getFileSystem(Path.java:365)
[2025-03-31T09:03:15.537+0000] {spark_submit.py:645} INFO - at org.apache.spark.sql.execution.datasources.DataSource$.$anonfun$checkAndGlobPathIfNecessary$1(DataSource.scala:724)
[2025-03-31T09:03:15.538+0000] {spark_submit.py:645} INFO - at scala.collection.immutable.List.map(List.scala:293)
[2025-03-31T09:03:15.540+0000] {spark_submit.py:645} INFO - at org.apache.spark.sql.execution.datasources.DataSource$.checkAndGlobPathIfNecessary(DataSource.scala:722)
[2025-03-31T09:03:15.540+0000] {spark_submit.py:645} INFO - at org.apache.spark.sql.execution.datasources.DataSource.checkAndGlobPathIfNecessary(DataSource.scala:551)
[2025-03-31T09:03:15.541+0000] {spark_submit.py:645} INFO - at org.apache.spark.sql.execution.datasources.DataSource.resolveRelation(DataSource.scala:404)
[2025-03-31T09:03:15.541+0000] {spark_submit.py:645} INFO - at org.apache.spark.sql.DataFrameReader.loadV1Source(DataFrameReader.scala:229)
[2025-03-31T09:03:15.542+0000] {spark_submit.py:645} INFO - at org.apache.spark.sql.DataFrameReader.$anonfun$load$2(DataFrameReader.scala:211)
[2025-03-31T09:03:15.542+0000] {spark_submit.py:645} INFO - at scala.Option.getOrElse(Option.scala:189)
[2025-03-31T09:03:15.542+0000] {spark_submit.py:645} INFO - at org.apache.spark.sql.DataFrameReader.load(DataFrameReader.scala:211)
[2025-03-31T09:03:15.543+0000] {spark_submit.py:645} INFO - at org.apache.spark.sql.DataFrameReader.csv(DataFrameReader.scala:538)
[2025-03-31T09:03:15.543+0000] {spark_submit.py:645} INFO - at java.base/jdk.internal.reflect.NativeMethodAccessorImpl.invoke0(Native Method)
[2025-03-31T09:03:15.543+0000] {spark_submit.py:645} INFO - at java.base/jdk.internal.reflect.NativeMethodAccessorImpl.invoke(NativeMethodAccessorImpl.java:77)
[2025-03-31T09:03:15.545+0000] {spark_submit.py:645} INFO - at java.base/jdk.internal.reflect.DelegatingMethodAccessorImpl.invoke(DelegatingMethodAccessorImpl.java:43)
[2025-03-31T09:03:15.546+0000] {spark_submit.py:645} INFO - at java.base/java.lang.reflect.Method.invoke(Method.java:569)
[2025-03-31T09:03:15.547+0000] {spark_submit.py:645} INFO - at py4j.reflection.MethodInvoker.invoke(MethodInvoker.java:244)
[2025-03-31T09:03:15.547+0000] {spark_submit.py:645} INFO - at py4j.reflection.ReflectionEngine.invoke(ReflectionEngine.java:374)
[2025-03-31T09:03:15.548+0000] {spark_submit.py:645} INFO - at py4j.Gateway.invoke(Gateway.java:282)
[2025-03-31T09:03:15.548+0000] {spark_submit.py:645} INFO - at py4j.commands.AbstractCommand.invokeMethod(AbstractCommand.java:132)
[2025-03-31T09:03:15.549+0000] {spark_submit.py:645} INFO - at py4j.commands.CallCommand.execute(CallCommand.java:79)
[2025-03-31T09:03:15.549+0000] {spark_submit.py:645} INFO - at py4j.ClientServerConnection.waitForCommands(ClientServerConnection.java:182)
[2025-03-31T09:03:15.550+0000] {spark_submit.py:645} INFO - at py4j.ClientServerConnection.run(ClientServerConnection.java:106)
[2025-03-31T09:03:15.550+0000] {spark_submit.py:645} INFO - at java.base/java.lang.Thread.run(Thread.java:840)
[2025-03-31T09:03:15.552+0000] {spark_submit.py:645} INFO - Caused by: java.lang.ClassNotFoundException: Class org.apache.hadoop.fs.s3a.S3AFileSystem not found
[2025-03-31T09:03:15.552+0000] {spark_submit.py:645} INFO - at org.apache.hadoop.conf.Configuration.getClassByName(Configuration.java:2592)
[2025-03-31T09:03:15.553+0000] {spark_submit.py:645} INFO - at org.apache.hadoop.conf.Configuration.getClass(Configuration.java:2686)
[2025-03-31T09:03:15.554+0000] {spark_submit.py:645} INFO - ... 29 more
[2025-03-31T09:03:15.555+0000] {spark_submit.py:645} INFO - has occured.
[2025-03-31T09:03:15.555+0000] {spark_submit.py:645} INFO - [2025-03-31T09:03:15.529+0000] {clientserver.py:543} INFO - Closing down clientserver connection
[2025-03-31T09:03:15.838+0000] {spark_submit.py:645} INFO - 25/03/31 09:03:15 INFO SparkContext: Invoking stop() from shutdown hook
[2025-03-31T09:03:15.839+0000] {spark_submit.py:645} INFO - 25/03/31 09:03:15 INFO SparkContext: SparkContext is stopping with exitCode 0.
[2025-03-31T09:03:15.851+0000] {spark_submit.py:645} INFO - 25/03/31 09:03:15 INFO SparkUI: Stopped Spark web UI at http://1f5073dcf149:4040
[2025-03-31T09:03:15.856+0000] {spark_submit.py:645} INFO - 25/03/31 09:03:15 INFO StandaloneSchedulerBackend: Shutting down all executors
[2025-03-31T09:03:15.859+0000] {spark_submit.py:645} INFO - 25/03/31 09:03:15 INFO StandaloneSchedulerBackend$StandaloneDriverEndpoint: Asking each executor to shut down
[2025-03-31T09:03:15.875+0000] {spark_submit.py:645} INFO - 25/03/31 09:03:15 INFO MapOutputTrackerMasterEndpoint: MapOutputTrackerMasterEndpoint stopped!
[2025-03-31T09:03:15.890+0000] {spark_submit.py:645} INFO - 25/03/31 09:03:15 INFO MemoryStore: MemoryStore cleared
[2025-03-31T09:03:15.891+0000] {spark_submit.py:645} INFO - 25/03/31 09:03:15 INFO BlockManager: BlockManager stopped
[2025-03-31T09:03:15.897+0000] {spark_submit.py:645} INFO - 25/03/31 09:03:15 INFO BlockManagerMaster: BlockManagerMaster stopped
[2025-03-31T09:03:15.899+0000] {spark_submit.py:645} INFO - 25/03/31 09:03:15 INFO OutputCommitCoordinator$OutputCommitCoordinatorEndpoint: OutputCommitCoordinator stopped!
[2025-03-31T09:03:15.913+0000] {spark_submit.py:645} INFO - 25/03/31 09:03:15 INFO SparkContext: Successfully stopped SparkContext
[2025-03-31T09:03:15.914+0000] {spark_submit.py:645} INFO - 25/03/31 09:03:15 INFO ShutdownHookManager: Shutdown hook called
[2025-03-31T09:03:15.915+0000] {spark_submit.py:645} INFO - 25/03/31 09:03:15 INFO ShutdownHookManager: Deleting directory /tmp/spark-76776c0b-103c-4730-8c84-d34cf98b45ac/pyspark-ffe6bb6c-9b95-4c83-9fdf-b5240db74d8f
[2025-03-31T09:03:15.919+0000] {spark_submit.py:645} INFO - 25/03/31 09:03:15 INFO ShutdownHookManager: Deleting directory /tmp/spark-c3a8d3f6-8000-430f-941e-23e72e36dff0
[2025-03-31T09:03:15.923+0000] {spark_submit.py:645} INFO - 25/03/31 09:03:15 INFO ShutdownHookManager: Deleting directory /tmp/spark-76776c0b-103c-4730-8c84-d34cf98b45ac
[2025-03-31T09:03:15.963+0000] {taskinstance.py:341} INFO - ::group::Post task execution logs
[2025-03-31T09:03:15.964+0000] {taskinstance.py:353} INFO - Marking task as SUCCESS. dag_id=forex_ml_pipeline, task_id=transform_forex_data, run_id=scheduled__2025-03-23T12:00:00+00:00, execution_date=20250323T120000, start_date=20250331T090307, end_date=20250331T090315
[2025-03-31T09:03:16.014+0000] {local_task_job_runner.py:266} INFO - Task exited with return code 0
[2025-03-31T09:03:16.030+0000] {taskinstance.py:3901} INFO - 0 downstream tasks scheduled from follow-on schedule check
[2025-03-31T09:03:16.034+0000] {local_task_job_runner.py:245} INFO - ::endgroup::
