[2025-03-08T02:44:37.119+0000] {local_task_job_runner.py:123} INFO - ::group::Pre task execution logs
[2025-03-08T02:44:37.139+0000] {taskinstance.py:2614} INFO - Dependencies all met for dep_context=non-requeueable deps ti=<TaskInstance: forex_ml_pipeline.pull_forex_data manual__2025-03-08T02:30:45.704392+00:00 [queued]>
[2025-03-08T02:44:37.150+0000] {taskinstance.py:2614} INFO - Dependencies all met for dep_context=requeueable deps ti=<TaskInstance: forex_ml_pipeline.pull_forex_data manual__2025-03-08T02:30:45.704392+00:00 [queued]>
[2025-03-08T02:44:37.152+0000] {taskinstance.py:2867} INFO - Starting attempt 3 of 4
[2025-03-08T02:44:37.166+0000] {taskinstance.py:2890} INFO - Executing <Task(PythonOperator): pull_forex_data> on 2025-03-08 02:30:45.704392+00:00
[2025-03-08T02:44:37.173+0000] {standard_task_runner.py:104} INFO - Running: ['***', 'tasks', 'run', 'forex_ml_pipeline', 'pull_forex_data', 'manual__2025-03-08T02:30:45.704392+00:00', '--job-id', '49', '--raw', '--subdir', 'DAGS_FOLDER/forex_ml_pipeline.py', '--cfg-path', '/tmp/tmpf33q5pwr']
[2025-03-08T02:44:37.175+0000] {standard_task_runner.py:105} INFO - Job 49: Subtask pull_forex_data
[2025-03-08T02:44:37.176+0000] {logging_mixin.py:190} WARNING - /home/***/.local/lib/python3.12/site-packages/***/task/task_runner/standard_task_runner.py:70 DeprecationWarning: This process (pid=420) is multi-threaded, use of fork() may lead to deadlocks in the child.
[2025-03-08T02:44:37.177+0000] {standard_task_runner.py:72} INFO - Started process 422 to run task
[2025-03-08T02:44:37.216+0000] {task_command.py:467} INFO - Running <TaskInstance: forex_ml_pipeline.pull_forex_data manual__2025-03-08T02:30:45.704392+00:00 [running]> on host 48e79c43f614
[2025-03-08T02:44:37.282+0000] {taskinstance.py:3134} INFO - Exporting env vars: AIRFLOW_CTX_DAG_OWNER='mikhail' AIRFLOW_CTX_DAG_ID='forex_ml_pipeline' AIRFLOW_CTX_TASK_ID='pull_forex_data' AIRFLOW_CTX_EXECUTION_DATE='2025-03-08T02:30:45.704392+00:00' AIRFLOW_CTX_TRY_NUMBER='3' AIRFLOW_CTX_DAG_RUN_ID='manual__2025-03-08T02:30:45.704392+00:00'
[2025-03-08T02:44:37.283+0000] {taskinstance.py:732} INFO - ::endgroup::
[2025-03-08T02:44:37.301+0000] {logging_mixin.py:190} INFO - https://api.polygon.io/v2/aggs/ticker/C:USDPHP/range/4/hour/2024-01-01/2025-01-01
[2025-03-08T02:44:37.302+0000] {logging_mixin.py:190} INFO - {'Authorization': 'Bearer D9TH6AGRTuD3Rk38ZFvtBhjbTXrq2nHe', 'Content-Type': 'application/json'}
[2025-03-08T02:44:38.140+0000] {logging_mixin.py:190} INFO - {'ticker': 'C:USDPHP', 'queryCount': 5000, 'resultsCount': 44, 'adjusted': True, 'results': [{'v': 1, 'vw': 55.388, 'o': 55.388, 'c': 55.388, 'h': 55.388, 'l': 55.388, 't': 1704067200000, 'n': 1}, {'v': 1, 'vw': 55.388, 'o': 55.388, 'c': 55.388, 'h': 55.388, 'l': 55.388, 't': 1704139200000, 'n': 1}, {'v': 533, 'vw': 55.5054, 'o': 55.405, 'c': 55.573, 'h': 55.586, 'l': 55.242, 't': 1704153600000, 'n': 533}, {'v': 473, 'vw': 55.5836, 'o': 55.58, 'c': 55.672, 'h': 55.685, 'l': 55.445, 't': 1704168000000, 'n': 473}, {'v': 942, 'vw': 55.6157, 'o': 55.679, 'c': 55.618, 'h': 55.683, 'l': 55.505, 't': 1704182400000, 'n': 942}, {'v': 662, 'vw': 55.6114, 'o': 55.619, 'c': 55.592, 'h': 55.662, 'l': 55.48, 't': 1704196800000, 'n': 662}, {'v': 155, 'vw': 55.5755, 'o': 55.589, 'c': 55.583, 'h': 55.6, 'l': 55.48, 't': 1704211200000, 'n': 155}, {'v': 52, 'vw': 55.5663, 'o': 55.588, 'c': 55.563, 'h': 55.6, 'l': 55.48, 't': 1704225600000, 'n': 52}, {'v': 504, 'vw': 55.7318, 'o': 55.564, 'c': 55.681, 'h': 55.805, 'l': 55.55, 't': 1704240000000, 'n': 504}, {'v': 798, 'vw': 55.6446, 'o': 55.679, 'c': 55.583, 'h': 55.739, 'l': 55.48, 't': 1704254400000, 'n': 798}, {'v': 1012, 'vw': 55.6643, 'o': 55.558, 'c': 55.751, 'h': 55.825, 'l': 54.92, 't': 1704268800000, 'n': 1012}, {'v': 684, 'vw': 55.7647, 'o': 55.754, 'c': 55.802, 'h': 55.845, 'l': 55.593, 't': 1704283200000, 'n': 684}, {'v': 547, 'vw': 55.7301, 'o': 55.815, 'c': 55.738, 'h': 55.838, 'l': 55.6, 't': 1704297600000, 'n': 547}, {'v': 184, 'vw': 55.7401, 'o': 55.739, 'c': 55.673, 'h': 55.775, 'l': 55.63, 't': 1704312000000, 'n': 184}, {'v': 639, 'vw': 55.6488, 'o': 55.653, 'c': 55.568, 'h': 55.75, 'l': 55.495, 't': 1704326400000, 'n': 639}, {'v': 1134, 'vw': 55.5318, 'o': 55.569, 'c': 55.525, 'h': 55.615, 'l': 55.365, 't': 1704340800000, 'n': 1134}, {'v': 723, 'vw': 55.4923, 'o': 55.522, 'c': 55.536, 'h': 55.565, 'l': 53.779, 't': 1704355200000, 'n': 723}, {'v': 410, 'vw': 55.5717, 'o': 55.531, 'c': 55.592, 'h': 55.615, 'l': 55.44, 't': 1704369600000, 'n': 410}, {'v': 138, 'vw': 55.5721, 'o': 55.589, 'c': 55.574, 'h': 55.589, 'l': 55.475, 't': 1704384000000, 'n': 138}, {'v': 80, 'vw': 55.5543, 'o': 55.572, 'c': 55.523, 'h': 55.6, 'l': 55.52, 't': 1704398400000, 'n': 80}, {'v': 668, 'vw': 55.5575, 'o': 55.511, 'c': 55.682, 'h': 55.682, 'l': 55.39, 't': 1704412800000, 'n': 668}, {'v': 996, 'vw': 55.6888, 'o': 55.679, 'c': 55.592, 'h': 55.764, 'l': 55.505, 't': 1704427200000, 'n': 996}, {'v': 554, 'vw': 55.4992, 'o': 55.592, 'c': 55.52, 'h': 55.592, 'l': 53.856, 't': 1704441600000, 'n': 554}, {'v': 1510, 'vw': 55.4676, 'o': 55.515, 'c': 55.41, 'h': 55.613, 'l': 55.245, 't': 1704456000000, 'n': 1510}, {'v': 377, 'vw': 55.4444, 'o': 55.418, 'c': 55.488, 'h': 55.615, 'l': 55.31, 't': 1704470400000, 'n': 377}, {'v': 252, 'vw': 55.3867, 'o': 55.484, 'c': 55.442, 'h': 55.61, 'l': 55.087, 't': 1704484800000, 'n': 252}, {'v': 1, 'vw': 55.494, 'o': 55.494, 'c': 55.494, 'h': 55.494, 'l': 55.494, 't': 1704657600000, 'n': 1}, {'v': 508, 'vw': 55.5236, 'o': 55.615, 'c': 55.61, 'h': 55.615, 'l': 55.452, 't': 1704672000000, 'n': 508}, {'v': 572, 'vw': 55.606, 'o': 55.611, 'c': 55.688, 'h': 55.696, 'l': 55.485, 't': 1704686400000, 'n': 572}, {'v': 569, 'vw': 55.648, 'o': 55.694, 'c': 55.704, 'h': 55.727, 'l': 54.28, 't': 1704700800000, 'n': 569}, {'v': 666, 'vw': 55.7416, 'o': 55.708, 'c': 55.794, 'h': 55.794, 'l': 55.605, 't': 1704715200000, 'n': 666}, {'v': 311, 'vw': 55.7935, 'o': 55.793, 'c': 55.695, 'h': 55.839, 'l': 55.66, 't': 1704729600000, 'n': 311}, {'v': 136, 'vw': 55.7495, 'o': 55.773, 'c': 55.648, 'h': 55.791, 'l': 55.51, 't': 1704744000000, 'n': 136}, {'v': 827, 'vw': 55.6936, 'o': 55.65, 'c': 55.81, 'h': 55.815, 'l': 55.457, 't': 1704758400000, 'n': 827}, {'v': 1403, 'vw': 55.9359, 'o': 55.799, 'c': 55.915, 'h': 56.07, 'l': 55.755, 't': 1704772800000, 'n': 1403}, {'v': 811, 'vw': 56.0258, 'o': 55.998, 'c': 56.077, 'h': 56.106, 'l': 55.279, 't': 1704787200000, 'n': 811}, {'v': 698, 'vw': 56.0736, 'o': 56.081, 'c': 56.142, 'h': 56.147, 'l': 55.945, 't': 1704801600000, 'n': 698}, {'v': 190, 'vw': 56.1116, 'o': 56.144, 'c': 56.127, 'h': 56.151, 'l': 56, 't': 1704816000000, 'n': 190}, {'v': 45, 'vw': 56.1106, 'o': 56.126, 'c': 56.099, 'h': 56.132, 'l': 56, 't': 1704830400000, 'n': 45}, {'v': 874, 'vw': 56.2312, 'o': 56.087, 'c': 56.267, 'h': 56.3, 'l': 55.94, 't': 1704844800000, 'n': 874}, {'v': 1040, 'vw': 56.3102, 'o': 56.273, 'c': 56.256, 'h': 56.395, 'l': 56.165, 't': 1704859200000, 'n': 1040}, {'v': 510, 'vw': 56.2294, 'o': 56.257, 'c': 49.758, 'h': 56.308, 'l': 49.758, 't': 1704873600000, 'n': 510}, {'v': 746, 'vw': 56.1513, 'o': 56.169, 'c': 56.087, 'h': 56.2, 'l': 56.02, 't': 1704888000000, 'n': 746}, {'v': 211, 'vw': 56.1125, 'o': 56.088, 'c': 56.126, 'h': 56.14, 'l': 56.02, 't': 1704902400000, 'n': 211}], 'status': 'OK', 'request_id': '18c86f8f8f64c0963ac428306c30efe3', 'count': 44, 'next_url': 'https://api.polygon.io/v2/aggs/ticker/C:USDPHP/range/4/hour/1704916800000/2025-01-01?cursor=bGltaXQ9NTAwMCZzb3J0PWFzYw'}
[2025-03-08T02:44:38.916+0000] {logging_mixin.py:190} INFO - {'ticker': 'C:USDPHP', 'queryCount': 5000, 'resultsCount': 42, 'adjusted': True, 'results': [{'v': 81, 'vw': 56.1086, 'o': 56.121, 'c': 56.031, 'h': 56.27, 'l': 56.005, 't': 1704916800000, 'n': 81}, {'v': 682, 'vw': 56.1414, 'o': 56.041, 'c': 56.137, 'h': 56.27, 'l': 56.021, 't': 1704931200000, 'n': 682}, {'v': 768, 'vw': 56.0575, 'o': 56.143, 'c': 55.97, 'h': 56.143, 'l': 55.88, 't': 1704945600000, 'n': 768}, {'v': 538, 'vw': 56.0229, 'o': 55.974, 'c': 56.005, 'h': 56.074, 'l': 55.618, 't': 1704960000000, 'n': 538}, {'v': 1434, 'vw': 55.9658, 'o': 56.005, 'c': 56.057, 'h': 56.099, 'l': 55.393, 't': 1704974400000, 'n': 1434}, {'v': 384, 'vw': 56.0358, 'o': 56.056, 'c': 55.916, 'h': 56.106, 'l': 55.9, 't': 1704988800000, 'n': 384}, {'v': 173, 'vw': 55.9582, 'o': 55.918, 'c': 55.945, 'h': 56.004, 'l': 55.847, 't': 1705003200000, 'n': 173}, {'v': 696, 'vw': 55.9868, 'o': 55.941, 'c': 56.038, 'h': 56.064, 'l': 55.845, 't': 1705017600000, 'n': 696}, {'v': 727, 'vw': 55.8968, 'o': 56.044, 'c': 55.904, 'h': 56.052, 'l': 54.341, 't': 1705032000000, 'n': 727}, {'v': 975, 'vw': 55.8444, 'o': 55.9, 'c': 55.835, 'h': 55.969, 'l': 54.268, 't': 1705046400000, 'n': 975}, {'v': 850, 'vw': 55.7535, 'o': 55.836, 'c': 55.739, 'h': 56.09, 'l': 55.62, 't': 1705060800000, 'n': 850}, {'v': 163, 'vw': 55.7735, 'o': 55.645, 'c': 55.798, 'h': 55.92, 'l': 55.645, 't': 1705075200000, 'n': 163}, {'v': 206, 'vw': 55.8158, 'o': 55.809, 'c': 55.765, 'h': 55.862, 'l': 55.705, 't': 1705089600000, 'n': 206}, {'v': 1, 'vw': 55.782, 'o': 55.782, 'c': 55.782, 'h': 55.782, 'l': 55.782, 't': 1705262400000, 'n': 1}, {'v': 438, 'vw': 55.8627, 'o': 55.915, 'c': 55.905, 'h': 55.915, 'l': 55.815, 't': 1705276800000, 'n': 438}, {'v': 529, 'vw': 55.8458, 'o': 55.905, 'c': 55.773, 'h': 55.942, 'l': 55.457, 't': 1705291200000, 'n': 529}, {'v': 649, 'vw': 55.7674, 'o': 55.772, 'c': 55.813, 'h': 55.85, 'l': 53.908, 't': 1705305600000, 'n': 649}, {'v': 647, 'vw': 55.7945, 'o': 55.812, 'c': 55.737, 'h': 55.848, 'l': 55.66, 't': 1705320000000, 'n': 647}, {'v': 82, 'vw': 55.7244, 'o': 55.737, 'c': 55.691, 'h': 55.757, 'l': 55.63, 't': 1705334400000, 'n': 82}, {'v': 30, 'vw': 55.6986, 'o': 55.691, 'c': 55.729, 'h': 55.77, 'l': 55.64, 't': 1705348800000, 'n': 30}, {'v': 492, 'vw': 55.8737, 'o': 55.72, 'c': 55.914, 'h': 55.942, 'l': 55.7, 't': 1705363200000, 'n': 492}, {'v': 831, 'vw': 55.8702, 'o': 55.915, 'c': 55.815, 'h': 55.976, 'l': 55.624, 't': 1705377600000, 'n': 831}, {'v': 1464, 'vw': 55.8823, 'o': 55.817, 'c': 55.918, 'h': 56.045, 'l': 54.342, 't': 1705392000000, 'n': 1464}, {'v': 598, 'vw': 55.893, 'o': 55.914, 'c': 55.887, 'h': 55.981, 'l': 55.77, 't': 1705406400000, 'n': 598}, {'v': 559, 'vw': 55.912, 'o': 55.889, 'c': 55.891, 'h': 55.954, 'l': 55.81, 't': 1705420800000, 'n': 559}, {'v': 52, 'vw': 55.8915, 'o': 55.891, 'c': 55.902, 'h': 55.921, 'l': 55.845, 't': 1705435200000, 'n': 52}, {'v': 1013, 'vw': 56.0198, 'o': 55.892, 'c': 56.058, 'h': 56.092, 'l': 55.845, 't': 1705449600000, 'n': 1013}, {'v': 1011, 'vw': 55.9571, 'o': 56.06, 'c': 55.898, 'h': 56.086, 'l': 55.755, 't': 1705464000000, 'n': 1011}, {'v': 617, 'vw': 55.8774, 'o': 55.897, 'c': 55.86, 'h': 55.951, 'l': 54.089, 't': 1705478400000, 'n': 617}, {'v': 678, 'vw': 55.9336, 'o': 55.871, 'c': 56.039, 'h': 56.039, 'l': 55.72, 't': 1705492800000, 'n': 678}, {'v': 220, 'vw': 56.0295, 'o': 56.034, 'c': 56.017, 'h': 56.058, 'l': 55.91, 't': 1705507200000, 'n': 220}, {'v': 173, 'vw': 55.9293, 'o': 56.021, 'c': 55.907, 'h': 56.033, 'l': 55.805, 't': 1705521600000, 'n': 173}, {'v': 712, 'vw': 55.7458, 'o': 55.896, 'c': 55.808, 'h': 55.912, 'l': 53.032, 't': 1705536000000, 'n': 712}, {'v': 678, 'vw': 55.824, 'o': 55.806, 'c': 55.834, 'h': 55.884, 'l': 55.66, 't': 1705550400000, 'n': 678}, {'v': 566, 'vw': 55.826, 'o': 55.834, 'c': 55.842, 'h': 55.871, 'l': 54.569, 't': 1705564800000, 'n': 566}, {'v': 472, 'vw': 55.8369, 'o': 55.839, 'c': 55.898, 'h': 55.91, 'l': 55.73, 't': 1705579200000, 'n': 472}, {'v': 251, 'vw': 55.8681, 'o': 55.899, 'c': 55.879, 'h': 55.899, 'l': 55.77, 't': 1705593600000, 'n': 251}, {'v': 92, 'vw': 55.8273, 'o': 55.88, 'c': 55.703, 'h': 55.886, 'l': 55.703, 't': 1705608000000, 'n': 92}, {'v': 753, 'vw': 55.8141, 'o': 55.712, 'c': 55.915, 'h': 55.919, 'l': 55.037, 't': 1705622400000, 'n': 753}, {'v': 1116, 'vw': 55.9602, 'o': 55.924, 'c': 55.96, 'h': 56.033, 'l': 55.82, 't': 1705636800000, 'n': 1116}, {'v': 548, 'vw': 55.9387, 'o': 55.958, 'c': 55.994, 'h': 56.024, 'l': 54.327, 't': 1705651200000, 'n': 548}, {'v': 330, 'vw': 55.9728, 'o': 55.994, 'c': 55.962, 'h': 56.035, 'l': 55.82, 't': 1705665600000, 'n': 330}], 'status': 'OK', 'request_id': 'dacfa702c7b5708f62ae46c8e7387d02', 'count': 42, 'next_url': 'https://api.polygon.io/v2/aggs/ticker/C:USDPHP/range/4/hour/1705680000000/2025-01-01?cursor=bGltaXQ9NTAwMCZzb3J0PWFzYw'}
[2025-03-08T02:44:39.664+0000] {logging_mixin.py:190} INFO - {'ticker': 'C:USDPHP', 'queryCount': 5000, 'resultsCount': 39, 'adjusted': True, 'results': [{'v': 261, 'vw': 55.9297, 'o': 55.965, 'c': 55.871, 'h': 55.997, 'l': 55.785, 't': 1705680000000, 'n': 261}, {'v': 166, 'vw': 55.8641, 'o': 55.871, 'c': 55.864, 'h': 55.912, 'l': 55.765, 't': 1705694400000, 'n': 166}, {'v': 1, 'vw': 55.864, 'o': 55.864, 'c': 55.864, 'h': 55.864, 'l': 55.864, 't': 1705867200000, 'n': 1}, {'v': 543, 'vw': 56.0913, 'o': 55.985, 'c': 56.153, 'h': 56.167, 'l': 54.775, 't': 1705881600000, 'n': 543}, {'v': 1036, 'vw': 56.25, 'o': 56.153, 'c': 56.298, 'h': 56.332, 'l': 56.117, 't': 1705896000000, 'n': 1036}, {'v': 1024, 'vw': 56.3655, 'o': 56.293, 'c': 56.455, 'h': 56.467, 'l': 55.956, 't': 1705910400000, 'n': 1024}, {'v': 663, 'vw': 56.4177, 'o': 56.456, 'c': 56.411, 'h': 56.458, 'l': 55.96, 't': 1705924800000, 'n': 663}, {'v': 280, 'vw': 56.3526, 'o': 56.41, 'c': 56.317, 'h': 56.419, 'l': 56.23, 't': 1705939200000, 'n': 280}, {'v': 139, 'vw': 56.3191, 'o': 56.317, 'c': 56.332, 'h': 56.358, 'l': 56.205, 't': 1705953600000, 'n': 139}, {'v': 1130, 'vw': 56.3413, 'o': 56.328, 'c': 56.329, 'h': 56.433, 'l': 56.185, 't': 1705968000000, 'n': 1130}, {'v': 1299, 'vw': 56.1894, 'o': 56.329, 'c': 56.156, 'h': 56.332, 'l': 55.885, 't': 1705982400000, 'n': 1299}, {'v': 785, 'vw': 56.1807, 'o': 56.163, 'c': 56.229, 'h': 56.252, 'l': 55.9, 't': 1705996800000, 'n': 785}, {'v': 692, 'vw': 56.2157, 'o': 56.225, 'c': 56.266, 'h': 56.283, 'l': 56.105, 't': 1706011200000, 'n': 692}, {'v': 433, 'vw': 56.3197, 'o': 56.265, 'c': 56.314, 'h': 56.365, 'l': 56.2, 't': 1706025600000, 'n': 433}, {'v': 215, 'vw': 56.315, 'o': 56.314, 'c': 56.291, 'h': 56.336, 'l': 56.19, 't': 1706040000000, 'n': 215}, {'v': 856, 'vw': 56.2399, 'o': 56.286, 'c': 56.24, 'h': 56.304, 'l': 56.105, 't': 1706054400000, 'n': 856}, {'v': 1313, 'vw': 56.2988, 'o': 56.24, 'c': 56.278, 'h': 56.389, 'l': 56.145, 't': 1706068800000, 'n': 1313}, {'v': 1080, 'vw': 56.2761, 'o': 56.281, 'c': 56.242, 'h': 56.339, 'l': 55.487, 't': 1706083200000, 'n': 1080}, {'v': 1443, 'vw': 56.1645, 'o': 56.243, 'c': 56.144, 'h': 56.267, 'l': 55.959, 't': 1706097600000, 'n': 1443}, {'v': 839, 'vw': 56.163, 'o': 56.143, 'c': 56.185, 'h': 56.25, 'l': 56.075, 't': 1706112000000, 'n': 839}, {'v': 201, 'vw': 56.1938, 'o': 56.184, 'c': 56.182, 'h': 56.227, 'l': 56.1, 't': 1706126400000, 'n': 201}, {'v': 679, 'vw': 56.2102, 'o': 56.18, 'c': 56.266, 'h': 56.274, 'l': 56.05, 't': 1706140800000, 'n': 679}, {'v': 1355, 'vw': 56.3819, 'o': 56.264, 'c': 56.531, 'h': 56.552, 'l': 56.125, 't': 1706155200000, 'n': 1355}, {'v': 1370, 'vw': 56.4878, 'o': 56.529, 'c': 56.509, 'h': 56.774, 'l': 54.464, 't': 1706169600000, 'n': 1370}, {'v': 1023, 'vw': 56.413, 'o': 56.509, 'c': 56.407, 'h': 56.514, 'l': 56.27, 't': 1706184000000, 'n': 1023}, {'v': 524, 'vw': 56.3782, 'o': 56.408, 'c': 56.397, 'h': 56.5, 'l': 56.25, 't': 1706198400000, 'n': 524}, {'v': 171, 'vw': 56.3734, 'o': 56.396, 'c': 56.505, 'h': 56.505, 'l': 56.266, 't': 1706212800000, 'n': 171}, {'v': 859, 'vw': 56.4147, 'o': 56.43, 'c': 56.375, 'h': 56.501, 'l': 56.021, 't': 1706227200000, 'n': 859}, {'v': 879, 'vw': 56.3526, 'o': 56.38, 'c': 56.295, 'h': 56.444, 'l': 56.17, 't': 1706241600000, 'n': 879}, {'v': 786, 'vw': 56.2748, 'o': 56.294, 'c': 56.347, 'h': 56.376, 'l': 55.087, 't': 1706256000000, 'n': 786}, {'v': 628, 'vw': 56.3061, 'o': 56.349, 'c': 56.346, 'h': 56.5, 'l': 56.13, 't': 1706270400000, 'n': 628}, {'v': 153, 'vw': 56.319, 'o': 56.344, 'c': 56.323, 'h': 56.347, 'l': 56.215, 't': 1706284800000, 'n': 153}, {'v': 140, 'vw': 56.3, 'o': 56.323, 'c': 56.168, 'h': 56.326, 'l': 56.168, 't': 1706299200000, 'n': 140}, {'v': 1, 'vw': 56.222, 'o': 56.222, 'c': 56.222, 'h': 56.222, 'l': 56.222, 't': 1706472000000, 'n': 1}, {'v': 715, 'vw': 56.3304, 'o': 56.315, 'c': 56.478, 'h': 56.481, 'l': 55.651, 't': 1706486400000, 'n': 715}, {'v': 1476, 'vw': 56.3919, 'o': 56.481, 'c': 56.309, 'h': 56.534, 'l': 54.019, 't': 1706500800000, 'n': 1476}, {'v': 1196, 'vw': 56.385, 'o': 56.295, 'c': 56.405, 'h': 56.485, 'l': 56.032, 't': 1706515200000, 'n': 1196}, {'v': 516, 'vw': 56.3692, 'o': 56.4, 'c': 56.343, 'h': 56.409, 'l': 56.255, 't': 1706529600000, 'n': 516}, {'v': 318, 'vw': 56.3599, 'o': 56.26, 'c': 56.38, 'h': 56.391, 'l': 56.26, 't': 1706544000000, 'n': 318}], 'status': 'OK', 'request_id': '971324b858f5473b05b39b181fd83b64', 'count': 39, 'next_url': 'https://api.polygon.io/v2/aggs/ticker/C:USDPHP/range/4/hour/1706558400000/2025-01-01?cursor=bGltaXQ9NTAwMCZzb3J0PWFzYw'}
[2025-03-08T02:44:40.482+0000] {logging_mixin.py:190} INFO - {'ticker': 'C:USDPHP', 'queryCount': 5000, 'resultsCount': 38, 'adjusted': True, 'results': [{'v': 270, 'vw': 56.3482, 'o': 56.38, 'c': 56.255, 'h': 56.4, 'l': 56.249, 't': 1706558400000, 'n': 270}, {'v': 754, 'vw': 56.3223, 'o': 56.325, 'c': 56.356, 'h': 56.412, 'l': 56.15, 't': 1706572800000, 'n': 754}, {'v': 1284, 'vw': 56.3832, 'o': 56.355, 'c': 56.409, 'h': 56.478, 'l': 56.21, 't': 1706587200000, 'n': 1284}, {'v': 943, 'vw': 56.3612, 'o': 56.409, 'c': 56.364, 'h': 56.41, 'l': 54.272, 't': 1706601600000, 'n': 943}, {'v': 485, 'vw': 56.3461, 'o': 56.365, 'c': 56.351, 'h': 56.4, 'l': 56.205, 't': 1706616000000, 'n': 485}, {'v': 267, 'vw': 56.3349, 'o': 56.245, 'c': 56.333, 'h': 56.39, 'l': 56.225, 't': 1706630400000, 'n': 267}, {'v': 105, 'vw': 56.3239, 'o': 56.334, 'c': 56.3, 'h': 56.39, 'l': 56.245, 't': 1706644800000, 'n': 105}, {'v': 602, 'vw': 56.4151, 'o': 56.25, 'c': 56.34, 'h': 56.494, 'l': 56.245, 't': 1706659200000, 'n': 602}, {'v': 1458, 'vw': 56.3249, 'o': 56.341, 'c': 56.287, 'h': 56.393, 'l': 54.922, 't': 1706673600000, 'n': 1458}, {'v': 837, 'vw': 56.2624, 'o': 56.286, 'c': 56.299, 'h': 56.33, 'l': 55.115, 't': 1706688000000, 'n': 837}, {'v': 1014, 'vw': 56.2257, 'o': 56.299, 'c': 56.151, 'h': 56.323, 'l': 56.055, 't': 1706702400000, 'n': 1014}, {'v': 1371, 'vw': 56.1146, 'o': 56.151, 'c': 56.105, 'h': 56.39, 'l': 55.918, 't': 1706716800000, 'n': 1371}, {'v': 499, 'vw': 56.1514, 'o': 56.13, 'c': 56.096, 'h': 56.3, 'l': 55.898, 't': 1706731200000, 'n': 499}, {'v': 11, 'vw': 56.1134, 'o': 56.11, 'c': 56.096, 'h': 56.3, 'l': 56.025, 't': 1706745600000, 'n': 11}, {'v': 260, 'vw': 55.9778, 'o': 55.997, 'c': 55.982, 'h': 56.07, 'l': 55.875, 't': 1706803200000, 'n': 260}, {'v': 91, 'vw': 55.9721, 'o': 55.98, 'c': 55.929, 'h': 56.08, 'l': 55.865, 't': 1706817600000, 'n': 91}, {'v': 809, 'vw': 55.9351, 'o': 55.98, 'c': 55.908, 'h': 56.07, 'l': 55.795, 't': 1706832000000, 'n': 809}, {'v': 987, 'vw': 55.9175, 'o': 55.91, 'c': 55.923, 'h': 55.964, 'l': 55.805, 't': 1706846400000, 'n': 987}, {'v': 405, 'vw': 55.8714, 'o': 55.918, 'c': 55.852, 'h': 55.942, 'l': 54.664, 't': 1706860800000, 'n': 405}, {'v': 1731, 'vw': 55.9281, 'o': 55.853, 'c': 55.997, 'h': 56.095, 'l': 55.49, 't': 1706875200000, 'n': 1731}, {'v': 439, 'vw': 56.0495, 'o': 55.997, 'c': 56.077, 'h': 56.112, 'l': 55.92, 't': 1706889600000, 'n': 439}, {'v': 195, 'vw': 56.1015, 'o': 56.079, 'c': 56.125, 'h': 56.145, 'l': 56.025, 't': 1706904000000, 'n': 195}, {'v': 1, 'vw': 56.164, 'o': 56.164, 'c': 56.164, 'h': 56.164, 'l': 56.164, 't': 1707076800000, 'n': 1}, {'v': 506, 'vw': 56.1936, 'o': 55.92, 'c': 56.229, 'h': 56.244, 'l': 55.92, 't': 1707091200000, 'n': 506}, {'v': 968, 'vw': 56.271, 'o': 56.229, 'c': 56.269, 'h': 56.336, 'l': 56.17, 't': 1707105600000, 'n': 968}, {'v': 948, 'vw': 56.3085, 'o': 56.27, 'c': 56.35, 'h': 56.398, 'l': 54.852, 't': 1707120000000, 'n': 948}, {'v': 812, 'vw': 56.3453, 'o': 56.35, 'c': 56.34, 'h': 56.389, 'l': 56.21, 't': 1707134400000, 'n': 812}, {'v': 943, 'vw': 56.2983, 'o': 56.341, 'c': 56.251, 'h': 56.341, 'l': 56.13, 't': 1707148800000, 'n': 943}, {'v': 276, 'vw': 56.2619, 'o': 56.252, 'c': 56.297, 'h': 56.32, 'l': 56.159, 't': 1707163200000, 'n': 276}, {'v': 534, 'vw': 56.2787, 'o': 56.185, 'c': 56.283, 'h': 56.366, 'l': 55.88, 't': 1707177600000, 'n': 534}, {'v': 1157, 'vw': 56.191, 'o': 56.297, 'c': 56.176, 'h': 56.304, 'l': 56.035, 't': 1707192000000, 'n': 1157}, {'v': 796, 'vw': 56.1751, 'o': 56.175, 'c': 56.176, 'h': 56.224, 'l': 54.756, 't': 1707206400000, 'n': 796}, {'v': 787, 'vw': 56.1624, 'o': 56.177, 'c': 56.15, 'h': 56.213, 'l': 55.92, 't': 1707220800000, 'n': 787}, {'v': 222, 'vw': 56.1437, 'o': 56.151, 'c': 56.142, 'h': 56.19, 'l': 56.035, 't': 1707235200000, 'n': 222}, {'v': 208, 'vw': 56.1196, 'o': 56.144, 'c': 56.124, 'h': 56.144, 'l': 55.845, 't': 1707249600000, 'n': 208}, {'v': 674, 'vw': 56.0496, 'o': 56.122, 'c': 56.042, 'h': 56.19, 'l': 55.91, 't': 1707264000000, 'n': 674}, {'v': 1267, 'vw': 55.9745, 'o': 56.038, 'c': 55.971, 'h': 56.06, 'l': 55.668, 't': 1707278400000, 'n': 1267}, {'v': 904, 'vw': 55.9653, 'o': 55.969, 'c': 55.955, 'h': 56.018, 'l': 54.702, 't': 1707292800000, 'n': 904}], 'status': 'OK', 'request_id': 'd9dbd32811c1767fed891076e41eb77e', 'count': 38, 'next_url': 'https://api.polygon.io/v2/aggs/ticker/C:USDPHP/range/4/hour/1707307200000/2025-01-01?cursor=bGltaXQ9NTAwMCZzb3J0PWFzYw'}
[2025-03-08T02:44:41.215+0000] {logging_mixin.py:190} INFO - {'ticker': 'C:USDPHP', 'queryCount': 5000, 'resultsCount': 44, 'adjusted': True, 'results': [{'v': 845, 'vw': 55.9803, 'o': 55.956, 'c': 56.026, 'h': 56.031, 'l': 55.88, 't': 1707307200000, 'n': 845}, {'v': 267, 'vw': 56.0321, 'o': 56.029, 'c': 55.968, 'h': 56.19, 'l': 55.915, 't': 1707321600000, 'n': 267}, {'v': 101, 'vw': 55.9977, 'o': 55.98, 'c': 55.95, 'h': 56.042, 'l': 55.895, 't': 1707336000000, 'n': 101}, {'v': 544, 'vw': 55.9138, 'o': 55.905, 'c': 55.911, 'h': 55.959, 'l': 55.81, 't': 1707350400000, 'n': 544}, {'v': 818, 'vw': 55.8712, 'o': 55.91, 'c': 55.891, 'h': 55.912, 'l': 55.75, 't': 1707364800000, 'n': 818}, {'v': 609, 'vw': 55.7961, 'o': 55.891, 'c': 55.918, 'h': 55.919, 'l': 53.895, 't': 1707379200000, 'n': 609}, {'v': 386, 'vw': 55.9337, 'o': 55.922, 'c': 55.955, 'h': 55.974, 'l': 55.825, 't': 1707393600000, 'n': 386}, {'v': 90, 'vw': 55.9433, 'o': 55.956, 'c': 55.949, 'h': 55.975, 'l': 55.855, 't': 1707408000000, 'n': 90}, {'v': 110, 'vw': 55.9362, 'o': 55.945, 'c': 55.966, 'h': 55.966, 'l': 55.805, 't': 1707422400000, 'n': 110}, {'v': 769, 'vw': 55.9177, 'o': 55.966, 'c': 55.926, 'h': 55.988, 'l': 55.79, 't': 1707436800000, 'n': 769}, {'v': 1088, 'vw': 55.8932, 'o': 55.923, 'c': 55.889, 'h': 55.926, 'l': 55.79, 't': 1707451200000, 'n': 1088}, {'v': 1929, 'vw': 55.9431, 'o': 55.885, 'c': 56.033, 'h': 56.041, 'l': 55.441, 't': 1707465600000, 'n': 1929}, {'v': 509, 'vw': 56.0127, 'o': 56.033, 'c': 56.005, 'h': 56.093, 'l': 55.87, 't': 1707480000000, 'n': 509}, {'v': 156, 'vw': 56.0035, 'o': 56.005, 'c': 56.007, 'h': 56.019, 'l': 55.89, 't': 1707494400000, 'n': 156}, {'v': 65, 'vw': 56.0016, 'o': 56.007, 'c': 55.99, 'h': 56.007, 'l': 55.93, 't': 1707508800000, 'n': 65}, {'v': 1, 'vw': 55.87, 'o': 55.87, 'c': 55.87, 'h': 55.87, 'l': 55.87, 't': 1707681600000, 'n': 1}, {'v': 835, 'vw': 56.0754, 'o': 56, 'c': 56.11, 'h': 56.123, 'l': 55.663, 't': 1707696000000, 'n': 835}, {'v': 1098, 'vw': 56.0724, 'o': 56.115, 'c': 56.014, 'h': 56.161, 'l': 55.92, 't': 1707710400000, 'n': 1098}, {'v': 1038, 'vw': 55.9875, 'o': 56.014, 'c': 55.99, 'h': 56.053, 'l': 55.541, 't': 1707724800000, 'n': 1038}, {'v': 498, 'vw': 55.95, 'o': 55.991, 'c': 55.93, 'h': 55.998, 'l': 55.855, 't': 1707739200000, 'n': 498}, {'v': 245, 'vw': 55.9248, 'o': 55.93, 'c': 55.921, 'h': 55.956, 'l': 55.85, 't': 1707753600000, 'n': 245}, {'v': 51, 'vw': 55.8971, 'o': 55.919, 'c': 55.892, 'h': 56, 'l': 55.81, 't': 1707768000000, 'n': 51}, {'v': 934, 'vw': 56.0045, 'o': 55.785, 'c': 56.03, 'h': 56.067, 'l': 55.76, 't': 1707782400000, 'n': 934}, {'v': 1694, 'vw': 55.996, 'o': 56.031, 'c': 55.939, 'h': 56.067, 'l': 55.855, 't': 1707796800000, 'n': 1694}, {'v': 815, 'vw': 55.9137, 'o': 55.939, 'c': 55.893, 'h': 55.956, 'l': 53.467, 't': 1707811200000, 'n': 815}, {'v': 1208, 'vw': 56.0399, 'o': 55.893, 'c': 56.178, 'h': 56.208, 'l': 55.738, 't': 1707825600000, 'n': 1208}, {'v': 327, 'vw': 56.1947, 'o': 56.176, 'c': 56.203, 'h': 56.224, 'l': 55.95, 't': 1707840000000, 'n': 327}, {'v': 69, 'vw': 55.9852, 'o': 56.202, 'c': 56.025, 'h': 56.202, 'l': 55.424, 't': 1707854400000, 'n': 69}, {'v': 794, 'vw': 56.2101, 'o': 56.075, 'c': 56.194, 'h': 56.305, 'l': 55.95, 't': 1707868800000, 'n': 794}, {'v': 502, 'vw': 56.1394, 'o': 56.204, 'c': 56.102, 'h': 56.209, 'l': 55.99, 't': 1707883200000, 'n': 502}, {'v': 780, 'vw': 56.0846, 'o': 56.118, 'c': 56.122, 'h': 56.174, 'l': 54.333, 't': 1707897600000, 'n': 780}, {'v': 548, 'vw': 56.1051, 'o': 56.123, 'c': 56.101, 'h': 56.154, 'l': 55.946, 't': 1707912000000, 'n': 548}, {'v': 374, 'vw': 56.0929, 'o': 56.1, 'c': 56.048, 'h': 56.165, 'l': 55.95, 't': 1707926400000, 'n': 374}, {'v': 146, 'vw': 56.0451, 'o': 56.048, 'c': 56.034, 'h': 56.078, 'l': 55.9, 't': 1707940800000, 'n': 146}, {'v': 441, 'vw': 55.9904, 'o': 56.165, 'c': 55.992, 'h': 56.165, 'l': 55.815, 't': 1707955200000, 'n': 441}, {'v': 763, 'vw': 55.9619, 'o': 55.989, 'c': 55.985, 'h': 56.013, 'l': 55.825, 't': 1707969600000, 'n': 763}, {'v': 657, 'vw': 55.926, 'o': 55.985, 'c': 55.913, 'h': 56, 'l': 52.294, 't': 1707984000000, 'n': 657}, {'v': 602, 'vw': 55.8601, 'o': 55.914, 'c': 55.807, 'h': 55.928, 'l': 55.74, 't': 1707998400000, 'n': 602}, {'v': 505, 'vw': 55.8399, 'o': 55.81, 'c': 55.798, 'h': 56.15, 'l': 55.755, 't': 1708012800000, 'n': 505}, {'v': 129, 'vw': 55.7507, 'o': 55.796, 'c': 55.74, 'h': 55.839, 'l': 55.662, 't': 1708027200000, 'n': 129}, {'v': 557, 'vw': 55.9362, 'o': 55.819, 'c': 55.95, 'h': 56, 'l': 55.79, 't': 1708041600000, 'n': 557}, {'v': 941, 'vw': 55.948, 'o': 55.951, 'c': 55.939, 'h': 55.998, 'l': 55.83, 't': 1708056000000, 'n': 941}, {'v': 295, 'vw': 55.9269, 'o': 55.938, 'c': 55.93, 'h': 55.975, 'l': 55.561, 't': 1708070400000, 'n': 295}, {'v': 982, 'vw': 55.9388, 'o': 55.931, 'c': 55.933, 'h': 56.008, 'l': 55.558, 't': 1708084800000, 'n': 982}], 'status': 'OK', 'request_id': '53f85a57142a0e26b34b952e857bfbcc', 'count': 44, 'next_url': 'https://api.polygon.io/v2/aggs/ticker/C:USDPHP/range/4/hour/1708099200000/2025-01-01?cursor=bGltaXQ9NTAwMCZzb3J0PWFzYw'}
[2025-03-08T02:45:27.631+0000] {local_task_job_runner.py:346} WARNING - State of this instance has been externally set to restarting. Terminating instance.
[2025-03-08T02:45:27.633+0000] {local_task_job_runner.py:245} INFO - ::endgroup::
[2025-03-08T02:45:27.635+0000] {process_utils.py:132} INFO - Sending 15 to group 422. PIDs of all processes in the group: [422]
[2025-03-08T02:45:27.637+0000] {process_utils.py:87} INFO - Sending the signal 15 to group 422
[2025-03-08T02:45:27.638+0000] {taskinstance.py:3094} ERROR - Received SIGTERM. Terminating subprocesses.
[2025-03-08T02:45:27.656+0000] {taskinstance.py:3095} ERROR - Stacktrace: 
  File "/home/***/.local/bin/***", line 8, in <module>
    sys.exit(main())
  File "/home/***/.local/lib/python3.12/site-packages/***/__main__.py", line 62, in main
    args.func(args)
  File "/home/***/.local/lib/python3.12/site-packages/***/cli/cli_config.py", line 49, in command
    return func(*args, **kwargs)
  File "/home/***/.local/lib/python3.12/site-packages/***/utils/cli.py", line 116, in wrapper
    return f(*args, **kwargs)
  File "/home/***/.local/lib/python3.12/site-packages/***/utils/providers_configuration_loader.py", line 55, in wrapped_function
    return func(*args, **kwargs)
  File "/home/***/.local/lib/python3.12/site-packages/***/cli/commands/scheduler_command.py", line 56, in scheduler
    run_command_with_daemon_option(
  File "/home/***/.local/lib/python3.12/site-packages/***/cli/commands/daemon_utils.py", line 86, in run_command_with_daemon_option
    callback()
  File "/home/***/.local/lib/python3.12/site-packages/***/cli/commands/scheduler_command.py", line 59, in <lambda>
    callback=lambda: _run_scheduler_job(args),
  File "/home/***/.local/lib/python3.12/site-packages/***/cli/commands/scheduler_command.py", line 47, in _run_scheduler_job
    run_job(job=job_runner.job, execute_callable=job_runner._execute)
  File "/home/***/.local/lib/python3.12/site-packages/***/utils/session.py", line 97, in wrapper
    return func(*args, session=session, **kwargs)
  File "/home/***/.local/lib/python3.12/site-packages/***/jobs/job.py", line 421, in run_job
    return execute_job(job, execute_callable=execute_callable)
  File "/home/***/.local/lib/python3.12/site-packages/***/jobs/job.py", line 450, in execute_job
    ret = execute_callable()
  File "/home/***/.local/lib/python3.12/site-packages/***/jobs/scheduler_job_runner.py", line 990, in _execute
    executor.start()
  File "/home/***/.local/lib/python3.12/site-packages/***/executors/local_executor.py", line 392, in start
    self.impl.start()
  File "/home/***/.local/lib/python3.12/site-packages/***/executors/local_executor.py", line 330, in start
    worker.start()
  File "/usr/local/lib/python3.12/multiprocessing/process.py", line 121, in start
    self._popen = self._Popen(self)
  File "/usr/local/lib/python3.12/multiprocessing/context.py", line 224, in _Popen
    return _default_context.get_context().Process._Popen(process_obj)
  File "/usr/local/lib/python3.12/multiprocessing/context.py", line 282, in _Popen
    return Popen(process_obj)
  File "/usr/local/lib/python3.12/multiprocessing/popen_fork.py", line 19, in __init__
    self._launch(process_obj)
  File "/usr/local/lib/python3.12/multiprocessing/popen_fork.py", line 71, in _launch
    code = process_obj._bootstrap(parent_sentinel=child_r)
  File "/usr/local/lib/python3.12/multiprocessing/process.py", line 314, in _bootstrap
    self.run()
  File "/home/***/.local/lib/python3.12/site-packages/***/executors/local_executor.py", line 80, in run
    return super().run()
  File "/usr/local/lib/python3.12/multiprocessing/process.py", line 108, in run
    self._target(*self._args, **self._kwargs)
  File "/home/***/.local/lib/python3.12/site-packages/***/traces/tracer.py", line 58, in wrapper
    return func(*args, **kwargs)
  File "/home/***/.local/lib/python3.12/site-packages/***/executors/local_executor.py", line 211, in do_work
    self.execute_work(key=key, command=command)
  File "/home/***/.local/lib/python3.12/site-packages/***/traces/tracer.py", line 58, in wrapper
    return func(*args, **kwargs)
  File "/home/***/.local/lib/python3.12/site-packages/***/executors/local_executor.py", line 100, in execute_work
    state = self._execute_work_in_fork(command)
  File "/home/***/.local/lib/python3.12/site-packages/***/traces/tracer.py", line 58, in wrapper
    return func(*args, **kwargs)
  File "/home/***/.local/lib/python3.12/site-packages/***/executors/local_executor.py", line 142, in _execute_work_in_fork
    args.func(args)
  File "/home/***/.local/lib/python3.12/site-packages/***/cli/cli_config.py", line 49, in command
    return func(*args, **kwargs)
  File "/home/***/.local/lib/python3.12/site-packages/***/utils/cli.py", line 116, in wrapper
    return f(*args, **kwargs)
  File "/home/***/.local/lib/python3.12/site-packages/***/cli/commands/task_command.py", line 483, in task_run
    task_return_code = _run_task_by_selected_method(args, _dag, ti)
  File "/home/***/.local/lib/python3.12/site-packages/***/cli/commands/task_command.py", line 254, in _run_task_by_selected_method
    return _run_task_by_local_task_job(args, ti)
  File "/home/***/.local/lib/python3.12/site-packages/***/cli/commands/task_command.py", line 322, in _run_task_by_local_task_job
    ret = run_job(job=job_runner.job, execute_callable=job_runner._execute)
  File "/home/***/.local/lib/python3.12/site-packages/***/utils/session.py", line 97, in wrapper
    return func(*args, session=session, **kwargs)
  File "/home/***/.local/lib/python3.12/site-packages/***/jobs/job.py", line 421, in run_job
    return execute_job(job, execute_callable=execute_callable)
  File "/home/***/.local/lib/python3.12/site-packages/***/jobs/job.py", line 450, in execute_job
    ret = execute_callable()
  File "/home/***/.local/lib/python3.12/site-packages/***/jobs/local_task_job_runner.py", line 171, in _execute
    self.task_runner.start()
  File "/home/***/.local/lib/python3.12/site-packages/***/task/task_runner/standard_task_runner.py", line 55, in start
    self.process = self._start_by_fork()
  File "/home/***/.local/lib/python3.12/site-packages/***/task/task_runner/standard_task_runner.py", line 117, in _start_by_fork
    ret = args.func(args, dag=self.dag)
  File "/home/***/.local/lib/python3.12/site-packages/***/cli/cli_config.py", line 49, in command
    return func(*args, **kwargs)
  File "/home/***/.local/lib/python3.12/site-packages/***/utils/cli.py", line 116, in wrapper
    return f(*args, **kwargs)
  File "/home/***/.local/lib/python3.12/site-packages/***/cli/commands/task_command.py", line 483, in task_run
    task_return_code = _run_task_by_selected_method(args, _dag, ti)
  File "/home/***/.local/lib/python3.12/site-packages/***/cli/commands/task_command.py", line 256, in _run_task_by_selected_method
    return _run_raw_task(args, ti)
  File "/home/***/.local/lib/python3.12/site-packages/***/cli/commands/task_command.py", line 341, in _run_raw_task
    return ti._run_raw_task(
  File "/home/***/.local/lib/python3.12/site-packages/***/utils/session.py", line 97, in wrapper
    return func(*args, session=session, **kwargs)
  File "/home/***/.local/lib/python3.12/site-packages/***/models/taskinstance.py", line 3006, in _run_raw_task
    return _run_raw_task(
  File "/home/***/.local/lib/python3.12/site-packages/***/models/taskinstance.py", line 274, in _run_raw_task
    TaskInstance._execute_task_with_callbacks(
  File "/home/***/.local/lib/python3.12/site-packages/***/models/taskinstance.py", line 3161, in _execute_task_with_callbacks
    result = self._execute_task(context, task_orig)
  File "/home/***/.local/lib/python3.12/site-packages/***/models/taskinstance.py", line 3185, in _execute_task
    return _execute_task(self, context, task_orig)
  File "/home/***/.local/lib/python3.12/site-packages/***/models/taskinstance.py", line 768, in _execute_task
    result = _execute_callable(context=context, **execute_callable_kwargs)
  File "/home/***/.local/lib/python3.12/site-packages/***/models/taskinstance.py", line 734, in _execute_callable
    return ExecutionCallableRunner(
  File "/home/***/.local/lib/python3.12/site-packages/***/utils/operator_helpers.py", line 252, in run
    return self.func(*args, **kwargs)
  File "/home/***/.local/lib/python3.12/site-packages/***/models/baseoperator.py", line 424, in wrapper
    return func(self, *args, **kwargs)
  File "/home/***/.local/lib/python3.12/site-packages/***/operators/python.py", line 238, in execute
    return_value = self.execute_callable()
  File "/home/***/.local/lib/python3.12/site-packages/***/operators/python.py", line 256, in execute_callable
    return runner.run(*self.op_args, **self.op_kwargs)
  File "/home/***/.local/lib/python3.12/site-packages/***/utils/operator_helpers.py", line 252, in run
    return self.func(*args, **kwargs)
  File "/opt/***/dags/operators/pull_forex_data.py", line 68, in pull_forex_data
    time.sleep(60)
  File "/home/***/.local/lib/python3.12/site-packages/***/models/taskinstance.py", line 3095, in signal_handler
    self.log.error("Stacktrace: \n%s", "".join(traceback.format_stack()))

[2025-03-08T02:45:27.667+0000] {taskinstance.py:3313} ERROR - Task failed with exception
Traceback (most recent call last):
  File "/home/airflow/.local/lib/python3.12/site-packages/airflow/models/taskinstance.py", line 768, in _execute_task
    result = _execute_callable(context=context, **execute_callable_kwargs)
             ^^^^^^^^^^^^^^^^^^^^^^^^^^^^^^^^^^^^^^^^^^^^^^^^^^^^^^^^^^^^^
  File "/home/airflow/.local/lib/python3.12/site-packages/airflow/models/taskinstance.py", line 734, in _execute_callable
    return ExecutionCallableRunner(
           ^^^^^^^^^^^^^^^^^^^^^^^^
  File "/home/airflow/.local/lib/python3.12/site-packages/airflow/utils/operator_helpers.py", line 252, in run
    return self.func(*args, **kwargs)
           ^^^^^^^^^^^^^^^^^^^^^^^^^^
  File "/home/airflow/.local/lib/python3.12/site-packages/airflow/models/baseoperator.py", line 424, in wrapper
    return func(self, *args, **kwargs)
           ^^^^^^^^^^^^^^^^^^^^^^^^^^^
  File "/home/airflow/.local/lib/python3.12/site-packages/airflow/operators/python.py", line 238, in execute
    return_value = self.execute_callable()
                   ^^^^^^^^^^^^^^^^^^^^^^^
  File "/home/airflow/.local/lib/python3.12/site-packages/airflow/operators/python.py", line 256, in execute_callable
    return runner.run(*self.op_args, **self.op_kwargs)
           ^^^^^^^^^^^^^^^^^^^^^^^^^^^^^^^^^^^^^^^^^^^
  File "/home/airflow/.local/lib/python3.12/site-packages/airflow/utils/operator_helpers.py", line 252, in run
    return self.func(*args, **kwargs)
           ^^^^^^^^^^^^^^^^^^^^^^^^^^
  File "/opt/airflow/dags/operators/pull_forex_data.py", line 68, in pull_forex_data
    time.sleep(60)
  File "/home/airflow/.local/lib/python3.12/site-packages/airflow/models/taskinstance.py", line 3097, in signal_handler
    raise AirflowTaskTerminated("Task received SIGTERM signal")
airflow.exceptions.AirflowTaskTerminated: Task received SIGTERM signal
[2025-03-08T02:45:27.676+0000] {taskinstance.py:1226} INFO - Marking task as UP_FOR_RETRY. dag_id=forex_ml_pipeline, task_id=pull_forex_data, run_id=manual__2025-03-08T02:30:45.704392+00:00, execution_date=20250308T023045, start_date=20250308T024437, end_date=20250308T024527
[2025-03-08T02:45:27.707+0000] {taskinstance.py:341} INFO - ::group::Post task execution logs
[2025-03-08T02:45:27.732+0000] {process_utils.py:80} INFO - Process psutil.Process(pid=422, status='terminated', exitcode=2, started='02:44:36') (422) terminated with exit code 2
